[INFO] [1733292971.943544239] [behavior_server]: 
	behavior_server lifecycle node launched. 
	Waiting on external lifecycle transitions to activate
	See https://design.ros2.org/articles/node_lifecycle.html for more information.
[INFO] [1733292972.340436796] [behavior_server]: Configuring
[INFO] [1733292972.344576997] [behavior_server]: Creating behavior plugin spin of type nav2_behaviors/Spin
[INFO] [1733292972.346365905] [behavior_server]: Configuring spin
[INFO] [1733292972.348568174] [behavior_server]: Creating behavior plugin backup of type nav2_behaviors/BackUp
[INFO] [1733292972.350313717] [behavior_server]: Configuring backup
[INFO] [1733292972.352148770] [behavior_server]: Creating behavior plugin drive_on_heading of type nav2_behaviors/DriveOnHeading
[INFO] [1733292972.353829258] [behavior_server]: Configuring drive_on_heading
[INFO] [1733292972.357295342] [behavior_server]: Creating behavior plugin assisted_teleop of type nav2_behaviors/AssistedTeleop
[INFO] [1733292972.360653360] [behavior_server]: Configuring assisted_teleop
[INFO] [1733292972.364712100] [behavior_server]: Creating behavior plugin wait of type nav2_behaviors/Wait
[INFO] [1733292972.366052296] [behavior_server]: Configuring wait
[INFO] [1733292977.594409728] [behavior_server]: Activating
[INFO] [1733292977.594459235] [behavior_server]: Activating spin
[INFO] [1733292977.594483909] [behavior_server]: Activating backup
[INFO] [1733292977.594504514] [behavior_server]: Activating drive_on_heading
[INFO] [1733292977.594524129] [behavior_server]: Activating assisted_teleop
[INFO] [1733292977.594543254] [behavior_server]: Activating wait
[INFO] [1733292977.594566905] [behavior_server]: Creating bond (behavior_server) to lifecycle manager.
[INFO] [1733292999.466494556] [behavior_server]: Running spin
[INFO] [1733292999.466723077] [behavior_server]: Turning 1.57 for spin behavior.
[WARN] [1733293009.466843057] [behavior_server]: Exceeded time allowance before reaching the Spin goal - Exiting Spin
[WARN] [1733293009.466875251] [behavior_server]: spin failed
[WARN] [1733293009.466892381] [behavior_server]: [spin] [ActionServer] Aborting handle.
[INFO] [1733293009.486271271] [behavior_server]: Running wait
[INFO] [1733293014.486438193] [behavior_server]: wait completed successfully
[INFO] [1733293015.466241068] [behavior_server]: Running backup
[WARN] [1733293015.466501732] [behavior_server]: Collision Ahead - Exiting DriveOnHeading
[WARN] [1733293015.466538024] [behavior_server]: backup failed
[WARN] [1733293015.466569459] [behavior_server]: [backup] [ActionServer] Aborting handle.
[INFO] [1733293017.466194461] [behavior_server]: Running spin
[INFO] [1733293017.466302994] [behavior_server]: Turning 1.57 for spin behavior.
[INFO] [1733293019.766467237] [behavior_server]: spin completed successfully
[INFO] [1733293020.466160654] [behavior_server]: Running wait
[INFO] [1733293025.466377091] [behavior_server]: wait completed successfully
[INFO] [1733293026.466209055] [behavior_server]: Running backup
[INFO] [1733293033.566456151] [behavior_server]: backup completed successfully
[INFO] [1733293115.433488227] [rclcpp]: signal_handler(signum=2)
[INFO] [1733293115.433552539] [behavior_server]: Running Nav2 LifecycleNode rcl preshutdown (behavior_server)
[INFO] [1733293115.433665375] [behavior_server]: Deactivating
[INFO] [1733293115.433750000] [behavior_server]: Destroying bond (behavior_server) to lifecycle manager.
[INFO] [1733293115.443978071] [behavior_server]: Cleaning up
[INFO] [1733293115.450345241] [behavior_server]: Destroying bond (behavior_server) to lifecycle manager.
