[INFO] [1733301404.171115967] [bt_navigator]: 
	bt_navigator lifecycle node launched. 
	Waiting on external lifecycle transitions to activate
	See https://design.ros2.org/articles/node_lifecycle.html for more information.
[INFO] [1733301404.171198118] [bt_navigator]: Creating
[INFO] [1733301404.245010485] [bt_navigator]: Configuring
[INFO] [1733301414.505430016] [bt_navigator]: Activating
[INFO] [1733301414.559785587] [bt_navigator]: Creating bond (bt_navigator) to lifecycle manager.
[INFO] [1733301420.854913479] [bt_navigator]: Begin navigating from current location (0.01, 0.01) to (1.91, 3.64)
[INFO] [1733301437.465239646] [bt_navigator]: Goal succeeded
[INFO] [1733301437.625460170] [bt_navigator]: Begin navigating from current location (1.75, 3.62) to (11.41, -0.74)
[WARN] [1733301462.285636316] [bt_navigator]: [navigate_to_pose] [ActionServer] Aborting handle.
[ERROR] [1733301462.285807150] [bt_navigator]: Goal failed
[INFO] [1733301483.284040064] [bt_navigator]: Begin navigating from current location (1.77, 3.09) to (13.10, -1.27)
[ERROR] [1733301491.624836477] [bt_navigator_navigate_to_pose_rclcpp_node]: Failed to get result for compute_path_to_pose in node halt!
[WARN] [1733301491.625308183] [BehaviorTreeEngine]: Behavior Tree tick rate 100.00 was exceeded!
[INFO] [1733301533.155555465] [bt_navigator]: Goal succeeded
[INFO] [1733301533.330906819] [bt_navigator]: Begin navigating from current location (12.98, -1.16) to (10.78, 6.27)
[INFO] [1733301573.941224131] [bt_navigator]: Goal succeeded
[INFO] [1733301574.205461153] [bt_navigator]: Begin navigating from current location (10.88, 6.24) to (0.00, 0.01)
[INFO] [1733301637.475734611] [bt_navigator]: Goal succeeded
[INFO] [1733301640.131768722] [rclcpp]: signal_handler(signum=2)
[INFO] [1733301640.131864243] [bt_navigator]: Running Nav2 LifecycleNode rcl preshutdown (bt_navigator)
[INFO] [1733301640.131972423] [bt_navigator]: Deactivating
[INFO] [1733301640.132030239] [bt_navigator]: Destroying bond (bt_navigator) to lifecycle manager.
[INFO] [1733301640.142347081] [bt_navigator]: Cleaning up
[INFO] [1733301640.288428016] [bt_navigator]: Completed Cleaning up
[INFO] [1733301640.288483838] [bt_navigator]: Destroying bond (bt_navigator) to lifecycle manager.
