[INFO] [1733294581.987501655] [controller_server]: 
	controller_server lifecycle node launched. 
	Waiting on external lifecycle transitions to activate
	See https://design.ros2.org/articles/node_lifecycle.html for more information.
[INFO] [1733294581.993764706] [controller_server]: Creating controller server
[INFO] [1733294581.998941994] [local_costmap.local_costmap]: 
	local_costmap lifecycle node launched. 
	Waiting on external lifecycle transitions to activate
	See https://design.ros2.org/articles/node_lifecycle.html for more information.
[INFO] [1733294581.999630952] [local_costmap.local_costmap]: Creating Costmap
[INFO] [1733294582.094616327] [controller_server]: Configuring controller interface
[INFO] [1733294582.094773403] [controller_server]: getting goal checker plugins..
[INFO] [1733294582.094876677] [controller_server]: Controller frequency set to 20.0000Hz
[INFO] [1733294582.094921509] [local_costmap.local_costmap]: Configuring
[INFO] [1733294582.098299353] [local_costmap.local_costmap]: Using plugin "voxel_layer"
[INFO] [1733294582.101179772] [local_costmap.local_costmap]: Subscribed to Topics: scan
[INFO] [1733294582.103961496] [local_costmap.local_costmap]: Initialized plugin "voxel_layer"
[INFO] [1733294582.103986474] [local_costmap.local_costmap]: Using plugin "inflation_layer"
[INFO] [1733294582.104263717] [local_costmap.local_costmap]: Initialized plugin "inflation_layer"
[INFO] [1733294582.106866687] [controller_server]: Created progress_checker : progress_checker of type nav2_controller::SimpleProgressChecker
[INFO] [1733294582.107439406] [controller_server]: Created goal checker : general_goal_checker of type nav2_controller::SimpleGoalChecker
[INFO] [1733294582.107598448] [controller_server]: Controller Server has general_goal_checker  goal checkers available.
[INFO] [1733294582.109127142] [controller_server]: Created controller : FollowPath of type dwb_core::DWBLocalPlanner
[INFO] [1733294582.109579823] [controller_server]: Setting transform_tolerance to 0.200000
[INFO] [1733294582.113680673] [controller_server]: Using critic "RotateToGoal" (dwb_critics::RotateToGoalCritic)
[INFO] [1733294582.113914439] [controller_server]: Critic plugin initialized
[INFO] [1733294582.113966928] [controller_server]: Using critic "Oscillation" (dwb_critics::OscillationCritic)
[INFO] [1733294582.114133736] [controller_server]: Critic plugin initialized
[INFO] [1733294582.114181580] [controller_server]: Using critic "BaseObstacle" (dwb_critics::BaseObstacleCritic)
[INFO] [1733294582.114254017] [controller_server]: Critic plugin initialized
[INFO] [1733294582.114299268] [controller_server]: Using critic "GoalAlign" (dwb_critics::GoalAlignCritic)
[INFO] [1733294582.114435040] [controller_server]: Critic plugin initialized
[INFO] [1733294582.114479046] [controller_server]: Using critic "PathAlign" (dwb_critics::PathAlignCritic)
[INFO] [1733294582.114600183] [controller_server]: Critic plugin initialized
[INFO] [1733294582.114644392] [controller_server]: Using critic "PathDist" (dwb_critics::PathDistCritic)
[INFO] [1733294582.114786510] [controller_server]: Critic plugin initialized
[INFO] [1733294582.114855220] [controller_server]: Using critic "GoalDist" (dwb_critics::GoalDistCritic)
[INFO] [1733294582.114955716] [controller_server]: Critic plugin initialized
[INFO] [1733294582.114971010] [controller_server]: Controller Server has FollowPath  controllers available.
[INFO] [1733294582.201142484] [controller_server]: Activating
[INFO] [1733294582.201190209] [local_costmap.local_costmap]: Activating
[INFO] [1733294582.201210759] [local_costmap.local_costmap]: Checking transform
[INFO] [1733294582.201240287] [local_costmap.local_costmap]: Timed out waiting for transform from base to odom_slamtoolbox to become available, tf error: Invalid frame ID "odom_slamtoolbox" passed to canTransform argument target_frame - frame does not exist
[INFO] [1733294582.701320753] [local_costmap.local_costmap]: Timed out waiting for transform from base to odom_slamtoolbox to become available, tf error: Invalid frame ID "odom_slamtoolbox" passed to canTransform argument target_frame - frame does not exist
[INFO] [1733294583.201299783] [local_costmap.local_costmap]: Timed out waiting for transform from base to odom_slamtoolbox to become available, tf error: Invalid frame ID "odom_slamtoolbox" passed to canTransform argument target_frame - frame does not exist
[INFO] [1733294583.701423063] [local_costmap.local_costmap]: start
[INFO] [1733294583.902288343] [controller_server]: Creating bond (controller_server) to lifecycle manager.
[INFO] [1733294604.675520890] [controller_server]: Received a goal, begin computing control effort.
[WARN] [1733294604.675591054] [controller_server]: No goal checker was specified in parameter 'current_goal_checker'. Server will use only plugin loaded general_goal_checker . This warning will appear once.
[INFO] [1733294605.725843693] [controller_server]: Passing new path to controller.
[INFO] [1733294606.775853474] [controller_server]: Passing new path to controller.
[INFO] [1733294607.775851401] [controller_server]: Passing new path to controller.
[INFO] [1733294608.825847358] [controller_server]: Passing new path to controller.
[INFO] [1733294609.825847373] [controller_server]: Passing new path to controller.
[INFO] [1733294610.875850832] [controller_server]: Passing new path to controller.
[INFO] [1733294611.925845101] [controller_server]: Passing new path to controller.
[INFO] [1733294612.925851657] [controller_server]: Passing new path to controller.
[INFO] [1733294613.975850679] [controller_server]: Passing new path to controller.
[ERROR] [1733294614.675923049] [controller_server]: Failed to make progress
[WARN] [1733294614.676027955] [controller_server]: [follow_path] [ActionServer] Aborting handle.
[INFO] [1733294614.694625065] [local_costmap.local_costmap]: Received request to clear entirely the local_costmap
[INFO] [1733294614.695626161] [controller_server]: Received a goal, begin computing control effort.
[INFO] [1733294614.995893071] [controller_server]: Passing new path to controller.
[INFO] [1733294616.045895104] [controller_server]: Passing new path to controller.
[INFO] [1733294617.045890880] [controller_server]: Passing new path to controller.
[INFO] [1733294618.095889208] [controller_server]: Passing new path to controller.
[INFO] [1733294619.049036513] [local_costmap.local_costmap]: Message Filter dropping message: frame 'go2_lidar' at time 1733294618.707 for reason 'the timestamp on the message is earlier than all the data in the transform cache'
[INFO] [1733294619.146227504] [controller_server]: Passing new path to controller.
[INFO] [1733294619.248197555] [local_costmap.local_costmap]: Message Filter dropping message: frame 'go2_lidar' at time 1733294618.927 for reason 'the timestamp on the message is earlier than all the data in the transform cache'
[ERROR] [1733294619.396815887] [tf_help]: Transform data too old when converting from odom_slamtoolbox to map
[ERROR] [1733294619.397005847] [tf_help]: Data time: 1733294619s 360826499ns, Transform time: 1733294618s 701522456ns
[WARN] [1733294619.397336390] [controller_server]: Unable to transform robot pose into global plan's frame
[ERROR] [1733294619.446902264] [tf_help]: Transform data too old when converting from odom_slamtoolbox to map
[ERROR] [1733294619.447063419] [tf_help]: Data time: 1733294619s 360826499ns, Transform time: 1733294618s 701522456ns
[WARN] [1733294619.448383243] [controller_server]: Unable to transform robot pose into global plan's frame
[INFO] [1733294619.449497586] [local_costmap.local_costmap]: Message Filter dropping message: frame 'go2_lidar' at time 1733294619.143 for reason 'the timestamp on the message is earlier than all the data in the transform cache'
[ERROR] [1733294619.496516865] [tf_help]: Transform data too old when converting from odom_slamtoolbox to map
[ERROR] [1733294619.496657592] [tf_help]: Data time: 1733294619s 360826499ns, Transform time: 1733294618s 701522456ns
[WARN] [1733294619.496930745] [controller_server]: Unable to transform robot pose into global plan's frame
[ERROR] [1733294619.546608480] [tf_help]: Transform data too old when converting from odom_slamtoolbox to map
[ERROR] [1733294619.546994609] [tf_help]: Data time: 1733294619s 360826499ns, Transform time: 1733294618s 701522456ns
[WARN] [1733294619.547267882] [controller_server]: Unable to transform robot pose into global plan's frame
[ERROR] [1733294619.596487302] [tf_help]: Transform data too old when converting from odom_slamtoolbox to map
[ERROR] [1733294619.596616982] [tf_help]: Data time: 1733294619s 360826499ns, Transform time: 1733294618s 701522456ns
[WARN] [1733294619.596882566] [controller_server]: Unable to transform robot pose into global plan's frame
[ERROR] [1733294619.646642782] [tf_help]: Transform data too old when converting from odom_slamtoolbox to map
[ERROR] [1733294619.646816504] [tf_help]: Data time: 1733294619s 360826499ns, Transform time: 1733294618s 701522456ns
[WARN] [1733294619.647034253] [controller_server]: Unable to transform robot pose into global plan's frame
[ERROR] [1733294619.696788300] [tf_help]: Transform data too old when converting from odom_slamtoolbox to map
[ERROR] [1733294619.696962697] [tf_help]: Data time: 1733294619s 360826499ns, Transform time: 1733294618s 701522456ns
[WARN] [1733294619.697265247] [controller_server]: Unable to transform robot pose into global plan's frame
[ERROR] [1733294619.697686867] [controller_server]: Controller patience exceeded
[WARN] [1733294619.698129321] [controller_server]: [follow_path] [ActionServer] Aborting handle.
[INFO] [1733294619.715429984] [local_costmap.local_costmap]: Received request to clear entirely the local_costmap
[INFO] [1733294619.847982502] [local_costmap.local_costmap]: Message Filter dropping message: frame 'go2_lidar' at time 1733294619.463 for reason 'the timestamp on the message is earlier than all the data in the transform cache'
[INFO] [1733294620.048576730] [local_costmap.local_costmap]: Message Filter dropping message: frame 'go2_lidar' at time 1733294619.698 for reason 'the timestamp on the message is earlier than all the data in the transform cache'
[INFO] [1733294620.248194483] [local_costmap.local_costmap]: Message Filter dropping message: frame 'go2_lidar' at time 1733294619.884 for reason 'the timestamp on the message is earlier than all the data in the transform cache'
[INFO] [1733294620.447255529] [local_costmap.local_costmap]: Message Filter dropping message: frame 'go2_lidar' at time 1733294620.084 for reason 'the timestamp on the message is earlier than all the data in the transform cache'
[INFO] [1733294620.635498558] [controller_server]: Received a goal, begin computing control effort.
[ERROR] [1733294620.635773354] [tf_help]: Transform data too old when converting from odom_slamtoolbox to map
[ERROR] [1733294620.635788439] [tf_help]: Data time: 1733294620s 406470204ns, Transform time: 1733294620s 83682617ns
[WARN] [1733294620.635813673] [controller_server]: Unable to transform robot pose into global plan's frame
[ERROR] [1733294620.685833178] [tf_help]: Transform data too old when converting from odom_slamtoolbox to map
[ERROR] [1733294620.685851056] [tf_help]: Data time: 1733294620s 406470204ns, Transform time: 1733294620s 83682617ns
[WARN] [1733294620.685875341] [controller_server]: Unable to transform robot pose into global plan's frame
[ERROR] [1733294620.735839986] [tf_help]: Transform data too old when converting from odom_slamtoolbox to map
[ERROR] [1733294620.735862160] [tf_help]: Data time: 1733294620s 730359179ns, Transform time: 1733294620s 83682617ns
[WARN] [1733294620.735891845] [controller_server]: Unable to transform robot pose into global plan's frame
[INFO] [1733294621.685778488] [controller_server]: Passing new path to controller.
[INFO] [1733294622.735779863] [controller_server]: Passing new path to controller.
[INFO] [1733294623.735771701] [controller_server]: Passing new path to controller.
[INFO] [1733294624.785780006] [controller_server]: Passing new path to controller.
[INFO] [1733294625.785771707] [controller_server]: Passing new path to controller.
[INFO] [1733294626.835768281] [controller_server]: Passing new path to controller.
[INFO] [1733294627.885773473] [controller_server]: Passing new path to controller.
[INFO] [1733294628.885772961] [controller_server]: Passing new path to controller.
[INFO] [1733294629.935770418] [controller_server]: Passing new path to controller.
[INFO] [1733294630.935771005] [controller_server]: Passing new path to controller.
[INFO] [1733294631.985772458] [controller_server]: Passing new path to controller.
[INFO] [1733294632.489388861] [controller_server]: Reached the goal!
[INFO] [1733294650.637546884] [local_costmap.local_costmap]: Received request to clear entirely the local_costmap
[INFO] [1733294660.689909038] [controller_server]: Received a goal, begin computing control effort.
[INFO] [1733294661.740186341] [controller_server]: Passing new path to controller.
[INFO] [1733294662.790199142] [controller_server]: Passing new path to controller.
[INFO] [1733294663.790193348] [controller_server]: Passing new path to controller.
[INFO] [1733294664.840188064] [controller_server]: Passing new path to controller.
[ERROR] [1733294665.340271507] [tf_help]: Transform data too old when converting from odom_slamtoolbox to map
[ERROR] [1733294665.340298111] [tf_help]: Data time: 1733294665s 329972484ns, Transform time: 1733294665s 117282143ns
[WARN] [1733294665.340318722] [controller_server]: Unable to transform robot pose into global plan's frame
[INFO] [1733294665.840195023] [controller_server]: Passing new path to controller.
[INFO] [1733294666.890190257] [controller_server]: Passing new path to controller.
[INFO] [1733294667.940195926] [controller_server]: Passing new path to controller.
[INFO] [1733294668.940193505] [controller_server]: Passing new path to controller.
[INFO] [1733294669.990192321] [controller_server]: Passing new path to controller.
[INFO] [1733294670.990188917] [controller_server]: Passing new path to controller.
[INFO] [1733294672.040190675] [controller_server]: Passing new path to controller.
[ERROR] [1733294672.140266907] [tf_help]: Transform data too old when converting from odom_slamtoolbox to map
[ERROR] [1733294672.140283770] [tf_help]: Data time: 1733294672s 127985283ns, Transform time: 1733294671s 906054759ns
[WARN] [1733294672.140304794] [controller_server]: Unable to transform robot pose into global plan's frame
[INFO] [1733294673.090193754] [controller_server]: Passing new path to controller.
[INFO] [1733294674.090189509] [controller_server]: Passing new path to controller.
[INFO] [1733294675.140192406] [controller_server]: Passing new path to controller.
[INFO] [1733294676.140194883] [controller_server]: Passing new path to controller.
[INFO] [1733294677.190197342] [controller_server]: Passing new path to controller.
[ERROR] [1733294677.340271378] [tf_help]: Transform data too old when converting from odom_slamtoolbox to map
[ERROR] [1733294677.340288596] [tf_help]: Data time: 1733294677s 324169536ns, Transform time: 1733294677s 106530678ns
[WARN] [1733294677.340309597] [controller_server]: Unable to transform robot pose into global plan's frame
[INFO] [1733294678.240191273] [controller_server]: Passing new path to controller.
[INFO] [1733294679.240193404] [controller_server]: Passing new path to controller.
[INFO] [1733294680.290193182] [controller_server]: Passing new path to controller.
[INFO] [1733294681.290191172] [controller_server]: Passing new path to controller.
[INFO] [1733294682.340188296] [controller_server]: Passing new path to controller.
[INFO] [1733294683.390190057] [controller_server]: Passing new path to controller.
[INFO] [1733294684.390190566] [controller_server]: Passing new path to controller.
[INFO] [1733294685.440194553] [controller_server]: Passing new path to controller.
[INFO] [1733294686.440188610] [controller_server]: Passing new path to controller.
[INFO] [1733294687.490200517] [controller_server]: Passing new path to controller.
[INFO] [1733294688.540191470] [controller_server]: Passing new path to controller.
[INFO] [1733294689.540195462] [controller_server]: Passing new path to controller.
[INFO] [1733294689.992244780] [controller_server]: Reached the goal!
[INFO] [1733294690.212239297] [controller_server]: Received a goal, begin computing control effort.
[INFO] [1733294691.262710448] [controller_server]: Passing new path to controller.
[ERROR] [1733294691.263107751] [controller_server]: Invalid path, Path is empty.
[WARN] [1733294691.263160874] [controller_server]: [follow_path] [ActionServer] Aborting handle.
[INFO] [1733294691.287852970] [local_costmap.local_costmap]: Received request to clear entirely the local_costmap
[INFO] [1733294691.288703034] [controller_server]: Received a goal, begin computing control effort.
[ERROR] [1733294691.288808504] [controller_server]: Invalid path, Path is empty.
[WARN] [1733294691.288863523] [controller_server]: [follow_path] [ActionServer] Aborting handle.
[INFO] [1733294699.892652215] [controller_server]: Received a goal, begin computing control effort.
[INFO] [1733294700.943019328] [controller_server]: Passing new path to controller.
[ERROR] [1733294700.943459199] [controller_server]: Invalid path, Path is empty.
[WARN] [1733294700.943504882] [controller_server]: [follow_path] [ActionServer] Aborting handle.
[INFO] [1733294700.968847782] [local_costmap.local_costmap]: Received request to clear entirely the local_costmap
[INFO] [1733294700.969363542] [controller_server]: Received a goal, begin computing control effort.
[ERROR] [1733294700.969447049] [controller_server]: Invalid path, Path is empty.
[WARN] [1733294700.969495833] [controller_server]: [follow_path] [ActionServer] Aborting handle.
[INFO] [1733294701.009598506] [local_costmap.local_costmap]: Received request to clear entirely the local_costmap
[INFO] [1733294701.654376539] [controller_server]: Received a goal, begin computing control effort.
[INFO] [1733294702.704702897] [controller_server]: Passing new path to controller.
[INFO] [1733294703.754734924] [controller_server]: Passing new path to controller.
[ERROR] [1733294703.755107564] [controller_server]: Invalid path, Path is empty.
[WARN] [1733294703.755148297] [controller_server]: [follow_path] [ActionServer] Aborting handle.
[INFO] [1733294703.781211611] [local_costmap.local_costmap]: Received request to clear entirely the local_costmap
[INFO] [1733294703.782132130] [controller_server]: Received a goal, begin computing control effort.
[ERROR] [1733294703.782241452] [controller_server]: Invalid path, Path is empty.
[WARN] [1733294703.782298237] [controller_server]: [follow_path] [ActionServer] Aborting handle.
[INFO] [1733294707.486518412] [controller_server]: Received a goal, begin computing control effort.
[INFO] [1733294708.536880362] [controller_server]: Passing new path to controller.
[INFO] [1733294709.586885728] [controller_server]: Passing new path to controller.
[ERROR] [1733294710.336970211] [tf_help]: Transform data too old when converting from odom_slamtoolbox to map
[ERROR] [1733294710.337010062] [tf_help]: Data time: 1733294710s 324507283ns, Transform time: 1733294710s 106979169ns
[WARN] [1733294710.337044645] [controller_server]: Unable to transform robot pose into global plan's frame
[ERROR] [1733294710.536923742] [tf_help]: Transform data too old when converting from odom_slamtoolbox to map
[ERROR] [1733294710.536940220] [tf_help]: Data time: 1733294710s 534591621ns, Transform time: 1733294710s 312526160ns
[WARN] [1733294710.536959274] [controller_server]: Unable to transform robot pose into global plan's frame
[INFO] [1733294710.586879870] [controller_server]: Passing new path to controller.
[INFO] [1733294711.636885671] [controller_server]: Passing new path to controller.
[ERROR] [1733294712.386971818] [tf_help]: Transform data too old when converting from odom_slamtoolbox to map
[ERROR] [1733294712.387000895] [tf_help]: Data time: 1733294712s 352056439ns, Transform time: 1733294712s 105475483ns
[WARN] [1733294712.387036154] [controller_server]: Unable to transform robot pose into global plan's frame
[ERROR] [1733294712.436938837] [tf_help]: Transform data too old when converting from odom_slamtoolbox to map
[ERROR] [1733294712.436957051] [tf_help]: Data time: 1733294712s 352056439ns, Transform time: 1733294712s 105475483ns
[WARN] [1733294712.437004945] [controller_server]: Unable to transform robot pose into global plan's frame
[ERROR] [1733294712.486955630] [tf_help]: Transform data too old when converting from odom_slamtoolbox to map
[ERROR] [1733294712.486972468] [tf_help]: Data time: 1733294712s 352056439ns, Transform time: 1733294712s 105475483ns
[WARN] [1733294712.487004274] [controller_server]: Unable to transform robot pose into global plan's frame
[ERROR] [1733294712.536959539] [tf_help]: Transform data too old when converting from odom_slamtoolbox to map
[ERROR] [1733294712.536979961] [tf_help]: Data time: 1733294712s 352056439ns, Transform time: 1733294712s 105475483ns
[WARN] [1733294712.537010727] [controller_server]: Unable to transform robot pose into global plan's frame
[ERROR] [1733294712.586980524] [tf_help]: Transform data too old when converting from odom_slamtoolbox to map
[ERROR] [1733294712.587001773] [tf_help]: Data time: 1733294712s 352056439ns, Transform time: 1733294712s 105475483ns
[WARN] [1733294712.587046679] [controller_server]: Unable to transform robot pose into global plan's frame
[INFO] [1733294712.636896543] [controller_server]: Passing new path to controller.
[ERROR] [1733294712.637256037] [tf_help]: Transform data too old when converting from odom_slamtoolbox to map
[ERROR] [1733294712.637262721] [tf_help]: Data time: 1733294712s 352056439ns, Transform time: 1733294712s 105475483ns
[WARN] [1733294712.637279227] [controller_server]: Unable to transform robot pose into global plan's frame
[INFO] [1733294713.686888306] [controller_server]: Passing new path to controller.
[INFO] [1733294714.736885652] [controller_server]: Passing new path to controller.
[INFO] [1733294715.736887301] [controller_server]: Passing new path to controller.
[INFO] [1733294716.786888437] [controller_server]: Passing new path to controller.
[INFO] [1733294717.786887604] [controller_server]: Passing new path to controller.
[INFO] [1733294718.836885470] [controller_server]: Passing new path to controller.
[INFO] [1733294719.886881899] [controller_server]: Passing new path to controller.
[INFO] [1733294720.886885108] [controller_server]: Passing new path to controller.
[INFO] [1733294721.936889622] [controller_server]: Passing new path to controller.
[ERROR] [1733294722.336980622] [tf_help]: Transform data too old when converting from odom_slamtoolbox to map
[ERROR] [1733294722.337008469] [tf_help]: Data time: 1733294722s 326211542ns, Transform time: 1733294722s 111023448ns
[WARN] [1733294722.337038847] [controller_server]: Unable to transform robot pose into global plan's frame
[INFO] [1733294722.936879376] [controller_server]: Passing new path to controller.
[ERROR] [1733294723.536981242] [tf_help]: Transform data too old when converting from odom_slamtoolbox to map
[ERROR] [1733294723.537010314] [tf_help]: Data time: 1733294723s 526054439ns, Transform time: 1733294723s 316057707ns
[WARN] [1733294723.537039845] [controller_server]: Unable to transform robot pose into global plan's frame
[INFO] [1733294723.986882811] [controller_server]: Passing new path to controller.
[ERROR] [1733294724.986968955] [tf_help]: Transform data too old when converting from odom_slamtoolbox to map
[ERROR] [1733294724.987001265] [tf_help]: Data time: 1733294724s 961176136ns, Transform time: 1733294724s 710117778ns
[WARN] [1733294724.987042142] [controller_server]: Unable to transform robot pose into global plan's frame
[INFO] [1733294725.036886313] [controller_server]: Passing new path to controller.
[ERROR] [1733294725.037751760] [tf_help]: Transform data too old when converting from odom_slamtoolbox to map
[ERROR] [1733294725.037770628] [tf_help]: Data time: 1733294724s 961176136ns, Transform time: 1733294724s 710117778ns
[WARN] [1733294725.037810464] [controller_server]: Unable to transform robot pose into global plan's frame
[ERROR] [1733294725.086963073] [tf_help]: Transform data too old when converting from odom_slamtoolbox to map
[ERROR] [1733294725.086984167] [tf_help]: Data time: 1733294724s 961176136ns, Transform time: 1733294724s 710117778ns
[WARN] [1733294725.087061527] [controller_server]: Unable to transform robot pose into global plan's frame
[ERROR] [1733294725.136961233] [tf_help]: Transform data too old when converting from odom_slamtoolbox to map
[ERROR] [1733294725.136988444] [tf_help]: Data time: 1733294724s 961176136ns, Transform time: 1733294724s 710117778ns
[WARN] [1733294725.137030999] [controller_server]: Unable to transform robot pose into global plan's frame
[ERROR] [1733294725.186967527] [tf_help]: Transform data too old when converting from odom_slamtoolbox to map
[ERROR] [1733294725.186988865] [tf_help]: Data time: 1733294724s 961176136ns, Transform time: 1733294724s 710117778ns
[WARN] [1733294725.187029060] [controller_server]: Unable to transform robot pose into global plan's frame
[INFO] [1733294726.036884823] [controller_server]: Passing new path to controller.
[INFO] [1733294727.086885461] [controller_server]: Passing new path to controller.
[INFO] [1733294728.086886818] [controller_server]: Passing new path to controller.
[INFO] [1733294729.136881156] [controller_server]: Passing new path to controller.
[INFO] [1733294730.186886277] [controller_server]: Passing new path to controller.
[INFO] [1733294730.838811955] [controller_server]: Reached the goal!
[INFO] [1733294731.071153159] [controller_server]: Received a goal, begin computing control effort.
[ERROR] [1733294731.721547656] [tf_help]: Transform data too old when converting from odom_slamtoolbox to map
[ERROR] [1733294731.721580189] [tf_help]: Data time: 1733294731s 716702129ns, Transform time: 1733294731s 505894608ns
[WARN] [1733294731.721612595] [controller_server]: Unable to transform robot pose into global plan's frame
[INFO] [1733294732.121464865] [controller_server]: Passing new path to controller.
[INFO] [1733294733.171462773] [controller_server]: Passing new path to controller.
[ERROR] [1733294733.221503291] [tf_help]: Transform data too old when converting from odom_slamtoolbox to map
[ERROR] [1733294733.221519171] [tf_help]: Data time: 1733294733s 214777891ns, Transform time: 1733294733s 12438130ns
[WARN] [1733294733.221538356] [controller_server]: Unable to transform robot pose into global plan's frame
[INFO] [1733294734.171460767] [controller_server]: Passing new path to controller.
[ERROR] [1733294734.871553811] [tf_help]: Transform data too old when converting from odom_slamtoolbox to map
[ERROR] [1733294734.871585221] [tf_help]: Data time: 1733294734s 868322710ns, Transform time: 1733294734s 610967161ns
[WARN] [1733294734.871629420] [controller_server]: Unable to transform robot pose into global plan's frame
[INFO] [1733294735.221482073] [controller_server]: Passing new path to controller.
[INFO] [1733294736.221459418] [controller_server]: Passing new path to controller.
[ERROR] [1733294736.421545125] [tf_help]: Transform data too old when converting from odom_slamtoolbox to map
[ERROR] [1733294736.421562187] [tf_help]: Data time: 1733294736s 371857994ns, Transform time: 1733294736s 130278952ns
[WARN] [1733294736.421581340] [controller_server]: Unable to transform robot pose into global plan's frame
[ERROR] [1733294736.471552225] [tf_help]: Transform data too old when converting from odom_slamtoolbox to map
[ERROR] [1733294736.471574931] [tf_help]: Data time: 1733294736s 371857994ns, Transform time: 1733294736s 130278952ns
[WARN] [1733294736.471616177] [controller_server]: Unable to transform robot pose into global plan's frame
[ERROR] [1733294736.521546125] [tf_help]: Transform data too old when converting from odom_slamtoolbox to map
[ERROR] [1733294736.521571090] [tf_help]: Data time: 1733294736s 371857994ns, Transform time: 1733294736s 130278952ns
[WARN] [1733294736.521605094] [controller_server]: Unable to transform robot pose into global plan's frame
[ERROR] [1733294736.571547698] [tf_help]: Transform data too old when converting from odom_slamtoolbox to map
[ERROR] [1733294736.571570522] [tf_help]: Data time: 1733294736s 371857994ns, Transform time: 1733294736s 130278952ns
[WARN] [1733294736.571608090] [controller_server]: Unable to transform robot pose into global plan's frame
[ERROR] [1733294736.621530846] [tf_help]: Transform data too old when converting from odom_slamtoolbox to map
[ERROR] [1733294736.621550108] [tf_help]: Data time: 1733294736s 371857994ns, Transform time: 1733294736s 130278952ns
[WARN] [1733294736.621572275] [controller_server]: Unable to transform robot pose into global plan's frame
[INFO] [1733294737.271463323] [controller_server]: Passing new path to controller.
[INFO] [1733294738.321464245] [controller_server]: Passing new path to controller.
[ERROR] [1733294738.421538713] [tf_help]: Transform data too old when converting from odom_slamtoolbox to map
[ERROR] [1733294738.421555208] [tf_help]: Data time: 1733294738s 407985920ns, Transform time: 1733294738s 114618095ns
[WARN] [1733294738.421574522] [controller_server]: Unable to transform robot pose into global plan's frame
[ERROR] [1733294738.471552622] [tf_help]: Transform data too old when converting from odom_slamtoolbox to map
[ERROR] [1733294738.471574950] [tf_help]: Data time: 1733294738s 407985920ns, Transform time: 1733294738s 114618095ns
[WARN] [1733294738.471592358] [controller_server]: Unable to transform robot pose into global plan's frame
[ERROR] [1733294738.521507876] [tf_help]: Transform data too old when converting from odom_slamtoolbox to map
[ERROR] [1733294738.521526159] [tf_help]: Data time: 1733294738s 407985920ns, Transform time: 1733294738s 114618095ns
[WARN] [1733294738.521544947] [controller_server]: Unable to transform robot pose into global plan's frame
[ERROR] [1733294738.571541872] [tf_help]: Transform data too old when converting from odom_slamtoolbox to map
[ERROR] [1733294738.571556613] [tf_help]: Data time: 1733294738s 407985920ns, Transform time: 1733294738s 114618095ns
[WARN] [1733294738.571578138] [controller_server]: Unable to transform robot pose into global plan's frame
[ERROR] [1733294738.621547602] [tf_help]: Transform data too old when converting from odom_slamtoolbox to map
[ERROR] [1733294738.621566122] [tf_help]: Data time: 1733294738s 407985920ns, Transform time: 1733294738s 114618095ns
[WARN] [1733294738.621584337] [controller_server]: Unable to transform robot pose into global plan's frame
[INFO] [1733294739.321459362] [controller_server]: Passing new path to controller.
[ERROR] [1733294739.371535548] [tf_help]: Transform data too old when converting from odom_slamtoolbox to map
[ERROR] [1733294739.371553650] [tf_help]: Data time: 1733294739s 366792662ns, Transform time: 1733294739s 111776208ns
[WARN] [1733294739.371573810] [controller_server]: Unable to transform robot pose into global plan's frame
[ERROR] [1733294739.421553441] [tf_help]: Transform data too old when converting from odom_slamtoolbox to map
[ERROR] [1733294739.421579255] [tf_help]: Data time: 1733294739s 366792662ns, Transform time: 1733294739s 111776208ns
[WARN] [1733294739.421612981] [controller_server]: Unable to transform robot pose into global plan's frame
[ERROR] [1733294739.471548345] [tf_help]: Transform data too old when converting from odom_slamtoolbox to map
[ERROR] [1733294739.471568884] [tf_help]: Data time: 1733294739s 366792662ns, Transform time: 1733294739s 111776208ns
[WARN] [1733294739.471601969] [controller_server]: Unable to transform robot pose into global plan's frame
[ERROR] [1733294739.521535087] [tf_help]: Transform data too old when converting from odom_slamtoolbox to map
[ERROR] [1733294739.521558217] [tf_help]: Data time: 1733294739s 366792662ns, Transform time: 1733294739s 111776208ns
[WARN] [1733294739.521586243] [controller_server]: Unable to transform robot pose into global plan's frame
[ERROR] [1733294739.571542948] [tf_help]: Transform data too old when converting from odom_slamtoolbox to map
[ERROR] [1733294739.571564107] [tf_help]: Data time: 1733294739s 366792662ns, Transform time: 1733294739s 111776208ns
[WARN] [1733294739.571597926] [controller_server]: Unable to transform robot pose into global plan's frame
[ERROR] [1733294739.621548541] [tf_help]: Transform data too old when converting from odom_slamtoolbox to map
[ERROR] [1733294739.621573371] [tf_help]: Data time: 1733294739s 366792662ns, Transform time: 1733294739s 111776208ns
[WARN] [1733294739.621633720] [controller_server]: Unable to transform robot pose into global plan's frame
[INFO] [1733294740.371463936] [controller_server]: Passing new path to controller.
[INFO] [1733294740.644465764] [local_costmap.local_costmap]: Message Filter dropping message: frame 'go2_lidar' at time 1733294740.321 for reason 'the timestamp on the message is earlier than all the data in the transform cache'
[INFO] [1733294740.844317511] [local_costmap.local_costmap]: Message Filter dropping message: frame 'go2_lidar' at time 1733294740.543 for reason 'the timestamp on the message is earlier than all the data in the transform cache'
[INFO] [1733294741.371465799] [controller_server]: Passing new path to controller.
[INFO] [1733294742.421462254] [controller_server]: Passing new path to controller.
[INFO] [1733294743.471472066] [controller_server]: Passing new path to controller.
[ERROR] [1733294743.921550139] [tf_help]: Transform data too old when converting from odom_slamtoolbox to map
[ERROR] [1733294743.921576306] [tf_help]: Data time: 1733294743s 916998139ns, Transform time: 1733294743s 710935059ns
[WARN] [1733294743.921611312] [controller_server]: Unable to transform robot pose into global plan's frame
[INFO] [1733294744.471460577] [controller_server]: Passing new path to controller.
[INFO] [1733294744.644561697] [local_costmap.local_costmap]: Message Filter dropping message: frame 'go2_lidar' at time 1733294744.310 for reason 'the timestamp on the message is earlier than all the data in the transform cache'
[INFO] [1733294744.844423978] [local_costmap.local_costmap]: Message Filter dropping message: frame 'go2_lidar' at time 1733294744.528 for reason 'the timestamp on the message is earlier than all the data in the transform cache'
[ERROR] [1733294745.171549740] [tf_help]: Transform data too old when converting from odom_slamtoolbox to map
[ERROR] [1733294745.171580476] [tf_help]: Data time: 1733294745s 162171544ns, Transform time: 1733294744s 931590202ns
[WARN] [1733294745.171615321] [controller_server]: Unable to transform robot pose into global plan's frame
[ERROR] [1733294745.221543707] [tf_help]: Transform data too old when converting from odom_slamtoolbox to map
[ERROR] [1733294745.221565150] [tf_help]: Data time: 1733294745s 162171544ns, Transform time: 1733294744s 931590202ns
[WARN] [1733294745.221591820] [controller_server]: Unable to transform robot pose into global plan's frame
[ERROR] [1733294745.271545507] [tf_help]: Transform data too old when converting from odom_slamtoolbox to map
[ERROR] [1733294745.271565620] [tf_help]: Data time: 1733294745s 162171544ns, Transform time: 1733294744s 931590202ns
[WARN] [1733294745.271598540] [controller_server]: Unable to transform robot pose into global plan's frame
[ERROR] [1733294745.321536695] [tf_help]: Transform data too old when converting from odom_slamtoolbox to map
[ERROR] [1733294745.321558732] [tf_help]: Data time: 1733294745s 162171544ns, Transform time: 1733294744s 931590202ns
[WARN] [1733294745.321589329] [controller_server]: Unable to transform robot pose into global plan's frame
[ERROR] [1733294745.371537278] [tf_help]: Transform data too old when converting from odom_slamtoolbox to map
[ERROR] [1733294745.371557890] [tf_help]: Data time: 1733294745s 162171544ns, Transform time: 1733294744s 931590202ns
[WARN] [1733294745.371588251] [controller_server]: Unable to transform robot pose into global plan's frame
[ERROR] [1733294745.421552030] [tf_help]: Transform data too old when converting from odom_slamtoolbox to map
[ERROR] [1733294745.421579913] [tf_help]: Data time: 1733294745s 162171544ns, Transform time: 1733294744s 931590202ns
[WARN] [1733294745.421613138] [controller_server]: Unable to transform robot pose into global plan's frame
[INFO] [1733294745.444519072] [local_costmap.local_costmap]: Message Filter dropping message: frame 'go2_lidar' at time 1733294745.122 for reason 'the timestamp on the message is earlier than all the data in the transform cache'
[INFO] [1733294745.521464837] [controller_server]: Passing new path to controller.
[INFO] [1733294745.644395722] [local_costmap.local_costmap]: Message Filter dropping message: frame 'go2_lidar' at time 1733294745.321 for reason 'the timestamp on the message is earlier than all the data in the transform cache'
[INFO] [1733294746.521461261] [controller_server]: Passing new path to controller.
[INFO] [1733294747.571464904] [controller_server]: Passing new path to controller.
[ERROR] [1733294748.521553992] [tf_help]: Transform data too old when converting from odom_slamtoolbox to map
[ERROR] [1733294748.521586948] [tf_help]: Data time: 1733294748s 509573324ns, Transform time: 1733294748s 305261050ns
[WARN] [1733294748.521623569] [controller_server]: Unable to transform robot pose into global plan's frame
[INFO] [1733294748.621469067] [controller_server]: Passing new path to controller.
[INFO] [1733294749.621463237] [controller_server]: Passing new path to controller.
[ERROR] [1733294750.121521969] [tf_help]: Transform data too old when converting from odom_slamtoolbox to map
[ERROR] [1733294750.121547156] [tf_help]: Data time: 1733294750s 112579148ns, Transform time: 1733294749s 902497017ns
[WARN] [1733294750.121570794] [controller_server]: Unable to transform robot pose into global plan's frame
[INFO] [1733294750.671467090] [controller_server]: Passing new path to controller.
[ERROR] [1733294751.521541710] [tf_help]: Transform data too old when converting from odom_slamtoolbox to map
[ERROR] [1733294751.521567771] [tf_help]: Data time: 1733294751s 513304707ns, Transform time: 1733294751s 303398740ns
[WARN] [1733294751.521592924] [controller_server]: Unable to transform robot pose into global plan's frame
[INFO] [1733294751.721465991] [controller_server]: Passing new path to controller.
[INFO] [1733294752.721466129] [controller_server]: Passing new path to controller.
[INFO] [1733294753.771462077] [controller_server]: Passing new path to controller.
[ERROR] [1733294754.321548816] [tf_help]: Transform data too old when converting from odom_slamtoolbox to map
[ERROR] [1733294754.321575040] [tf_help]: Data time: 1733294754s 317768525ns, Transform time: 1733294754s 113907795ns
[WARN] [1733294754.321601736] [controller_server]: Unable to transform robot pose into global plan's frame
[INFO] [1733294754.771461331] [controller_server]: Passing new path to controller.
[INFO] [1733294755.821463390] [controller_server]: Passing new path to controller.
[ERROR] [1733294756.121547884] [tf_help]: Transform data too old when converting from odom_slamtoolbox to map
[ERROR] [1733294756.121572546] [tf_help]: Data time: 1733294756s 113671065ns, Transform time: 1733294755s 907641325ns
[WARN] [1733294756.121595651] [controller_server]: Unable to transform robot pose into global plan's frame
[INFO] [1733294756.871467841] [controller_server]: Passing new path to controller.
[INFO] [1733294757.473808180] [controller_server]: Reached the goal!
[INFO] [1733294757.686830597] [controller_server]: Received a goal, begin computing control effort.
[ERROR] [1733294757.937161422] [tf_help]: Transform data too old when converting from odom_slamtoolbox to map
[ERROR] [1733294757.937198038] [tf_help]: Data time: 1733294757s 911304127ns, Transform time: 1733294757s 710958447ns
[WARN] [1733294757.937238988] [controller_server]: Unable to transform robot pose into global plan's frame
[INFO] [1733294758.737077727] [controller_server]: Passing new path to controller.
[ERROR] [1733294759.037164497] [tf_help]: Transform data too old when converting from odom_slamtoolbox to map
[ERROR] [1733294759.037189205] [tf_help]: Data time: 1733294759s 30966420ns, Transform time: 1733294758s 813597935ns
[WARN] [1733294759.037213061] [controller_server]: Unable to transform robot pose into global plan's frame
[INFO] [1733294759.787074973] [controller_server]: Passing new path to controller.
[INFO] [1733294760.787053286] [controller_server]: Passing new path to controller.
[INFO] [1733294761.837073638] [controller_server]: Passing new path to controller.
[ERROR] [1733294762.187158249] [tf_help]: Transform data too old when converting from odom_slamtoolbox to map
[ERROR] [1733294762.187183695] [tf_help]: Data time: 1733294762s 146591693ns, Transform time: 1733294761s 922708948ns
[WARN] [1733294762.187215956] [controller_server]: Unable to transform robot pose into global plan's frame
[ERROR] [1733294762.237159046] [tf_help]: Transform data too old when converting from odom_slamtoolbox to map
[ERROR] [1733294762.237187686] [tf_help]: Data time: 1733294762s 146591693ns, Transform time: 1733294761s 922708948ns
[WARN] [1733294762.237223230] [controller_server]: Unable to transform robot pose into global plan's frame
[ERROR] [1733294762.287183056] [tf_help]: Transform data too old when converting from odom_slamtoolbox to map
[ERROR] [1733294762.287208838] [tf_help]: Data time: 1733294762s 146591693ns, Transform time: 1733294761s 922708948ns
[WARN] [1733294762.287253557] [controller_server]: Unable to transform robot pose into global plan's frame
[ERROR] [1733294762.337176224] [tf_help]: Transform data too old when converting from odom_slamtoolbox to map
[ERROR] [1733294762.337211307] [tf_help]: Data time: 1733294762s 146591693ns, Transform time: 1733294761s 922708948ns
[WARN] [1733294762.337247421] [controller_server]: Unable to transform robot pose into global plan's frame
[INFO] [1733294762.887077444] [controller_server]: Passing new path to controller.
[INFO] [1733294763.887084755] [controller_server]: Passing new path to controller.
[INFO] [1733294764.937071921] [controller_server]: Passing new path to controller.
[INFO] [1733294765.444419665] [local_costmap.local_costmap]: Message Filter dropping message: frame 'go2_lidar' at time 1733294765.116 for reason 'the timestamp on the message is earlier than all the data in the transform cache'
[INFO] [1733294765.644466500] [local_costmap.local_costmap]: Message Filter dropping message: frame 'go2_lidar' at time 1733294765.319 for reason 'the timestamp on the message is earlier than all the data in the transform cache'
[INFO] [1733294765.937075577] [controller_server]: Passing new path to controller.
[ERROR] [1733294766.737164003] [tf_help]: Transform data too old when converting from odom_slamtoolbox to map
[ERROR] [1733294766.737197604] [tf_help]: Data time: 1733294766s 724186408ns, Transform time: 1733294766s 516224594ns
[WARN] [1733294766.737228296] [controller_server]: Unable to transform robot pose into global plan's frame
[INFO] [1733294766.987075405] [controller_server]: Passing new path to controller.
[ERROR] [1733294767.737148576] [tf_help]: Transform data too old when converting from odom_slamtoolbox to map
[ERROR] [1733294767.737176119] [tf_help]: Data time: 1733294767s 725568329ns, Transform time: 1733294767s 513784610ns
[WARN] [1733294767.737203844] [controller_server]: Unable to transform robot pose into global plan's frame
[INFO] [1733294768.037085199] [controller_server]: Passing new path to controller.
[INFO] [1733294769.037075079] [controller_server]: Passing new path to controller.
[ERROR] [1733294769.337159250] [tf_help]: Transform data too old when converting from odom_slamtoolbox to map
[ERROR] [1733294769.337183275] [tf_help]: Data time: 1733294769s 327531592ns, Transform time: 1733294769s 113857521ns
[WARN] [1733294769.337216972] [controller_server]: Unable to transform robot pose into global plan's frame
[INFO] [1733294770.087076216] [controller_server]: Passing new path to controller.
[INFO] [1733294771.087076420] [controller_server]: Passing new path to controller.
[ERROR] [1733294771.437151998] [tf_help]: Transform data too old when converting from odom_slamtoolbox to map
[ERROR] [1733294771.437174069] [tf_help]: Data time: 1733294771s 431273347ns, Transform time: 1733294771s 213882220ns
[WARN] [1733294771.437201292] [controller_server]: Unable to transform robot pose into global plan's frame
[INFO] [1733294772.137071359] [controller_server]: Passing new path to controller.
[INFO] [1733294773.187076443] [controller_server]: Passing new path to controller.
[INFO] [1733294774.187072785] [controller_server]: Passing new path to controller.
[INFO] [1733294775.237077103] [controller_server]: Passing new path to controller.
[INFO] [1733294776.237070992] [controller_server]: Passing new path to controller.
[INFO] [1733294777.287075250] [controller_server]: Passing new path to controller.
[ERROR] [1733294777.537153579] [tf_help]: Transform data too old when converting from odom_slamtoolbox to map
[ERROR] [1733294777.537175118] [tf_help]: Data time: 1733294777s 531030227ns, Transform time: 1733294777s 311781397ns
[WARN] [1733294777.537202599] [controller_server]: Unable to transform robot pose into global plan's frame
[INFO] [1733294778.287077653] [controller_server]: Passing new path to controller.
[INFO] [1733294779.244490183] [local_costmap.local_costmap]: Message Filter dropping message: frame 'go2_lidar' at time 1733294778.928 for reason 'the timestamp on the message is earlier than all the data in the transform cache'
[INFO] [1733294779.387073922] [controller_server]: Passing new path to controller.
[INFO] [1733294779.444476399] [local_costmap.local_costmap]: Message Filter dropping message: frame 'go2_lidar' at time 1733294779.120 for reason 'the timestamp on the message is earlier than all the data in the transform cache'
[ERROR] [1733294779.537134220] [tf_help]: Transform data too old when converting from odom_slamtoolbox to map
[ERROR] [1733294779.537155682] [tf_help]: Data time: 1733294779s 533367711ns, Transform time: 1733294779s 319795210ns
[WARN] [1733294779.537182409] [controller_server]: Unable to transform robot pose into global plan's frame
[INFO] [1733294780.387075972] [controller_server]: Passing new path to controller.
[ERROR] [1733294780.537171864] [tf_help]: Transform data too old when converting from odom_slamtoolbox to map
[ERROR] [1733294780.537197356] [tf_help]: Data time: 1733294780s 524096023ns, Transform time: 1733294780s 311940321ns
[WARN] [1733294780.537228448] [controller_server]: Unable to transform robot pose into global plan's frame
[INFO] [1733294781.437078572] [controller_server]: Passing new path to controller.
[ERROR] [1733294781.537173086] [tf_help]: Transform data too old when converting from odom_slamtoolbox to map
[ERROR] [1733294781.537196305] [tf_help]: Data time: 1733294781s 526685765ns, Transform time: 1733294781s 320478060ns
[WARN] [1733294781.537228717] [controller_server]: Unable to transform robot pose into global plan's frame
[INFO] [1733294782.437072491] [controller_server]: Passing new path to controller.
[ERROR] [1733294782.737158389] [tf_help]: Transform data too old when converting from odom_slamtoolbox to map
[ERROR] [1733294782.737178760] [tf_help]: Data time: 1733294782s 727300388ns, Transform time: 1733294782s 512686193ns
[WARN] [1733294782.737202938] [controller_server]: Unable to transform robot pose into global plan's frame
[INFO] [1733294783.487072765] [controller_server]: Passing new path to controller.
[ERROR] [1733294784.137155679] [tf_help]: Transform data too old when converting from odom_slamtoolbox to map
[ERROR] [1733294784.137187962] [tf_help]: Data time: 1733294784s 128981321ns, Transform time: 1733294783s 928856621ns
[WARN] [1733294784.137223598] [controller_server]: Unable to transform robot pose into global plan's frame
[INFO] [1733294784.487069869] [controller_server]: Passing new path to controller.
[INFO] [1733294785.537070034] [controller_server]: Passing new path to controller.
[INFO] [1733294786.587074894] [controller_server]: Passing new path to controller.
[ERROR] [1733294787.537150893] [tf_help]: Transform data too old when converting from odom_slamtoolbox to map
[ERROR] [1733294787.537175071] [tf_help]: Data time: 1733294787s 532350700ns, Transform time: 1733294787s 312188940ns
[WARN] [1733294787.537198544] [controller_server]: Unable to transform robot pose into global plan's frame
[INFO] [1733294787.587070003] [controller_server]: Passing new path to controller.
[INFO] [1733294788.637076056] [controller_server]: Passing new path to controller.
[INFO] [1733294789.637070733] [controller_server]: Passing new path to controller.
[INFO] [1733294790.687072319] [controller_server]: Passing new path to controller.
[INFO] [1733294791.737073340] [controller_server]: Passing new path to controller.
[INFO] [1733294792.737080866] [controller_server]: Passing new path to controller.
[ERROR] [1733294793.137145684] [tf_help]: Transform data too old when converting from odom_slamtoolbox to map
[ERROR] [1733294793.137170834] [tf_help]: Data time: 1733294793s 132064214ns, Transform time: 1733294792s 714670513ns
[WARN] [1733294793.137194613] [controller_server]: Unable to transform robot pose into global plan's frame
[INFO] [1733294793.787073248] [controller_server]: Passing new path to controller.
[ERROR] [1733294794.737172592] [tf_help]: Transform data too old when converting from odom_slamtoolbox to map
[ERROR] [1733294794.737203306] [tf_help]: Data time: 1733294794s 728914830ns, Transform time: 1733294794s 512336324ns
[WARN] [1733294794.737229232] [controller_server]: Unable to transform robot pose into global plan's frame
[INFO] [1733294794.787071269] [controller_server]: Passing new path to controller.
[INFO] [1733294795.837076189] [controller_server]: Passing new path to controller.
[INFO] [1733294796.887085385] [controller_server]: Passing new path to controller.
[ERROR] [1733294797.837125481] [tf_help]: Transform data too old when converting from odom_slamtoolbox to map
[ERROR] [1733294797.837151396] [tf_help]: Data time: 1733294797s 824944172ns, Transform time: 1733294797s 511489584ns
[WARN] [1733294797.837176906] [controller_server]: Unable to transform robot pose into global plan's frame
[INFO] [1733294797.887070212] [controller_server]: Passing new path to controller.
[INFO] [1733294798.937071769] [controller_server]: Passing new path to controller.
[ERROR] [1733294798.937981077] [tf_help]: Transform data too old when converting from odom_slamtoolbox to map
[ERROR] [1733294798.937996895] [tf_help]: Data time: 1733294798s 930721979ns, Transform time: 1733294798s 719769939ns
[WARN] [1733294798.938028048] [controller_server]: Unable to transform robot pose into global plan's frame
[INFO] [1733294799.937077734] [controller_server]: Passing new path to controller.
[INFO] [1733294800.987069968] [controller_server]: Passing new path to controller.
[INFO] [1733294802.037076936] [controller_server]: Passing new path to controller.
[INFO] [1733294803.037072268] [controller_server]: Passing new path to controller.
[INFO] [1733294803.044425180] [local_costmap.local_costmap]: Message Filter dropping message: frame 'go2_lidar' at time 1733294802.728 for reason 'the timestamp on the message is earlier than all the data in the transform cache'
[INFO] [1733294803.244600647] [local_costmap.local_costmap]: Message Filter dropping message: frame 'go2_lidar' at time 1733294802.817 for reason 'the timestamp on the message is earlier than all the data in the transform cache'
[ERROR] [1733294803.337127691] [tf_help]: Transform data too old when converting from odom_slamtoolbox to map
[ERROR] [1733294803.337146693] [tf_help]: Data time: 1733294803s 325779713ns, Transform time: 1733294803s 16847673ns
[WARN] [1733294803.337169759] [controller_server]: Unable to transform robot pose into global plan's frame
[INFO] [1733294804.087074912] [controller_server]: Passing new path to controller.
[ERROR] [1733294804.937154217] [tf_help]: Transform data too old when converting from odom_slamtoolbox to map
[ERROR] [1733294804.937173636] [tf_help]: Data time: 1733294804s 926514346ns, Transform time: 1733294804s 710821939ns
[WARN] [1733294804.937197843] [controller_server]: Unable to transform robot pose into global plan's frame
[INFO] [1733294805.087073924] [controller_server]: Passing new path to controller.
[INFO] [1733294806.137070958] [controller_server]: Passing new path to controller.
[ERROR] [1733294806.387151582] [tf_help]: Transform data too old when converting from odom_slamtoolbox to map
[ERROR] [1733294806.387174993] [tf_help]: Data time: 1733294806s 365027132ns, Transform time: 1733294806s 127243925ns
[WARN] [1733294806.387208529] [controller_server]: Unable to transform robot pose into global plan's frame
[ERROR] [1733294806.437157249] [tf_help]: Transform data too old when converting from odom_slamtoolbox to map
[ERROR] [1733294806.437183140] [tf_help]: Data time: 1733294806s 365027132ns, Transform time: 1733294806s 127243925ns
[WARN] [1733294806.437217151] [controller_server]: Unable to transform robot pose into global plan's frame
[ERROR] [1733294806.487161602] [tf_help]: Transform data too old when converting from odom_slamtoolbox to map
[ERROR] [1733294806.487183067] [tf_help]: Data time: 1733294806s 365027132ns, Transform time: 1733294806s 127243925ns
[WARN] [1733294806.487223201] [controller_server]: Unable to transform robot pose into global plan's frame
[ERROR] [1733294806.537145309] [tf_help]: Transform data too old when converting from odom_slamtoolbox to map
[ERROR] [1733294806.537165565] [tf_help]: Data time: 1733294806s 365027132ns, Transform time: 1733294806s 127243925ns
[WARN] [1733294806.537188832] [controller_server]: Unable to transform robot pose into global plan's frame
[ERROR] [1733294806.587144991] [tf_help]: Transform data too old when converting from odom_slamtoolbox to map
[ERROR] [1733294806.587161019] [tf_help]: Data time: 1733294806s 365027132ns, Transform time: 1733294806s 127243925ns
[WARN] [1733294806.587188371] [controller_server]: Unable to transform robot pose into global plan's frame
[INFO] [1733294807.187074246] [controller_server]: Passing new path to controller.
[ERROR] [1733294807.537155593] [tf_help]: Transform data too old when converting from odom_slamtoolbox to map
[ERROR] [1733294807.537181376] [tf_help]: Data time: 1733294807s 529653262ns, Transform time: 1733294807s 312850616ns
[WARN] [1733294807.537216005] [controller_server]: Unable to transform robot pose into global plan's frame
[INFO] [1733294808.187070179] [controller_server]: Passing new path to controller.
[INFO] [1733294809.237068790] [controller_server]: Passing new path to controller.
[INFO] [1733294810.237067098] [controller_server]: Passing new path to controller.
[INFO] [1733294811.287070420] [controller_server]: Passing new path to controller.
[INFO] [1733294812.337065826] [controller_server]: Passing new path to controller.
[INFO] [1733294813.337067364] [controller_server]: Passing new path to controller.
[INFO] [1733294814.387069223] [controller_server]: Passing new path to controller.
[INFO] [1733294814.840679225] [controller_server]: Reached the goal!
[INFO] [1733294896.444534259] [local_costmap.local_costmap]: Message Filter dropping message: frame 'go2_lidar' at time 1733294896.112 for reason 'the timestamp on the message is earlier than all the data in the transform cache'
[INFO] [1733294896.644448112] [local_costmap.local_costmap]: Message Filter dropping message: frame 'go2_lidar' at time 1733294896.310 for reason 'the timestamp on the message is earlier than all the data in the transform cache'
[INFO] [1733294896.844410712] [local_costmap.local_costmap]: Message Filter dropping message: frame 'go2_lidar' at time 1733294896.513 for reason 'the timestamp on the message is earlier than all the data in the transform cache'
[INFO] [1733294897.044399763] [local_costmap.local_costmap]: Message Filter dropping message: frame 'go2_lidar' at time 1733294896.718 for reason 'the timestamp on the message is earlier than all the data in the transform cache'
[INFO] [1733294897.244400538] [local_costmap.local_costmap]: Message Filter dropping message: frame 'go2_lidar' at time 1733294896.911 for reason 'the timestamp on the message is earlier than all the data in the transform cache'
[INFO] [1733294897.444376346] [local_costmap.local_costmap]: Message Filter dropping message: frame 'go2_lidar' at time 1733294897.112 for reason 'the timestamp on the message is earlier than all the data in the transform cache'
[INFO] [1733294992.444531272] [local_costmap.local_costmap]: Message Filter dropping message: frame 'go2_lidar' at time 1733294992.117 for reason 'the timestamp on the message is earlier than all the data in the transform cache'
[INFO] [1733294992.644459860] [local_costmap.local_costmap]: Message Filter dropping message: frame 'go2_lidar' at time 1733294992.319 for reason 'the timestamp on the message is earlier than all the data in the transform cache'
[INFO] [1733295050.337731550] [rclcpp]: signal_handler(signum=2)
[INFO] [1733295050.337857970] [controller_server]: Running Nav2 LifecycleNode rcl preshutdown (controller_server)
[INFO] [1733295050.337973320] [controller_server]: Deactivating
[INFO] [1733295050.338037607] [local_costmap.local_costmap]: Deactivating
[INFO] [1733295050.501704059] [controller_server]: Destroying bond (controller_server) to lifecycle manager.
[INFO] [1733295050.501807122] [controller_server]: Cleaning up
[INFO] [1733295050.502013190] [local_costmap.local_costmap]: Cleaning up
[INFO] [1733295050.531079423] [controller_server]: Destroying bond (controller_server) to lifecycle manager.
