[INFO] [1733301404.167915600] [planner_server]: 
	planner_server lifecycle node launched. 
	Waiting on external lifecycle transitions to activate
	See https://design.ros2.org/articles/node_lifecycle.html for more information.
[INFO] [1733301404.169695063] [planner_server]: Creating
[INFO] [1733301404.176303520] [global_costmap.global_costmap]: 
	global_costmap lifecycle node launched. 
	Waiting on external lifecycle transitions to activate
	See https://design.ros2.org/articles/node_lifecycle.html for more information.
[INFO] [1733301404.177217727] [global_costmap.global_costmap]: Creating Costmap
[INFO] [1733301404.212483649] [planner_server]: Configuring
[INFO] [1733301404.212515306] [global_costmap.global_costmap]: Configuring
[INFO] [1733301404.215065664] [global_costmap.global_costmap]: Using plugin "static_layer"
[INFO] [1733301404.218110498] [global_costmap.global_costmap]: Subscribing to the map topic (/map) with transient local durability
[INFO] [1733301404.218533211] [global_costmap.global_costmap]: Initialized plugin "static_layer"
[INFO] [1733301404.218552513] [global_costmap.global_costmap]: Using plugin "obstacle_layer"
[INFO] [1733301404.218817736] [global_costmap.global_costmap]: Subscribed to Topics: scan
[INFO] [1733301404.220207321] [global_costmap.global_costmap]: Initialized plugin "obstacle_layer"
[INFO] [1733301404.220236135] [global_costmap.global_costmap]: Using plugin "inflation_layer"
[INFO] [1733301404.220642060] [global_costmap.global_costmap]: Initialized plugin "inflation_layer"
[INFO] [1733301404.224818434] [planner_server]: Created global planner plugin GridBased of type nav2_navfn_planner/NavfnPlanner
[INFO] [1733301404.224845357] [planner_server]: Configuring plugin GridBased of type NavfnPlanner
[INFO] [1733301404.225028292] [planner_server]: Planner Server has GridBased  planners available.
[INFO] [1733301413.247001909] [planner_server]: Activating
[INFO] [1733301413.247040200] [global_costmap.global_costmap]: Activating
[INFO] [1733301413.247050839] [global_costmap.global_costmap]: Checking transform
[INFO] [1733301413.247129448] [global_costmap.global_costmap]: start
[WARN] [1733301414.247359702] [nav2_costmap_2d]: Robot is out of bounds of the costmap!
[INFO] [1733301414.297600769] [planner_server]: Activating plugin GridBased of type NavfnPlanner
[INFO] [1733301414.298410550] [planner_server]: Creating bond (planner_server) to lifecycle manager.
[INFO] [1733301414.432107185] [global_costmap.global_costmap]: StaticLayer: Resizing costmap to 294 X 698 at 0.050000 m/pix
[INFO] [1733301425.247278716] [global_costmap.global_costmap]: StaticLayer: Resizing costmap to 322 X 698 at 0.050000 m/pix
[INFO] [1733301429.633686084] [global_costmap.global_costmap]: Message Filter dropping message: frame 'go2_lidar' at time 1733301429.295 for reason 'the timestamp on the message is earlier than all the data in the transform cache'
[INFO] [1733301429.833471024] [global_costmap.global_costmap]: Message Filter dropping message: frame 'go2_lidar' at time 1733301429.477 for reason 'the timestamp on the message is earlier than all the data in the transform cache'
[INFO] [1733301430.247279117] [global_costmap.global_costmap]: StaticLayer: Resizing costmap to 516 X 698 at 0.050000 m/pix
[INFO] [1733301430.633540693] [global_costmap.global_costmap]: Message Filter dropping message: frame 'go2_lidar' at time 1733301430.270 for reason 'the timestamp on the message is earlier than all the data in the transform cache'
[INFO] [1733301430.833461198] [global_costmap.global_costmap]: Message Filter dropping message: frame 'go2_lidar' at time 1733301430.463 for reason 'the timestamp on the message is earlier than all the data in the transform cache'
[ERROR] [1733301437.632161008] [planner_server]: Failed to create a plan from potential when a legal potential was found. This shouldn't happen.
[WARN] [1733301437.632231929] [planner_server]: GridBased: failed to create plan with tolerance 0.20.
[WARN] [1733301437.632253419] [planner_server]: Planning algorithm GridBased failed to generate a valid path to (11.41, -0.74)
[WARN] [1733301437.632313559] [planner_server]: [compute_path_to_pose] [ActionServer] Aborting handle.
[INFO] [1733301437.645800403] [global_costmap.global_costmap]: Received request to clear entirely the global_costmap
[ERROR] [1733301438.262473731] [planner_server]: Failed to create a plan from potential when a legal potential was found. This shouldn't happen.
[WARN] [1733301438.262537020] [planner_server]: GridBased: failed to create plan with tolerance 0.20.
[WARN] [1733301438.262552661] [planner_server]: Planning algorithm GridBased failed to generate a valid path to (11.41, -0.74)
[WARN] [1733301438.262568049] [planner_server]: [compute_path_to_pose] [ActionServer] Aborting handle.
[INFO] [1733301438.276352470] [global_costmap.global_costmap]: Received request to clear entirely the global_costmap
[ERROR] [1733301439.262719003] [planner_server]: Failed to create a plan from potential when a legal potential was found. This shouldn't happen.
[WARN] [1733301439.262781831] [planner_server]: GridBased: failed to create plan with tolerance 0.20.
[WARN] [1733301439.262798502] [planner_server]: Planning algorithm GridBased failed to generate a valid path to (11.41, -0.74)
[WARN] [1733301439.262813412] [planner_server]: [compute_path_to_pose] [ActionServer] Aborting handle.
[INFO] [1733301439.275751345] [global_costmap.global_costmap]: Received request to clear entirely the global_costmap
[INFO] [1733301440.247301066] [global_costmap.global_costmap]: StaticLayer: Resizing costmap to 516 X 703 at 0.050000 m/pix
[ERROR] [1733301440.260742281] [planner_server]: Failed to create a plan from potential when a legal potential was found. This shouldn't happen.
[WARN] [1733301440.260802010] [planner_server]: GridBased: failed to create plan with tolerance 0.20.
[WARN] [1733301440.260817318] [planner_server]: Planning algorithm GridBased failed to generate a valid path to (11.41, -0.74)
[WARN] [1733301440.260831526] [planner_server]: [compute_path_to_pose] [ActionServer] Aborting handle.
[ERROR] [1733301442.610268105] [planner_server]: Failed to create a plan from potential when a legal potential was found. This shouldn't happen.
[WARN] [1733301442.610348367] [planner_server]: GridBased: failed to create plan with tolerance 0.20.
[WARN] [1733301442.610368574] [planner_server]: Planning algorithm GridBased failed to generate a valid path to (11.41, -0.74)
[WARN] [1733301442.610387521] [planner_server]: [compute_path_to_pose] [ActionServer] Aborting handle.
[INFO] [1733301442.625790251] [global_costmap.global_costmap]: Received request to clear entirely the global_costmap
[ERROR] [1733301443.259582197] [planner_server]: Failed to create a plan from potential when a legal potential was found. This shouldn't happen.
[WARN] [1733301443.259653609] [planner_server]: GridBased: failed to create plan with tolerance 0.20.
[WARN] [1733301443.259668853] [planner_server]: Planning algorithm GridBased failed to generate a valid path to (11.41, -0.74)
[WARN] [1733301443.259683211] [planner_server]: [compute_path_to_pose] [ActionServer] Aborting handle.
[INFO] [1733301445.247285693] [global_costmap.global_costmap]: StaticLayer: Resizing costmap to 516 X 706 at 0.050000 m/pix
[INFO] [1733301445.433543467] [global_costmap.global_costmap]: Message Filter dropping message: frame 'go2_lidar' at time 1733301445.065 for reason 'the timestamp on the message is earlier than all the data in the transform cache'
[INFO] [1733301445.633503796] [global_costmap.global_costmap]: Message Filter dropping message: frame 'go2_lidar' at time 1733301445.264 for reason 'the timestamp on the message is earlier than all the data in the transform cache'
[ERROR] [1733301448.310979056] [planner_server]: Failed to create a plan from potential when a legal potential was found. This shouldn't happen.
[WARN] [1733301448.311044153] [planner_server]: GridBased: failed to create plan with tolerance 0.20.
[WARN] [1733301448.311060280] [planner_server]: Planning algorithm GridBased failed to generate a valid path to (11.41, -0.74)
[WARN] [1733301448.311075390] [planner_server]: [compute_path_to_pose] [ActionServer] Aborting handle.
[INFO] [1733301448.325754612] [global_costmap.global_costmap]: Received request to clear entirely the global_costmap
[ERROR] [1733301449.259958025] [planner_server]: Failed to create a plan from potential when a legal potential was found. This shouldn't happen.
[WARN] [1733301449.260030135] [planner_server]: GridBased: failed to create plan with tolerance 0.20.
[WARN] [1733301449.260047108] [planner_server]: Planning algorithm GridBased failed to generate a valid path to (11.41, -0.74)
[WARN] [1733301449.260064533] [planner_server]: [compute_path_to_pose] [ActionServer] Aborting handle.
[ERROR] [1733301456.511982167] [planner_server]: Failed to create a plan from potential when a legal potential was found. This shouldn't happen.
[WARN] [1733301456.512052467] [planner_server]: GridBased: failed to create plan with tolerance 0.20.
[WARN] [1733301456.512071219] [planner_server]: Planning algorithm GridBased failed to generate a valid path to (11.41, -0.74)
[WARN] [1733301456.512089089] [planner_server]: [compute_path_to_pose] [ActionServer] Aborting handle.
[INFO] [1733301456.525742875] [global_costmap.global_costmap]: Received request to clear entirely the global_costmap
[ERROR] [1733301457.262234251] [planner_server]: Failed to create a plan from potential when a legal potential was found. This shouldn't happen.
[WARN] [1733301457.262302618] [planner_server]: GridBased: failed to create plan with tolerance 0.20.
[WARN] [1733301457.262316790] [planner_server]: Planning algorithm GridBased failed to generate a valid path to (11.41, -0.74)
[WARN] [1733301457.262331472] [planner_server]: [compute_path_to_pose] [ActionServer] Aborting handle.
[INFO] [1733301457.276294058] [global_costmap.global_costmap]: Received request to clear entirely the global_costmap
[ERROR] [1733301458.261614797] [planner_server]: Failed to create a plan from potential when a legal potential was found. This shouldn't happen.
[WARN] [1733301458.261694662] [planner_server]: GridBased: failed to create plan with tolerance 0.20.
[WARN] [1733301458.261712165] [planner_server]: Planning algorithm GridBased failed to generate a valid path to (11.41, -0.74)
[WARN] [1733301458.261729696] [planner_server]: [compute_path_to_pose] [ActionServer] Aborting handle.
[INFO] [1733301458.275766227] [global_costmap.global_costmap]: Received request to clear entirely the global_costmap
[ERROR] [1733301459.261004674] [planner_server]: Failed to create a plan from potential when a legal potential was found. This shouldn't happen.
[WARN] [1733301459.261062746] [planner_server]: GridBased: failed to create plan with tolerance 0.20.
[WARN] [1733301459.261074437] [planner_server]: Planning algorithm GridBased failed to generate a valid path to (11.41, -0.74)
[WARN] [1733301459.261086325] [planner_server]: [compute_path_to_pose] [ActionServer] Aborting handle.
[ERROR] [1733301461.610512393] [planner_server]: Failed to create a plan from potential when a legal potential was found. This shouldn't happen.
[WARN] [1733301461.610573250] [planner_server]: GridBased: failed to create plan with tolerance 0.20.
[WARN] [1733301461.610587095] [planner_server]: Planning algorithm GridBased failed to generate a valid path to (11.41, -0.74)
[WARN] [1733301461.610600075] [planner_server]: [compute_path_to_pose] [ActionServer] Aborting handle.
[INFO] [1733301461.625777859] [global_costmap.global_costmap]: Received request to clear entirely the global_costmap
[ERROR] [1733301462.261933020] [planner_server]: Failed to create a plan from potential when a legal potential was found. This shouldn't happen.
[WARN] [1733301462.262008570] [planner_server]: GridBased: failed to create plan with tolerance 0.20.
[WARN] [1733301462.262029584] [planner_server]: Planning algorithm GridBased failed to generate a valid path to (11.41, -0.74)
[WARN] [1733301462.262049337] [planner_server]: [compute_path_to_pose] [ActionServer] Aborting handle.
[INFO] [1733301466.033493090] [global_costmap.global_costmap]: Message Filter dropping message: frame 'go2_lidar' at time 1733301465.669 for reason 'the timestamp on the message is earlier than all the data in the transform cache'
[INFO] [1733301466.233569376] [global_costmap.global_costmap]: Message Filter dropping message: frame 'go2_lidar' at time 1733301465.860 for reason 'the timestamp on the message is earlier than all the data in the transform cache'
[ERROR] [1733301491.538707552] [planner_server]: Failed to create a plan from potential when a legal potential was found. This shouldn't happen.
[WARN] [1733301491.538774102] [planner_server]: GridBased: failed to create plan with tolerance 0.20.
[WARN] [1733301491.538788761] [planner_server]: Planning algorithm GridBased failed to generate a valid path to (13.10, -1.27)
[WARN] [1733301491.538804156] [planner_server]: [compute_path_to_pose] [ActionServer] Aborting handle.
[INFO] [1733301491.554318681] [global_costmap.global_costmap]: Received request to clear entirely the global_costmap
[WARN] [1733301492.260616176] [planner_server]: Planner loop missed its desired rate of 20.0000 Hz. Current loop rate is 1.4171 Hz
[INFO] [1733301510.247286214] [global_costmap.global_costmap]: StaticLayer: Resizing costmap to 517 X 706 at 0.050000 m/pix
[INFO] [1733301537.633459685] [global_costmap.global_costmap]: Message Filter dropping message: frame 'go2_lidar' at time 1733301537.317 for reason 'the timestamp on the message is earlier than all the data in the transform cache'
[INFO] [1733301537.833545440] [global_costmap.global_costmap]: Message Filter dropping message: frame 'go2_lidar' at time 1733301537.505 for reason 'the timestamp on the message is earlier than all the data in the transform cache'
[INFO] [1733301538.033520268] [global_costmap.global_costmap]: Message Filter dropping message: frame 'go2_lidar' at time 1733301537.683 for reason 'the timestamp on the message is earlier than all the data in the transform cache'
[INFO] [1733301539.033479486] [global_costmap.global_costmap]: Message Filter dropping message: frame 'go2_lidar' at time 1733301538.712 for reason 'the timestamp on the message is earlier than all the data in the transform cache'
[INFO] [1733301539.233473346] [global_costmap.global_costmap]: Message Filter dropping message: frame 'go2_lidar' at time 1733301538.910 for reason 'the timestamp on the message is earlier than all the data in the transform cache'
[INFO] [1733301539.633541016] [global_costmap.global_costmap]: Message Filter dropping message: frame 'go2_lidar' at time 1733301539.280 for reason 'the timestamp on the message is earlier than all the data in the transform cache'
[INFO] [1733301539.833552639] [global_costmap.global_costmap]: Message Filter dropping message: frame 'go2_lidar' at time 1733301539.414 for reason 'the timestamp on the message is earlier than all the data in the transform cache'
[INFO] [1733301553.033510543] [global_costmap.global_costmap]: Message Filter dropping message: frame 'go2_lidar' at time 1733301552.695 for reason 'the timestamp on the message is earlier than all the data in the transform cache'
[INFO] [1733301553.233602669] [global_costmap.global_costmap]: Message Filter dropping message: frame 'go2_lidar' at time 1733301552.885 for reason 'the timestamp on the message is earlier than all the data in the transform cache'
[INFO] [1733301564.033336565] [global_costmap.global_costmap]: Message Filter dropping message: frame 'go2_lidar' at time 1733301563.726 for reason 'the timestamp on the message is earlier than all the data in the transform cache'
[INFO] [1733301564.233383415] [global_costmap.global_costmap]: Message Filter dropping message: frame 'go2_lidar' at time 1733301563.914 for reason 'the timestamp on the message is earlier than all the data in the transform cache'
[INFO] [1733301564.433382573] [global_costmap.global_costmap]: Message Filter dropping message: frame 'go2_lidar' at time 1733301564.100 for reason 'the timestamp on the message is earlier than all the data in the transform cache'
[INFO] [1733301564.633506049] [global_costmap.global_costmap]: Message Filter dropping message: frame 'go2_lidar' at time 1733301564.183 for reason 'the timestamp on the message is earlier than all the data in the transform cache'
[INFO] [1733301564.833315148] [global_costmap.global_costmap]: Message Filter dropping message: frame 'go2_lidar' at time 1733301564.521 for reason 'the timestamp on the message is earlier than all the data in the transform cache'
[INFO] [1733301565.033388860] [global_costmap.global_costmap]: Message Filter dropping message: frame 'go2_lidar' at time 1733301564.700 for reason 'the timestamp on the message is earlier than all the data in the transform cache'
[INFO] [1733301565.233361769] [global_costmap.global_costmap]: Message Filter dropping message: frame 'go2_lidar' at time 1733301564.931 for reason 'the timestamp on the message is earlier than all the data in the transform cache'
[INFO] [1733301565.433427925] [global_costmap.global_costmap]: Message Filter dropping message: frame 'go2_lidar' at time 1733301565.116 for reason 'the timestamp on the message is earlier than all the data in the transform cache'
[INFO] [1733301565.633451708] [global_costmap.global_costmap]: Message Filter dropping message: frame 'go2_lidar' at time 1733301565.298 for reason 'the timestamp on the message is earlier than all the data in the transform cache'
[INFO] [1733301565.833600149] [global_costmap.global_costmap]: Message Filter dropping message: frame 'go2_lidar' at time 1733301565.515 for reason 'the timestamp on the message is earlier than all the data in the transform cache'
[INFO] [1733301566.033410475] [global_costmap.global_costmap]: Message Filter dropping message: frame 'go2_lidar' at time 1733301565.725 for reason 'the timestamp on the message is earlier than all the data in the transform cache'
[INFO] [1733301566.233459357] [global_costmap.global_costmap]: Message Filter dropping message: frame 'go2_lidar' at time 1733301565.933 for reason 'the timestamp on the message is earlier than all the data in the transform cache'
[INFO] [1733301566.433457216] [global_costmap.global_costmap]: Message Filter dropping message: frame 'go2_lidar' at time 1733301566.103 for reason 'the timestamp on the message is earlier than all the data in the transform cache'
[INFO] [1733301566.633451182] [global_costmap.global_costmap]: Message Filter dropping message: frame 'go2_lidar' at time 1733301566.322 for reason 'the timestamp on the message is earlier than all the data in the transform cache'
[INFO] [1733301566.833386758] [global_costmap.global_costmap]: Message Filter dropping message: frame 'go2_lidar' at time 1733301566.530 for reason 'the timestamp on the message is earlier than all the data in the transform cache'
[INFO] [1733301567.033492482] [global_costmap.global_costmap]: Message Filter dropping message: frame 'go2_lidar' at time 1733301566.717 for reason 'the timestamp on the message is earlier than all the data in the transform cache'
[INFO] [1733301567.233488163] [global_costmap.global_costmap]: Message Filter dropping message: frame 'go2_lidar' at time 1733301566.911 for reason 'the timestamp on the message is earlier than all the data in the transform cache'
[INFO] [1733301567.433412439] [global_costmap.global_costmap]: Message Filter dropping message: frame 'go2_lidar' at time 1733301567.131 for reason 'the timestamp on the message is earlier than all the data in the transform cache'
[INFO] [1733301567.633441489] [global_costmap.global_costmap]: Message Filter dropping message: frame 'go2_lidar' at time 1733301567.322 for reason 'the timestamp on the message is earlier than all the data in the transform cache'
[INFO] [1733301567.833520116] [global_costmap.global_costmap]: Message Filter dropping message: frame 'go2_lidar' at time 1733301567.508 for reason 'the timestamp on the message is earlier than all the data in the transform cache'
[INFO] [1733301568.033513481] [global_costmap.global_costmap]: Message Filter dropping message: frame 'go2_lidar' at time 1733301567.693 for reason 'the timestamp on the message is earlier than all the data in the transform cache'
[INFO] [1733301568.233480506] [global_costmap.global_costmap]: Message Filter dropping message: frame 'go2_lidar' at time 1733301567.896 for reason 'the timestamp on the message is earlier than all the data in the transform cache'
[INFO] [1733301568.433495682] [global_costmap.global_costmap]: Message Filter dropping message: frame 'go2_lidar' at time 1733301568.113 for reason 'the timestamp on the message is earlier than all the data in the transform cache'
[INFO] [1733301568.633507605] [global_costmap.global_costmap]: Message Filter dropping message: frame 'go2_lidar' at time 1733301568.312 for reason 'the timestamp on the message is earlier than all the data in the transform cache'
[INFO] [1733301569.233552966] [global_costmap.global_costmap]: Message Filter dropping message: frame 'go2_lidar' at time 1733301568.932 for reason 'the timestamp on the message is earlier than all the data in the transform cache'
[INFO] [1733301569.433624242] [global_costmap.global_costmap]: Message Filter dropping message: frame 'go2_lidar' at time 1733301569.017 for reason 'the timestamp on the message is earlier than all the data in the transform cache'
[INFO] [1733301569.633579316] [global_costmap.global_costmap]: Message Filter dropping message: frame 'go2_lidar' at time 1733301569.017 for reason 'the timestamp on the message is earlier than all the data in the transform cache'
[INFO] [1733301569.833574612] [global_costmap.global_costmap]: Message Filter dropping message: frame 'go2_lidar' at time 1733301569.439 for reason 'the timestamp on the message is earlier than all the data in the transform cache'
[INFO] [1733301570.033540524] [global_costmap.global_costmap]: Message Filter dropping message: frame 'go2_lidar' at time 1733301569.733 for reason 'the timestamp on the message is earlier than all the data in the transform cache'
[INFO] [1733301570.433501558] [global_costmap.global_costmap]: Message Filter dropping message: frame 'go2_lidar' at time 1733301570.042 for reason 'the timestamp on the message is earlier than all the data in the transform cache'
[INFO] [1733301570.633438196] [global_costmap.global_costmap]: Message Filter dropping message: frame 'go2_lidar' at time 1733301570.249 for reason 'the timestamp on the message is earlier than all the data in the transform cache'
[INFO] [1733301570.833373658] [global_costmap.global_costmap]: Message Filter dropping message: frame 'go2_lidar' at time 1733301570.532 for reason 'the timestamp on the message is earlier than all the data in the transform cache'
[INFO] [1733301571.033377258] [global_costmap.global_costmap]: Message Filter dropping message: frame 'go2_lidar' at time 1733301570.718 for reason 'the timestamp on the message is earlier than all the data in the transform cache'
[INFO] [1733301571.233472446] [global_costmap.global_costmap]: Message Filter dropping message: frame 'go2_lidar' at time 1733301570.912 for reason 'the timestamp on the message is earlier than all the data in the transform cache'
[INFO] [1733301571.433530364] [global_costmap.global_costmap]: Message Filter dropping message: frame 'go2_lidar' at time 1733301571.102 for reason 'the timestamp on the message is earlier than all the data in the transform cache'
[INFO] [1733301571.633497653] [global_costmap.global_costmap]: Message Filter dropping message: frame 'go2_lidar' at time 1733301571.310 for reason 'the timestamp on the message is earlier than all the data in the transform cache'
[INFO] [1733301572.233359901] [global_costmap.global_costmap]: Message Filter dropping message: frame 'go2_lidar' at time 1733301571.917 for reason 'the timestamp on the message is earlier than all the data in the transform cache'
[INFO] [1733301572.433327933] [global_costmap.global_costmap]: Message Filter dropping message: frame 'go2_lidar' at time 1733301572.129 for reason 'the timestamp on the message is earlier than all the data in the transform cache'
[INFO] [1733301572.633438017] [global_costmap.global_costmap]: Message Filter dropping message: frame 'go2_lidar' at time 1733301572.304 for reason 'the timestamp on the message is earlier than all the data in the transform cache'
[INFO] [1733301572.833435209] [global_costmap.global_costmap]: Message Filter dropping message: frame 'go2_lidar' at time 1733301572.514 for reason 'the timestamp on the message is earlier than all the data in the transform cache'
[WARN] [1733301574.207457948] [planner_server]: GridBased: failed to create plan with tolerance 0.20.
[WARN] [1733301574.207532536] [planner_server]: Planning algorithm GridBased failed to generate a valid path to (0.00, 0.01)
[WARN] [1733301574.207554390] [planner_server]: [compute_path_to_pose] [ActionServer] Aborting handle.
[INFO] [1733301574.225770255] [global_costmap.global_costmap]: Received request to clear entirely the global_costmap
[INFO] [1733301576.233471934] [global_costmap.global_costmap]: Message Filter dropping message: frame 'go2_lidar' at time 1733301575.920 for reason 'the timestamp on the message is earlier than all the data in the transform cache'
[INFO] [1733301576.433552661] [global_costmap.global_costmap]: Message Filter dropping message: frame 'go2_lidar' at time 1733301576.108 for reason 'the timestamp on the message is earlier than all the data in the transform cache'
[INFO] [1733301579.633611935] [global_costmap.global_costmap]: Message Filter dropping message: frame 'go2_lidar' at time 1733301579.302 for reason 'the timestamp on the message is earlier than all the data in the transform cache'
[INFO] [1733301579.833600947] [global_costmap.global_costmap]: Message Filter dropping message: frame 'go2_lidar' at time 1733301579.486 for reason 'the timestamp on the message is earlier than all the data in the transform cache'
[INFO] [1733301581.233493685] [global_costmap.global_costmap]: Message Filter dropping message: frame 'go2_lidar' at time 1733301580.892 for reason 'the timestamp on the message is earlier than all the data in the transform cache'
[INFO] [1733301581.433852298] [global_costmap.global_costmap]: Message Filter dropping message: frame 'go2_lidar' at time 1733301581.120 for reason 'the timestamp on the message is earlier than all the data in the transform cache'
[INFO] [1733301583.233563003] [global_costmap.global_costmap]: Message Filter dropping message: frame 'go2_lidar' at time 1733301582.895 for reason 'the timestamp on the message is earlier than all the data in the transform cache'
[INFO] [1733301583.433496738] [global_costmap.global_costmap]: Message Filter dropping message: frame 'go2_lidar' at time 1733301583.113 for reason 'the timestamp on the message is earlier than all the data in the transform cache'
[INFO] [1733301583.633443382] [global_costmap.global_costmap]: Message Filter dropping message: frame 'go2_lidar' at time 1733301583.308 for reason 'the timestamp on the message is earlier than all the data in the transform cache'
[INFO] [1733301583.833445052] [global_costmap.global_costmap]: Message Filter dropping message: frame 'go2_lidar' at time 1733301583.477 for reason 'the timestamp on the message is earlier than all the data in the transform cache'
[INFO] [1733301595.247284407] [global_costmap.global_costmap]: StaticLayer: Resizing costmap to 517 X 705 at 0.050000 m/pix
[INFO] [1733301609.633464654] [global_costmap.global_costmap]: Message Filter dropping message: frame 'go2_lidar' at time 1733301609.288 for reason 'the timestamp on the message is earlier than all the data in the transform cache'
[INFO] [1733301609.833496187] [global_costmap.global_costmap]: Message Filter dropping message: frame 'go2_lidar' at time 1733301609.476 for reason 'the timestamp on the message is earlier than all the data in the transform cache'
[INFO] [1733301610.247278581] [global_costmap.global_costmap]: StaticLayer: Resizing costmap to 517 X 706 at 0.050000 m/pix
[INFO] [1733301620.247284521] [global_costmap.global_costmap]: StaticLayer: Resizing costmap to 517 X 705 at 0.050000 m/pix
[INFO] [1733301629.033463269] [global_costmap.global_costmap]: Message Filter dropping message: frame 'go2_lidar' at time 1733301628.595 for reason 'the timestamp on the message is earlier than all the data in the transform cache'
[INFO] [1733301629.233435994] [global_costmap.global_costmap]: Message Filter dropping message: frame 'go2_lidar' at time 1733301628.877 for reason 'the timestamp on the message is earlier than all the data in the transform cache'
[INFO] [1733301629.433367818] [global_costmap.global_costmap]: Message Filter dropping message: frame 'go2_lidar' at time 1733301629.112 for reason 'the timestamp on the message is earlier than all the data in the transform cache'
[INFO] [1733301635.247272757] [global_costmap.global_costmap]: StaticLayer: Resizing costmap to 519 X 705 at 0.050000 m/pix
[INFO] [1733301640.131770613] [rclcpp]: signal_handler(signum=2)
[INFO] [1733301640.131866074] [planner_server]: Running Nav2 LifecycleNode rcl preshutdown (planner_server)
[INFO] [1733301640.131972277] [planner_server]: Deactivating
[INFO] [1733301640.132040431] [global_costmap.global_costmap]: Deactivating
[INFO] [1733301640.247306775] [planner_server]: Deactivating plugin GridBased of type NavfnPlanner
[INFO] [1733301640.247363219] [planner_server]: Destroying bond (planner_server) to lifecycle manager.
[INFO] [1733301640.247432976] [planner_server]: Cleaning up
[INFO] [1733301640.266723649] [global_costmap.global_costmap]: Cleaning up
[INFO] [1733301640.271329996] [planner_server]: Cleaning up plugin GridBased of type NavfnPlanner
[INFO] [1733301640.271809312] [planner_server]: Destroying plugin GridBased of type NavfnPlanner
[INFO] [1733301640.287953223] [planner_server]: Destroying bond (planner_server) to lifecycle manager.
