[INFO] [1729662085.256546725] [slam_node]: 倒计时: 2秒
[INFO] [1729662086.258172819] [slam_node]: 倒计时: 1秒
[INFO] [1729662087.258779243] [slam_node]: 倒计时结束！
[INFO] [1729662087.259234236] [slam_node]: 启动运动控制模块
[INFO] [1729662088.260844316] [slam_node]: 启动避障逻辑
[INFO] [1729662088.261173127] [slam_node]: [93m最新前方障碍距离：1.700,[0m[91m最新左侧障碍距离：0.500,[0m[94m最新右侧障碍距离：0.400[0m
[INFO] [1729662088.261486423] [slam_node]: 当前运动方向Move forward
[INFO] [1729662088.261956147] [slam_node]: 当前运行时长:0.0
[INFO] [1729662088.760768969] [slam_node]: 启动避障逻辑
[INFO] [1729662088.761067974] [slam_node]: [93m最新前方障碍距离：1.650,[0m[91m最新左侧障碍距离：0.500,[0m[94m最新右侧障碍距离：0.400[0m
[INFO] [1729662088.761326156] [slam_node]: 当前运动方向Move forward
[INFO] [1729662088.761913906] [slam_node]: 当前运行时长:0.5
[INFO] [1729662089.261213261] [slam_node]: 启动避障逻辑
[INFO] [1729662089.261528732] [slam_node]: [93m最新前方障碍距离：1.550,[0m[91m最新左侧障碍距离：0.500,[0m[94m最新右侧障碍距离：0.450[0m
[INFO] [1729662089.261842282] [slam_node]: 当前运动方向Move forward
[INFO] [1729662089.262255748] [slam_node]: 当前运行时长:1.0
[INFO] [1729662089.761449014] [slam_node]: 启动避障逻辑
[INFO] [1729662089.761821588] [slam_node]: [93m最新前方障碍距离：1.450,[0m[91m最新左侧障碍距离：0.500,[0m[94m最新右侧障碍距离：1.200[0m
[INFO] [1729662089.762171926] [slam_node]: 当前运动方向Move forward
[INFO] [1729662089.762731759] [slam_node]: 当前运行时长:1.5
[INFO] [1729662090.261357659] [slam_node]: 启动避障逻辑
[INFO] [1729662090.261715204] [slam_node]: [93m最新前方障碍距离：1.300,[0m[91m最新左侧障碍距离：1.150,[0m[94m最新右侧障碍距离：3.050[0m
[INFO] [1729662090.262014414] [slam_node]: 当前运动方向Move forward
[INFO] [1729662090.262449869] [slam_node]: 当前运行时长:2.0
[INFO] [1729662090.760733531] [slam_node]: 启动避障逻辑
[INFO] [1729662090.761058041] [slam_node]: [93m最新前方障碍距离：1.250,[0m[91m最新左侧障碍距离：1.450,[0m[94m最新右侧障碍距离：3.100[0m
[INFO] [1729662090.761336222] [slam_node]: 当前运动方向Move forward
[INFO] [1729662090.761763351] [slam_node]: 当前运行时长:2.5
[INFO] [1729662091.261329811] [slam_node]: 启动避障逻辑
[INFO] [1729662091.261688542] [slam_node]: [93m最新前方障碍距离：1.100,[0m[91m最新左侧障碍距离：2.050,[0m[94m最新右侧障碍距离：3.050[0m
[INFO] [1729662091.261979511] [slam_node]: 当前运动方向Move forward
[INFO] [1729662091.262426813] [slam_node]: 当前运行时长:3.0
[INFO] [1729662091.761023899] [slam_node]: 启动避障逻辑
[INFO] [1729662091.761335448] [slam_node]: [93m最新前方障碍距离：1.000,[0m[91m最新左侧障碍距离：inf,[0m[94m最新右侧障碍距离：3.050[0m
[INFO] [1729662091.761661852] [slam_node]: 当前运动方向Move forward
[INFO] [1729662091.762133156] [slam_node]: 当前运行时长:3.5
[INFO] [1729662092.261388752] [slam_node]: 启动避障逻辑
[INFO] [1729662092.261725906] [slam_node]: [93m最新前方障碍距离：0.900,[0m[91m最新左侧障碍距离：0.200,[0m[94m最新右侧障碍距离：3.100[0m
[INFO] [1729662092.262014910] [slam_node]: 当前运动方向Move forward
[INFO] [1729662092.262449997] [slam_node]: 当前运行时长:4.0
[INFO] [1729662092.761251174] [slam_node]: 启动避障逻辑
[INFO] [1729662092.761579514] [slam_node]: [93m最新前方障碍距离：0.800,[0m[91m最新左侧障碍距离：0.300,[0m[94m最新右侧障碍距离：3.250[0m
[INFO] [1729662092.761891146] [slam_node]: 当前运动方向Move forward
[INFO] [1729662092.762340428] [slam_node]: 当前运行时长:4.5
[INFO] [1729662093.260703921] [slam_node]: 启动避障逻辑
[INFO] [1729662093.261055637] [slam_node]: [93m最新前方障碍距离：0.700,[0m[91m最新左侧障碍距离：0.450,[0m[94m最新右侧障碍距离：4.300[0m
[INFO] [1729662093.261408445] [slam_node]: 当前运动方向Move forward
[INFO] [1729662093.261846742] [slam_node]: 当前运行时长:5.0
[INFO] [1729662093.760637255] [slam_node]: 启动避障逻辑
[INFO] [1729662093.761008937] [slam_node]: [93m最新前方障碍距离：0.600,[0m[91m最新左侧障碍距离：0.350,[0m[94m最新右侧障碍距离：3.100[0m
[INFO] [1729662093.761356617] [slam_node]: 当前运动方向Move forward
[INFO] [1729662093.761838737] [slam_node]: 当前运行时长:5.5
[INFO] [1729662094.261184506] [slam_node]: 启动避障逻辑
[INFO] [1729662094.261528159] [slam_node]: [93m最新前方障碍距离：0.500,[0m[91m最新左侧障碍距离：inf,[0m[94m最新右侧障碍距离：3.050[0m
[INFO] [1729662094.261837614] [slam_node]: 当前运动方向Move forward
[INFO] [1729662094.262299073] [slam_node]: 当前运行时长:6.0
[INFO] [1729662094.760624917] [slam_node]: 启动避障逻辑
[INFO] [1729662094.760952183] [slam_node]: [93m最新前方障碍距离：0.400,[0m[91m最新左侧障碍距离：inf,[0m[94m最新右侧障碍距离：3.150[0m
[INFO] [1729662094.761270344] [slam_node]: 当前运动方向Turn left
[INFO] [1729662094.761710808] [slam_node]: [91m第1次左转[0m
[INFO] [1729662095.263205565] [slam_node]: [91m第2次左转[0m
[INFO] [1729662095.764773343] [slam_node]: [91m第3次左转[0m
[INFO] [1729662096.266371383] [slam_node]: [91m第4次左转[0m
[INFO] [1729662096.767382331] [slam_node]: [91m第5次左转[0m
[INFO] [1729662097.268655231] [slam_node]: [91m第6次左转[0m
[INFO] [1729662097.769978439] [slam_node]: [91m第7次左转[0m
[INFO] [1729662098.271552810] [slam_node]: [91m第8次左转[0m
[INFO] [1729662098.773151755] [slam_node]: [91m第9次左转[0m
[INFO] [1729662099.274543470] [slam_node]: [91m第10次左转[0m
[INFO] [1729662099.775989508] [slam_node]: [93m第1次直行稳定[0m
[INFO] [1729662100.277576570] [slam_node]: [93m第2次直行稳定[0m
[INFO] [1729662100.779692142] [slam_node]: [93m第3次直行稳定[0m
[INFO] [1729662101.281214981] [slam_node]: [93m第4次直行稳定[0m
[INFO] [1729662101.782469823] [slam_node]: [93m第5次直行稳定[0m
[INFO] [1729662102.284110496] [slam_node]: [93m第6次直行稳定[0m
[INFO] [1729662102.785282319] [slam_node]: [93m第7次直行稳定[0m
[INFO] [1729662103.286772929] [slam_node]: [93m第8次直行稳定[0m
[INFO] [1729662103.788069252] [slam_node]: [93m第9次直行稳定[0m
[INFO] [1729662104.289509114] [slam_node]: [93m第10次直行稳定[0m
[INFO] [1729662104.790795389] [slam_node]: [93m第11次直行稳定[0m
[INFO] [1729662105.292840198] [slam_node]: [93m第12次直行稳定[0m
[INFO] [1729662105.794848540] [slam_node]: [93m第13次直行稳定[0m
[INFO] [1729662106.297165766] [slam_node]: [93m第14次直行稳定[0m
[INFO] [1729662106.798380375] [slam_node]: [93m第15次直行稳定[0m
[INFO] [1729662107.299875656] [slam_node]: [93m第16次直行稳定[0m
[INFO] [1729662107.801166566] [slam_node]: [93m第17次直行稳定[0m
[INFO] [1729662108.302580392] [slam_node]: [93m第18次直行稳定[0m
[INFO] [1729662108.804227079] [slam_node]: [93m第19次直行稳定[0m
[INFO] [1729662109.305848978] [slam_node]: [93m第20次直行稳定[0m
[INFO] [1729662109.807592895] [slam_node]: [93m第21次直行稳定[0m
[INFO] [1729662110.309131797] [slam_node]: [93m第22次直行稳定[0m
[INFO] [1729662110.811240274] [slam_node]: [93m第23次直行稳定[0m
[INFO] [1729662111.312467254] [slam_node]: [93m第24次直行稳定[0m
[INFO] [1729662111.814193646] [slam_node]: [93m第25次直行稳定[0m
[INFO] [1729662112.315454917] [slam_node]: [93m第26次直行稳定[0m
[INFO] [1729662112.817420709] [slam_node]: [93m第27次直行稳定[0m
[INFO] [1729662113.319011542] [slam_node]: [93m第28次直行稳定[0m
[INFO] [1729662113.821242227] [slam_node]: [93m第29次直行稳定[0m
[INFO] [1729662114.322512556] [slam_node]: [93m第30次直行稳定[0m
[INFO] [1729662114.824233442] [slam_node]: [93m第31次直行稳定[0m
[INFO] [1729662115.325680426] [slam_node]: [93m第32次直行稳定[0m
[INFO] [1729662115.827342113] [slam_node]: [93m第33次直行稳定[0m
[INFO] [1729662116.329220343] [slam_node]: [93m第34次直行稳定[0m
[INFO] [1729662116.831837064] [slam_node]: [93m第35次直行稳定[0m
[INFO] [1729662117.332913285] [slam_node]: 当前运行时长:6.5
[INFO] [1729662117.333573923] [slam_node]: 启动避障逻辑
[INFO] [1729662117.333847346] [slam_node]: [93m最新前方障碍距离：0.400,[0m[91m最新左侧障碍距离：inf,[0m[94m最新右侧障碍距离：3.150[0m
[INFO] [1729662117.334111480] [slam_node]: 当前运动方向Move forward
[INFO] [1729662117.334556091] [slam_node]: 当前运行时长:7.0
[INFO] [1729662117.760593510] [slam_node]: 启动避障逻辑
[INFO] [1729662117.760935561] [slam_node]: [93m最新前方障碍距离：4.650,[0m[91m最新左侧障碍距离：1.700,[0m[94m最新右侧障碍距离：0.350[0m
[INFO] [1729662117.761178268] [slam_node]: 当前运动方向Move forward
[INFO] [1729662117.761694323] [slam_node]: 当前运行时长:7.5
[INFO] [1729662118.260514415] [slam_node]: 启动避障逻辑
[INFO] [1729662118.260872287] [slam_node]: [93m最新前方障碍距离：4.550,[0m[91m最新左侧障碍距离：1.600,[0m[94m最新右侧障碍距离：0.350[0m
[INFO] [1729662118.261196218] [slam_node]: 当前运动方向Move forward
[INFO] [1729662118.261615978] [slam_node]: 当前运行时长:8.0
[INFO] [1729662118.760533519] [slam_node]: 启动避障逻辑
[INFO] [1729662118.760895985] [slam_node]: [93m最新前方障碍距离：inf,[0m[91m最新左侧障碍距离：1.650,[0m[94m最新右侧障碍距离：0.350[0m
[INFO] [1729662118.761163237] [slam_node]: 当前运动方向Move forward
[INFO] [1729662118.761565820] [slam_node]: 当前运行时长:8.5
[INFO] [1729662119.261586642] [slam_node]: 启动避障逻辑
[INFO] [1729662119.261949105] [slam_node]: [93m最新前方障碍距离：4.400,[0m[91m最新左侧障碍距离：1.650,[0m[94m最新右侧障碍距离：0.400[0m
[INFO] [1729662119.262447282] [slam_node]: 当前运动方向Move forward
[INFO] [1729662119.262898432] [slam_node]: 当前运行时长:9.0
[INFO] [1729662119.760524257] [slam_node]: 启动避障逻辑
[INFO] [1729662119.760974100] [slam_node]: [93m最新前方障碍距离：4.250,[0m[91m最新左侧障碍距离：1.700,[0m[94m最新右侧障碍距离：0.400[0m
[INFO] [1729662119.761281329] [slam_node]: 当前运动方向Move forward
[INFO] [1729662119.761797933] [slam_node]: 当前运行时长:9.5
[INFO] [1729662120.261024272] [slam_node]: 启动避障逻辑
[INFO] [1729662120.261345087] [slam_node]: [93m最新前方障碍距离：inf,[0m[91m最新左侧障碍距离：1.650,[0m[94m最新右侧障碍距离：0.650[0m
[INFO] [1729662120.261674502] [slam_node]: 当前运动方向Move forward
[INFO] [1729662120.262090603] [slam_node]: 当前运行时长:10.0
[INFO] [1729662120.760800267] [slam_node]: 启动避障逻辑
[INFO] [1729662120.761110413] [slam_node]: [93m最新前方障碍距离：inf,[0m[91m最新左侧障碍距离：1.650,[0m[94m最新右侧障碍距离：0.900[0m
[INFO] [1729662120.761418786] [slam_node]: 当前运动方向Move forward
[INFO] [1729662120.761813202] [slam_node]: 当前运行时长:10.5
[INFO] [1729662121.261312973] [slam_node]: 启动避障逻辑
[INFO] [1729662121.261664563] [slam_node]: [93m最新前方障碍距离：3.900,[0m[91m最新左侧障碍距离：1.650,[0m[94m最新右侧障碍距离：1.700[0m
[INFO] [1729662121.262003618] [slam_node]: 当前运动方向Move forward
[INFO] [1729662121.262769157] [slam_node]: 当前运行时长:11.0
[INFO] [1729662121.760754808] [slam_node]: 启动避障逻辑
[INFO] [1729662121.761059858] [slam_node]: [93m最新前方障碍距离：3.850,[0m[91m最新左侧障碍距离：1.650,[0m[94m最新右侧障碍距离：inf[0m
[INFO] [1729662121.761356692] [slam_node]: 当前运动方向Move forward
[INFO] [1729662121.761867168] [slam_node]: 当前运行时长:11.5
[INFO] [1729662122.260883190] [slam_node]: 启动避障逻辑
[INFO] [1729662122.261192564] [slam_node]: [93m最新前方障碍距离：3.750,[0m[91m最新左侧障碍距离：1.650,[0m[94m最新右侧障碍距离：4.700[0m
[INFO] [1729662122.261500183] [slam_node]: 当前运动方向Turn right
[INFO] [1729662122.261907285] [slam_node]: [91m第1次右转[0m
[INFO] [1729662122.764215775] [slam_node]: [91m第2次右转[0m
[INFO] [1729662123.265418270] [slam_node]: [91m第3次右转[0m
[INFO] [1729662123.767528147] [slam_node]: [91m第4次右转[0m
[INFO] [1729662124.268947077] [slam_node]: [91m第5次右转[0m
[INFO] [1729662124.770195181] [slam_node]: [91m第6次右转[0m
[INFO] [1729662125.271756417] [slam_node]: [91m第7次右转[0m
[INFO] [1729662125.773136856] [slam_node]: [91m第8次右转[0m
[INFO] [1729662126.274005349] [slam_node]: [91m第9次右转[0m
[INFO] [1729662126.775599510] [slam_node]: [91m第10次右转[0m
[INFO] [1729662127.276920273] [slam_node]: [93m第1次直行稳定[0m
[INFO] [1729662127.778850528] [slam_node]: [93m第2次直行稳定[0m
[INFO] [1729662128.280038525] [slam_node]: [93m第3次直行稳定[0m
[INFO] [1729662128.781192788] [slam_node]: [93m第4次直行稳定[0m
[INFO] [1729662129.282983507] [slam_node]: [93m第5次直行稳定[0m
[INFO] [1729662129.784167319] [slam_node]: [93m第6次直行稳定[0m
[INFO] [1729662130.286069064] [slam_node]: [93m第7次直行稳定[0m
[INFO] [1729662130.788217235] [slam_node]: [93m第8次直行稳定[0m
[INFO] [1729662131.290175754] [slam_node]: [93m第9次直行稳定[0m
[INFO] [1729662131.791760239] [slam_node]: [93m第10次直行稳定[0m
[INFO] [1729662132.293229271] [slam_node]: [93m第11次直行稳定[0m
[INFO] [1729662132.795338421] [slam_node]: [93m第12次直行稳定[0m
[INFO] [1729662133.297178193] [slam_node]: [93m第13次直行稳定[0m
[INFO] [1729662133.798915085] [slam_node]: [93m第14次直行稳定[0m
[INFO] [1729662134.301043777] [slam_node]: [93m第15次直行稳定[0m
[INFO] [1729662134.802299697] [slam_node]: [93m第16次直行稳定[0m
[INFO] [1729662135.303842401] [slam_node]: [93m第17次直行稳定[0m
[INFO] [1729662135.805117713] [slam_node]: [93m第18次直行稳定[0m
[INFO] [1729662136.306603881] [slam_node]: [93m第19次直行稳定[0m
[INFO] [1729662136.808331521] [slam_node]: [93m第20次直行稳定[0m
[INFO] [1729662137.310398045] [slam_node]: [93m第21次直行稳定[0m
[INFO] [1729662137.812463621] [slam_node]: [93m第22次直行稳定[0m
[INFO] [1729662138.314072515] [slam_node]: [93m第23次直行稳定[0m
[INFO] [1729662138.815867024] [slam_node]: [93m第24次直行稳定[0m
[INFO] [1729662139.317838930] [slam_node]: [93m第25次直行稳定[0m
[INFO] [1729662139.819267612] [slam_node]: [93m第26次直行稳定[0m
[INFO] [1729662140.320828250] [slam_node]: [93m第27次直行稳定[0m
[INFO] [1729662140.822641620] [slam_node]: [93m第28次直行稳定[0m
[INFO] [1729662141.323933484] [slam_node]: [93m第29次直行稳定[0m
[INFO] [1729662141.825483240] [slam_node]: [93m第30次直行稳定[0m
[INFO] [1729662142.327445453] [slam_node]: [93m第31次直行稳定[0m
[INFO] [1729662142.828804186] [slam_node]: [93m第32次直行稳定[0m
[INFO] [1729662143.330210989] [slam_node]: [93m第33次直行稳定[0m
[INFO] [1729662143.831740990] [slam_node]: [93m第34次直行稳定[0m
[INFO] [1729662144.332971085] [slam_node]: [93m第35次直行稳定[0m
[INFO] [1729662144.834217708] [slam_node]: 当前运行时长:12.0
[INFO] [1729662144.834808413] [slam_node]: 启动避障逻辑
[INFO] [1729662144.835131120] [slam_node]: [93m最新前方障碍距离：3.750,[0m[91m最新左侧障碍距离：1.650,[0m[94m最新右侧障碍距离：4.700[0m
[INFO] [1729662144.835392737] [slam_node]: 当前运动方向Move forward
[INFO] [1729662144.835832022] [slam_node]: 当前运行时长:12.5
[INFO] [1729662145.260775221] [slam_node]: 启动避障逻辑
[INFO] [1729662145.261099107] [slam_node]: [93m最新前方障碍距离：inf,[0m[91m最新左侧障碍距离：0.450,[0m[94m最新右侧障碍距离：1.100[0m
[INFO] [1729662145.261411180] [slam_node]: 当前运动方向Move forward
[INFO] [1729662145.261870832] [slam_node]: 当前运行时长:13.0
[INFO] [1729662145.761399957] [slam_node]: 启动避障逻辑
[INFO] [1729662145.761747865] [slam_node]: [93m最新前方障碍距离：inf,[0m[91m最新左侧障碍距离：0.450,[0m[94m最新右侧障碍距离：1.100[0m
[INFO] [1729662145.762045923] [slam_node]: 当前运动方向Move forward
[INFO] [1729662145.762472449] [slam_node]: 当前运行时长:13.5
[INFO] [1729662146.260497741] [slam_node]: 启动避障逻辑
[INFO] [1729662146.260849510] [slam_node]: [93m最新前方障碍距离：inf,[0m[91m最新左侧障碍距离：0.400,[0m[94m最新右侧障碍距离：1.100[0m
[INFO] [1729662146.261133535] [slam_node]: 当前运动方向Move forward
[INFO] [1729662146.261540340] [slam_node]: 当前运行时长:14.0
[INFO] [1729662146.760734374] [slam_node]: 启动避障逻辑
[INFO] [1729662146.761061706] [slam_node]: [93m最新前方障碍距离：inf,[0m[91m最新左侧障碍距离：0.400,[0m[94m最新右侧障碍距离：1.100[0m
[INFO] [1729662146.761298436] [slam_node]: 当前运动方向Move forward
[INFO] [1729662146.761811505] [slam_node]: 当前运行时长:14.5
[INFO] [1729662147.260667246] [slam_node]: 启动避障逻辑
[INFO] [1729662147.261019466] [slam_node]: [93m最新前方障碍距离：inf,[0m[91m最新左侧障碍距离：0.400,[0m[94m最新右侧障碍距离：1.100[0m
[INFO] [1729662147.261331899] [slam_node]: 当前运动方向Move forward
[INFO] [1729662147.261809680] [slam_node]: 当前运行时长:15.0
[INFO] [1729662147.761327536] [slam_node]: 启动避障逻辑
[INFO] [1729662147.761679016] [slam_node]: [93m最新前方障碍距离：inf,[0m[91m最新左侧障碍距离：0.400,[0m[94m最新右侧障碍距离：1.100[0m
[INFO] [1729662147.761965618] [slam_node]: 当前运动方向Move forward
[INFO] [1729662147.762383152] [slam_node]: 当前运行时长:15.5
[INFO] [1729662148.261323487] [slam_node]: 启动避障逻辑
[INFO] [1729662148.261697042] [slam_node]: [93m最新前方障碍距离：inf,[0m[91m最新左侧障碍距离：0.400,[0m[94m最新右侧障碍距离：1.150[0m
[INFO] [1729662148.261963852] [slam_node]: 当前运动方向Move forward
[INFO] [1729662148.262373043] [slam_node]: 当前运行时长:16.0
[INFO] [1729662148.760494927] [slam_node]: 启动避障逻辑
[INFO] [1729662148.760845378] [slam_node]: [93m最新前方障碍距离：inf,[0m[91m最新左侧障碍距离：0.400,[0m[94m最新右侧障碍距离：1.150[0m
[INFO] [1729662148.761138521] [slam_node]: 当前运动方向Move forward
[INFO] [1729662148.761554248] [slam_node]: 当前运行时长:16.5
[INFO] [1729662149.261175255] [slam_node]: 启动避障逻辑
[INFO] [1729662149.261512361] [slam_node]: [93m最新前方障碍距离：inf,[0m[91m最新左侧障碍距离：0.400,[0m[94m最新右侧障碍距离：1.150[0m
[INFO] [1729662149.261810055] [slam_node]: 当前运动方向Move forward
[INFO] [1729662149.262414173] [slam_node]: 当前运行时长:17.0
[INFO] [1729662149.760918219] [slam_node]: 启动避障逻辑
[INFO] [1729662149.761231061] [slam_node]: [93m最新前方障碍距离：inf,[0m[91m最新左侧障碍距离：0.400,[0m[94m最新右侧障碍距离：1.150[0m
[INFO] [1729662149.761531426] [slam_node]: 当前运动方向Move forward
[INFO] [1729662149.761943832] [slam_node]: 当前运行时长:17.5
[INFO] [1729662150.260759886] [slam_node]: 启动避障逻辑
[INFO] [1729662150.261133670] [slam_node]: [93m最新前方障碍距离：inf,[0m[91m最新左侧障碍距离：0.400,[0m[94m最新右侧障碍距离：1.150[0m
[INFO] [1729662150.261405920] [slam_node]: 当前运动方向Move forward
[INFO] [1729662150.261861109] [slam_node]: 当前运行时长:18.0
[INFO] [1729662150.761398750] [slam_node]: 启动避障逻辑
[INFO] [1729662150.761844112] [slam_node]: [93m最新前方障碍距离：inf,[0m[91m最新左侧障碍距离：0.400,[0m[94m最新右侧障碍距离：1.150[0m
[INFO] [1729662150.762187849] [slam_node]: 当前运动方向Move forward
[INFO] [1729662150.762658473] [slam_node]: 当前运行时长:18.5
[INFO] [1729662151.261379418] [slam_node]: 启动避障逻辑
[INFO] [1729662151.261724046] [slam_node]: [93m最新前方障碍距离：inf,[0m[91m最新左侧障碍距离：0.400,[0m[94m最新右侧障碍距离：1.150[0m
[INFO] [1729662151.261987735] [slam_node]: 当前运动方向Move forward
[INFO] [1729662151.262443462] [slam_node]: 当前运行时长:19.0
[INFO] [1729662151.761179759] [slam_node]: 启动避障逻辑
[INFO] [1729662151.761479676] [slam_node]: [93m最新前方障碍距离：inf,[0m[91m最新左侧障碍距离：0.400,[0m[94m最新右侧障碍距离：1.150[0m
[INFO] [1729662151.761790023] [slam_node]: 当前运动方向Move forward
[INFO] [1729662151.762199917] [slam_node]: 当前运行时长:19.5
[INFO] [1729662152.260490665] [slam_node]: 启动避障逻辑
[INFO] [1729662152.260848958] [slam_node]: [93m最新前方障碍距离：inf,[0m[91m最新左侧障碍距离：0.400,[0m[94m最新右侧障碍距离：1.150[0m
[INFO] [1729662152.261113125] [slam_node]: 当前运动方向Move forward
[INFO] [1729662152.261524271] [slam_node]: 当前运行时长:20.0
[INFO] [1729662152.760611653] [slam_node]: 启动避障逻辑
[INFO] [1729662152.760926048] [slam_node]: [93m最新前方障碍距离：inf,[0m[91m最新左侧障碍距离：0.400,[0m[94m最新右侧障碍距离：1.150[0m
[INFO] [1729662152.761202881] [slam_node]: 当前运动方向Move forward
[INFO] [1729662152.761606966] [slam_node]: 当前运行时长:20.5
[INFO] [1729662153.260979072] [slam_node]: 启动避障逻辑
[INFO] [1729662153.261317917] [slam_node]: [93m最新前方障碍距离：inf,[0m[91m最新左侧障碍距离：0.400,[0m[94m最新右侧障碍距离：1.150[0m
[INFO] [1729662153.261685544] [slam_node]: 当前运动方向Move forward
[INFO] [1729662153.262124825] [slam_node]: 当前运行时长:21.0
[INFO] [1729662153.760710675] [slam_node]: 启动避障逻辑
[INFO] [1729662153.761034776] [slam_node]: [93m最新前方障碍距离：inf,[0m[91m最新左侧障碍距离：0.400,[0m[94m最新右侧障碍距离：1.150[0m
[INFO] [1729662153.761318528] [slam_node]: 当前运动方向Move forward
[INFO] [1729662153.761744240] [slam_node]: 当前运行时长:21.5
[INFO] [1729662154.260823208] [slam_node]: 启动避障逻辑
[INFO] [1729662154.261174553] [slam_node]: [93m最新前方障碍距离：inf,[0m[91m最新左侧障碍距离：0.350,[0m[94m最新右侧障碍距离：1.150[0m
[INFO] [1729662154.261508620] [slam_node]: 当前运动方向Move forward
[INFO] [1729662154.261911669] [slam_node]: 当前运行时长:22.0
[INFO] [1729662154.760636577] [slam_node]: 启动避障逻辑
[INFO] [1729662154.760995315] [slam_node]: [93m最新前方障碍距离：inf,[0m[91m最新左侧障碍距离：0.350,[0m[94m最新右侧障碍距离：1.150[0m
[INFO] [1729662154.761261893] [slam_node]: 当前运动方向Move forward
[INFO] [1729662154.761701559] [slam_node]: 当前运行时长:22.5
[INFO] [1729662155.261341578] [slam_node]: 启动避障逻辑
[INFO] [1729662155.261681710] [slam_node]: [93m最新前方障碍距离：inf,[0m[91m最新左侧障碍距离：0.350,[0m[94m最新右侧障碍距离：1.200[0m
[INFO] [1729662155.262001883] [slam_node]: 当前运动方向Move forward
[INFO] [1729662155.262518310] [slam_node]: 当前运行时长:23.0
[INFO] [1729662155.761553829] [slam_node]: 启动避障逻辑
[INFO] [1729662155.761899906] [slam_node]: [93m最新前方障碍距离：inf,[0m[91m最新左侧障碍距离：0.350,[0m[94m最新右侧障碍距离：1.200[0m
[INFO] [1729662155.762136676] [slam_node]: 当前运动方向Move forward
[INFO] [1729662155.762555932] [slam_node]: 当前运行时长:23.5
[INFO] [1729662156.261065634] [slam_node]: 启动避障逻辑
[INFO] [1729662156.261451780] [slam_node]: [93m最新前方障碍距离：inf,[0m[91m最新左侧障碍距离：0.350,[0m[94m最新右侧障碍距离：1.200[0m
[INFO] [1729662156.261770874] [slam_node]: 当前运动方向Move forward
[INFO] [1729662156.262201319] [slam_node]: 当前运行时长:24.0
[INFO] [1729662156.761155844] [slam_node]: 启动避障逻辑
[INFO] [1729662156.761457603] [slam_node]: [93m最新前方障碍距离：inf,[0m[91m最新左侧障碍距离：0.350,[0m[94m最新右侧障碍距离：1.200[0m
[INFO] [1729662156.761755321] [slam_node]: 当前运动方向Move forward
[INFO] [1729662156.762162954] [slam_node]: 当前运行时长:24.5
[INFO] [1729662157.260766436] [slam_node]: 启动避障逻辑
[INFO] [1729662157.261116961] [slam_node]: [93m最新前方障碍距离：inf,[0m[91m最新左侧障碍距离：0.350,[0m[94m最新右侧障碍距离：1.200[0m
[INFO] [1729662157.261457350] [slam_node]: 当前运动方向Move forward
[INFO] [1729662157.261891330] [slam_node]: 当前运行时长:25.0
[INFO] [1729662157.761053466] [slam_node]: 启动避障逻辑
[INFO] [1729662157.761357147] [slam_node]: [93m最新前方障碍距离：inf,[0m[91m最新左侧障碍距离：0.300,[0m[94m最新右侧障碍距离：1.200[0m
[INFO] [1729662157.761644752] [slam_node]: 当前运动方向Move forward
[INFO] [1729662157.762277711] [slam_node]: 当前运行时长:25.5
[INFO] [1729662158.260617031] [slam_node]: 启动避障逻辑
[INFO] [1729662158.260933223] [slam_node]: [93m最新前方障碍距离：inf,[0m[91m最新左侧障碍距离：0.350,[0m[94m最新右侧障碍距离：1.200[0m
[INFO] [1729662158.261213767] [slam_node]: 当前运动方向Move forward
[INFO] [1729662158.261623319] [slam_node]: 当前运行时长:26.0
[INFO] [1729662158.760677372] [slam_node]: 启动避障逻辑
[INFO] [1729662158.761012455] [slam_node]: [93m最新前方障碍距离：inf,[0m[91m最新左侧障碍距离：0.350,[0m[94m最新右侧障碍距离：1.200[0m
[INFO] [1729662158.761298614] [slam_node]: 当前运动方向Move forward
[INFO] [1729662158.761788563] [slam_node]: 当前运行时长:26.5
[INFO] [1729662159.260770494] [slam_node]: 启动避障逻辑
[INFO] [1729662159.261126756] [slam_node]: [93m最新前方障碍距离：1.500,[0m[91m最新左侧障碍距离：0.350,[0m[94m最新右侧障碍距离：1.200[0m
[INFO] [1729662159.261407628] [slam_node]: 当前运动方向Move forward
[INFO] [1729662159.261840092] [slam_node]: 当前运行时长:27.0
[INFO] [1729662159.761320786] [slam_node]: 启动避障逻辑
[INFO] [1729662159.761667187] [slam_node]: [93m最新前方障碍距离：4.500,[0m[91m最新左侧障碍距离：0.300,[0m[94m最新右侧障碍距离：1.200[0m
[INFO] [1729662159.761956936] [slam_node]: 当前运动方向Move forward
[INFO] [1729662159.762393536] [slam_node]: 当前运行时长:27.5
[INFO] [1729662160.260528982] [slam_node]: 启动避障逻辑
[INFO] [1729662160.260875526] [slam_node]: [93m最新前方障碍距离：0.550,[0m[91m最新左侧障碍距离：0.300,[0m[94m最新右侧障碍距离：1.250[0m
[INFO] [1729662160.261158525] [slam_node]: 当前运动方向Move forward
[INFO] [1729662160.261571882] [slam_node]: 当前运行时长:28.0
[INFO] [1729662160.760806338] [slam_node]: 启动避障逻辑
[INFO] [1729662160.761117106] [slam_node]: [93m最新前方障碍距离：0.450,[0m[91m最新左侧障碍距离：0.300,[0m[94m最新右侧障碍距离：1.250[0m
[INFO] [1729662160.761383781] [slam_node]: 当前运动方向Turn left
[INFO] [1729662160.761821924] [slam_node]: [91m第1次左转[0m
[INFO] [1729662161.263396589] [slam_node]: [91m第2次左转[0m
[INFO] [1729662161.765189150] [slam_node]: [91m第3次左转[0m
[INFO] [1729662162.266915831] [slam_node]: [91m第4次左转[0m
[INFO] [1729662162.768144922] [slam_node]: [91m第5次左转[0m
[INFO] [1729662163.269546038] [slam_node]: [91m第6次左转[0m
[INFO] [1729662163.771395259] [slam_node]: [91m第7次左转[0m
[INFO] [1729662164.273406274] [slam_node]: [91m第8次左转[0m
[INFO] [1729662164.775008869] [slam_node]: [91m第9次左转[0m
[INFO] 