[INFO] [1730093869.856089158] [slam_node]: 倒计时: 2秒
[INFO] [1730093870.858842521] [slam_node]: 倒计时: 1秒
[INFO] [1730093871.861939105] [slam_node]: 倒计时结束！
[INFO] [1730093871.863109836] [slam_node]: 启动运动控制模块
[INFO] [1730093872.867214201] [slam_node]: 启动避障逻辑
[INFO] [1730093872.868170894] [slam_node]: [93m最新前方障碍距离：2.250,[0m[91m最新左侧障碍距离：0.300,[0m[94m最新右侧障碍距离：0.400[0m
[INFO] [1730093872.869251892] [slam_node]: 当前运动方向Move forward
[INFO] [1730093872.870592914] [slam_node]: 当前运行时长:0.0
[INFO] [1730093873.367611295] [slam_node]: 启动避障逻辑
[INFO] [1730093873.368652637] [slam_node]: [93m最新前方障碍距离：2.100,[0m[91m最新左侧障碍距离：0.300,[0m[94m最新右侧障碍距离：4.300[0m
[INFO] [1730093873.369389135] [slam_node]: 当前运动方向Move forward
[INFO] [1730093873.370677122] [slam_node]: 当前运行时长:0.5
[INFO] [1730093873.867605100] [slam_node]: 启动避障逻辑
[INFO] [1730093873.868454620] [slam_node]: [93m最新前方障碍距离：2.000,[0m[91m最新左侧障碍距离：0.350,[0m[94m最新右侧障碍距离：4.250[0m
[INFO] [1730093873.869188802] [slam_node]: 当前运动方向Turn right
[INFO] [1730093873.871391620] [slam_node]: [91m第1次右转[0m
[INFO] [1730093874.379748309] [slam_node]: [91m第2次右转[0m
[INFO] [1730093874.895344392] [slam_node]: [91m第3次右转[0m
[INFO] [1730093875.404379516] [slam_node]: [91m第4次右转[0m
[INFO] [1730093875.924637813] [slam_node]: [91m第5次右转[0m
[INFO] [1730093876.439863444] [slam_node]: [91m第6次右转[0m
[INFO] [1730093876.952475374] [slam_node]: [91m第7次右转[0m
[INFO] [1730093877.463393386] [slam_node]: [91m第8次右转[0m
[INFO] [1730093877.970343689] [slam_node]: [91m第9次右转[0m
[INFO] [1730093878.473154229] [slam_node]: [91m第10次右转[0m
[INFO] [1730093878.977845309] [slam_node]: [91m第11次右转[0m
[INFO] [1730093879.481198088] [slam_node]: [93m第1次直行稳定[0m
[INFO] [1730093879.987234126] [slam_node]: [93m第2次直行稳定[0m
[INFO] [1730093880.494018737] [slam_node]: [93m第3次直行稳定[0m
[INFO] [1730093881.000121807] [slam_node]: [93m第4次直行稳定[0m
[INFO] [1730093881.505733883] [slam_node]: [93m第5次直行稳定[0m
[INFO] [1730093882.010578140] [slam_node]: [93m第6次直行稳定[0m
[INFO] [1730093882.516880434] [slam_node]: [93m第7次直行稳定[0m
[INFO] [1730093883.020396068] [slam_node]: [93m第8次直行稳定[0m
[INFO] [1730093883.526123805] [slam_node]: [93m第9次直行稳定[0m
[INFO] [1730093884.031881159] [slam_node]: [93m第10次直行稳定[0m
[INFO] [1730093884.547629460] [slam_node]: [93m第11次直行稳定[0m
[INFO] [1730093885.052954997] [slam_node]: [93m第12次直行稳定[0m
[INFO] [1730093885.555767435] [slam_node]: [93m第13次直行稳定[0m
[INFO] [1730093886.060183860] [slam_node]: [93m第14次直行稳定[0m
[INFO] [1730093886.569899785] [slam_node]: [93m第15次直行稳定[0m
[INFO] [1730093887.077326145] [slam_node]: [93m第16次直行稳定[0m
[INFO] [1730093887.581364814] [slam_node]: [93m第17次直行稳定[0m
[INFO] [1730093888.084968423] [slam_node]: [93m第18次直行稳定[0m
[INFO] [1730093888.596024460] [slam_node]: [93m第19次直行稳定[0m
[INFO] [1730093889.098982381] [slam_node]: [93m第20次直行稳定[0m
[INFO] [1730093889.604255932] [slam_node]: [93m第21次直行稳定[0m
[INFO] [1730093890.112087603] [slam_node]: [93m第22次直行稳定[0m
[INFO] [1730093890.615239377] [slam_node]: [93m第23次直行稳定[0m
[INFO] [1730093891.124470676] [slam_node]: [93m第24次直行稳定[0m
[INFO] [1730093891.628917360] [slam_node]: [93m第25次直行稳定[0m
[INFO] [1730093892.132394640] [slam_node]: [93m第26次直行稳定[0m
[INFO] [1730093892.637719951] [slam_node]: [93m第27次直行稳定[0m
[INFO] [1730093893.140801839] [slam_node]: [93m第28次直行稳定[0m
[INFO] [1730093893.643667298] [slam_node]: [93m第29次直行稳定[0m
[INFO] [1730093894.147863595] [slam_node]: [93m第30次直行稳定[0m
[INFO] [1730093894.650980284] [slam_node]: [93m第31次直行稳定[0m
[INFO] [1730093895.154020692] [slam_node]: [93m第32次直行稳定[0m
[INFO] [1730093895.658198372] [slam_node]: [93m第33次直行稳定[0m
[INFO] [1730093896.169513571] [slam_node]: [93m第34次直行稳定[0m
[INFO] [1730093896.673321670] [slam_node]: [93m第35次直行稳定[0m
[INFO] [1730093897.176114748] [slam_node]: 当前运行时长:1.0
[INFO] [1730093897.178162436] [slam_node]: 启动避障逻辑
[INFO] [1730093897.179033913] [slam_node]: [93m最新前方障碍距离：2.000,[0m[91m最新左侧障碍距离：0.350,[0m[94m最新右侧障碍距离：4.250[0m
[INFO] [1730093897.179739432] [slam_node]: 当前运动方向Move forward
[INFO] [1730093897.181402925] [slam_node]: 当前运行时长:1.5
[INFO] [1730093897.368386565] [slam_node]: 启动避障逻辑
[INFO] [1730093897.369610924] [slam_node]: [93m最新前方障碍距离：3.250,[0m[91m最新左侧障碍距离：0.850,[0m[94m最新右侧障碍距离：1.200[0m
[INFO] [1730093897.370558581] [slam_node]: 当前运动方向Move forward
[INFO] [1730093897.372399573] [slam_node]: 当前运行时长:2.0
[INFO] [1730093897.867992545] [slam_node]: 启动避障逻辑
[INFO] [1730093897.869125425] [slam_node]: [93m最新前方障碍距离：2.850,[0m[91m最新左侧障碍距离：0.800,[0m[94m最新右侧障碍距离：0.950[0m
[INFO] [1730093897.870029132] [slam_node]: 当前运动方向Move forward
[INFO] [1730093897.872027352] [slam_node]: 当前运行时长:2.5
[INFO] [1730093898.369827030] [slam_node]: 启动避障逻辑
[INFO] [1730093898.371263347] [slam_node]: [93m最新前方障碍距离：2.500,[0m[91m最新左侧障碍距离：0.750,[0m[94m最新右侧障碍距离：0.950[0m
[INFO] [1730093898.372314703] [slam_node]: 当前运动方向Move forward
[INFO] [1730093898.374209184] [slam_node]: 当前运行时长:3.0
[INFO] [1730093898.868347196] [slam_node]: 启动避障逻辑
[INFO] [1730093898.869661271] [slam_node]: [93m最新前方障碍距离：2.600,[0m[91m最新左侧障碍距离：0.700,[0m[94m最新右侧障碍距离：1.150[0m
[INFO] [1730093898.870754518] [slam_node]: 当前运动方向Move forward
[INFO] [1730093898.872634319] [slam_node]: 当前运行时长:3.5
[INFO] [1730093899.368404858] [slam_node]: 启动避障逻辑
[INFO] [1730093899.369975405] [slam_node]: [93m最新前方障碍距离：2.450,[0m[91m最新左侧障碍距离：0.700,[0m[94m最新右侧障碍距离：0.350[0m
[INFO] [1730093899.370958199] [slam_node]: 当前运动方向Move forward
[INFO] [1730093899.372901631] [slam_node]: 当前运行时长:4.0
[INFO] [1730093899.867942914] [slam_node]: 启动避障逻辑
[INFO] [1730093899.869208762] [slam_node]: [93m最新前方障碍距离：2.400,[0m[91m最新左侧障碍距离：0.650,[0m[94m最新右侧障碍距离：1.200[0m
[INFO] [1730093899.870120950] [slam_node]: 当前运动方向Move forward
[INFO] [1730093899.871663596] [slam_node]: 当前运行时长:4.5
[INFO] [1730093900.367757715] [slam_node]: 启动避障逻辑
[INFO] [1730093900.368760423] [slam_node]: [93m最新前方障碍距离：2.500,[0m[91m最新左侧障碍距离：0.650,[0m[94m最新右侧障碍距离：1.200[0m
[INFO] [1730093900.369484143] [slam_node]: 当前运动方向Move forward
[INFO] [1730093900.371183448] [slam_node]: 当前运行时长:5.0
[INFO] [1730093900.867746586] [slam_node]: 启动避障逻辑
[INFO] [1730093900.869099866] [slam_node]: [93m最新前方障碍距离：2.150,[0m[91m最新左侧障碍距离：0.650,[0m[94m最新右侧障碍距离：1.250[0m
[INFO] [1730093900.870288703] [slam_node]: 当前运动方向Move forward
[INFO] [1730093900.872039713] [slam_node]: 当前运行时长:5.5
[INFO] [1730093901.368194613] [slam_node]: 启动避障逻辑
[INFO] [1730093901.369557332] [slam_node]: [93m最新前方障碍距离：2.050,[0m[91m最新左侧障碍距离：0.650,[0m[94m最新右侧障碍距离：1.250[0m
[INFO] [1730093901.370660191] [slam_node]: 当前运动方向Move forward
[INFO] [1730093901.372419188] [slam_node]: 当前运行时长:6.0
[INFO] [1730093901.868265989] [slam_node]: 启动避障逻辑
[INFO] [1730093901.869456550] [slam_node]: [93m最新前方障碍距离：2.100,[0m[91m最新左侧障碍距离：0.650,[0m[94m最新右侧障碍距离：1.250[0m
[INFO] [1730093901.870301244] [slam_node]: 当前运动方向Move forward
[INFO] [1730093901.871942989] [slam_node]: 当前运行时长:6.5
[INFO] [1730093902.367963380] [slam_node]: 启动避障逻辑
[INFO] [1730093902.369196898] [slam_node]: [93m最新前方障碍距离：1.850,[0m[91m最新左侧障碍距离：0.650,[0m[94m最新右侧障碍距离：1.700[0m
[INFO] [1730093902.369986643] [slam_node]: 当前运动方向Move forward
[INFO] [1730093902.371791925] [slam_node]: 当前运行时长:7.0
[INFO] [1730093902.868093369] [slam_node]: 启动避障逻辑
[INFO] [1730093902.869632848] [slam_node]: [93m最新前方障碍距离：2.050,[0m[91m最新左侧障碍距离：0.700,[0m[94m最新右侧障碍距离：1.450[0m
[INFO] [1730093902.870786431] [slam_node]: 当前运动方向Move forward
[INFO] [1730093902.872216587] [slam_node]: 当前运行时长:7.5
[INFO] [1730093903.368540226] [slam_node]: 启动避障逻辑
[INFO] [1730093903.369731489] [slam_node]: [93m最新前方障碍距离：1.700,[0m[91m最新左侧障碍距离：0.650,[0m[94m最新右侧障碍距离：1.500[0m
[INFO] [1730093903.370602758] [slam_node]: 当前运动方向Move forward
[INFO] [1730093903.372054903] [slam_node]: 当前运行时长:8.0
[INFO] [1730093903.871260639] [slam_node]: 启动避障逻辑
[INFO] [1730093903.872370218] [slam_node]: [93m最新前方障碍距离：1.550,[0m[91m最新左侧障碍距离：0.650,[0m[94m最新右侧障碍距离：1.500[0m
[INFO] [1730093903.873717860] [slam_node]: 当前运动方向Move forward
[INFO] [1730093903.875618866] [slam_node]: 当前运行时长:8.5
[INFO] [1730093904.368387355] [slam_node]: 启动避障逻辑
[INFO] [1730093904.370334495] [slam_node]: [93m最新前方障碍距离：1.450,[0m[91m最新左侧障碍距离：0.650,[0m[94m最新右侧障碍距离：1.500[0m
[INFO] [1730093904.371392192] [slam_node]: 当前运动方向Move forward
[INFO] [1730093904.373130702] [slam_node]: 当前运行时长:9.0
[INFO] [1730093904.868083025] [slam_node]: 启动避障逻辑
[INFO] [1730093904.869235032] [slam_node]: [93m最新前方障碍距离：1.150,[0m[91m最新左侧障碍距离：0.650,[0m[94m最新右侧障碍距离：1.550[0m
[INFO] [1730093904.869971290] [slam_node]: 当前运动方向Move forward
[INFO] [1730093904.872061343] [slam_node]: 当前运行时长:9.5
[INFO] [1730093905.368977342] [slam_node]: 启动避障逻辑
[INFO] [1730093905.370919863] [slam_node]: [93m最新前方障碍距离：1.000,[0m[91m最新左侧障碍距离：0.600,[0m[94m最新右侧障碍距离：1.500[0m
[INFO] [1730093905.371953992] [slam_node]: 当前运动方向Move forward
[INFO] [1730093905.373644452] [slam_node]: 当前运行时长:10.0
[INFO] [1730093905.871254536] [slam_node]: 启动避障逻辑
[INFO] [1730093905.872365814] [slam_node]: [93m最新前方障碍距离：0.850,[0m[91m最新左侧障碍距离：0.550,[0m[94m最新右侧障碍距离：1.500[0m
[INFO] [1730093905.873126997] [slam_node]: 当前运动方向Move forward
[INFO] [1730093905.874949016] [slam_node]: 当前运行时长:10.5
[INFO] [1730093906.367976704] [slam_node]: 启动避障逻辑
[INFO] [1730093906.369255250] [slam_node]: [93m最新前方障碍距离：0.800,[0m[91m最新左侧障碍距离：0.250,[0m[94m最新右侧障碍距离：1.500[0m
[INFO] [1730093906.370387295] [slam_node]: 当前运动方向Move forward
[INFO] [1730093906.372299952] [slam_node]: 当前运行时长:11.0
[INFO] [1730093906.867924908] [slam_node]: 启动避障逻辑
[INFO] [1730093906.869320435] [slam_node]: [93m最新前方障碍距离：0.600,[0m[91m最新左侧障碍距离：0.200,[0m[94m最新右侧障碍距离：1.500[0m
[INFO] [1730093906.870274571] [slam_node]: 当前运动方向right move
[INFO] [1730093906.872454140] [slam_node]: 当前运行时长:11.5
[INFO] [1730093907.367470894] [slam_node]: 启动避障逻辑
[INFO] [1730093907.368742350] [slam_node]: [93m最新前方障碍距离：0.600,[0m[91m最新左侧障碍距离：0.200,[0m[94m最新右侧障碍距离：1.750[0m
[INFO] [1730093907.370628961] [slam_node]: 当前运动方向right move
[INFO] [1730093907.372470980] [slam_node]: 当前运行时长:12.0
[INFO] [1730093907.871550364] [slam_node]: 启动避障逻辑
[INFO] [1730093907.872844498] [slam_node]: [93m最新前方障碍距离：0.700,[0m[91m最新左侧障碍距离：0.250,[0m[94m最新右侧障碍距离：inf[0m
[INFO] [1730093907.873963133] [slam_node]: 当前运动方向little Rotate right
[INFO] [1730093907.876499449] [slam_node]: 当前运行时长:12.5
[INFO] [1730093908.369514233] [slam_node]: 启动避障逻辑
[INFO] [1730093908.371127560] [slam_node]: [93m最新前方障碍距离：0.850,[0m[91m最新左侧障碍距离：0.250,[0m[94m最新右侧障碍距离：1.550[0m
[INFO] [1730093908.372031921] [slam_node]: 当前运动方向Move forward
[INFO] [1730093908.373944257] [slam_node]: 当前运行时长:13.0
[INFO] [1730093908.869348850] [slam_node]: 启动避障逻辑
[INFO] [1730093908.870771801] [slam_node]: [93m最新前方障碍距离：0.600,[0m[91m最新左侧障碍距离：0.250,[0m[94m最新右侧障碍距离：1.500[0m
[INFO] [1730093908.872852063] [slam_node]: 当前运动方向place right
[INFO] [1730093908.875401429] [slam_node]: [93m第1次原地右转[0m
[INFO] [1730093909.379494817] [slam_node]: [93m第2次原地右转[0m
[INFO] [1730093909.882244760] [slam_node]: 当前运行时长:13.5
[INFO] [1730093909.884588807] [slam_node]: 启动避障逻辑
[INFO] [1730093909.885893908] [slam_node]: [93m最新前方障碍距离：0.600,[0m[91m最新左侧障碍距离：0.250,[0m[94m最新右侧障碍距离：1.500[0m
[INFO] [1730093909.887097013] [slam_node]: 当前运动方向place right
[INFO] [1730093909.889000330] [slam_node]: [93m第1次原地右转[0m
[INFO] [1730093910.393251690] [slam_node]: [93m第2次原地右转[0m
[INFO] [1730093910.896456736] [slam_node]: 当前运行时长:14.0
[INFO] [1730093910.899360329] [slam_node]: 启动避障逻辑
[INFO] [1730093910.900545494] [slam_node]: [93m最新前方障碍距离：0.500,[0m[91m最新左侧障碍距离：0.300,[0m[94m最新右侧障碍距离：1.550[0m
[INFO] [1730093910.902093928] [slam_node]: 当前运动方向place right
[INFO] [1730093910.904579146] [slam_node]: [93m第1次原地右转[0m
[INFO] [1730093911.408463029] [slam_node]: [93m第2次原地右转[0m
[INFO] [1730093911.911641809] [slam_node]: 当前运行时长:14.5
[INFO] [1730093911.914152063] [slam_node]: 启动避障逻辑
[INFO] [1730093911.915167904] [slam_node]: [93m最新前方障碍距离：0.500,[0m[91m最新左侧障碍距离：0.300,[0m[94m最新右侧障碍距离：1.550[0m
[INFO] [1730093911.916673702] [slam_node]: 当前运动方向place right
[INFO] [1730093911.918470233] [slam_node]: [93m第1次原地右转[0m
[INFO] [1730093912.422154778] [slam_node]: [93m第2次原地右转[0m
[INFO] [1730093912.924738513] [slam_node]: 当前运行时长:15.0
[INFO] [1730093912.928024921] [slam_node]: 启动避障逻辑
[INFO] [1730093912.929114463] [slam_node]: [93m最新前方障碍距离：0.500,[0m[91m最新左侧障碍距离：0.300,[0m[94m最新右侧障碍距离：1.550[0m
[INFO] [1730093912.930228620] [slam_node]: 当前运动方向place right
[INFO] [1730093912.933622483] [slam_node]: [93m第1次原地右转[0m
[INFO] [1730093913.437222082] [slam_node]: [93m第2次原地右转[0m
[INFO] [1730093913.940315780] [slam_node]: 当前运行时长:15.5
[INFO] [1730093913.943363610] [slam_node]: 启动避障逻辑
[INFO] [1730093913.944327943] [slam_node]: [93m最新前方障碍距离：0.500,[0m[91m最新左侧障碍距离：0.350,[0m[94m最新右侧障碍距离：1.550[0m
[INFO] [1730093913.945107759] [slam_node]: 当前运动方向place right
[INFO] [1730093913.948309522] [slam_node]: [93m第1次原地右转[0m
[INFO] [1730093914.452026487] [slam_node]: [93m第2次原地右转[0m
[INFO] [1730093914.967614257] [slam_node]: 当前运行时长:16.0
[INFO] [1730093914.971190193] [slam_node]: 启动避障逻辑
[INFO] [1730093914.972288894] [slam_node]: [93m最新前方障碍距离：0.500,[0m[91m最新左侧障碍距离：0.350,[0m[94m最新右侧障碍距离：1.600[0m
[INFO] [1730093914.973054046] [slam_node]: 当前运动方向place right
[INFO] [1730093914.975003550] [slam_node]: [93m第1次原地右转[0m
[INFO] [1730093915.478646129] [slam_node]: [93m第2次原地右转[0m
[INFO] [1730093915.981911561] [slam_node]: 当前运行时长:16.5
[INFO] [1730093915.984540427] [slam_node]: 启动避障逻辑
[INFO] [1730093915.985437651] [slam_node]: [93m最新前方障碍距离：0.550,[0m[91m最新左侧障碍距离：0.350,[0m[94m最新右侧障碍距离：1.900[0m
[INFO] [1730093915.986242159] [slam_node]: 当前运动方向place right
[INFO] [1730093915.988325479] [slam_node]: [93m第1次原地右转[0m
[INFO] [1730093916.491772363] [slam_node]: [93m第2次原地右转[0m
[INFO] [1730093916.993769003] [slam_node]: 当前运行时长:17.0
[INFO] [1730093916.996164202] [slam_node]: 启动避障逻辑
[INFO] [1730093916.997078609] [slam_node]: [93m最新前方障碍距离：0.650,[0m[91m最新左侧障碍距离：0.350,[0m[94m最新右侧障碍距离：2.000[0m
[INFO] [1730093916.997958295] [slam_node]: 当前运动方向little Rotate right
[INFO] [1730093916.999061685] [slam_node]: 当前运行时长:17.5
[INFO] [1730093917.367901141] [slam_node]: 启动避障逻辑
[INFO] [1730093917.369306424] [slam_node]: [93m最新前方障碍距离：2.000,[0m[91m最新左侧障碍距离：0.350,[0m[94m最新右侧障碍距离：2.050[0m
[INFO] [1730093917.370329943] [slam_node]: 当前运动方向Move forward
[INFO] [1730093917.372907133] [slam_node]: 当前运行时长:18.0
[INFO] [1730093917.868570837] [slam_node]: 启动避障逻辑
[INFO] [1730093917.870055616] [slam_node]: [93m最新前方障碍距离：2.200,[0m[91m最新左侧障碍距离：0.350,[0m[94m最新右侧障碍距离：2.050[0m
[INFO] [1730093917.871125981] [slam_node]: 当前运动方向Turn right
[INFO] [1730093917.873112296] [slam_node]: [91m第1次右转[0m
[INFO] [1730093918.376836537] [slam_node]: [91m第2次右转[0m
[INFO] [1730093918.881966521] [slam_node]: [91m第3次右转[0m
[INFO] [1730093919.384829150] [slam_node]: [91m第4次右转[0m
[INFO] [1730093919.889618676] [slam_node]: [91m第5次右转[0m
[INFO] [1730093920.393396591] [slam_node]: [91m第6次右转[0m
[INFO] [1730093920.897841238] [slam_node]: [91m第7次右转[0m
[INFO] [1730093921.408685149] [slam_node]: [91m第8次右转[0m
[INFO] [1730093921.914190188] [slam_node]: [91m第9次右转[0m
[INFO] [1730093922.419426006] [slam_node]: [91m第10次右转[0m
[INFO] [1730093922.924267004] [slam_node]: [91m第11次右转[0m
[INFO] [1730093923.427988969] [slam_node]: [93m第1次直行稳定[0m
[INFO] [1730093923.931953248] [slam_node]: [93m第2次直行稳定[0m
[INFO] [1730093924.436296994] [slam_node]: [93m第3次直行稳定[0m
[INFO] [1730093924.942424666] [slam_node]: [93m第4次直行稳定[0m
[INFO] [1730093925.447453544] [slam_node]: [93m第5次直行稳定[0m
[INFO] [1730093925.957694596] [slam_node]: [93m第6次直行稳定[0m
[INFO] [1730093926.463378458] [slam_node]: [93m第7次直行稳定[0m
[INFO] [1730093926.966554554] [slam_node]: [93m第8次直行稳定[0m
[INFO] [1730093927.469879016] [slam_node]: [93m第9次直行稳定[0m
[INFO] [1730093927.973621337] [slam_node]: [93m第10次直行稳定[0m
[INFO] [1730093928.477940537] [slam_node]: [93m第11次直行稳定[0m
[INFO] [1730093928.981157330] [slam_node]: [93m第12次直行稳定[0m
[INFO] [1730093929.490001056] [slam_node]: [93m第13次直行稳定[0m
[INFO] [1730093929.994399991] [slam_node]: [93m第14次直行稳定[0m
[INFO] [1730093930.5