[INFO] [1729155590.239895247] [slam_node]: 倒计时: 5秒
[INFO] [1729155591.241500616] [slam_node]: 倒计时: 4秒
[INFO] [1729155592.243500259] [slam_node]: 倒计时: 3秒
[INFO] [1729155593.245728074] [slam_node]: 倒计时: 2秒
[INFO] [1729155594.247984670] [slam_node]: 倒计时: 1秒
[INFO] [1729155595.249306843] [slam_node]: 倒计时结束！
[INFO] [1729155595.249628183] [slam_node]: 启动运动控制模块
[INFO] [1729155596.250965531] [slam_node]: 启动自主运动逻辑
[INFO] [1729155596.251306304] [slam_node]: 启动避障逻辑
[INFO] [1729155596.251610546] [slam_node]: [93m最新前方障碍距离：1.600,[0m[91m最新左侧障碍距离：0.550,[0m[94m最新右侧障碍距离：0.400[0m
[INFO] [1729155596.251929907] [slam_node]: 当前运动方向Move forward
[INFO] [1729155596.252415853] [slam_node]: 当前运行时长:0
[INFO] [1729155597.251077877] [slam_node]: 启动自主运动逻辑
[INFO] [1729155597.251598638] [slam_node]: 启动避障逻辑
[INFO] [1729155597.251897379] [slam_node]: [93m最新前方障碍距离：1.500,[0m[91m最新左侧障碍距离：0.750,[0m[94m最新右侧障碍距离：0.500[0m
[INFO] [1729155597.252142712] [slam_node]: 当前运动方向Move forward
[INFO] [1729155597.252591504] [slam_node]: 当前运行时长:1
[INFO] [1729155598.250418666] [slam_node]: 启动自主运动逻辑
[INFO] [1729155598.250712890] [slam_node]: 启动避障逻辑
[INFO] [1729155598.251013816] [slam_node]: [93m最新前方障碍距离：1.400,[0m[91m最新左侧障碍距离：0.750,[0m[94m最新右侧障碍距离：1.200[0m
[INFO] [1729155598.251262076] [slam_node]: 当前运动方向Move forward
[INFO] [1729155598.251709081] [slam_node]: 当前运行时长:2
[INFO] [1729155599.250437577] [slam_node]: 启动自主运动逻辑
[INFO] [1729155599.250778582] [slam_node]: 启动避障逻辑
[INFO] [1729155599.251063893] [slam_node]: [93m最新前方障碍距离：1.300,[0m[91m最新左侧障碍距离：1.350,[0m[94m最新右侧障碍距离：3.000[0m
[INFO] [1729155599.251326912] [slam_node]: 当前运动方向Move forward
[INFO] [1729155599.251800707] [slam_node]: 当前运行时长:3
[INFO] [1729155600.250631773] [slam_node]: 启动自主运动逻辑
[INFO] [1729155600.250995395] [slam_node]: 启动避障逻辑
[INFO] [1729155600.251444411] [slam_node]: [93m最新前方障碍距离：1.200,[0m[91m最新左侧障碍距离：2.350,[0m[94m最新右侧障碍距离：3.100[0m
[INFO] [1729155600.251700903] [slam_node]: 当前运动方向Move forward
[INFO] [1729155600.252196379] [slam_node]: 当前运行时长:4
[INFO] [1729155601.250622856] [slam_node]: 启动自主运动逻辑
[INFO] [1729155601.251062523] [slam_node]: 启动避障逻辑
[INFO] [1729155601.251332182] [slam_node]: [93m最新前方障碍距离：1.100,[0m[91m最新左侧障碍距离：inf,[0m[94m最新右侧障碍距离：2.750[0m
[INFO] [1729155601.251608697] [slam_node]: 当前运动方向Move forward
[INFO] [1729155601.252103296] [slam_node]: 当前运行时长:5
[INFO] [1729155602.250698853] [slam_node]: 启动自主运动逻辑
[INFO] [1729155602.251016636] [slam_node]: 启动避障逻辑
[INFO] [1729155602.251301480] [slam_node]: [93m最新前方障碍距离：1.000,[0m[91m最新左侧障碍距离：inf,[0m[94m最新右侧障碍距离：3.200[0m
[INFO] [1729155602.251574898] [slam_node]: 当前运动方向Move forward
[INFO] [1729155602.252044039] [slam_node]: 当前运行时长:6
[INFO] [1729155603.250382927] [slam_node]: 启动自主运动逻辑
[INFO] [1729155603.250711528] [slam_node]: 启动避障逻辑
[INFO] [1729155603.250996041] [slam_node]: [93m最新前方障碍距离：0.850,[0m[91m最新左侧障碍距离：inf,[0m[94m最新右侧障碍距离：inf[0m
[INFO] [1729155603.251239055] [slam_node]: 当前运动方向Move forward
[INFO] [1729155603.251717991] [slam_node]: 当前运行时长:7
[INFO] [1729155604.250491863] [slam_node]: 启动自主运动逻辑
[INFO] [1729155604.250794192] [slam_node]: 启动避障逻辑
[INFO] [1729155604.251061089] [slam_node]: [93m最新前方障碍距离：0.750,[0m[91m最新左侧障碍距离：4.300,[0m[94m最新右侧障碍距离：2.700[0m
[INFO] [1729155604.251411912] [slam_node]: 当前运动方向Move forward
[INFO] [1729155604.251870017] [slam_node]: 当前运行时长:8
[INFO] [1729155605.250606434] [slam_node]: 启动自主运动逻辑
[INFO] [1729155605.250957746] [slam_node]: 启动避障逻辑
[INFO] [1729155605.251290672] [slam_node]: [93m最新前方障碍距离：0.650,[0m[91m最新左侧障碍距离：4.000,[0m[94m最新右侧障碍距离：3.050[0m
[INFO] [1729155605.251564223] [slam_node]: 当前运动方向Move forward
[INFO] [1729155605.252036101] [slam_node]: 当前运行时长:9
[INFO] [1729155606.250972863] [slam_node]: 启动自主运动逻辑
[INFO] [1729155606.251290963] [slam_node]: 启动避障逻辑
[INFO] [1729155606.251580176] [slam_node]: [93m最新前方障碍距离：0.550,[0m[91m最新左侧障碍距离：inf,[0m[94m最新右侧障碍距离：3.750[0m
[INFO] [1729155606.251822225] [slam_node]: 当前运动方向Turn left
[INFO] [1729155606.252240912] [slam_node]: [91m第1次左转[0m
[INFO] [1729155607.253910548] [slam_node]: [91m第2次左转[0m
[INFO] [1729155608.255058590] [slam_node]: 当前运行时长:10
[INFO] [1729155608.255707369] [slam_node]: 启动自主运动逻辑
[INFO] [1729155608.255983174] [slam_node]: 启动避障逻辑
[INFO] [1729155608.256269208] [slam_node]: [93m最新前方障碍距离：0.550,[0m[91m最新左侧障碍距离：inf,[0m[94m最新右侧障碍距离：3.750[0m
[INFO] [1729155608.256537625] [slam_node]: 当前运动方向Turn left
[INFO] [1729155608.257016073] [slam_node]: [91m第1次左转[0m
[INFO] [1729155609.258286860] [slam_node]: [91m第2次左转[0m
[INFO] [1729155610.259267646] [slam_node]: 当前运行时长:11
[INFO] [1729155610.259997009] [slam_node]: 启动自主运动逻辑
[INFO] [1729155610.260308208] [slam_node]: 启动避障逻辑
[INFO] [1729155610.260657385] [slam_node]: [93m最新前方障碍距离：0.500,[0m[91m最新左侧障碍距离：1.700,[0m[94m最新右侧障碍距离：0.450[0m
[INFO] [1729155610.260902039] [slam_node]: 当前运动方向Turn left
[INFO] [1729155610.261393649] [slam_node]: [91m第1次左转[0m
[INFO] [1729155611.262195152] [slam_node]: [91m第2次左转[0m
[INFO] [1729155612.263489825] [slam_node]: 当前运行时长:12
[INFO] [1729155612.264389496] [slam_node]: 启动自主运动逻辑
[INFO] [1729155612.264752154] [slam_node]: 启动避障逻辑
[INFO] [1729155612.265087155] [slam_node]: [93m最新前方障碍距离：0.550,[0m[91m最新左侧障碍距离：1.500,[0m[94m最新右侧障碍距离：0.300[0m
[INFO] [1729155612.265368810] [slam_node]: 当前运动方向Turn left
[INFO] [1729155612.265887844] [slam_node]: [91m第1次左转[0m
[INFO] [1729155613.267316574] [slam_node]: [91m第2次左转[0m
[INFO] [1729155614.267995684] [slam_node]: 当前运行时长:13
[INFO] [1729155614.268828166] [slam_node]: 启动自主运动逻辑
[INFO] [1729155614.269105324] [slam_node]: 启动避障逻辑
[INFO] [1729155614.269378925] [slam_node]: [93m最新前方障碍距离：1.150,[0m[91m最新左侧障碍距离：0.400,[0m[94m最新右侧障碍距离：0.350[0m
[INFO] [1729155614.269674944] [slam_node]: 当前运动方向Move forward
[INFO] [1729155614.270138401] [slam_node]: 当前运行时长:14
[INFO] [1729155615.250417584] [slam_node]: 启动自主运动逻辑
[INFO] [1729155615.250744942] [slam_node]: 启动避障逻辑
[INFO] [1729155615.251370892] [slam_node]: [93m最新前方障碍距离：1.250,[0m[91m最新左侧障碍距离：0.400,[0m[94m最新右侧障碍距离：0.300[0m
[INFO] [1729155615.251626470] [slam_node]: 当前运动方向Move forward
[INFO] [1729155615.252061772] [slam_node]: 当前运行时长:15
[INFO] [1729155616.251066978] [slam_node]: 启动自主运动逻辑
[INFO] [1729155616.251358840] [slam_node]: 启动避障逻辑
[INFO] [1729155616.251749677] [slam_node]: [93m最新前方障碍距离：1.050,[0m[91m最新左侧障碍距离：0.400,[0m[94m最新右侧障碍距离：0.300[0m
[INFO] [1729155616.252095900] [slam_node]: 当前运动方向Move forward
[INFO] [1729155616.252517940] [slam_node]: 当前运行时长:16
[INFO] [1729155617.250704523] [slam_node]: 启动自主运动逻辑
[INFO] [1729155617.251139983] [slam_node]: 启动避障逻辑
[INFO] [1729155617.251438002] [slam_node]: [93m最新前方障碍距离：0.750,[0m[91m最新左侧障碍距离：0.450,[0m[94m最新右侧障碍距离：0.250[0m
[INFO] [1729155617.251740737] [slam_node]: 当前运动方向Move forward
[INFO] [1729155617.252204121] [slam_node]: 当前运行时长:17
[INFO] [1729155618.250982011] [slam_node]: 启动自主运动逻辑
[INFO] [1729155618.251365448] [slam_node]: 启动避障逻辑
[INFO] [1729155618.251628207] [slam_node]: [93m最新前方障碍距离：0.550,[0m[91m最新左侧障碍距离：1.550,[0m[94m最新右侧障碍距离：0.200[0m
[INFO] [1729155618.251906566] [slam_node]: 当前运动方向Turn left
[INFO] [1729155618.252348708] [slam_node]: [91m第1次左转[0m
[INFO] [1729155619.253558683] [slam_node]: [91m第2次左转[0m
[INFO] [1729155620.255471407] [slam_node]: 当前运行时长:18
[INFO] [1729155620.256097261] [slam_node]: 启动自主运动逻辑
[INFO] [1729155620.256367031] [slam_node]: 启动避障逻辑
[INFO] [1729155620.256636906] [slam_node]: [93m最新前方障碍距离：0.550,[0m[91m最新左侧障碍距离：1.550,[0m[94m最新右侧障碍距离：0.200[0m
[INFO] [1729155620.256937435] [slam_node]: 当前运动方向Turn left
[INFO] [1729155620.257373223] [slam_node]: [91m第1次左转[0m
[INFO] [1729155621.258226813] [slam_node]: [91m第2次左转[0m
[INFO] [1729155622.259228497] [slam_node]: 当前运行时长:19
[INFO] [1729155622.260234893] [slam_node]: 启动自主运动逻辑
[INFO] [1729155622.260521506] [slam_node]: 启动避障逻辑
[INFO] [1729155622.260807090] [slam_node]: [93m最新前方障碍距离：4.800,[0m[91m最新左侧障碍距离：0.350,[0m[94m最新右侧障碍距离：0.300[0m
[INFO] [1729155622.261070626] [slam_node]: 当前运动方向Move forward
[INFO] [1729155622.261476350] [slam_node]: 当前运行时长:20
[INFO] [1729155623.250220297] [slam_node]: 启动自主运动逻辑
[INFO] [1729155623.250514943] [slam_node]: 启动避障逻辑
[INFO] [1729155623.250802908] [slam_node]: [93m最新前方障碍距离：inf,[0m[91m最新左侧障碍距离：0.400,[0m[94m最新右侧障碍距离：0.350[0m
[INFO] [1729155623.251075612] [slam_node]: 当前运动方向Move forward
[INFO] [1729155623.251491178] [slam_node]: 当前运行时长:21
[INFO] [1729155624.251140763] [slam_node]: 启动自主运动逻辑
[INFO] [1729155624.251632443] [slam_node]: 启动避障逻辑
[INFO] [1729155624.251923071] [slam_node]: [93m最新前方障碍距离：inf,[0m[91m最新左侧障碍距离：0.400,[0m[94m最新右侧障碍距离：0.350[0m
[INFO] [1729155624.252160766] [slam_node]: 当前运动方向Move forward
[INFO] [1729155624.252714931] [slam_node]: 当前运行时长:22
[INFO] [1729155625.251043184] [slam_node]: 启动自主运动逻辑
[INFO] [1729155625.251323023] [slam_node]: 启动避障逻辑
[INFO] [1729155625.251594383] [slam_node]: [93m最新前方障碍距离：inf,[0m[91m最新左侧障碍距离：0.350,[0m[94m最新右侧障碍距离：0.350[0m
[INFO] [1729155625.251836377] [slam_node]: 当前运动方向Move forward
[INFO] [1729155625.252270194] [slam_node]: 当前运行时长:23
[INFO] [1729155626.251237542] [slam_node]: 启动自主运动逻辑
[INFO] [1729155626.251582645] [slam_node]: 启动避障逻辑
[INFO] [1729155626.251844798] [slam_node]: [93m最新前方障碍距离：4.150,[0m[91m最新左侧障碍距离：0.550,[0m[94m最新右侧障碍距离：0.350[0m
[INFO] [1729155626.252246163] [slam_node]: 当前运动方向Move forward
[INFO] [1729155626.252687184] [slam_node]: 当前运行时长:24
[INFO] [1729155627.250352554] [slam_node]: 启动自主运动逻辑
[INFO] [1729155627.250689227] [slam_node]: 启动避障逻辑
[INFO] [1729155627.250974847] [slam_node]: [93m最新前方障碍距离：4.200,[0m[91m最新左侧障碍距离：0.350,[0m[94m最新右侧障碍距离：0.350[0m
[INFO] [1729155627.251291328] [slam_node]: 当前运动方向Move forward
[INFO] [1729155627.251727287] [slam_node]: 当前运行时长:25
[INFO] [1729155628.250622743] [slam_node]: 启动自主运动逻辑
[INFO] [1729155628.250974890] [slam_node]: 启动避障逻辑
[INFO] [1729155628.251271554] [slam_node]: [93m最新前方障碍距离：inf,[0m[91m最新左侧障碍距离：0.350,[0m[94m最新右侧障碍距离：0.350[0m
[INFO] [1729155628.251567141] [slam_node]: 当前运动方向Move forward
[INFO] [1729155628.251990914] [slam_node]: 当前运行时长:26
[INFO] [1729155629.250377622] [slam_node]: 启动自主运动逻辑
[INFO] [1729155629.250707476] [slam_node]: 启动避障逻辑
[INFO] [1729155629.251041728] [slam_node]: [93m最新前方障碍距离：4.100,[0m[91m最新左侧障碍距离：1.350,[0m[94m最新右侧障碍距离：0.400[0m
[INFO] [1729155629.251312959] [slam_node]: 当前运动方向Move forward
[INFO] [1729155629.251808833] [slam_node]: 当前运行时长:27
[INFO] [1729155630.251050928] [slam_node]: 启动自主运动逻辑
[INFO] [1729155630.251436616] [slam_node]: 启动避障逻辑
[INFO] [1729155630.251697955] [slam_node]: [93m最新前方障碍距离：3.950,[0m[91m最新左侧障碍距离：0.400,[0m[94m最新右侧障碍距离：0.400[0m
[INFO] [1729155630.251934775] [slam_node]: 当前运动方向Move forward
[INFO] [1729155630.252389616] [slam_node]: 当前运行时长:28
[INFO] [1729155631.250256597] [slam_node]: 启动自主运动逻辑
[INFO] [1729155631.250538685] [slam_node]: 启动避障逻辑
[INFO] [1729155631.250904379] [slam_node]: [93m最新前方障碍距离：inf,[0m[91m最新左侧障碍距离：1.300,[0m[94m最新右侧障碍距离：inf[0m
[INFO] [1729155631.251412052] [slam_node]: 当前运动方向Rotate right
[INFO] [1729155631.251862037] [slam_node]: 当前运行时长:29
[INFO] [1729155632.250362057] [slam_node]: 启动自主运动逻辑
[INFO] [1729155632.250737648] [slam_node]: 启动避障逻辑
[INFO] [1729155632.251016353] [slam_node]: [93m最新前方障碍距离：inf,[0m[91m最新左侧障碍距离：1.300,[0m[94m最新右侧障碍距离：0.400[0m
[INFO] [1729155632.251277197] [slam_node]: 当前运动方向Move forward
[INFO] [1729155632.251756674] [slam_node]: 当前运行时长:30
[INFO] [1729155633.250358212] [slam_node]: 启动自主运动逻辑
[INFO] [1729155633.250645744] [slam_node]: 启动避障逻辑
[INFO] [1729155633.250953525] [slam_node]: [93m最新前方障碍距离：3.650,[0m[91m最新左侧障碍距离：1.300,[0m[94m最新右侧障碍距离：0.400[0m
[INFO] [1729155633.251217570] [slam_node]: 当前运动方向Move forward
[INFO] [1729155633.251655859] [slam_node]: 当前运行时长:31
[INFO] [1729155634.250485966] [slam_node]: 启动自主运动逻辑
[INFO] [1729155634.250846939] [slam_node]: 启动避障逻辑
[INFO] [1729155634.251096479] [slam_node]: [93m最新前方障碍距离：3.700,[0m[91m最新左侧障碍距离：1.250,[0m[94m最新右侧障碍距离：0.450[0m
[INFO] [1729155634.251356759] [slam_node]: 当前运动方向Move forward
[INFO] [1729155634.251922080] [slam_node]: 当前运行时长:32
[INFO] [1729155635.250268782] [slam_node]: 启动自主运动逻辑
[INFO] [1729155635.250573030] [slam_node]: 启动避障逻辑
[INFO] [1729155635.250921719] [slam_node]: [93m最新前方障碍距离：3.650,[0m[91m最新左侧障碍距离：1.250,[0m[94m最新右侧障碍距离：0.400[0m
[INFO] [1729155635.251170855] [slam_node]: 当前运动方向Move forward
[INFO] [1729155635.251582437] [slam_node]: 当前运行时长:33
[INFO] [1729155636.250640089] [slam_node]: 启动自主运动逻辑
[INFO] [1729155636.251008421] [slam_node]: 启动避障逻辑
[INFO] [1729155636.251269523] [slam_node]: [93m最新前方障碍距离：3.450,[0m[91m最新左侧障碍距离：1.200,[0m[94m最新右侧障碍距离：0.750[0m
[INFO] [1729155636.251531956] [slam_node]: 当前运动方向Move forward
[INFO] [1729155636.252006622] [slam_node]: 当前运行时长:34
[INFO] [1729155637.250610467] [slam_node]: 启动自主运动逻辑
[INFO] [1729155637.250891664] [slam_node]: 启动避障逻辑
[INFO] [1729155637.251185233] [slam_node]: [93m最新前方障碍距离：inf,[0m[91m最新左侧障碍距离：1.200,[0m[94m最新右侧障碍距离：0.500[0m
[INFO] [1729155637.251430602] [slam_node]: 当前运动方向Move forward
[INFO] [1729155637.252019646] [slam_node]: 当前运行时长:35
[INFO] [1729155638.250462438] [slam_node]: 启动自主运动逻辑
[INFO] [1729155638.250750443] [slam_node]: 启动避障逻辑
[INFO] [1729155638.251089820] [slam_node]: [93m最新前方障碍距离：inf,[0m[91m最新左侧障碍距离：1.200,[0m[94m最新右侧障碍距离：0.600[0m
[INFO] [1729155638.251356847] [slam_node]: 当前运动方向Move forward
[INFO] [1729155638.251794913] [slam_node]: 当前运行时长:36
[INFO] [1729155639.251228573] [slam_node]: 启动自主运动逻辑
[INFO] [1729155639.251716324] [slam_node]: 启动避障逻辑
[INFO] [1729155639.251995916] [slam_node]: [93m最新前方障碍距离：inf,[0m[91m最新左侧障碍距离：0.350,[0m[94m最新右侧障碍距离：0.550[0m
[INFO] [1729155639.252232491] [slam_node]: 当前运动方向Move forward
[INFO] [1729155639.252655748] [slam_node]: 当前运行时长:37
[INFO] [1729155640.250659769] [slam_node]: 启动自主运动逻辑
[INFO] [1729155640.250991882] [slam_node]: 启动避障逻辑
[INFO] [1729155640.251285521] [slam_node]: [93m最新前方障碍距离：3.250,[0m[91m最新左侧障碍距离：1.150,[0m[94m最新右侧障碍距离：0.700[0m
[INFO] [1729155640.251552323] [slam_node]: 当前运动方向Move forward
[INFO] [1729155640.251980885] [slam_node]: 当前运行时长:38
[INFO] [1729155641.250400639] [slam_node]: 启动自主运动逻辑
[INFO] [1729155641.250754074] [slam_node]: 启动避障逻辑
[INFO] [1729155641.251012933] [slam_node]: [93m最新前方障碍距离：3.900,[0m[91m最新左侧障碍距离：1.150,[0m[94m最新右侧障碍距离：0.700[0m
[INFO] [1729155641.251247744] [slam_node]: 当前运动方向Move forward
[INFO] [1729155641.251692728] [slam_node]: 当前运行时长:39
[INFO] [1729155642.250841471] [slam_node]: 启动自主运动逻辑
[INFO] [1729155642.251125863] [slam_node]: 启动避障逻辑
[INFO] [1729155642.251546522] [slam_node]: [93m最新前方障碍距离：3.800,[0m[91m最新左侧障碍距离：1.100,[0m[94m最新右侧障碍距离：0.600[0m
[INFO] [1729155642.251870419] [slam_node]: 当前运动方向Move forward
[INFO] [1729155642.252385465] [slam_node]: 当前运行时长:40
[INFO] [1729155643.250358569] [slam_node]: 启动自主运动逻辑
[INFO] [1729155643.250732176] [slam_node]: 启动避障逻辑
[INFO] [1729155643.251007676] [slam_node]: [93m最新前方障碍距离：3.050,[0m[91m最新左侧障碍距离：1.050,[0m[94m最新右侧障碍距离：0.650[0m
[INFO] [1729155643.251268813] [slam_node]: 当前运动方向Move forward
[INFO] [1729155643.251740941] [slam_node]: 当前运行时长:41
[INFO] [1729155644.250779650] [slam_node]: 启动自主运动逻辑
[INFO] [1729155644.251137345] [slam_node]: 启动避障逻辑
[INFO] [1729155644.251424012] [slam_node]: [93m最新前方障碍距离：inf,[0m[91m最新左侧障碍距离：1.050,[0m[94m最新右侧障碍距离：inf[0m
[INFO] [1729155644.251682416] [slam_node]: 当前运动方向Rotate right
[INFO] [1729155644.252155188] [slam_node]: 当前运行时长:42
[INFO] [1729155645.251052065] [slam_node]: 启动自主运动逻辑
[INFO] [1729155645.251356025] [slam_node]: 启动避障逻辑
[INFO] [1729155645.251620547] [slam_node]: [93m最新前方障碍距离：3.000,[0m[91m最新左侧障碍距离：1.100,[0m[94m最新右侧障碍距离：3.700[0m
[INFO] [1729155645.251851419] [slam_node]: 当前运动方向Rotate right
[INFO] [1729155645.252326769] [slam_node]: 当前运行时长:43
[INFO] [1729155646.251069737] [slam_node]: 启动自主运动逻辑
[INFO] [1729155646.251423496] [slam_node]: 启动避障逻辑
[INFO] [1729155646.251723870] [slam_node]: [93m最新前方障碍距离：2.800,[0m[91m最新左侧障碍距离：1.100,[0m[94m最新右侧障碍距离：3.500[0m
[INFO] [1729155646.251985650] [slam_node]: 当前运动方向Rotate right
[INFO] [1729155646.252397046] [slam_node]: 当前运行时长:44
[INFO] [1729155647.250389018] [slam_node]: 启动自主运动逻辑
[INFO] [1729155647.250707128] [slam_node]: 启动避障逻辑
[INFO] [1729155647.251006476] [slam_node]: [93m最新前方障碍距离：2.800,[0m[91m最新左侧障碍距离：1.100,[0m[94m最新右侧障碍距离：3.300[0m
[INFO] [1729155647.251297714] [slam_node]: 当前运动方向Rotate right
[INFO] [1729155647.251728652] [slam_node]: 当前运行时长:45
[INFO] [1729155648.250561296] [slam_node]: 启动自主运动逻辑
[INFO] [1729155648.250844195] [slam_node]: 启动避障逻辑
[INFO] [1729155648.251162176] [slam_node]: [93m最新前方障碍距离：2.750,[0m[91m最新左侧障碍距离：1.150,[0m[94m最新右侧障碍距离：3.200[0m
[INFO] [1729155648.251421917] [slam_node]: 当前运动方向Rotate right
[INFO] [1729155648.251865981] [slam_node]: 当前运行时长:46
[INFO] [1729155649.250387411] [slam_node]: 启动自主运动逻辑
[INFO] [1729155649.250704786] [slam_node]: 启动避障逻辑
[INFO] [1729155649.251012813] [slam_node]: [93m最新前方障碍距离：2.350,[0m[91m最新左侧障碍距离：1.150,[0m[94m最新右侧障碍距离：2.650[0m
[INFO] [1729155649.251272740] [slam_node]: 当前运动方向Rotate right
[INFO] [1729155649.251804892] [slam_node]: 当前运行时长:47
[INFO] [1729155650.250912881] [slam_node]: 启动自主运动逻辑
[INFO] [1729155650.251230177] [slam_node]: 启动避障逻辑
[INFO] [1729155650.251527019] [slam_node]: [93m最新前方障碍距离：2.800,[0m[91m最新左侧障碍距离：1.200,[0m[94m最新右侧障碍距离：2.450[0m
[INFO] [1729155650.251824759] [slam_node]: 当前运动方向Rotate right
[INFO] [1729155650.252259384] [slam_node]: 当前运行时长:48
[INFO] [1729155651.250456902] [slam_node]: 启动自主运动逻辑
[INFO] [1729155651.250937320] [slam_node]: 启动避障逻辑
[INFO] [1729155651.251233845] [slam_node]: [93m最新前方障碍距离：2.300,[0m[91m最新左侧障碍距离：1.200,[0m[94m最新右侧障碍距离：2.550[0m
[INFO] [1729155651.251557433] [slam_node]: 当前运动方向Rotate right
[INFO] [1729155651.252000694] [slam_node]: 当前运行时长:49
[INFO] [1729155652.250675749] [slam_node]: 启动自主运动逻辑
[INFO] [1729155652.251002859] [slam_node]: 启动避障逻辑
[INFO] [1729155652.251306077] [slam_node]: [93m最新前方障碍距离：2.350,[0m[91m最新左侧障碍距离：0.350,[0m[94m最新右侧障碍距离：2.350[0m
[INFO] [1729155652.251575143] [slam_node]: 当前运动方向Rotate right
[INFO] [1729155652.252033103] [slam_node]: 当前运行时长:50
[INFO] [1729155653.250712053] [slam_node]: 启动自主运动逻辑
[INFO] [1729155653.251054160] [slam_node]: 启动避障逻辑
[INFO] [1729155653.251387646] [slam_node]: [93m最新前方障碍距离：2.200,[0m[91m最新左侧障碍距离：1.250,[0m[94m最新右侧障碍距离：2.300[0m
[INFO] [1729155653.251653615] [slam_node]: 当前运动方向Rotate right
[INFO] [1729155653.252106497] [slam_node]: 当前运行时长:51
[INFO] [1729155654.251220468] [slam_node]: 启动自主运动逻辑
[INFO] [1729155654.251510614] [slam_node]: 启动避障逻辑
[INFO] [1729155654.251832616] [slam_node]: [93m最新前方障碍距离：inf,[0m[91m最新左侧障碍距离：1.300,[0m[94m最新右侧障碍距离：2.350[0m
[INFO] [1729155654.252077908] [slam_node]: 当前运动方向Rotate right
[INFO] [1729155654.252506369] [slam_node]: 当前运行时长:52
[INFO] [1729155655.250826399] [slam_node]: 启动自主运动逻辑
[INFO] [1729155655.251282055] [slam_node]: 启动避障逻辑
[INFO] [1729155655.251563426] [slam_node]: [93m最新前方障碍距离：2.350,[0m[91m最新左侧障碍距离：1.300,[0m[94m最新右侧障碍距离：2.400[0m
[INFO] [1729155655.251950008] [slam_node]: 当前运动方向Rotate right
[INFO] [1729155655.252394742] [slam_node]: 当前运行时长:53
[INFO] [1729155656.250398000] [slam_node]: 启动自主运动逻辑
[INFO] [1729155656.250789529] [slam_node]: 启动避障逻辑
[INFO] [1729155656.251069265] [slam_node]: [93m最新前方障碍距离：2.250,[0m[91m最新左侧障碍距离：0.350,[0m[94m最新右侧障碍距离：2.100[0m
[INFO] [1729155656.251327478] [slam_node]: 当前运动方向Rotate right
[INFO] [1729155656.251785858] [slam_node]: 当前运行时长:54
[INFO] [1729155657.250813476] [slam_node]: 启动自主运动逻辑
[INFO] [1729155657.251111522] [slam_node]: 启动避障逻辑
[INFO] [1729155657.251378142] [slam_node]: [93m最新前方障碍距离：2.200,[0m[91m最新左侧障碍距离：0.450,[0m[94m最新右侧障碍距离：2.200[0m
[INFO] [1729155657.251640147] [slam_node]: 当前运动方向Rotate right
[INFO] [1729155657.252077197] [slam_node]: 当前运行时长:55
[INFO] [1729155658.250334077] [slam_node]: 启动自主运动逻辑
[INFO] [1729155658.250771589] [slam_node]: 启动避障逻辑
[INFO] [1729155658.251052022] [slam_node]: [93m最新前方障碍距离：2.300,[0m[91m最新左侧障碍距离：0.350,[0m[94m最新右侧障碍距离：2.200[0m
[INFO] [1729155658.251312824] [slam_node]: 当前运动方向Rotate right
[INFO] [1729155658.251756437] [slam_node]: 当前运行时长:56
[INFO] [1729155659.250342583] [slam_node]: 启动自主运动逻辑
[INFO] [1729155659.250857625] [slam_node]: 启动避障逻辑
[INFO] [1729155659.251136619] [slam_node]: [93m最新前方障碍距离：1.850,[0m[91m最新左侧障碍距离：0.400,[0m[94m最新右侧障碍距离：2.050[0m
[INFO] [1729155659.251370309] [slam_node]: 当前运动方向Move forward
[INFO] [1729155659.251839665] [slam_node]: 当前运行时长:57
[INFO] [1729155660.250353148] [slam_node]: 启动自主运动逻辑
[INFO] [1729155660.250637936] [slam_node]: 启动避障逻辑
[INFO] [1729155660.250923642] [slam_node]: [93m最新前方障碍距离：2.000,[0m[91m最新左侧障碍距离：0.350,[0m[94m最新右侧障碍距离：2.100[0m
[INFO] [1729155660.251188935] [slam_node]: 当前运动方向Rotate right
[INFO] [1729155660.251611589] [slam_node]: 当前运行时长:58
[INFO] [1729155661.250600766] [slam_node]: 启动自主运动逻辑
[INFO] [1729155661.250947158] [slam_node]: 启动避障逻辑
[INFO] [1729155661.251508234] [slam_node]: [93m最新前方障碍距离：1.850,[0m[91m最新左侧障碍距离：0.350,[0m[94m最新右侧障碍距离：2.200[0m
[INFO] [1729155661.251825562] [slam_node]: 当前运动方向Move forward
[INFO] [1729155661.252315019] [slam_node]: 当前运行时长:59
[INFO] [1729155662.250580625] [slam_node]: 启动自主运动逻辑
[INFO] [1729155662.250956299] [slam_node]: 启动避障逻辑
[INFO] [1729155662.251222726] [slam_node]: [93m最新前方障碍距离：1.900,[0m[91m最新左侧障碍距离：0.400,[0m[94m最新右侧障碍距离：2.100[0m
[INFO] [1729155662.251535449] [slam_node]: 当前运动方向Move forward
[INFO] [1729155662.251982923] [slam_node]: 当前运行时长:60
[INFO] [1729155663.250272661] [slam_node]: 启动自主运动逻辑
[INFO] [1729155663.250587343] [slam_node]: 启动避障逻辑
[INFO] [1729155663.250905001] [slam_node]: [93m最新前方障碍距离：1.950,[0m[91m最新左侧障碍距离：0.450,[0m[94m最新右侧障碍距离：2.100[0m
[INFO] [1729155663.251175685] [slam_node]: 当前运动方向Move forward
[INFO] [1729155663.251630995] [slam_node]: 当前运行时长:61
[INFO] [1729155664.250873306] [slam_node]: 启动自主运动逻辑
[INFO] [1729155664.251187319] [slam_node]: 启动避障逻辑
[INFO] [1729155664.251440890] [slam_node]: [93m最新前方障碍距离：1.900,[0m[91m最新左侧障碍距离：0.350,[0m[94m最新右侧障碍距离：2.150[0m
[INFO] [1729155664.251674974] [slam_node]: 当前运动方向Move 