[INFO] [1730266567.430861337] [slam_node]: 倒计时: 2秒
[INFO] [1730266568.433134686] [slam_node]: 倒计时: 1秒
[INFO] [1730266569.437097189] [slam_node]: 倒计时结束！
[INFO] [1730266569.439386073] [slam_node]: [92m主回调启动[0m
[INFO] [1730266569.440444236] [slam_node]: [92m转向定时器启动[0m
[WARN] [1730266569.441343438] [slam_node]: 当前扫描数据为空，无法更新距离信息
[INFO] [1730266569.877586651] [slam_node]: [92m主回调启动[0m
[INFO] [1730266569.879034395] [slam_node]: [92m转向定时器启动[0m
[INFO] [1730266569.880012845] [slam_node]: [94m最新！！前距障碍物：2.4000000953674316,左距障碍物：0.3499999940395355,右距障碍物：0.3499999940395355[0m
[INFO] [1730266570.377169776] [slam_node]: [92m主回调启动[0m
[INFO] [1730266570.378063897] [slam_node]: [92m转向定时器启动[0m
[INFO] [1730266570.378861400] [slam_node]: [94m最新！！前距障碍物：2.25,左距障碍物：0.3499999940395355,右距障碍物：0.3499999940395355[0m
[INFO] [1730266570.877377448] [slam_node]: [92m主回调启动[0m
[INFO] [1730266570.878178093] [slam_node]: 当前运行时长:0.0
[INFO] [1730266570.879993021] [slam_node]: 启动运动控制模块
[INFO] [1730266570.883526316] [slam_node]: 启动避障逻辑
[INFO] [1730266570.884835741] [slam_node]: [93m前方障碍距离：2.300,[0m[91m左侧障碍距离：0.350,[0m[94m右侧障碍距离：0.350[0m
[INFO] [1730266570.887759001] [slam_node]: 当前运动方向Move forward
[INFO] [1730266570.889888655] [slam_node]: [92m转向定时器启动[0m
[INFO] [1730266570.890935566] [slam_node]: [94m最新！！前距障碍物：2.299999952316284,左距障碍物：0.3499999940395355,右距障碍物：0.3499999940395355[0m
[INFO] [1730266571.377286626] [slam_node]: [92m主回调启动[0m
[INFO] [1730266571.377947047] [slam_node]: 当前运行时长:0.5
[INFO] [1730266571.378674159] [slam_node]: 启动运动控制模块
[INFO] [1730266571.379738403] [slam_node]: 启动避障逻辑
[INFO] [1730266571.380300786] [slam_node]: [93m前方障碍距离：inf,[0m[91m左侧障碍距离：0.350,[0m[94m右侧障碍距离：0.350[0m
[INFO] [1730266571.380824159] [slam_node]: 当前运动方向Move forward
[INFO] [1730266571.382047121] [slam_node]: [92m转向定时器启动[0m
[INFO] [1730266571.382833563] [slam_node]: [94m最新！！前距障碍物：inf,左距障碍物：0.3499999940395355,右距障碍物：0.3499999940395355[0m
[INFO] [1730266571.877219609] [slam_node]: [92m主回调启动[0m
[INFO] [1730266571.877960913] [slam_node]: 当前运行时长:1.0
[INFO] [1730266571.878753564] [slam_node]: 启动运动控制模块
[INFO] [1730266571.882477945] [slam_node]: 启动避障逻辑
[INFO] [1730266571.883958143] [slam_node]: [93m前方障碍距离：2.150,[0m[91m左侧障碍距离：0.350,[0m[94m右侧障碍距离：0.350[0m
[INFO] [1730266571.885161608] [slam_node]: 当前运动方向Move forward
[INFO] [1730266571.886897430] [slam_node]: [92m转向定时器启动[0m
[INFO] [1730266571.887803059] [slam_node]: [94m最新！！前距障碍物：2.1500000953674316,左距障碍物：0.3499999940395355,右距障碍物：0.3499999940395355[0m
[INFO] [1730266572.377140495] [slam_node]: [92m主回调启动[0m
[INFO] [1730266572.377877475] [slam_node]: 当前运行时长:1.5
[INFO] [1730266572.378862426] [slam_node]: 启动运动控制模块
[INFO] [1730266572.380460786] [slam_node]: 启动避障逻辑
[INFO] [1730266572.381558153] [slam_node]: [93m前方障碍距离：2.000,[0m[91m左侧障碍距离：0.350,[0m[94m右侧障碍距离：0.350[0m
[INFO] [1730266572.382469551] [slam_node]: 当前运动方向Move forward
[INFO] [1730266572.385504528] [slam_node]: [92m转向定时器启动[0m
[INFO] [1730266572.386392499] [slam_node]: [94m最新！！前距障碍物：2.0,左距障碍物：0.3499999940395355,右距障碍物：0.3499999940395355[0m
[INFO] [1730266572.878681437] [slam_node]: [92m主回调启动[0m
[INFO] [1730266572.879782138] [slam_node]: 当前运行时长:2.0
[INFO] [1730266572.880781245] [slam_node]: 启动运动控制模块
[INFO] [1730266572.882854495] [slam_node]: 启动避障逻辑
[INFO] [1730266572.883746833] [slam_node]: [93m前方障碍距离：2.000,[0m[91m左侧障碍距离：0.350,[0m[94m右侧障碍距离：0.400[0m
[INFO] [1730266572.884471167] [slam_node]: 当前运动方向Move forward
[INFO] [1730266572.886076146] [slam_node]: [92m转向定时器启动[0m
[INFO] [1730266572.887118929] [slam_node]: [94m最新！！前距障碍物：2.0,左距障碍物：0.3499999940395355,右距障碍物：0.4000000059604645[0m
[INFO] [1730266573.378620823] [slam_node]: [92m主回调启动[0m
[INFO] [1730266573.379723206] [slam_node]: 当前运行时长:2.5
[INFO] [1730266573.380590136] [slam_node]: 启动运动控制模块
[INFO] [1730266573.382378247] [slam_node]: 启动避障逻辑
[INFO] [1730266573.383192775] [slam_node]: [93m前方障碍距离：1.800,[0m[91m左侧障碍距离：0.350,[0m[94m右侧障碍距离：0.450[0m
[INFO] [1730266573.384050178] [slam_node]: 当前运动方向Move forward
[INFO] [1730266573.385643536] [slam_node]: [92m转向定时器启动[0m
[INFO] [1730266573.386615295] [slam_node]: [94m最新！！前距障碍物：1.8000000715255737,左距障碍物：0.3499999940395355,右距障碍物：0.45000001788139343[0m
[INFO] [1730266573.877188910] [slam_node]: [92m主回调启动[0m
[INFO] [1730266573.878033594] [slam_node]: 当前运行时长:3.0
[INFO] [1730266573.878864907] [slam_node]: 启动运动控制模块
[INFO] [1730266573.880019674] [slam_node]: 启动避障逻辑
[INFO] [1730266573.880612034] [slam_node]: [93m前方障碍距离：inf,[0m[91m左侧障碍距离：0.350,[0m[94m右侧障碍距离：3.100[0m
[INFO] [1730266573.881133488] [slam_node]: 当前运动方向Move forward
[INFO] [1730266573.882198019] [slam_node]: [92m转向定时器启动[0m
[INFO] [1730266573.882786760] [slam_node]: [94m最新！！前距障碍物：inf,左距障碍物：0.3499999940395355,右距障碍物：3.1000001430511475[0m
[INFO] [1730266574.377349310] [slam_node]: [92m主回调启动[0m
[INFO] [1730266574.379277890] [slam_node]: 当前运行时长:3.5
[INFO] [1730266574.380468293] [slam_node]: 启动运动控制模块
[INFO] [1730266574.382467683] [slam_node]: 启动避障逻辑
[INFO] [1730266574.383432235] [slam_node]: [93m前方障碍距离：1.600,[0m[91m左侧障碍距离：0.350,[0m[94m右侧障碍距离：4.100[0m
[INFO] [1730266574.384314057] [slam_node]: 当前运动方向Move forward
[INFO] [1730266574.385875084] [slam_node]: [92m转向定时器启动[0m
[INFO] [1730266574.386871352] [slam_node]: [94m最新！！前距障碍物：1.600000023841858,左距障碍物：0.3499999940395355,右距障碍物：4.099999904632568[0m
[INFO] [1730266574.877334220] [slam_node]: [92m主回调启动[0m
[INFO] [1730266574.878147803] [slam_node]: 当前运行时长:4.0
[INFO] [1730266574.878870132] [slam_node]: 启动运动控制模块
[INFO] [1730266574.879988287] [slam_node]: 启动避障逻辑
[INFO] [1730266574.880600907] [slam_node]: [93m前方障碍距离：1.450,[0m[91m左侧障碍距离：0.400,[0m[94m右侧障碍距离：4.050[0m
[INFO] [1730266574.881135217] [slam_node]: 当前运动方向Move forward
[INFO] [1730266574.882234448] [slam_node]: [92m转向定时器启动[0m
[INFO] [1730266574.883003569] [slam_node]: [94m最新！！前距障碍物：1.4500000476837158,左距障碍物：0.4000000059604645,右距障碍物：4.050000190734863[0m
[INFO] [1730266575.396429600] [slam_node]: [92m主回调启动[0m
[INFO] [1730266575.406253802] [slam_node]: 当前运行时长:4.5
[INFO] [1730266575.412918314] [slam_node]: 启动运动控制模块
[INFO] [1730266575.422999406] [slam_node]: 启动避障逻辑
[INFO] [1730266575.429103971] [slam_node]: [93m前方障碍距离：1.350,[0m[91m左侧障碍距离：0.450,[0m[94m右侧障碍距离：4.100[0m
[INFO] [1730266575.437189769] [slam_node]: 当前运动方向Move forward
[INFO] [1730266575.445264454] [slam_node]: [92m转向定时器启动[0m
[INFO] [1730266575.450727626] [slam_node]: [94m最新！！前距障碍物：1.350000023841858,左距障碍物：0.45000001788139343,右距障碍物：4.099999904632568[0m
[INFO] [1730266575.898609570] [slam_node]: [92m主回调启动[0m
[INFO] [1730266575.923714004] [slam_node]: 当前运行时长:5.0
[INFO] [1730266575.946125968] [slam_node]: 启动运动控制模块
[INFO] [1730266575.964756990] [slam_node]: 启动避障逻辑
[INFO] [1730266575.971093979] [slam_node]: [93m前方障碍距离：1.250,[0m[91m左侧障碍距离：1.100,[0m[94m右侧障碍距离：4.100[0m
[INFO] [1730266575.981251159] [slam_node]: 当前运动方向Move forward
[INFO] [1730266575.989747534] [slam_node]: [92m转向定时器启动[0m
[INFO] [1730266575.995773621] [slam_node]: [94m最新！！前距障碍物：1.25,左距障碍物：1.100000023841858,右距障碍物：4.099999904632568[0m
[INFO] [1730266576.417764556] [slam_node]: [92m主回调启动[0m
[INFO] [1730266576.448617874] [slam_node]: 当前运行时长:5.5
[INFO] [1730266576.456904041] [slam_node]: 启动运动控制模块
[INFO] [1730266576.500798581] [slam_node]: 启动避障逻辑
[INFO] [1730266576.508776000] [slam_node]: [93m前方障碍距离：1.150,[0m[91m左侧障碍距离：0.850,[0m[94m右侧障碍距离：4.100[0m
[INFO] [1730266576.513077624] [slam_node]: 当前运动方向Move forward
[INFO] [1730266576.563091959] [slam_node]: [92m转向定时器启动[0m
[INFO] [1730266576.569571968] [slam_node]: [94m最新！！前距障碍物：1.149999976158142,左距障碍物：0.8500000238418579,右距障碍物：4.099999904632568[0m
[INFO] [1730266576.885567002] [slam_node]: [92m主回调启动[0m
[INFO] [1730266576.890139252] [slam_node]: 当前运行时长:6.0
[INFO] [1730266576.894040897] [slam_node]: 启动运动控制模块
[INFO] [1730266576.908639298] [slam_node]: 启动避障逻辑
[INFO] [1730266576.921432609] [slam_node]: [93m前方障碍距离：1.050,[0m[91m左侧障碍距离：0.950,[0m[94m右侧障碍距离：2.250[0m
[INFO] [1730266576.927431234] [slam_node]: 当前运动方向Move forward
[INFO] [1730266576.946212868] [slam_node]: [92m转向定时器启动[0m
[INFO] [1730266576.951800527] [slam_node]: [94m最新！！前距障碍物：1.0500000715255737,左距障碍物：0.949999988079071,右距障碍物：2.25[0m
[INFO] [1730266577.379945654] [slam_node]: [92m主回调启动[0m
[INFO] [1730266577.381384390] [slam_node]: 当前运行时长:6.5
[INFO] [1730266577.383555884] [slam_node]: 启动运动控制模块
[INFO] [1730266577.387925625] [slam_node]: 启动避障逻辑
[INFO] [1730266577.391638698] [slam_node]: [93m前方障碍距离：0.950,[0m[91m左侧障碍距离：1.450,[0m[94m右侧障碍距离：1.950[0m
[INFO] [1730266577.395423252] [slam_node]: 当前运动方向Move forward
[INFO] [1730266577.399429099] [slam_node]: [92m转向定时器启动[0m
[INFO] [1730266577.401225782] [slam_node]: [94m最新！！前距障碍物：0.949999988079071,左距障碍物：1.4500000476837158,右距障碍物：1.9500000476837158[0m
[INFO] [1730266577.878532613] [slam_node]: [92m主回调启动[0m
[INFO] [1730266577.879651555] [slam_node]: 当前运行时长:7.0
[INFO] [1730266577.882260261] [slam_node]: 启动运动控制模块
[INFO] [1730266577.887172161] [slam_node]: 启动避障逻辑
[INFO] [1730266577.888502117] [slam_node]: [93m前方障碍距离：0.800,[0m[91m左侧障碍距离：1.550,[0m[94m右侧障碍距离：1.450[0m
[INFO] [1730266577.889220154] [slam_node]: 当前运动方向Move forward
[INFO] [1730266577.891342425] [slam_node]: [92m转向定时器启动[0m
[INFO] [1730266577.892286601] [slam_node]: [94m最新！！前距障碍物：0.800000011920929,左距障碍物：1.5500000715255737,右距障碍物：1.4500000476837158[0m
[INFO] [1730266578.383132840] [slam_node]: [92m主回调启动[0m
[INFO] [1730266578.385657659] [slam_node]: 当前运行时长:7.5
[INFO] [1730266578.388369092] [slam_node]: 启动运动控制模块
[INFO] [1730266578.394423021] [slam_node]: 启动避障逻辑
[INFO] [1730266578.396869523] [slam_node]: [93m前方障碍距离：0.700,[0m[91m左侧障碍距离：1.850,[0m[94m右侧障碍距离：1.300[0m
[INFO] [1730266578.398813047] [slam_node]: 当前运动方向place left
[INFO] [1730266578.402238569] [slam_node]: [93m第1次原地左转[0m
[INFO] [1730266578.907055507] [slam_node]: [93m第2次原地左转[0m
[INFO] [1730266579.409616720] [slam_node]: [92m转向定时器启动[0m
[INFO] [1730266579.411401304] [slam_node]: [94m最新！！前距障碍物：0.699999988079071,左距障碍物：1.850000023841858,右距障碍物：1.3000000715255737[0m
[INFO] [1730266579.413190676] [slam_node]: [92m主回调启动[0m
[INFO] [1730266579.415550073] [slam_node]: 当前运行时长:8.0
[INFO] [1730266579.417139270] [slam_node]: 启动运动控制模块
[INFO] [1730266579.421155636] [slam_node]: 启动避障逻辑
[INFO] [1730266579.422118883] [slam_node]: [93m前方障碍距离：0.700,[0m[91m左侧障碍距离：1.850,[0m[94m右侧障碍距离：1.300[0m
[INFO] [1730266579.423132542] [slam_node]: 当前运动方向place left
[INFO] [1730266579.424818294] [slam_node]: [93m第1次原地左转[0m
[INFO] [1730266579.944757975] [slam_node]: [93m第2次原地左转[0m
[INFO] [1730266580.450890639] [slam_node]: [92m主回调启动[0m
[INFO] [1730266580.451859651] [slam_node]: 当前运行时长:8.5
[INFO] [1730266580.452641531] [slam_node]: 启动运动控制模块
[INFO] [1730266580.454536131] [slam_node]: 启动避障逻辑
[INFO] [1730266580.455375094] [slam_node]: [93m前方障碍距离：0.700,[0m[91m左侧障碍距离：1.700,[0m[94m右侧障碍距离：0.800[0m
[INFO] [1730266580.456264361] [slam_node]: 当前运动方向place left
[INFO] [1730266580.457865774] [slam_node]: [93m第1次原地左转[0m
[INFO] [1730266580.961164534] [slam_node]: [93m第2次原地左转[0m
[INFO] [1730266581.463821492] [slam_node]: [92m转向定时器启动[0m
[INFO] [1730266581.464997042] [slam_node]: [94m最新！！前距障碍物：0.699999988079071,左距障碍物：1.7000000476837158,右距障碍物：0.800000011920929[0m
[INFO] [1730266581.467319923] [slam_node]: [92m主回调启动[0m
[INFO] [1730266581.468734711] [slam_node]: 当前运行时长:9.0
[INFO] [1730266581.469713886] [slam_node]: 启动运动控制模块
[INFO] [1730266581.471392448] [slam_node]: 启动避障逻辑
[INFO] [1730266581.472112935] [slam_node]: [93m前方障碍距离：0.750,[0m[91m左侧障碍距离：1.350,[0m[94m右侧障碍距离：0.800[0m
[INFO] [1730266581.472791377] [slam_node]: 当前运动方向Move forward
[INFO] [1730266581.878373400] [slam_node]: [92m主回调启动[0m
[INFO] [1730266581.879353980] [slam_node]: 当前运行时长:9.5
[INFO] [1730266581.880211264] [slam_node]: 启动运动控制模块
[INFO] [1730266581.881560092] [slam_node]: 启动避障逻辑
[INFO] [1730266581.882227567] [slam_node]: [93m前方障碍距离：0.800,[0m[91m左侧障碍距离：1.250,[0m[94m右侧障碍距离：0.650[0m
[INFO] [1730266581.882874403] [slam_node]: 当前运动方向Move forward
[INFO] [1730266581.884160234] [slam_node]: [92m转向定时器启动[0m
[INFO] [1730266581.884747721] [slam_node]: [94m最新！！前距障碍物：0.800000011920929,左距障碍物：1.25,右距障碍物：0.6500000357627869[0m
[INFO] [1730266582.378151816] [slam_node]: [92m主回调启动[0m
[INFO] [1730266582.379244685] [slam_node]: 当前运行时长:10.0
[INFO] [1730266582.380062050] [slam_node]: 启动运动控制模块
[INFO] [1730266582.381693785] [slam_node]: 启动避障逻辑
[INFO] [1730266582.382612874] [slam_node]: [93m前方障碍距离：0.650,[0m[91m左侧障碍距离：1.300,[0m[94m右侧障碍距离：0.500[0m
[INFO] [1730266582.383371205] [slam_node]: 当前运动方向place left
[INFO] [1730266582.385336708] [slam_node]: [93m第1次原地左转[0m
[INFO] [1730266582.888362662] [slam_node]: [93m第2次原地左转[0m
[INFO] [1730266583.391065488] [slam_node]: [92m转向定时器启动[0m
[INFO] [1730266583.392094689] [slam_node]: [94m最新！！前距障碍物：0.6500000357627869,左距障碍物：1.3000000715255737,右距障碍物：0.5[0m
[INFO] [1730266583.393751935] [slam_node]: [92m主回调启动[0m
[INFO] [1730266583.394472786] [slam_node]: 当前运行时长:10.5
[INFO] [1730266583.395151396] [slam_node]: 启动运动控制模块
[INFO] [1730266583.396480576] [slam_node]: 启动避障逻辑
[INFO] [1730266583.397364020] [slam_node]: [93m前方障碍距离：0.650,[0m[91m左侧障碍距离：1.300,[0m[94m右侧障碍距离：0.500[0m
[INFO] [1730266583.398046609] [slam_node]: 当前运动方向place left
[INFO] [1730266583.399487378] [slam_node]: [93m第1次原地左转[0m
[INFO] [1730266583.902700822] [slam_node]: [93m第2次原地左转[0m
[INFO] [1730266584.407271938] [slam_node]: [92m主回调启动[0m
[INFO] [1730266584.408702916] [slam_node]: 当前运行时长:11.0
[INFO] [1730266584.409753676] [slam_node]: 启动运动控制模块
[INFO] [1730266584.411885300] [slam_node]: 启动避障逻辑
[INFO] [1730266584.412849931] [slam_node]: [93m前方障碍距离：0.750,[0m[91m左侧障碍距离：1.600,[0m[94m右侧障碍距离：0.450[0m
[INFO] [1730266584.413750896] [slam_node]: 当前运动方向Move forward
[INFO] [1730266584.415722674] [slam_node]: [92m转向定时器启动[0m
[INFO] [1730266584.416649321] [slam_node]: [94m最新！！前距障碍物：0.75,左距障碍物：1.600000023841858,右距障碍物：0.45000001788139343[0m
[INFO] [1730266584.877671647] [slam_node]: [92m主回调启动[0m
[INFO] [1730266584.878997605] [slam_node]: 当前运行时长:11.5
[INFO] [1730266584.879886751] [slam_node]: 启动运动控制模块
[INFO] [1730266584.882189290] [slam_node]: 启动避障逻辑
[INFO] [1730266584.883097504] [slam_node]: [93m前方障碍距离：0.700,[0m[91m左侧障碍距离：1.300,[0m[94m右侧障碍距离：0.400[0m
[INFO] [1730266584.884620326] [slam_node]: 当前运动方向place left
[INFO] [1730266584.887551617] [slam_node]: [93m第1次原地左转[0m
[INFO] [1730266585.390160222] [slam_node]: [93m第2次原地左转[0m
[INFO] [1730266585.893091829] [slam_node]: [92m转向定时器启动[0m
[INFO] [1730266585.895219971] [slam_node]: [94m最新！！前距障碍物：0.699999988079071,左距障碍物：1.3000000715255737,右距障碍物：0.4000000059604645[0m
[INFO] [1730266585.898135911] [slam_node]: [92m主回调启动[0m
[INFO] [1730266585.899195084] [slam_node]: 当前运行时长:12.0
[INFO] [1730266585.900158139] [slam_node]: 启动运动控制模块
[INFO] [1730266585.902105904] [slam_node]: 启动避障逻辑
[INFO] [1730266585.903165161] [slam_node]: [93m前方障碍距离：0.700,[0m[91m左侧障碍距离：1.300,[0m[94m右侧障碍距离：0.400[0m
[INFO] [1730266585.904125676] [slam_node]: 当前运动方向place left
[INFO] [1730266585.905903441] [slam_node]: [93m第1次原地左转[0m
[INFO] [1730266586.410937065] [slam_node]: [93m第2次原地左转[0m
[INFO] [1730266586.915813466] [slam_node]: [92m主回调启动[0m
[INFO] [1730266586.916982782] [slam_node]: 当前运行时长:12.5
[INFO] [1730266586.917985994] [slam_node]: 启动运动控制模块
[INFO] [1730266586.920072385] [slam_node]: 启动避障逻辑
[INFO] [1730266586.921340670] [slam_node]: [93m前方障碍距离：0.850,[0m[91m左侧障碍距离：1.400,[0m[94m右侧障碍距离：0.400[0m
[INFO] [1730266586.922640555] [slam_node]: 当前运动方向Move forward
[INFO] [1730266586.924851720] [slam_node]: [92m转向定时器启动[0m
[INFO] [1730266586.925968192] [slam_node]: [94m最新！！前距障碍物：0.8500000238418579,左距障碍物：1.399999976158142,右距障碍物：0.4000000059604645[0m
[INFO] [1730266587.378472377] [slam_node]: [92m主回调启动[0m
[INFO] [1730266587.380979835] [slam_node]: 当前运行时长:13.0
[INFO] [1730266587.382552898] [slam_node]: 启动运动控制模块
[INFO] [1730266587.385161374] [slam_node]: 启动避障逻辑
[INFO] [1730266587.386471208] [slam_node]: [93m前方障碍距离：1.000,[0m[91m左侧障碍距离：1.250,[0m[94m右侧障碍距离：0.400[0m
[INFO] [1730266587.388118924] [slam_node]: 当前运动方向Move forward
[INFO] [1730266587.390668075] [slam_node]: [92m转向定时器启动[0m
[INFO] [1730266587.391662381] [slam_node]: [94m最新！！前距障碍物：1.0,左距障碍物：1.25,右距障碍物：0.4000000059604645[0m
[INFO] [1730266587.878545380] [slam_node]: [92m主回调启动[0m
[INFO] [1730266587.879806680] [slam_node]: 当前运行时长:13.5
[INFO] [1730266587.881365766] [slam_node]: 启动运动控制模块
[INFO] [1730266587.883520278] [slam_node]: 启动避障逻辑
[INFO] [1730266587.884718727] [slam_node]: [93m前方障碍距离：0.800,[0m[91m左侧障碍距离：1.600,[0m[94m右侧障碍距离：0.350[0m
[INFO] [1730266587.885815939] [slam_node]: 当前运动方向Move forward
[INFO] [1730266587.888825237] [slam_node]: [92m转向定时器启动[0m
[INFO] [1730266587.890630804] [slam_node]: [94m最新！！前距障碍物：0.800000011920929,左距障碍物：1.600000023841858,右距障碍物：0.3499999940395355[0m
[INFO] [1730266588.379291378] [slam_node]: [92m主回调启动[0m
[INFO] [1730266588.381107730] [slam_node]: 当前运行时长:14.0
[INFO] [1730266588.382580949] [slam_node]: 启动运动控制模块
[INFO] [1730266588.384344567] [slam_node]: 启动避障逻辑
[INFO] [1730266588.385117375] [slam_node]: [93m前方障碍距离：0.750,[0m[91m左侧障碍距离：1.350,[0m[94m右侧障碍距离：0.300[0m
[INFO] [1730266588.385810580] [slam_node]: 当前运动方向Move forward
[INFO] [1730266588.387364062] [slam_node]: [92m转向定时器启动[0m
[INFO] [1730266588.388164938] [slam_node]: [94m最新！！前距障碍物：0.75,左距障碍物：1.350000023841858,右距障碍物：0.30000001192092896[0m
[INFO] [1730266588.878975430] [slam_node]: [92m主回调启动[0m
[INFO] [1730266588.880075432] [slam_node]: 当前运行时长:14.5
[INFO] [1730266588.881258186] [slam_node]: 启动运动控制模块
[INFO] [1730266588.883082189] [slam_node]: 启动避障逻辑
[INFO] [1730266588.883746658] [slam_node]: [93m前方障碍距离：0.650,[0m[91m左侧障碍距离：1.800,[0m[94m右侧障碍距离：0.250[0m
[INFO] [1730266588.885366161] [slam_node]: 当前运动方向place left
[INFO] [1730266588.888180654] [slam_node]: [93m第1次原地左转[0m
[INFO] [1730266589.391114733] [slam_node]: [93m第2次原地左转[0m
[INFO] [1730266589.893668602] [slam_node]: [92m转向定时器启动[0m
[INFO] [1730266589.896438715] [slam_node]: [94m最新！！前距障碍物：0.6500000357627869,左距障碍物：1.8000000715255737,右距障碍物：0.25[0m
[INFO] [1730266589.900905643] [slam_node]: [92m主回调启动[0m
[INFO] [1730266589.901740702] [slam_node]: 当前运行时长:15.0
[INFO] [1730266589.902880350] [slam_node]: 启动运动控制模块
[INFO] [1730266589.904712696] [slam_node]: 启动避障逻辑
[INFO] [1730266589.905473343] [slam_node]: [93m前方障碍距离：0.650,[0m[91m左侧障碍距离：1.800,[0m[94m右侧障碍距离：0.250[0m
[INFO] [1730266589.906161041] [slam_node]: 当前运动方向place left
[INFO] [1730266589.907721413] [slam_node]: [93m第1次原地左转[0m
[INFO] [1730266590.412065166] [slam_node]: [93m第2次原地左转[0m
[INFO] [1730266590.915734877] [slam_node]: [92m主回调启动[0m
[INFO] [1730266590.916772650] [slam_node]: 当前运行时长:15.5
[INFO] [1730266590.917571442] [slam_node]: 启动运动控制模块
[INFO] [1730266590.920581995] [slam_node]: 启动避障逻辑
[INFO] [1730266590.923208190] [slam_node]: [93m前方障碍距离：0.850,[0m[91m左侧障碍距离：inf,[0m[94m右侧障碍距离：0.300[0m
[INFO] [1730266590.924028958] [slam_node]: 当前运动方向Move forward
[INFO] [1730266590.925662537] [slam_node]: [92m转向定时器启动[0m
[INFO] [1730266590.926467227] [slam_node]: [94m最新！！前距障碍物：0.8500000238418579,左距障碍物：inf,右距障碍物：0.30000001192092896[0m
[INFO] [1730266591.377833907] [slam_node]: [92m主回调启动[0m
[INFO] [1730266591.379110954] [slam_node]: 当前运行时长:16.0
[INFO] [1730266591.380164697] [slam_node]: 启动运动控制模块
[INFO] [1730266591.381812194] [slam_node]: 启动避障逻辑
[INFO] [1730266591.382699895] [slam_node]: [93m前方障碍距离：inf,[0m[91m左侧障碍距离：1.400,[0m[94m右侧障碍距离：0.300[0m
[INFO] [1730266591.383442977] [slam_node]: 当前运动方向Move forward
[INFO] [1730266591.385137323] [slam_node]: [92m转向定时器启动[0m
[INFO] [1730266591.387488066] [slam_node]: [94m最新！！前距障碍物：inf,左距障碍物：1.399999976158142,右距障碍物：0.30000001192092896[0m
[INFO] [1730266591.878165070] [slam_node]: [92m主回调启动[0m
[INFO] [1730266591.879458898] [slam_node]: 当前运行时长:16.5
[INFO] [1730266591.880438374] [slam_node]: 启动运动控制模块
[INFO] [1730266591.882681200] [slam_node]: 启动避障逻辑
[INFO] [1730266591.883518770] [slam_node]: [93m前方障碍距离：inf,[0m[91m左侧障碍距离：1.450,[0m[94m右侧障碍距离：0.300[0m
[INFO] [1730266591.884471417] [slam_node]: 当前运动方向Move forward
[INFO] [1730266591.886696961] [slam_node]: [92m转向定时器启动[0m
[INFO] [1730266591.887449959] [slam_node]: [94m最新！！前距障碍物：inf,左距障碍物：1.4500000476837158,右距障碍物：0.30000001192092896[0m
[INFO] [1730266592.377999109] [slam_node]: [92m主回调启动[0m
[INFO] [1730266592.379136734] [slam_node]: 当前运行时长:17.0
[INFO] [1730266592.379978144] [slam_node]: 启动运动控制模块
[INFO] [1730266592.382130249] [slam_node]: 启动避障逻辑
[INFO] [1730266592.383166431] [slam_node]: [93m前方障碍距离：inf,[0m[91m左侧障碍距离：1.450,[0m[94m右侧障碍距离：0.250[0m
[INFO] [1730266592.384919776] [slam_node]: 当前运动方向Move forward
[INFO] [1730266592.386963361] [slam_node]: [92m转向定时器启动[0m
[INFO] [1730266592.387931925] [slam_node]: [94m最新！！前距障碍物：inf,左距障碍物：1.4500000476837158,右距障碍物：0.25[0m
[INFO] [1730266592.884798663] [slam_node]: [92m主回调启动[0m
[INFO] [1730266592.886716702] [slam_node]: 当前运行时长:17.5
[INFO] [1730266592.887687451] [slam_node]: 启动运动控制模块
[INFO] [1730266592.889746369] [slam_node]: 启动避障逻辑
[INFO] [1730266592.890789356] [slam_node]: [93m前方障碍距离：inf,[0m[91m左侧障碍距离：1.600,[0m[94m右侧障碍距离：0.250[0m
[INFO] [1730266592.891576174] [slam_node]: 当前运动方向Move forward
[INFO] [1730266592.893368530] [slam_node]: [92m转向定时器启动[0m
[INFO] [1730266592.894636259] [slam_node]: [94m最新！！前距障碍物：inf,左距障碍物：1.600000023841858,右距障碍物：0.25[0m
[INFO] [1730266593.378179742] [slam_node]: [92m主回调启动[0m
[INFO] [1730266593.379401737] [slam_node]: 当前运行时长:18.0
[INFO] [1730266593.380414551] [slam_node]: 启动运动控制模块
[INFO] [1730266593.382556329] [slam_node]: 启动避障逻辑
[INFO] [1730266593.383539385] [slam_node]: [93m前方障碍距离：inf,[0m[91m左侧障碍距离：1.550,[0m[94m右侧障碍距离：0.250[0m
[INFO] [1730266593.384797946] [slam_node]: 当前运动方向Move forward
[INFO] [1730266593.386555815] [slam_node]: [92m转向定时器启动[0m
[INFO] [1730266593.387510144] [slam_node]: [94m最新！！前距障碍物：inf,左距障碍物：1.5500000715255737,右距障碍物：0.25[0m
[INFO] [1730266593.896020066] [slam_node]: [92m主回调启动[0m
[INFO] [1730266593.897228753] [slam_node]: 当前运行时长:18.5
[INFO] [1730266593.898158495] [slam_node]: 启动运动控制模块
[INFO] [1730266593.900050446] [slam_node]: 启动避障逻辑
[INFO] [1730266593.900923988] [slam_node]: [93m前方障碍距离：inf,[0m[91m左侧障碍距离：1.500,[0m[94m右侧障碍距离：0.200[0m
[INFO] [1730266593.903153793] [slam_node]: 当前运动方向left move
[INFO] [1730266593.905474181] [slam_node]: [92m转向定时器启动[0m
[INFO] [1730266593.907541117] [slam_node]: [94m最新！！前距障碍物：inf,左距障碍物：1.5,右距障碍物：0.20000000298023224[0m
[INFO] [1730266594.381656301] [slam_node]: [92m主回调启动[0m
[INFO] [1730266594.383629304] [slam_node]: 当前运行时长:19.0
[INFO] [1730266594.387005164] [slam_node]: 启动运动控制模块
[INFO] [1730266594.391538518] [slam_node]: 启动避障逻辑
[INFO] [1730266594.392907738] [slam_node]: [93m前方障碍距离：inf,[0m[91m左侧障碍距离：1.600,[0m[94m右侧障碍距离：0.200[0m
[INFO] [1730266594.394910206] [slam_node]: 当前运动方向left move
[INFO] [1730266594.399964928] [slam_node]: [92m转向定时器启动[0m
[INFO] [1730266594.401111566] [slam_node]: [94m最新！！前距障碍物：inf,左距障碍物：1.600000023841858,右距障碍物：0.20000000298023224[0m
[INFO] [1730266594.878366278] [slam_node]: [92m主回调启动[0m
[INFO] [1730266594.879524351] [slam_node]: 当前运行时长:19.5
[INFO] [1730266594.880575877] [slam_node]: 启动运动控制模块
[INFO] [1730266594.882637364] [slam_node]: 启动避障逻辑
[INFO] [1730266594.884036645] [slam_node]: [93m前方障碍距离：inf,[0m[91m左侧障碍距离：1.500,[0m[94m右侧障碍距离：0.250[0m
[INFO] [1730266594.884984058] [slam_node]: 当前运动方向Move forward
[INFO] [1730266594.886822927] [slam_node]: [92m转向定时器启动[0m
[INFO] [1730266594.889380060] [slam_node]: [94m最新！！前距障碍物：inf,左距障碍物：1.5,右距障碍物：0.25[0m
[INFO] [1730266595.377924553] [slam_node]: [92m主回调启动[0m
[INFO] [1730266595.380165669] [slam_node]: 当前运行时长:20.0
[INFO] [1730266595.381605869] [slam_node]: 启动运动控制模块
[INFO] [1730266595.383852284] [slam_node]: 启动避障逻辑
[INFO] [1730266595.384815052] [slam_node]: [93m前方障碍距离：inf,[0m[91m左侧障碍距离：1.500,[0m[94m右侧障碍距离：0.250[0m
[INFO] [1730266595.385693248] [slam_node]: 当前运动方向Move forward
[INFO] [1730266595.387687447] [slam_node]: [92m转向定时器启动[0m
[INFO] [1730266595.388624281] [slam_node]: [94m最新！！前距障碍物：inf,左距障碍物：1.5,右距障碍物：0.25[0m
[INFO] [1730266595.884036603] [slam_node]: [92m主回调启动[0m
[INFO] [1730266595.885241983] [slam_node]: 当前运行时长:20.5
[INFO] [1730266595.886629349] [slam_node]: 启动运动控制模块
[INFO] [1730266595.889786666] [slam_node]: 启动避障逻辑
[INFO] [1730266595.890719130] [slam_node]: [93m前方障碍距离：4.900,[0m[91m左侧障碍距离：1.450,[0m[94m右侧障碍距离：0.250[0m
[INFO] [1730266595.891483911] [slam_node]: 当前运动方向Move forward
[INFO] [1730266595.896543801] [slam_node]: [92m转向定时器启动[0m
[INFO] [1730266595.897748010] [slam_node]: [94m最新！！前距障碍物：4.900000095367432,左距障碍物：1.4500000476837158,右距障碍物：0.25[0m
[INFO] [1730266596.379422008] [slam_node]: [92m主回调启动[0m
[INFO] [1730266596.380883521] [slam_node]: 当前运行时长:21.0
[INFO] [1730266596.381971704] [slam_node]: 启动运动控制模块
[INFO] [1730266596.383881607] [slam_node]: 启动避障逻辑
[INFO] [1730266596.384832433] [slam_node]: [93m前方障碍距离：4.850,[0m[91m左侧障碍距离：1.600,[0m[94m右侧障碍距离：0.250[0m
[INFO] [1730266596.385705127] [slam_node]: 当前运动方向Move forward
[INFO] [1730266596.387736911] [slam_node]: [92m转向定时器启动[0m
[INFO] [1730266596.388651233] [slam_node]: [94m最新！！前距障碍物：4.849999904632568,左距障碍物：1.600000023841858,右距障碍物：0.25[0m
[INFO] [1730266596.880975215] [slam_node]: [92m主回调启动[0m
[INFO] [1730266596.882173145] [slam_node]: 当前运行时长:21.5
[INFO] [1730266596.883341533] [slam_node]: 启动运动控制模块
[INFO] [1730266596.885199168] [slam_node]: 启动避障逻辑
[INFO] [1730266596.885956688] [slam_node]: [93m前方障碍距离：4.700,[0m[91m左侧障碍距离：1.650,[0m[94m右侧障碍距离：0.350[0m
[INFO] [1730266596.886687661] [slam_node]: 当前运动方向Move forward
[INFO] [1730266596.888975396] [slam_node]: [92m转向定时器启动[0m
[INFO] [1730266596.890556241] [slam_node]: [94m最新！！前距障碍物：4.700000286102295,左距障碍物：1.649999976158142,右距障碍物：0.3499999940395355[0m
[INFO] [1730266597.377669320] [slam_node]: [92m主回调启动[0m
[INFO] [1730266597.378926934] [slam_node]: 当前运行时长:22.0
[INFO] [1730266597.379911221] [slam_node]: 启动运动控制模块
[INFO] [1730266597.381733243] [slam_node]: 启动避障逻辑
[INFO] [1730266597.382801791] [slam_node]: [93m前方障碍距离：4.650,[0m[91m左侧障碍距离：1.550,[0m[94m右侧障碍距离：0.350[0m
[INFO] [1730266597.383966684] [slam_node]: 当前运动方向Move forward
[INFO] [1730266597.386683912] [slam_node]: [92m转向定时器启动[0m
[INFO] [1730266597.387804760] [slam_node]: [94m最新！！前距障碍物：4.650000095367432,左距障碍物：1.5500000715255737,右距障碍物：0.3499999940395355[0m
[INFO] [1730266597.878205980] [slam_node]: [92m主回调启动[0m
[INFO] [1730266597.879320055] [slam_node]: 当前运行时长:22.5
[INFO] [1730266597.880305660] [slam_node]: 启动运动控制模块
[INFO] [1730266597.882203704] [slam_node]: 启动避障逻辑
[INFO] [1730266597.883207001] [slam_node]: [93m前方障碍距离：2.750,[0m[91m左侧障碍距离：1.600,[0m[94m右侧障碍距离：0.350[0m
[INFO] [1730266597.884090209] [slam_node]: 当前运动方向Move forward
[INFO] [1730266597.886047425] [slam_node]: [92m转向定时器启动[0m
[INFO] [1730266597.886978716] [slam_node]: [94m最新！！前距障碍物：2.75,左距障碍物：1.600000023841858,右距障碍物：0.3499999940395355[0m
[INFO] [1730266598.378039891] [slam_node]: [92m主回调启动[0m
[INFO] [1730266598.379254871] [slam_node]: 当前运行时长:23.0
[INFO] [1730266598.380660265] [slam_node]: 启动运动控制模块
[INFO] [1730266598.382817205] [slam_node]: 启动避障逻辑
[INFO] [1730266598.383630978] [slam_node]: [93m前方障碍距离：2.750,[0m[91m左侧障碍距离：inf,[0m[94m右侧障碍距离：0.350[0m
[INFO] [1730266598.385078996] [slam_node]: 当前运动方向Move forward
[INFO] [1730266598.387351482] [slam_node]: [92m转向定时器启动[0m
[INFO] [1730266598.388307230] [slam_node]: [94m最新！！前距障碍物：2.75,左距障碍物：inf,右距障碍物：0.3499999940395355[0m
[INFO] [1730266598.879996568] [slam_node]: [92m主回调启动[0m
[INFO] [1730266598.881137580] [slam_node]: 当前运行时长:23.5
[INFO] [1730266598.882087911] [slam_node]: 启动运动控制模块
[INFO] [1730266598.884229255] [slam_node]: 启动避障逻辑
[INFO] [1730266598.885452676] [slam_node]: [93m前方障碍距离：4.200,[0m[91m左侧障碍距离：1.600,[0m[94m右侧障碍距离：0.400[0m
[INFO] [1730266598.886578330] [slam_node]: 当前运动方向Move forward
[INFO] [1730266598.888556186] [slam_node]: [92m转向定时器启动[0m
[INFO] [1730266598.889628776] [slam_node]: [94m最新！！前距障碍物：4.200000286102295,左距障碍物：1.600000023841858,右距障碍物：0.4000000059604645[0m
[INFO] [1730266599.379409438] [slam_node]: [92m主回调启动[0m
[INFO] [1730266599.380612255] [slam_node]: 当前运行时长:24.0
[INFO] [1730266599.381697655] [slam_node]: 启动运动控制模块
[INFO] [1730266599.383582752] [slam_node]: 启动避障逻辑
[INFO] [1730266599.384537237] [slam_node]: [93m前方障碍距离：3.800,[0m[91m左侧障碍距离：1.650,[0m[94m右侧障碍距离：0.450[0m
[INFO] [1730266599.385849405] [slam_node]: 当前运动方向Move forward
[INFO] [1730266599.388072770] [slam_node]: [92m转向定时器启动[0m
[INFO] [1730266599.389094542] [slam_node]: [94m最新！！前距障碍物：3.799999952316284,左距障碍物：1.649999976158142,右距障碍物：0.45000001788139343[0m
[INFO] [1730266599.878258856] [slam_node]: [92m主回调启动[0m
[INFO] [1730266599.879635650] [slam_node]: 当前运行时长:24.5
[INFO] [1730266599.880655607] [slam_node]: 启动运动控制模块
[INFO] [1730266599.882776337] [slam_node]: 启动避障逻辑
[INFO] [1730266599.883721773] [slam_node]: [93m前方障碍距离：4.100,[0m[91m左侧障碍距离：1.650,[0m[94m右侧障碍距离：0.650[0m
[INFO] [1730266599.884615945] [slam_node]: 当前运动方向Move forward
[INFO] [1730266599.886732021] [slam_node]: [92m转向定时器启动[0m
[INFO] [1730266599.887648779] [slam_node]: [94m最新！！前距障碍物：4.099999904632568,左距障碍物：1.649999976158142,右距障碍物：0.6500000357627869[0m
[INFO] [1730266600.379143330] [slam_node]: [92m主回调启动[0m
[INFO] [1730266600.380246195] [slam_node]: 当前运行时长:25.0
[INFO] [1730266600.381089176] [slam_node]: 启动运动控制模块
[INFO] [1730266600.382944192] [slam_node]: 启动避障逻辑
[INFO] [1730266600.384290872] [slam_node]: [93m前方障碍距离：3.750,[0m[91m左侧障碍距离：1.700,[0m[94m右侧障碍距离：0.950[0m
[INFO] [1730266600.385068125] [slam_node]: 当前运动方向Move forward
[INFO] [1730266600.387137404] [slam_node]: [92m转向定时器启动[0m
[INFO] [1730266600.387914464] [slam_node]: [94m最新！！前距障碍物：3.75,左距障碍物：1.7000000476837158,右距障碍物：0.949999988079071[0m
[INFO] [1730266600.878029000] [slam_node]: [92m主回调启动[0m
[INFO] [1730266600.879386210] [slam_node]: 当前运行时长:25.5
[INFO] [1730266600.880403775] [slam_node]: 启动运动控制模块
[INFO] [1730266600.882227290] [slam_node]: 启动避障逻辑
[INFO] [1730266600.883260560] [slam_node]: [93m前方障碍距离：3.500,[0m[91m左侧障碍距离：1.700,[0m[94m右侧障碍距离：1.450[0m
[INFO] [1730266600.884133675] [slam_node]: 当前运动方向Move forward
[INFO] [1730266600.886016916] [slam_node]: [92m转向定时器启动[0m
[INFO] [1730266600.886956629] [slam_node]: [94m最新！！前距障碍物：3.5,左距障碍物：1.7000000476837158,右距障碍物：1.4500000476837158[0m
[INFO] [1730266601.379342635] [slam_node]: [92m主回调启动[0m
[INFO] [1730266601.380930268] [slam_node]: 当前运行时长:26.0
[INFO] [1730266601.383180345] [slam_node]: 启动运动控制模块
[INFO] [1730266601.385339240] [slam_node]: 启动避障逻辑
[INFO] [1730266601.387131451] [slam_node]: [93m前方障碍距离：3.800,[0m[91m左侧障碍距离：1.700,[0m[94m右侧障碍距离：2.050[0m
[INFO] [1730266601.388500260] [slam_node]: 当前运动方向Move forward
[INFO] [1730266601.390614010] [slam_node]: [92m转向定时器启动[0m
[INFO] [1730266601.391807202] [slam_node]: [94m最新！！前距障碍物：3.799999952316284,左距障碍物：1.7000000476837158,右距障碍物：2.049999952316284[0m
[INFO] [1730266601.878116844] [slam_node]: [92m主回调启动[0m
[INFO] [1730266601.879314849] [slam_node]: 当前运行时长:26.5
[INFO] [1730266601.880244350] [slam_node]: 启动运动控制模块
[INFO] [1730266601.882792284] [slam_node]: 启动避障逻辑
[INFO] [1730266601.885075012] [slam_node]: [93m前方障碍距离：3.650,[0m[91m左侧障碍距离：2.050,[0m[94m右侧障碍距离：2.350[0m
[INFO] [1730266601.885867236] [slam_node]: 当前运动方向Move forward
[INFO] [1730266601.887617843] [slam_node]: [92m转向定时器启动[0m
[INFO] [1730266601.888366900] [slam_node]: [94m最新！！前距障碍物：3.6500000953674316,左距障碍物：2.049999952316284,右距障碍物：2.3500001430511475[0m
[INFO] [1730266602.378206284] [slam_node]: [92m主回调启动[0m
[INFO] [1730266602.379795728] [slam_node]: 当前运行时长:27.0
[INFO] [1730266602.380765246] [slam_node]: 启动运动控制模块
[INFO] [1730266602.382638237] [slam_node]: 启动避障逻辑
[INFO] [1730266602.383459890] [slam_node]: [93m前方障碍距离：3.200,[0m[91m左侧障碍距离：2.100,[0m[94m右侧障碍距离：2.650[0m
[INFO] [1730266602.384258780] [slam_node]: 当前运动方向Move forward
[INFO] [1730266602.385919798] [slam_node]: [92m转向定时器启动[0m
[INFO] [1730266602.386876728] [slam_node]: [94m最新！