[INFO] [1729653417.432405530] [slam_node]: 倒计时: 5秒
[INFO] [1729653418.434500987] [slam_node]: 倒计时: 4秒
[INFO] [1729653419.436631828] [slam_node]: 倒计时: 3秒
[INFO] [1729653420.438551211] [slam_node]: 倒计时: 2秒
[INFO] [1729653421.440698677] [slam_node]: 倒计时: 1秒
[INFO] [1729653422.442696271] [slam_node]: 倒计时结束！
[INFO] [1729653422.443004955] [slam_node]: 启动运动控制模块
[INFO] [1729653423.444378365] [slam_node]: 启动避障逻辑
[INFO] [1729653423.444689826] [slam_node]: [93m最新前方障碍距离：2.000,[0m[91m最新左侧障碍距离：0.500,[0m[94m最新右侧障碍距离：0.350[0m
[INFO] [1729653423.445022325] [slam_node]: 当前运动方向Move forward
[INFO] [1729653423.445462166] [slam_node]: 当前运行时长:0.0
[INFO] [1729653423.945093794] [slam_node]: 启动避障逻辑
[INFO] [1729653423.945407466] [slam_node]: [93m最新前方障碍距离：1.950,[0m[91m最新左侧障碍距离：0.550,[0m[94m最新右侧障碍距离：0.350[0m
[INFO] [1729653423.945687236] [slam_node]: 当前运动方向Move forward
[INFO] [1729653423.946116495] [slam_node]: 当前运行时长:0.5
[INFO] [1729653424.445284514] [slam_node]: 启动避障逻辑
[INFO] [1729653424.445588826] [slam_node]: [93m最新前方障碍距离：1.850,[0m[91m最新左侧障碍距离：0.550,[0m[94m最新右侧障碍距离：0.400[0m
[INFO] [1729653424.445857998] [slam_node]: 当前运动方向Move forward
[INFO] [1729653424.446319090] [slam_node]: 当前运行时长:1.0
[INFO] [1729653424.944600412] [slam_node]: 启动避障逻辑
[INFO] [1729653424.944901590] [slam_node]: [93m最新前方障碍距离：1.750,[0m[91m最新左侧障碍距离：0.600,[0m[94m最新右侧障碍距离：3.100[0m
[INFO] [1729653424.945211513] [slam_node]: 当前运动方向Move forward
[INFO] [1729653424.945630541] [slam_node]: 当前运行时长:1.5
[INFO] [1729653425.444955893] [slam_node]: 启动避障逻辑
[INFO] [1729653425.445286129] [slam_node]: [93m最新前方障碍距离：1.650,[0m[91m最新左侧障碍距离：0.600,[0m[94m最新右侧障碍距离：3.050[0m
[INFO] [1729653425.445572141] [slam_node]: 当前运动方向Move forward
[INFO] [1729653425.445998004] [slam_node]: 当前运行时长:2.0
[INFO] [1729653425.944696982] [slam_node]: 启动避障逻辑
[INFO] [1729653425.945010039] [slam_node]: [93m最新前方障碍距离：1.550,[0m[91m最新左侧障碍距离：0.650,[0m[94m最新右侧障碍距离：3.300[0m
[INFO] [1729653425.945353732] [slam_node]: 当前运动方向Move forward
[INFO] [1729653425.945817423] [slam_node]: 当前运行时长:2.5
[INFO] [1729653426.444498384] [slam_node]: 启动避障逻辑
[INFO] [1729653426.444808505] [slam_node]: [93m最新前方障碍距离：1.400,[0m[91m最新左侧障碍距离：0.750,[0m[94m最新右侧障碍距离：3.150[0m
[INFO] [1729653426.445132642] [slam_node]: 当前运动方向Move forward
[INFO] [1729653426.445588210] [slam_node]: 当前运行时长:3.0
[INFO] [1729653426.944987140] [slam_node]: 启动避障逻辑
[INFO] [1729653426.945366284] [slam_node]: [93m最新前方障碍距离：1.300,[0m[91m最新左侧障碍距离：0.950,[0m[94m最新右侧障碍距离：3.100[0m
[INFO] [1729653426.945653057] [slam_node]: 当前运动方向Move forward
[INFO] [1729653426.946084117] [slam_node]: 当前运行时长:3.5
[INFO] [1729653427.445372692] [slam_node]: 启动避障逻辑
[INFO] [1729653427.445684124] [slam_node]: [93m最新前方障碍距离：1.150,[0m[91m最新左侧障碍距离：1.150,[0m[94m最新右侧障碍距离：3.850[0m
[INFO] [1729653427.446049729] [slam_node]: 当前运动方向Move forward
[INFO] [1729653427.446634243] [slam_node]: 当前运行时长:4.0
[INFO] [1729653427.944717233] [slam_node]: 启动避障逻辑
[INFO] [1729653427.945023936] [slam_node]: [93m最新前方障碍距离：1.000,[0m[91m最新左侧障碍距离：1.200,[0m[94m最新右侧障碍距离：inf[0m
[INFO] [1729653427.945343772] [slam_node]: 当前运动方向Move forward
[INFO] [1729653427.945761974] [slam_node]: 当前运行时长:4.5
[INFO] [1729653428.445039782] [slam_node]: 启动避障逻辑
[INFO] [1729653428.445370428] [slam_node]: [93m最新前方障碍距离：0.650,[0m[91m最新左侧障碍距离：1.200,[0m[94m最新右侧障碍距离：3.850[0m
[INFO] [1729653428.445657531] [slam_node]: 当前运动方向Move forward
[INFO] [1729653428.446134750] [slam_node]: 当前运行时长:5.0
[INFO] [1729653428.944673522] [slam_node]: 启动避障逻辑
[INFO] [1729653428.944983057] [slam_node]: [93m最新前方障碍距离：0.800,[0m[91m最新左侧障碍距离：1.450,[0m[94m最新右侧障碍距离：2.200[0m
[INFO] [1729653428.945322572] [slam_node]: 当前运动方向Move forward
[INFO] [1729653428.945745444] [slam_node]: 当前运行时长:5.5
[INFO] [1729653429.444529816] [slam_node]: 启动避障逻辑
[INFO] [1729653429.444838299] [slam_node]: [93m最新前方障碍距离：0.650,[0m[91m最新左侧障碍距离：2.200,[0m[94m最新右侧障碍距离：2.400[0m
[INFO] [1729653429.445145162] [slam_node]: 当前运动方向Move forward
[INFO] [1729653429.445563675] [slam_node]: 当前运行时长:6.0
[INFO] [1729653429.945346099] [slam_node]: 启动避障逻辑
[INFO] [1729653429.945647436] [slam_node]: [93m最新前方障碍距离：0.550,[0m[91m最新左侧障碍距离：inf,[0m[94m最新右侧障碍距离：1.200[0m
[INFO] [1729653429.945908482] [slam_node]: 当前运动方向Move forward
[INFO] [1729653429.946416521] [slam_node]: 当前运行时长:6.5
[INFO] [1729653430.444961907] [slam_node]: 启动避障逻辑
[INFO] [1729653430.445288682] [slam_node]: [93m最新前方障碍距离：0.500,[0m[91m最新左侧障碍距离：inf,[0m[94m最新右侧障碍距离：0.800[0m
[INFO] [1729653430.445568934] [slam_node]: 当前运动方向Turn left
[INFO] [1729653430.445990283] [slam_node]: [91m第1次左转[0m
[INFO] [1729653430.947304460] [slam_node]: [91m第2次左转[0m
[INFO] [1729653431.449416708] [slam_node]: [91m第3次左转[0m
[INFO] [1729653431.951116495] [slam_node]: [91m第4次左转[0m
[INFO] [1729653432.452772508] [slam_node]: [91m第5次左转[0m
[INFO] [1729653432.953912647] [slam_node]: [91m第6次左转[0m
[INFO] [1729653433.455275137] [slam_node]: [91m第7次左转[0m
[INFO] [1729653433.957401425] [slam_node]: [91m第8次左转[0m
[INFO] [1729653434.458883113] [slam_node]: [91m第9次左转[0m
[INFO] [1729653434.960726669] [slam_node]: [91m第10次左转[0m
[INFO] [1729653435.462009766] [slam_node]: 当前运行时长:7.0
[INFO] [1729653435.462737701] [slam_node]: 启动避障逻辑
[INFO] [1729653435.463022033] [slam_node]: [93m最新前方障碍距离：0.500,[0m[91m最新左侧障碍距离：inf,[0m[94m最新右侧障碍距离：0.800[0m
[INFO] [1729653435.463299513] [slam_node]: 当前运动方向Move forward
[INFO] [1729653435.463770772] [slam_node]: 当前运行时长:7.5
[INFO] [1729653435.944512465] [slam_node]: 启动避障逻辑
[INFO] [1729653435.944817078] [slam_node]: [93m最新前方障碍距离：inf,[0m[91m最新左侧障碍距离：0.600,[0m[94m最新右侧障碍距离：0.350[0m
[INFO] [1729653435.945155453] [slam_node]: 当前运动方向Move forward
[INFO] [1729653435.945576117] [slam_node]: 当前运行时长:8.0
[INFO] [1729653436.444512970] [slam_node]: 启动避障逻辑
[INFO] [1729653436.445230473] [slam_node]: [93m最新前方障碍距离：inf,[0m[91m最新左侧障碍距离：0.600,[0m[94m最新右侧障碍距离：0.350[0m
[INFO] [1729653436.445501645] [slam_node]: 当前运动方向Move forward
[INFO] [1729653436.446104034] [slam_node]: 当前运行时长:8.5
[INFO] [1729653436.945314544] [slam_node]: 启动避障逻辑
[INFO] [1729653436.945626405] [slam_node]: [93m最新前方障碍距离：inf,[0m[91m最新左侧障碍距离：0.500,[0m[94m最新右侧障碍距离：0.400[0m
[INFO] [1729653436.945948361] [slam_node]: 当前运动方向Move forward
[INFO] [1729653436.946356465] [slam_node]: 当前运行时长:9.0
[INFO] [1729653437.444585976] [slam_node]: 启动避障逻辑
[INFO] [1729653437.444897172] [slam_node]: [93m最新前方障碍距离：inf,[0m[91m最新左侧障碍距离：0.600,[0m[94m最新右侧障碍距离：0.400[0m
[INFO] [1729653437.445221886] [slam_node]: 当前运动方向Move forward
[INFO] [1729653437.445632989] [slam_node]: 当前运行时长:9.5
[INFO] [1729653437.944707633] [slam_node]: 启动避障逻辑
[INFO] [1729653437.945012676] [slam_node]: [93m最新前方障碍距离：inf,[0m[91m最新左侧障碍距离：0.500,[0m[94m最新右侧障碍距离：0.400[0m
[INFO] [1729653437.945356897] [slam_node]: 当前运动方向Move forward
[INFO] [1729653437.945764917] [slam_node]: 当前运行时长:10.0
[INFO] [1729653438.444410412] [slam_node]: 启动避障逻辑
[INFO] [1729653438.444714578] [slam_node]: [93m最新前方障碍距离：inf,[0m[91m最新左侧障碍距离：0.550,[0m[94m最新右侧障碍距离：0.450[0m
[INFO] [1729653438.445076929] [slam_node]: 当前运动方向Move forward
[INFO] [1729653438.445509902] [slam_node]: 当前运行时长:10.5
[INFO] [1729653438.945481584] [slam_node]: 启动避障逻辑
[INFO] [1729653438.946003769] [slam_node]: [93m最新前方障碍距离：inf,[0m[91m最新左侧障碍距离：1.350,[0m[94m最新右侧障碍距离：0.450[0m
[INFO] [1729653438.946279070] [slam_node]: 当前运动方向Move forward
[INFO] [1729653438.946699660] [slam_node]: 当前运行时长:11.0
[INFO] [1729653439.444511334] [slam_node]: 启动避障逻辑
[INFO] [1729653439.444820818] [slam_node]: [93m最新前方障碍距离：inf,[0m[91m最新左侧障碍距离：0.650,[0m[94m最新右侧障碍距离：0.500[0m
[INFO] [1729653439.445124338] [slam_node]: 当前运动方向Move forward
[INFO] [1729653439.445562377] [slam_node]: 当前运行时长:11.5
[INFO] [1729653439.945221403] [slam_node]: 启动避障逻辑
[INFO] [1729653439.945574565] [slam_node]: [93m最新前方障碍距离：inf,[0m[91m最新左侧障碍距离：1.300,[0m[94m最新右侧障碍距离：0.500[0m
[INFO] [1729653439.945879011] [slam_node]: 当前运动方向Move forward
[INFO] [1729653439.946300756] [slam_node]: 当前运行时长:12.0
[INFO] [1729653440.444461738] [slam_node]: 启动避障逻辑
[INFO] [1729653440.444773993] [slam_node]: [93m最新前方障碍距离：inf,[0m[91m最新左侧障碍距离：1.250,[0m[94m最新右侧障碍距离：0.550[0m
[INFO] [1729653440.445083671] [slam_node]: 当前运动方向Move forward
[INFO] [1729653440.445496178] [slam_node]: 当前运行时长:12.5
[INFO] [1729653440.945253825] [slam_node]: 启动避障逻辑
[INFO] [1729653440.945633339] [slam_node]: [93m最新前方障碍距离：inf,[0m[91m最新左侧障碍距离：1.250,[0m[94m最新右侧障碍距离：0.600[0m
[INFO] [1729653440.945902096] [slam_node]: 当前运动方向Move forward
[INFO] [1729653440.946346433] [slam_node]: 当前运行时长:13.0
[INFO] [1729653441.444608202] [slam_node]: 启动避障逻辑
[INFO] [1729653441.444918675] [slam_node]: [93m最新前方障碍距离：inf,[0m[91m最新左侧障碍距离：1.200,[0m[94m最新右侧障碍距离：0.700[0m
[INFO] [1729653441.445253592] [slam_node]: 当前运动方向Move forward
[INFO] [1729653441.445659393] [slam_node]: 当前运行时长:13.5
[INFO] [1729653441.944837495] [slam_node]: 启动避障逻辑
[INFO] [1729653441.945167112] [slam_node]: [93m最新前方障碍距离：inf,[0m[91m最新左侧障碍距离：1.200,[0m[94m最新右侧障碍距离：0.600[0m
[INFO] [1729653441.945430912] [slam_node]: 当前运动方向Move forward
[INFO] [1729653441.945833962] [slam_node]: 当前运行时长:14.0
[INFO] [1729653442.445159929] [slam_node]: 启动避障逻辑
[INFO] [1729653442.445504198] [slam_node]: [93m最新前方障碍距离：inf,[0m[91m最新左侧障碍距离：1.150,[0m[94m最新右侧障碍距离：0.650[0m
[INFO] [1729653442.445930950] [slam_node]: 当前运动方向Move forward
[INFO] [1729653442.446355254] [slam_node]: 当前运行时长:14.5
[INFO] [1729653442.945099765] [slam_node]: 启动避障逻辑
[INFO] [1729653442.945441818] [slam_node]: [93m最新前方障碍距离：inf,[0m[91m最新左侧障碍距离：1.150,[0m[94m最新右侧障碍距离：0.700[0m
[INFO] [1729653442.945735711] [slam_node]: 当前运动方向Move forward
[INFO] [1729653442.946149961] [slam_node]: 当前运行时长:15.0
[INFO] [1729653443.445194338] [slam_node]: 启动避障逻辑
[INFO] [1729653443.445596445] [slam_node]: [93m最新前方障碍距离：inf,[0m[91m最新左侧障碍距离：1.100,[0m[94m最新右侧障碍距离：0.850[0m
[INFO] [1729653443.445892768] [slam_node]: 当前运动方向Move forward
[INFO] [1729653443.446345389] [slam_node]: 当前运行时长:15.5
[INFO] [1729653443.945152376] [slam_node]: 启动避障逻辑
[INFO] [1729653443.945478730] [slam_node]: [93m最新前方障碍距离：4.750,[0m[91m最新左侧障碍距离：1.100,[0m[94m最新右侧障碍距离：0.800[0m
[INFO] [1729653443.945760635] [slam_node]: 当前运动方向Move forward
[INFO] [1729653443.946178851] [slam_node]: 当前运行时长:16.0
[INFO] [1729653444.444789682] [slam_node]: 启动避障逻辑
[INFO] [1729653444.445110041] [slam_node]: [93m最新前方障碍距离：inf,[0m[91m最新左侧障碍距离：1.050,[0m[94m最新右侧障碍距离：0.900[0m
[INFO] [1729653444.445448101] [slam_node]: 当前运动方向Move forward
[INFO] [1729653444.445865909] [slam_node]: 当前运行时长:16.5
[INFO] [1729653444.944606235] [slam_node]: 启动避障逻辑
[INFO] [1729653444.944900358] [slam_node]: [93m最新前方障碍距离：inf,[0m[91m最新左侧障碍距离：1.050,[0m[94m最新右侧障碍距离：0.750[0m
[INFO] [1729653444.945190518] [slam_node]: 当前运动方向Move forward
[INFO] [1729653444.945616316] [slam_node]: 当前运行时长:17.0
[INFO] [1729653445.445542665] [slam_node]: 启动避障逻辑
[INFO] [1729653445.445856685] [slam_node]: [93m最新前方障碍距离：4.450,[0m[91m最新左侧障碍距离：1.000,[0m[94m最新右侧障碍距离：inf[0m
[INFO] [1729653445.446171043] [slam_node]: 当前运动方向Move forward
[INFO] [1729653445.446584214] [slam_node]: 当前运行时长:17.5
[INFO] [1729653445.944834529] [slam_node]: 启动避障逻辑
[INFO] [1729653445.945202955] [slam_node]: [93m最新前方障碍距离：3.450,[0m[91m最新左侧障碍距离：0.950,[0m[94m最新右侧障碍距离：inf[0m
[INFO] [1729653445.945529780] [slam_node]: 当前运动方向Turn right
[INFO] [1729653445.946011140] [slam_node]: [91m第1次右转[0m
[INFO] [1729653446.447785043] [slam_node]: [91m第2次右转[0m
[INFO] [1729653446.949354014] [slam_node]: [91m第3次右转[0m
[INFO] [1729653447.451146379] [slam_node]: [91m第4次右转[0m
[INFO] [1729653447.953296717] [slam_node]: [91m第5次右转[0m
[INFO] [1729653448.454832883] [slam_node]: [91m第6次右转[0m
[INFO] [1729653448.956678885] [slam_node]: [91m第7次右转[0m
[INFO] [1729653449.458124038] [slam_node]: [91m第8次右转[0m
[INFO] [1729653449.959787031] [slam_node]: [91m第9次右转[0m
[INFO] [1729653450.461400706] [slam_node]: [91m第10次右转[0m
[INFO] [1729653450.962598625] [slam_node]: 当前运行时长:18.0
[INFO] [1729653450.963259076] [slam_node]: 启动避障逻辑
[INFO] [1729653450.963644085] [slam_node]: [93m最新前方障碍距离：3.450,[0m[91m最新左侧障碍距离：0.950,[0m[94m最新右侧障碍距离：inf[0m
[INFO] [1729653450.963959102] [slam_node]: 当前运动方向Move forward
[INFO] [1729653450.964460649] [slam_node]: 当前运行时长:18.5
[INFO] [1729653451.445217576] [slam_node]: 启动避障逻辑
[INFO] [1729653451.445521421] [slam_node]: [93m最新前方障碍距离：3.300,[0m[91m最新左侧障碍距离：1.800,[0m[94m最新右侧障碍距离：1.650[0m
[INFO] [1729653451.445791667] [slam_node]: 当前运动方向Move forward
[INFO] [1729653451.446285704] [slam_node]: 当前运行时长:19.0
[INFO] [1729653451.944676050] [slam_node]: 启动避障逻辑
[INFO] [1729653451.944989206] [slam_node]: [93m最新前方障碍距离：2.950,[0m[91m最新左侧障碍距离：1.900,[0m[94m最新右侧障碍距离：1.200[0m
[INFO] [1729653451.945306343] [slam_node]: 当前运动方向Move forward
[INFO] [1729653451.945716802] [slam_node]: 当前运行时长:19.5
[INFO] [1729653452.444534591] [slam_node]: 启动避障逻辑
[INFO] [1729653452.444852359] [slam_node]: [93m最新前方障碍距离：2.850,[0m[91m最新左侧障碍距离：2.450,[0m[94m最新右侧障碍距离：0.900[0m
[INFO] [1729653452.445172377] [slam_node]: 当前运动方向Move forward
[INFO] [1729653452.445582945] [slam_node]: 当前运行时长:20.0
[INFO] [1729653452.944666744] [slam_node]: 启动避障逻辑
[INFO] [1729653452.944964477] [slam_node]: [93m最新前方障碍距离：2.950,[0m[91m最新左侧障碍距离：inf,[0m[94m最新右侧障碍距离：0.850[0m
[INFO] [1729653452.945305505] [slam_node]: 当前运动方向Turn left
[INFO] [1729653452.945712950] [slam_node]: [91m第1次左转[0m
[INFO] [1729653453.447306560] [slam_node]: [91m第2次左转[0m
[INFO] [1729653453.949247338] [slam_node]: [91m第3次左转[0m
[INFO] [1729653454.450867366] [slam_node]: [91m第4次左转[0m
[INFO] [1729653454.953100524] [slam_node]: [91m第5次左转[0m
[INFO] [1729653455.454815031] [slam_node]: [91m第6次左转[0m
[INFO] [1729653455.956153775] [slam_node]: [91m第7次左转[0m
[INFO] [1729653456.458284607] [slam_node]: [91m第8次左转[0m
[INFO] [1729653456.959788812] [slam_node]: [91m第9次左转[0m
[INFO] [1729653457.461390551] [slam_node]: [91m第10次左转[0m
[INFO] [1729653457.963555646] [slam_node]: 当前运行时长:20.5
[INFO] [1729653457.964125922] [slam_node]: 启动避障逻辑
[INFO] [1729653457.964457361] [slam_node]: [93m最新前方障碍距离：2.950,[0m[91m最新左侧障碍距离：inf,[0m[94m最新右侧障碍距离：0.850[0m
[INFO] [1729653457.964717306] [slam_node]: 当前运动方向Move forward
[INFO] [1729653457.965138401] [slam_node]: 当前运行时长:21.0
[INFO] [1729653458.444978556] [slam_node]: 启动避障逻辑
[INFO] [1729653458.445381542] [slam_node]: [93m最新前方障碍距离：inf,[0m[91m最新左侧障碍距离：1.600,[0m[94m最新右侧障碍距离：1.500[0m
[INFO] [1729653458.445646303] [slam_node]: 当前运动方向Move forward
[INFO] [1729653458.446067451] [slam_node]: 当前运行时长:21.5
[INFO] [1729653458.945149007] [slam_node]: 启动避障逻辑
[INFO] [1729653458.945558115] [slam_node]: [93m最新前方障碍距离：inf,[0m[91m最新左侧障碍距离：1.550,[0m[94m最新右侧障碍距离：1.500[0m
[INFO] [1729653458.945907937] [slam_node]: 当前运动方向Move forward
[INFO] [1729653458.946316988] [slam_node]: 当前运行时长:22.0
[INFO] [1729653459.444833394] [slam_node]: 启动避障逻辑
[INFO] [1729653459.445176830] [slam_node]: [93m最新前方障碍距离：inf,[0m[91m最新左侧障碍距离：1.550,[0m[94m最新右侧障碍距离：1.450[0m
[INFO] [1729653459.445459427] [slam_node]: 当前运动方向Move forward
[INFO] [1729653459.445861780] [slam_node]: 当前运行时长:22.5
[INFO] [1729653459.944657140] [slam_node]: 启动避障逻辑
[INFO] [1729653459.944961652] [slam_node]: [93m最新前方障碍距离：inf,[0m[91m最新左侧障碍距离：1.500,[0m[94m最新右侧障碍距离：1.450[0m
[INFO] [1729653459.945276013] [slam_node]: 当前运动方向Move forward
[INFO] [1729653459.945682892] [slam_node]: 当前运行时长:23.0
[INFO] [1729653460.444403219] [slam_node]: 启动避障逻辑
[INFO] [1729653460.444709055] [slam_node]: [93m最新前方障碍距离：inf,[0m[91m最新左侧障碍距离：1.450,[0m[94m最新右侧障碍距离：1.500[0m
[INFO] [1729653460.444968802] [slam_node]: 当前运动方向Move forward
[INFO] [1729653460.445416660] [slam_node]: 当前运行时长:23.5
[INFO] [1729653460.945063861] [slam_node]: 启动避障逻辑
[INFO] [1729653460.945402942] [slam_node]: [93m最新前方障碍距离：4.900,[0m[91m最新左侧障碍距离：1.400,[0m[94m最新右侧障碍距离：1.500[0m
[INFO] [1729653460.945817989] [slam_node]: 当前运动方向Move forward
[INFO] [1729653460.946309383] [slam_node]: 当前运行时长:24.0
[INFO] [1729653461.445440213] [slam_node]: 启动避障逻辑
[INFO] [1729653461.445761884] [slam_node]: [93m最新前方障碍距离：inf,[0m[91m最新左侧障碍距离：1.400,[0m[94m最新右侧障碍距离：1.700[0m
[INFO] [1729653461.446073190] [slam_node]: 当前运动方向Move forward
[INFO] [1729653461.446527330] [slam_node]: 当前运行时长:24.5
[INFO] [1729653461.944916214] [slam_node]: 启动避障逻辑
[INFO] [1729653461.945286839] [slam_node]: [93m最新前方障碍距离：4.750,[0m[91m最新左侧障碍距离：1.350,[0m[94m最新右侧障碍距离：1.500[0m
[INFO] [1729653461.945571961] [slam_node]: 当前运动方向Move forward
[INFO] [1729653461.945975583] [slam_node]: 当前运行时长:25.0
[INFO] [1729653462.444657547] [slam_node]: 启动避障逻辑
[INFO] [1729653462.444963528] [slam_node]: [93m最新前方障碍距离：inf,[0m[91m最新左侧障碍距离：1.350,[0m[94m最新右侧障碍距离：1.500[0m
[INFO] [1729653462.445313991] [slam_node]: 当前运动方向Move forward
[INFO] [1729653462.445806342] [slam_node]: 当前运行时长:25.5
[INFO] [1729653462.945221902] [slam_node]: 启动避障逻辑
[INFO] [1729653462.945519913] [slam_node]: [93m最新前方障碍距离：inf,[0m[91m最新左侧障碍距离：1.250,[0m[94m最新右侧障碍距离：1.550[0m
[INFO] [1729653462.945781146] [slam_node]: 当前运动方向Move forward
[INFO] [1729653462.946230555] [slam_node]: 当前运行时长:26.0
[INFO] [1729653463.445377662] [slam_node]: 启动避障逻辑
[INFO] [1729653463.445679374] [slam_node]: [93m最新前方障碍距离：4.500,[0m[91m最新左侧障碍距离：1.250,[0m[94m最新右侧障碍距离：1.550[0m
[INFO] [1729653463.445967295] [slam_node]: 当前运动方向Move forward
[INFO] [1729653463.446362240] [slam_node]: 当前运行时长:26.5
[INFO] [1729653463.944759864] [slam_node]: 启动避障逻辑
[INFO] [1729653463.945057038] [slam_node]: [93m最新前方障碍距离：inf,[0m[91m最新左侧障碍距离：1.250,[0m[94m最新右侧障碍距离：1.500[0m
[INFO] [1729653463.945364765] [slam_node]: 当前运动方向Move forward
[INFO] [1729653463.945814805] [slam_node]: 当前运行时长:27.0
[INFO] [1729653464.444720017] [slam_node]: 启动避障逻辑
[INFO] [1729653464.445097020] [slam_node]: [93m最新前方障碍距离：inf,[0m[91m最新左侧障碍距离：1.150,[0m[94m最新右侧障碍距离：0.950[0m
[INFO] [1729653464.445381631] [slam_node]: 当前运动方向Move forward
[INFO] [1729653464.445916406] [slam_node]: 当前运行时长:27.5
[INFO] [1729653464.944422826] [slam_node]: 启动避障逻辑
[INFO] [1729653464.944721965] [slam_node]: [93m最新前方障碍距离：inf,[0m[91m最新左侧障碍距离：1.150,[0m[94m最新右侧障碍距离：1.000[0m
[INFO] [1729653464.944986996] [slam_node]: 当前运动方向Move forward
[INFO] [1729653464.945446522] [slam_node]: 当前运行时长:28.0
[INFO] [1729653465.444657911] [slam_node]: 启动避障逻辑
[INFO] [1729653465.444969943] [slam_node]: [93m最新前方障碍距离：4.000,[0m[91m最新左侧障碍距离：1.150,[0m[94m最新右侧障碍距离：2.150[0m
[INFO] [1729653465.445300821] [slam_node]: 当前运动方向Move forward
[INFO] [1729653465.445710856] [slam_node]: 当前运行时长:28.5
[INFO] [1729653465.945140349] [slam_node]: 启动避障逻辑
[INFO] [1729653465.945492055] [slam_node]: [93m最新前方障碍距离：4.200,[0m[91m最新左侧障碍距离：1.100,[0m[94m最新右侧障碍距离：2.150[0m
[INFO] [1729653465.945755452] [slam_node]: 当前运动方向Turn right
[INFO] [1729653465.946169534] [slam_node]: [91m第1次右转[0m
[INFO] [1729653466.447637667] [slam_node]: [91m第2次右转[0m
[INFO] [1729653466.948407271] [slam_node]: [91m第3次右转[0m
[INFO] [1729653467.449716394] [slam_node]: [91m第4次右转[0m
[INFO] [1729653467.951401739] [slam_node]: [91m第5次右转[0m
[INFO] [1729653468.453066050] [slam_node]: [91m第6次右转[0m
[INFO] [1729653468.954420462] [slam_node]: [91m第7次右转[0m
[INFO] [1729653469.456278861] [slam_node]: [91m第8次右转[0m
[INFO] [1729653469.958154320] [slam_node]: [91m第9次右转[0m
[INFO] [1729653470.459574541] [slam_node]: [91m第10次右转[0m
[INFO] [1729653470.961166204] [slam_node]: 当前运行时长:29.0
[INFO] [1729653470.961791549] [slam_node]: 启动避障逻辑
[INFO] [1729653470.962061504] [slam_node]: [93m最新前方障碍距离：4.200,[0m[91m最新左侧障碍距离：1.100,[0m[94m最新右侧障碍距离：2.150[0m
[INFO] [1729653470.962340788] [slam_node]: 当前运动方向Move forward
[INFO] [1729653470.962942779] [slam_node]: 当前运行时长:29.5
[INFO] [1729653471.445137306] [slam_node]: 启动避障逻辑
[INFO] [1729653471.445598730] [slam_node]: [93m最新前方障碍距离：2.200,[0m[91m最新左侧障碍距离：2.350,[0m[94m最新右侧障碍距离：2.850[0m
[INFO] [1729653471.445943783] [slam_node]: 当前运动方向Move forward
[INFO] [1729653471.446380395] [slam_node]: 当前运行时长:30.0
[INFO] [1729653471.944855512] [slam_node]: 启动避障逻辑
[INFO] [1729653471.945229074] [slam_node]: [93m最新前方障碍距离：1.950,[0m[91m最新左侧障碍距离：2.300,[0m[94m最新右侧障碍距离：3.050[0m
[INFO] [1729653471.945500636] [slam_node]: 当前运动方向Move forward
[INFO] [1729653471.945910649] [slam_node]: 当前运行时长:30.5
[INFO] [1729653472.445007649] [slam_node]: 启动避障逻辑
[INFO] [1729653472.445368946] [slam_node]: [93m最新前方障碍距离：1.900,[0m[91m最新左侧障碍距离：2.600,[0m[94m最新右侧障碍距离：2.900[0m
[INFO] [1729653472.445700581] [slam_node]: 当前运动方向Move forward
[INFO] [1729653472.446115985] [slam_node]: 当前运行时长:31.0
[INFO] [1729653472.944511394] [slam_node]: 启动避障逻辑
[INFO] [1729653472.944820625] [slam_node]: [93m最新前方障碍距离：1.750,[0m[91m最新左侧障碍距离：3.050,[0m[94m最新右侧障碍距离：3.050[0m
[INFO] [1729653472.945132639] [slam_node]: 当前运动方向Move forward
[INFO] [1729653472.945574443] [slam_node]: 当前运行时长:31.5
[INFO] [1729653473.444885030] [slam_node]: 启动避障逻辑
[INFO] [1729653473.445215697] [slam_node]: [93m最新前方障碍距离：1.600,[0m[91m最新左侧障碍距离：2.750,[0m[94m最新右侧障碍距离：3.050[0m
[INFO] [1729653473.445475929] [slam_node]: 当前运动方向Move forward
[INFO] [1729653473.445886366] [slam_node]: 当前运行时长:32.0
[INFO] [1729653473.944835651] [slam_node]: 启动避障逻辑
[INFO] [1729653473.945150733] [slam_node]: [93m最新前方障碍距离：1.550,[0m[91m最新左侧障碍距离：3.200,[0m[94m最新右侧障碍距离：3.050[0m
[INFO] [1729653473.945416836] [slam_node]: 当前运动方向Move forward
[INFO] [1729653473.945836651] [slam_node]: 当前运行时长:32.5
[INFO] [1729653474.444709301] [slam_node]: 启动避障逻辑
[INFO] [1729653474.445013803] [slam_node]: [93m最新前方障碍距离：1.500,[0m[91m最新左侧障碍距离：inf,[0m[94m最新右侧障碍距离：3.200[0m
[INFO] [1729653474.445308917] [slam_node]: 当前运动方向Move forward
[INFO] [1729653474.445937213] [slam_node]: 当前运行时长:33.0
[INFO] [1729653474.945201725] [slam_node]: 启动避障逻辑
[INFO] [1729653474.945532534] [slam_node]: [93m最新前方障碍距离：1.300,[0m[91m最新左侧障碍距离：inf,[0m[94m最新右侧障碍距离：3.400[0m
[INFO] [1729653474.945824977] [slam_node]: 当前运动方向Move forward
[INFO] [1729653474.946286105] [slam_node]: 当前运行时长:33.5
[INFO] [1729653475.444895813] [slam_node]: 启动避障逻辑
[INFO] [1729653475.445240505] [slam_node]: [93m最新前方障碍距离：1.200,[0m[91m最新左侧障碍距离：3.950,[0m[94m最新右侧障碍距离：3.200[0m
[INFO] [1729653475.445560902] [slam_node]: 当前运动方向Move forward
[INFO] [1729653475.445971145] [slam_node]: 当前运行时长:34.0
[INFO] [1729653475.944632322] [slam_node]: 启动避障逻辑
[INFO] [1729653475.944959042] [slam_node]: [93m最新前方障碍距离：1.100,[0m[91m最新左侧障碍距离：3.500,[0m[94m最新右侧障碍距离：1.100[0m
[INFO] [1729653475.945259811] [slam_node]: 当前运动方向Move forward
[INFO] [1729653475.945663172] [slam_node]: 当前运行时长:34.5
[INFO] [1729653476.445016009] [slam_node]: 启动避障逻辑
[INFO] [1729653476.445360102] [slam_node]: [93m最新前方障碍距离：0.950,[0m[91m最新左侧障碍距离：1.550,[0m[94m最新右侧障碍距离：1.000[0m
[INFO] [1729653476.445657912] [slam_node]: 当前运动方向Move forward
[INFO] [1729653476.446066924] [slam_node]: 当前运行时长:35.0
[INFO] [1729653476.944858597] [slam_node]: 启动避障逻辑
[INFO] [1729653476.945176122] [slam_node]: [93m最新前方障碍距离：0.800,[0m[91m最新左侧障碍距离：1.500,[0m[94m最新右侧障碍距离：1.000[0m
[INFO] [1729653476.945678798] [slam_node]: 当前运动方向Move forward
[INFO] [1729653476.946167402] [slam_node]: 当前运行时长:35.5
[INFO] [1729653477.444428861] [slam_node]: 启动避障逻辑
[INFO] [1729653477.444734098] [slam_node]: [93m最新前方障碍距离：0.700,[0m[91m最新左侧障碍距离：1.450,[0m[94m最新右侧障碍距离：1.050[0m
[INFO] [1729653477.444993118] [slam_node]: 当前运动方向Move forward
[INFO] [1729653477.445424891] [slam_node]: 当前运行时长:36.0
[INFO] [1729653477.944801569] [slam_node]: 启动避障逻辑
[INFO] [1729653477.945128729] [slam_node]: [93m最新前方障碍距离：0.700,[0m[91m最新左侧障碍距离：1.450,[0m[94m最新右侧障碍距离：1.050[0m
[INFO] [1729653477.945414480] [slam_node]: 当前运动方向Move forward
[INFO] [1729653477.945815073] [slam_node]: 当前运行时长:36.5
[INFO] [1729653478.444755900] [slam_node]: 启动避障逻辑
[INFO] [1729653478.445060623] [slam_node]: [93m最新前方障碍距离：0.700,[0m[91m最新左侧障碍距离：1.450,[0m[94m最新右侧障碍距离：1.050[0m
[INFO] [1729653478.445431220] [slam_node]: 当前运动方向Move forward
[INFO] [1729653478.445832894] [slam_node]: 当前运行时长:37.0
[INFO] [1729653478.944766918] [slam_node]: 启动避障逻辑
[INFO] [1729653478.945074746] [slam_node]: [93m最新前方障碍距离：0.700,[0m[91m最新左侧障碍距离：1.450,[0m[94m最新右侧障碍距离：1.050[0m
[INFO] [1729653478.945398073] [slam_node]: 当前运动方向Move forward
[INFO] [1729653478.945806853] [slam_node]: 当前运行时长:37.5
[INFO] [1729653479.444621602] [slam_node]: 启动避障逻辑
[INFO] [1729653479.444918866] [slam_node]: [93m最新前方障碍距离：0.700,[0m[91m最新左侧障碍距离：1.450,[0m[94m最新右侧障碍距离：1.050[0m
[INFO] [1729653479.445254836] [slam_node]: 当前运动方向Move forward
[INFO] [1729653479.445687988] [slam_node]: 当前运行时长:38.0
[INFO] [1729653479.945029192] [slam_node]: 启动避障逻辑
[INFO] [1729653479.945362156] [slam_node]: [93m最新前方障碍距离：0.700,[0m[91m最新左侧障碍距离：1.450,[0m[94m最新右侧障碍距离：1.050[0m
[INFO] [1729653479.945623581] [slam_node]: 当前运动方向Move forward
[INFO] [1729653479.946040565] [slam_node]: 当前运行时长:38.5
[INFO] [1729653480.444866087] [slam_node]: 启动避障逻辑
[INFO] [1729653480.445209995] [slam_node]: [93m最新前方障碍距离：0.650,[0m[91m最新左侧障碍距离：1.450,[0m[94m最新右侧障碍距离：1.050[0m
[INFO] [1729653480.445494804] [slam_node]: 当前运动方向Move forward
[INFO] [1729653480.445890943] [slam_node]: 当前运行时长:39.0
[INFO] [1729653480.944763835] [slam_node]: 启动避障逻辑
[INFO] [1729653480.945063434] [slam_node]: [93m最新前方障碍距离：0.700,[0m[91m最新左侧障碍距离：1.450,[0m[94m最新右侧障碍距离：1.050[0m
[INFO] [1729653480.945363700] [slam_node]: 当前运动方向Move forward
[INFO] [1729653480.945982382] [slam_node]: 当前运行时长:39.5
[INFO] [1729653481.445291709] [slam_node]: 启动