[INFO] [1729653626.758041362] [slam_node]: 倒计时: 5秒
[INFO] [1729653627.760469128] [slam_node]: 倒计时: 4秒
[INFO] [1729653628.762716896] [slam_node]: 倒计时: 3秒
[INFO] [1729653629.764677871] [slam_node]: 倒计时: 2秒
[INFO] [1729653630.766695630] [slam_node]: 倒计时: 1秒
[INFO] [1729653631.768492202] [slam_node]: 倒计时结束！
[INFO] [1729653631.768800244] [slam_node]: 启动运动控制模块
[INFO] [1729653632.770256081] [slam_node]: 启动避障逻辑
[INFO] [1729653632.770577004] [slam_node]: [93m最新前方障碍距离：1.750,[0m[91m最新左侧障碍距离：0.400,[0m[94m最新右侧障碍距离：0.350[0m
[INFO] [1729653632.770837018] [slam_node]: 当前运动方向Move forward
[INFO] [1729653632.771322462] [slam_node]: 当前运行时长:0.0
[INFO] [1729653633.270278825] [slam_node]: 启动避障逻辑
[INFO] [1729653633.270603067] [slam_node]: [93m最新前方障碍距离：1.700,[0m[91m最新左侧障碍距离：0.450,[0m[94m最新右侧障碍距离：0.350[0m
[INFO] [1729653633.270867563] [slam_node]: 当前运动方向Move forward
[INFO] [1729653633.271318868] [slam_node]: 当前运行时长:0.5
[INFO] [1729653633.770785857] [slam_node]: 启动避障逻辑
[INFO] [1729653633.771090936] [slam_node]: [93m最新前方障碍距离：1.600,[0m[91m最新左侧障碍距离：0.550,[0m[94m最新右侧障碍距离：0.600[0m
[INFO] [1729653633.771603132] [slam_node]: 当前运动方向Move forward
[INFO] [1729653633.772168857] [slam_node]: 当前运行时长:1.0
[INFO] [1729653634.270909734] [slam_node]: 启动避障逻辑
[INFO] [1729653634.271290169] [slam_node]: [93m最新前方障碍距离：1.450,[0m[91m最新左侧障碍距离：0.500,[0m[94m最新右侧障碍距离：0.850[0m
[INFO] [1729653634.271603703] [slam_node]: 当前运动方向Move forward
[INFO] [1729653634.272068796] [slam_node]: 当前运行时长:1.5
[INFO] [1729653634.770651594] [slam_node]: 启动避障逻辑
[INFO] [1729653634.770962614] [slam_node]: [93m最新前方障碍距离：1.350,[0m[91m最新左侧障碍距离：1.500,[0m[94m最新右侧障碍距离：2.950[0m
[INFO] [1729653634.771272707] [slam_node]: 当前运动方向Move forward
[INFO] [1729653634.771691751] [slam_node]: 当前运行时长:2.0
[INFO] [1729653635.270470572] [slam_node]: 启动避障逻辑
[INFO] [1729653635.270780026] [slam_node]: [93m最新前方障碍距离：1.250,[0m[91m最新左侧障碍距离：inf,[0m[94m最新右侧障碍距离：3.100[0m
[INFO] [1729653635.271093371] [slam_node]: 当前运动方向Move forward
[INFO] [1729653635.271511612] [slam_node]: 当前运行时长:2.5
[INFO] [1729653635.770394026] [slam_node]: 启动避障逻辑
[INFO] [1729653635.770727554] [slam_node]: [93m最新前方障碍距离：1.150,[0m[91m最新左侧障碍距离：inf,[0m[94m最新右侧障碍距离：3.050[0m
[INFO] [1729653635.770997488] [slam_node]: 当前运动方向Move forward
[INFO] [1729653635.771495533] [slam_node]: 当前运行时长:3.0
[INFO] [1729653636.271478102] [slam_node]: 启动避障逻辑
[INFO] [1729653636.271942927] [slam_node]: [93m最新前方障碍距离：1.000,[0m[91m最新左侧障碍距离：3.900,[0m[94m最新右侧障碍距离：3.050[0m
[INFO] [1729653636.272267971] [slam_node]: 当前运动方向Move forward
[INFO] [1729653636.272776726] [slam_node]: 当前运行时长:3.5
[INFO] [1729653636.770574487] [slam_node]: 启动避障逻辑
[INFO] [1729653636.770902300] [slam_node]: [93m最新前方障碍距离：0.900,[0m[91m最新左侧障碍距离：inf,[0m[94m最新右侧障碍距离：3.000[0m
[INFO] [1729653636.771206270] [slam_node]: 当前运动方向Move forward
[INFO] [1729653636.771658724] [slam_node]: 当前运行时长:4.0
[INFO] [1729653637.270677512] [slam_node]: 启动避障逻辑
[INFO] [1729653637.270991928] [slam_node]: [93m最新前方障碍距离：0.750,[0m[91m最新左侧障碍距离：inf,[0m[94m最新右侧障碍距离：3.000[0m
[INFO] [1729653637.271318046] [slam_node]: 当前运动方向Move forward
[INFO] [1729653637.271790941] [slam_node]: 当前运行时长:4.5
[INFO] [1729653637.770970162] [slam_node]: 启动避障逻辑
[INFO] [1729653637.771298183] [slam_node]: [93m最新前方障碍距离：0.650,[0m[91m最新左侧障碍距离：inf,[0m[94m最新右侧障碍距离：3.150[0m
[INFO] [1729653637.771579422] [slam_node]: 当前运动方向Move forward
[INFO] [1729653637.772001417] [slam_node]: 当前运行时长:5.0
[INFO] [1729653638.270573838] [slam_node]: 启动避障逻辑
[INFO] [1729653638.270902908] [slam_node]: [93m最新前方障碍距离：0.550,[0m[91m最新左侧障碍距离：inf,[0m[94m最新右侧障碍距离：3.000[0m
[INFO] [1729653638.271208489] [slam_node]: 当前运动方向Move forward
[INFO] [1729653638.271631405] [slam_node]: 当前运行时长:5.5
[INFO] [1729653638.770976786] [slam_node]: 启动避障逻辑
[INFO] [1729653638.771313253] [slam_node]: [93m最新前方障碍距离：0.450,[0m[91m最新左侧障碍距离：inf,[0m[94m最新右侧障碍距离：3.050[0m
[INFO] [1729653638.771576112] [slam_node]: 当前运动方向Turn left
[INFO] [1729653638.772003652] [slam_node]: [91m第1次左转[0m
[INFO] [1729653639.273936636] [slam_node]: [91m第2次左转[0m
[INFO] [1729653639.775511762] [slam_node]: [91m第3次左转[0m
[INFO] [1729653640.277002494] [slam_node]: [91m第4次左转[0m
[INFO] [1729653640.778282549] [slam_node]: [91m第5次左转[0m
[INFO] [1729653641.280286226] [slam_node]: [91m第6次左转[0m
[INFO] [1729653641.781861152] [slam_node]: [91m第7次左转[0m
[INFO] [1729653642.283923855] [slam_node]: [91m第8次左转[0m
[INFO] [1729653642.785449274] [slam_node]: [91m第9次左转[0m
[INFO] [1729653643.286992035] [slam_node]: [91m第10次左转[0m
[INFO] [1729653643.788738184] [slam_node]: 当前运行时长:6.0
[INFO] [1729653643.789402891] [slam_node]: 启动避障逻辑
[INFO] [1729653643.789687768] [slam_node]: [93m最新前方障碍距离：0.450,[0m[91m最新左侧障碍距离：inf,[0m[94m最新右侧障碍距离：3.050[0m
[INFO] [1729653643.790009978] [slam_node]: 当前运动方向Move forward
[INFO] [1729653643.790453581] [slam_node]: 当前运行时长:6.5
[INFO] [1729653644.270545524] [slam_node]: 启动避障逻辑
[INFO] [1729653644.270862103] [slam_node]: [93m最新前方障碍距离：inf,[0m[91m最新左侧障碍距离：1.550,[0m[94m最新右侧障碍距离：0.250[0m
[INFO] [1729653644.271310585] [slam_node]: 当前运动方向Move forward
[INFO] [1729653644.271724090] [slam_node]: 当前运行时长:7.0
[INFO] [1729653644.771061159] [slam_node]: 启动避障逻辑
[INFO] [1729653644.771406501] [slam_node]: [93m最新前方障碍距离：inf,[0m[91m最新左侧障碍距离：1.450,[0m[94m最新右侧障碍距离：0.250[0m
[INFO] [1729653644.771733560] [slam_node]: 当前运动方向Move forward
[INFO] [1729653644.772147733] [slam_node]: 当前运行时长:7.5
[INFO] [1729653645.270444030] [slam_node]: 启动避障逻辑
[INFO] [1729653645.270786660] [slam_node]: [93m最新前方障碍距离：inf,[0m[91m最新左侧障碍距离：1.200,[0m[94m最新右侧障碍距离：0.300[0m
[INFO] [1729653645.271154499] [slam_node]: 当前运动方向Move forward
[INFO] [1729653645.271560227] [slam_node]: 当前运行时长:8.0
[INFO] [1729653645.770753968] [slam_node]: 启动避障逻辑
[INFO] [1729653645.771161446] [slam_node]: [93m最新前方障碍距离：inf,[0m[91m最新左侧障碍距离：1.250,[0m[94m最新右侧障碍距离：0.300[0m
[INFO] [1729653645.771436301] [slam_node]: 当前运动方向Move forward
[INFO] [1729653645.771845464] [slam_node]: 当前运行时长:8.5
[INFO] [1729653646.270266733] [slam_node]: 启动避障逻辑
[INFO] [1729653646.270598475] [slam_node]: [93m最新前方障碍距离：inf,[0m[91m最新左侧障碍距离：1.600,[0m[94m最新右侧障碍距离：0.300[0m
[INFO] [1729653646.270866521] [slam_node]: 当前运动方向Move forward
[INFO] [1729653646.271324701] [slam_node]: 当前运行时长:9.0
[INFO] [1729653646.770738655] [slam_node]: 启动避障逻辑
[INFO] [1729653646.771044017] [slam_node]: [93m最新前方障碍距离：inf,[0m[91m最新左侧障碍距离：1.200,[0m[94m最新右侧障碍距离：0.300[0m
[INFO] [1729653646.771618129] [slam_node]: 当前运动方向Move forward
[INFO] [1729653646.772191921] [slam_node]: 当前运行时长:9.5
[INFO] [1729653647.271170958] [slam_node]: 启动避障逻辑
[INFO] [1729653647.271611390] [slam_node]: [93m最新前方障碍距离：inf,[0m[91m最新左侧障碍距离：1.600,[0m[94m最新右侧障碍距离：0.300[0m
[INFO] [1729653647.271881627] [slam_node]: 当前运动方向Move forward
[INFO] [1729653647.272397353] [slam_node]: 当前运行时长:10.0
[INFO] [1729653647.771084869] [slam_node]: 启动避障逻辑
[INFO] [1729653647.771400715] [slam_node]: [93m最新前方障碍距离：inf,[0m[91m最新左侧障碍距离：1.550,[0m[94m最新右侧障碍距离：0.300[0m
[INFO] [1729653647.771664435] [slam_node]: 当前运动方向Move forward
[INFO] [1729653647.772085686] [slam_node]: 当前运行时长:10.5
[INFO] [1729653648.270313228] [slam_node]: 启动避障逻辑
[INFO] [1729653648.270622885] [slam_node]: [93m最新前方障碍距离：inf,[0m[91m最新左侧障碍距离：1.550,[0m[94m最新右侧障碍距离：0.300[0m
[INFO] [1729653648.270883446] [slam_node]: 当前运动方向Move forward
[INFO] [1729653648.271386198] [slam_node]: 当前运行时长:11.0
[INFO] [1729653648.770294858] [slam_node]: 启动避障逻辑
[INFO] [1729653648.770605116] [slam_node]: [93m最新前方障碍距离：inf,[0m[91m最新左侧障碍距离：1.550,[0m[94m最新右侧障碍距离：0.300[0m
[INFO] [1729653648.770922117] [slam_node]: 当前运动方向Move forward
[INFO] [1729653648.771334972] [slam_node]: 当前运行时长:11.5
[INFO] [1729653649.270829853] [slam_node]: 启动避障逻辑
[INFO] [1729653649.271203061] [slam_node]: [93m最新前方障碍距离：inf,[0m[91m最新左侧障碍距离：1.550,[0m[94m最新右侧障碍距离：0.300[0m
[INFO] [1729653649.271473762] [slam_node]: 当前运动方向Move forward
[INFO] [1729653649.271933511] [slam_node]: 当前运行时长:12.0
[INFO] [1729653649.770391966] [slam_node]: 启动避障逻辑
[INFO] [1729653649.770690316] [slam_node]: [93m最新前方障碍距离：inf,[0m[91m最新左侧障碍距离：1.550,[0m[94m最新右侧障碍距离：0.300[0m
[INFO] [1729653649.770950217] [slam_node]: 当前运动方向Move forward
[INFO] [1729653649.771419263] [slam_node]: 当前运行时长:12.5
[INFO] [1729653650.270789135] [slam_node]: 启动避障逻辑
[INFO] [1729653650.271099810] [slam_node]: [93m最新前方障碍距离：inf,[0m[91m最新左侧障碍距离：1.550,[0m[94m最新右侧障碍距离：0.300[0m
[INFO] [1729653650.271424787] [slam_node]: 当前运动方向Move forward
[INFO] [1729653650.271835542] [slam_node]: 当前运行时长:13.0
[INFO] [1729653650.770797314] [slam_node]: 启动避障逻辑
[INFO] [1729653650.771093337] [slam_node]: [93m最新前方障碍距离：inf,[0m[91m最新左侧障碍距离：1.550,[0m[94m最新右侧障碍距离：0.300[0m
[INFO] [1729653650.771467392] [slam_node]: 当前运动方向Move forward
[INFO] [1729653650.772083467] [slam_node]: 当前运行时长:13.5
[INFO] [1729653651.270687927] [slam_node]: 启动避障逻辑
[INFO] [1729653651.271001079] [slam_node]: [93m最新前方障碍距离：inf,[0m[91m最新左侧障碍距离：1.550,[0m[94m最新右侧障碍距离：0.300[0m
[INFO] [1729653651.271498884] [slam_node]: 当前运动方向Move forward
[INFO] [1729653651.271941899] [slam_node]: 当前运行时长:14.0
[INFO] [1729653651.771068754] [slam_node]: 启动避障逻辑
[INFO] [1729653651.771411800] [slam_node]: [93m最新前方障碍距离：inf,[0m[91m最新左侧障碍距离：1.550,[0m[94m最新右侧障碍距离：0.300[0m
[INFO] [1729653651.771670676] [slam_node]: 当前运动方向Move forward
[INFO] [1729653651.772104066] [slam_node]: 当前运行时长:14.5
[INFO] [1729653652.270995116] [slam_node]: 启动避障逻辑
[INFO] [1729653652.271358269] [slam_node]: [93m最新前方障碍距离：inf,[0m[91m最新左侧障碍距离：1.550,[0m[94m最新右侧障碍距离：0.350[0m
[INFO] [1729653652.271690003] [slam_node]: 当前运动方向Move forward
[INFO] [1729653652.272136806] [slam_node]: 当前运行时长:15.0
[INFO] [1729653652.770990996] [slam_node]: 启动避障逻辑
[INFO] [1729653652.771309659] [slam_node]: [93m最新前方障碍距离：inf,[0m[91m最新左侧障碍距离：1.550,[0m[94m最新右侧障碍距离：0.350[0m
[INFO] [1729653652.771570077] [slam_node]: 当前运动方向Move forward
[INFO] [1729653652.771996064] [slam_node]: 当前运行时长:15.5
[INFO] [1729653653.270473878] [slam_node]: 启动避障逻辑
[INFO] [1729653653.270823435] [slam_node]: [93m最新前方障碍距离：inf,[0m[91m最新左侧障碍距离：1.550,[0m[94m最新右侧障碍距离：0.350[0m
[INFO] [1729653653.271182391] [slam_node]: 当前运动方向Move forward
[INFO] [1729653653.271664401] [slam_node]: 当前运行时长:16.0
[INFO] [1729653653.770584171] [slam_node]: 启动避障逻辑
[INFO] [1729653653.770882592] [slam_node]: [93m最新前方障碍距离：inf,[0m[91m最新左侧障碍距离：1.500,[0m[94m最新右侧障碍距离：0.350[0m
[INFO] [1729653653.771186929] [slam_node]: 当前运动方向Move forward
[INFO] [1729653653.771591140] [slam_node]: 当前运行时长:16.5
[INFO] [1729653654.270795053] [slam_node]: 启动避障逻辑
[INFO] [1729653654.271152684] [slam_node]: [93m最新前方障碍距离：inf,[0m[91m最新左侧障碍距离：1.500,[0m[94m最新右侧障碍距离：0.400[0m
[INFO] [1729653654.271413258] [slam_node]: 当前运动方向Move forward
[INFO] [1729653654.271817668] [slam_node]: 当前运行时长:17.0
[INFO] [1729653654.770521047] [slam_node]: 启动避障逻辑
[INFO] [1729653654.770828558] [slam_node]: [93m最新前方障碍距离：inf,[0m[91m最新左侧障碍距离：1.500,[0m[94m最新右侧障碍距离：0.900[0m
[INFO] [1729653654.771113840] [slam_node]: 当前运动方向Move forward
[INFO] [1729653654.771553289] [slam_node]: 当前运行时长:17.5
[INFO] [1729653655.271281181] [slam_node]: 启动避障逻辑
[INFO] [1729653655.271654096] [slam_node]: [93m最新前方障碍距离：inf,[0m[91m最新左侧障碍距离：1.500,[0m[94m最新右侧障碍距离：1.550[0m
[INFO] [1729653655.271926368] [slam_node]: 当前运动方向Move forward
[INFO] [1729653655.272360554] [slam_node]: 当前运行时长:18.0
[INFO] [1729653655.770693939] [slam_node]: 启动避障逻辑
[INFO] [1729653655.771004142] [slam_node]: [93m最新前方障碍距离：inf,[0m[91m最新左侧障碍距离：1.500,[0m[94m最新右侧障碍距离：inf[0m
[INFO] [1729653655.771338304] [slam_node]: 当前运动方向Move forward
[INFO] [1729653655.771765007] [slam_node]: 当前运行时长:18.5
[INFO] [1729653656.270386078] [slam_node]: 启动避障逻辑
[INFO] [1729653656.270697731] [slam_node]: [93m最新前方障碍距离：inf,[0m[91m最新左侧障碍距离：1.500,[0m[94m最新右侧障碍距离：inf[0m
[INFO] [1729653656.271027150] [slam_node]: 当前运动方向Turn right
[INFO] [1729653656.271440495] [slam_node]: [91m第1次右转[0m
[INFO] [1729653656.772650521] [slam_node]: [91m第2次右转[0m
[INFO] [1729653657.274078090] [slam_node]: [91m第3次右转[0m
[INFO] [1729653657.775421954] [slam_node]: [91m第4次右转[0m
[INFO] [1729653658.277007454] [slam_node]: [91m第5次右转[0m
[INFO] [1729653658.778268177] [slam_node]: [91m第6次右转[0m
[INFO] [1729653659.279468116] [slam_node]: [91m第7次右转[0m
[INFO] [1729653659.780983616] [slam_node]: [91m第8次右转[0m
[INFO] [1729653660.282873461] [slam_node]: [91m第9次右转[0m
[INFO] [1729653660.784645558] [slam_node]: [91m第10次右转[0m
[INFO] [1729653661.286291315] [slam_node]: 当前运行时长:19.0
[INFO] [1729653661.286879820] [slam_node]: 启动避障逻辑
[INFO] [1729653661.287206142] [slam_node]: [93m最新前方障碍距离：inf,[0m[91m最新左侧障碍距离：1.500,[0m[94m最新右侧障碍距离：inf[0m
[INFO] [1729653661.287565638] [slam_node]: 当前运动方向Move forward
[INFO] [1729653661.287984943] [slam_node]: 当前运行时长:19.5
[INFO] [1729653661.771191223] [slam_node]: 启动避障逻辑
[INFO] [1729653661.771546934] [slam_node]: [93m最新前方障碍距离：inf,[0m[91m最新左侧障碍距离：inf,[0m[94m最新右侧障碍距离：0.900[0m
[INFO] [1729653661.771855660] [slam_node]: 当前运动方向Move forward
[INFO] [1729653661.772281246] [slam_node]: 当前运行时长:20.0
[INFO] [1729653662.271248392] [slam_node]: 启动避障逻辑
[INFO] [1729653662.271600379] [slam_node]: [93m最新前方障碍距离：inf,[0m[91m最新左侧障碍距离：inf,[0m[94m最新右侧障碍距离：0.900[0m
[INFO] [1729653662.271929456] [slam_node]: 当前运动方向Turn left
[INFO] [1729653662.272371517] [slam_node]: [91m第1次左转[0m
[INFO] [1729653662.774487703] [slam_node]: [91m第2次左转[0m
[INFO] [1729653663.276190049] [slam_node]: [91m第3次左转[0m
[INFO] [1729653663.777565794] [slam_node]: [91m第4次左转[0m
[INFO] [1729653664.279459531] [slam_node]: [91m第5次左转[0m
[INFO] [1729653664.780804097] [slam_node]: [91m第6次左转[0m
[INFO] [1729653665.282663498] [slam_node]: [91m第7次左转[0m
[INFO] [1729653665.784341024] [slam_node]: [91m第8次左转[0m
[INFO] [1729653666.286121024] [slam_node]: [91m第9次左转[0m
[INFO] [1729653666.788067706] [slam_node]: [91m第10次左转[0m
[INFO] [1729653667.289821777] [slam_node]: 当前运行时长:20.5
[INFO] [1729653667.290468310] [slam_node]: 启动避障逻辑
[INFO] [1729653667.290741222] [slam_node]: [93m最新前方障碍距离：inf,[0m[91m最新左侧障碍距离：inf,[0m[94m最新右侧障碍距离：0.900[0m
[INFO] [1729653667.291046823] [slam_node]: 当前运动方向Move forward
[INFO] [1729653667.291487007] [slam_node]: 当前运行时长:21.0
[INFO] [1729653667.770337383] [slam_node]: 启动避障逻辑
[INFO] [1729653667.770641447] [slam_node]: [93m最新前方障碍距离：inf,[0m[91m最新左侧障碍距离：1.950,[0m[94m最新右侧障碍距离：inf[0m
[INFO] [1729653667.770903483] [slam_node]: 当前运动方向Turn right
[INFO] [1729653667.771342334] [slam_node]: [91m第1次右转[0m
[INFO] [1729653668.272943375] [slam_node]: [91m第2次右转[0m
[INFO] [1729653668.774515245] [slam_node]: [91m第3次右转[0m
[INFO] [1729653669.275828967] [slam_node]: [91m第4次右转[0m
[INFO] [1729653669.777273628] [slam_node]: [91m第5次右转[0m
[INFO] [1729653670.278863628] [slam_node]: [91m第6次右转[0m
[INFO] [1729653670.780373009] [slam_node]: [91m第7次右转[0m
[INFO] [1729653671.281901897] [slam_node]: [91m第8次右转[0m
[INFO] [1729653671.783933280] [slam_node]: [91m第9次右转[0m
[INFO] [1729653672.285398897] [slam_node]: [91m第10次右转[0m
[INFO] [1729653672.786537381] [slam_node]: 当前运行时长:21.5
[INFO] [1729653672.787111191] [slam_node]: 启动避障逻辑
[INFO] [1729653672.787431891] [slam_node]: [93m最新前方障碍距离：inf,[0m[91m最新左侧障碍距离：1.950,[0m[94m最新右侧障碍距离：inf[0m
[INFO] [1729653672.787690103] [slam_node]: 当前运动方向Move forward
[INFO] [1729653672.788109029] [slam_node]: 当前运行时长:22.0
[INFO] [1729653673.270379051] [slam_node]: 启动避障逻辑
[INFO] [1729653673.270754654] [slam_node]: [93m最新前方障碍距离：0.850,[0m[91m最新左侧障碍距离：4.500,[0m[94m最新右侧障碍距离：0.800[0m
[INFO] [1729653673.271013320] [slam_node]: 当前运动方向Move forward
[INFO] [1729653673.271439689] [slam_node]: 当前运行时长:22.5
[INFO] [1729653673.770726658] [slam_node]: 启动避障逻辑
[INFO] [1729653673.771028359] [slam_node]: [93m最新前方障碍距离：0.850,[0m[91m最新左侧障碍距离：inf,[0m[94m最新右侧障碍距离：inf[0m
[INFO] [1729653673.771367445] [slam_node]: 当前运动方向Move forward
[INFO] [1729653673.771780919] [slam_node]: 当前运行时长:23.0
[INFO] [1729653674.271017825] [slam_node]: 启动避障