[INFO] [1729243600.547758437] [slam_node]: 倒计时: 5秒
[INFO] [1729243601.550140704] [slam_node]: 倒计时: 4秒
[INFO] [1729243602.561581188] [slam_node]: 倒计时: 3秒
[INFO] [1729243603.574216695] [slam_node]: 倒计时: 2秒
[INFO] [1729243604.581492570] [slam_node]: 倒计时: 1秒
[INFO] [1729243605.591016782] [slam_node]: 倒计时结束！
[INFO] [1729243605.591376212] [slam_node]: 启动运动控制模块
[INFO] [1729243606.604363640] [slam_node]: 启动避障逻辑
[INFO] [1729243606.604645841] [slam_node]: [93m最新前方障碍距离：1.850,[0m[91m最新左侧障碍距离：0.600,[0m[94m最新右侧障碍距离：0.350[0m
[INFO] [1729243606.604956852] [slam_node]: 当前运动方向Move forward
[INFO] [1729243606.605380092] [slam_node]: 当前运行时长:0.0
[INFO] [1729243607.100725681] [slam_node]: 启动避障逻辑
[INFO] [1729243607.101028062] [slam_node]: [93m最新前方障碍距离：1.750,[0m[91m最新左侧障碍距离：0.650,[0m[94m最新右侧障碍距离：0.350[0m
[INFO] [1729243607.101262095] [slam_node]: 当前运动方向Move forward
[INFO] [1729243607.101819059] [slam_node]: 当前运行时长:0.5
[INFO] [1729243607.606453920] [slam_node]: 启动避障逻辑
[INFO] [1729243607.606789074] [slam_node]: [93m最新前方障碍距离：1.650,[0m[91m最新左侧障碍距离：0.600,[0m[94m最新右侧障碍距离：0.450[0m
[INFO] [1729243607.607026268] [slam_node]: 当前运动方向Move forward
[INFO] [1729243607.607465112] [slam_node]: 当前运行时长:1.0
[INFO] [1729243608.092605454] [slam_node]: 启动避障逻辑
[INFO] [1729243608.092945926] [slam_node]: [93m最新前方障碍距离：1.550,[0m[91m最新左侧障碍距离：0.600,[0m[94m最新右侧障碍距离：0.400[0m
[INFO] [1729243608.093208572] [slam_node]: 当前运动方向Move forward
[INFO] [1729243608.093631584] [slam_node]: 当前运行时长:1.5
[INFO] [1729243608.594703078] [slam_node]: 启动避障逻辑
[INFO] [1729243608.595057074] [slam_node]: [93m最新前方障碍距离：1.450,[0m[91m最新左侧障碍距离：0.650,[0m[94m最新右侧障碍距离：1.100[0m
[INFO] [1729243608.595322536] [slam_node]: 当前运动方向Move forward
[INFO] [1729243608.595744662] [slam_node]: 当前运行时长:2.0
[INFO] [1729243609.096790594] [slam_node]: 启动避障逻辑
[INFO] [1729243609.097247887] [slam_node]: [93m最新前方障碍距离：1.350,[0m[91m最新左侧障碍距离：1.400,[0m[94m最新右侧障碍距离：inf[0m
[INFO] [1729243609.097554393] [slam_node]: 当前运动方向Move forward
[INFO] [1729243609.098017233] [slam_node]: 当前运行时长:2.5
[INFO] [1729243609.600019224] [slam_node]: 启动避障逻辑
[INFO] [1729243609.600356279] [slam_node]: [93m最新前方障碍距离：1.250,[0m[91m最新左侧障碍距离：inf,[0m[94m最新右侧障碍距离：3.150[0m
[INFO] [1729243609.600681503] [slam_node]: 当前运动方向Move forward
[INFO] [1729243609.601126341] [slam_node]: 当前运行时长:3.0
[INFO] [1729243610.097611595] [slam_node]: 启动避障逻辑
[INFO] [1729243610.097917203] [slam_node]: [93m最新前方障碍距离：1.100,[0m[91m最新左侧障碍距离：inf,[0m[94m最新右侧障碍距离：3.200[0m
[INFO] [1729243610.098211038] [slam_node]: 当前运动方向Move forward
[INFO] [1729243610.098608298] [slam_node]: 当前运行时长:3.5
[INFO] [1729243610.604401275] [slam_node]: 启动避障逻辑
[INFO] [1729243610.604756599] [slam_node]: [93m最新前方障碍距离：0.950,[0m[91m最新左侧障碍距离：inf,[0m[94m最新右侧障碍距离：4.650[0m
[INFO] [1729243610.604992309] [slam_node]: 当前运动方向Move forward
[INFO] [1729243610.605675917] [slam_node]: 当前运行时长:4.0
[INFO] [1729243611.100689442] [slam_node]: 启动避障逻辑
[INFO] [1729243611.100999126] [slam_node]: [93m最新前方障碍距离：0.850,[0m[91m最新左侧障碍距离：inf,[0m[94m最新右侧障碍距离：inf[0m
[INFO] [1729243611.101234687] [slam_node]: 当前运动方向Move forward
[INFO] [1729243611.101775591] [slam_node]: 当前运行时长:4.5
[INFO] [1729243611.593063022] [slam_node]: 启动避障逻辑
[INFO] [1729243611.593416140] [slam_node]: [93m最新前方障碍距离：0.750,[0m[91m最新左侧障碍距离：inf,[0m[94m最新右侧障碍距离：4.250[0m
[INFO] [1729243611.593656136] [slam_node]: 当前运动方向Move forward
[INFO] [1729243611.594071527] [slam_node]: 当前运行时长:5.0
[INFO] [1729243612.103028169] [slam_node]: 启动避障逻辑
[INFO] [1729243612.103448177] [slam_node]: [93m最新前方障碍距离：0.650,[0m[91m最新左侧障碍距离：inf,[0m[94m最新右侧障碍距离：4.100[0m
[INFO] [1729243612.103717457] [slam_node]: 当前运动方向Move forward
[INFO] [1729243612.104169637] [slam_node]: 当前运行时长:5.5
[INFO] [1729243612.594370372] [slam_node]: 启动避障逻辑
[INFO] [1729243612.594714668] [slam_node]: [93m最新前方障碍距离：0.550,[0m[91m最新左侧障碍距离：inf,[0m[94m最新右侧障碍距离：4.200[0m
[INFO] [1729243612.594967110] [slam_node]: 当前运动方向Move forward
[INFO] [1729243612.595415931] [slam_node]: 当前运行时长:6.0
[INFO] [1729243613.100342549] [slam_node]: 启动避障逻辑
[INFO] [1729243613.100651459] [slam_node]: [93m最新前方障碍距离：0.450,[0m[91m最新左侧障碍距离：inf,[0m[94m最新右侧障碍距离：4.050[0m
[INFO] [1729243613.100915422] [slam_node]: 当前运动方向Turn left
[INFO] [1729243613.101362010] [slam_node]: [91m第1次左转[0m
[INFO] [1729243613.604225339] [slam_node]: [91m第2次左转[0m
[INFO] [1729243614.113674006] [slam_node]: [91m第3次左转[0m
[INFO] [1729243614.620845341] [slam_node]: [91m第4次左转[0m
[INFO] [1729243615.130976633] [slam_node]: [91m第5次左转[0m
[INFO] [1729243615.638610554] [slam_node]: [91m第6次左转[0m
[INFO] [1729243616.147324894] [slam_node]: [91m第7次左转[0m
[INFO] [1729243616.654039199] [slam_node]: [91m第8次左转[0m
[INFO] [1729243617.160576432] [slam_node]: [91m第9次左转[0m
[INFO] [1729243617.670807521] [slam_node]: [91m第10次左转[0m
[INFO] [1729243618.179146478] [slam_node]: 当前运行时长:6.5
[INFO] [1729243618.179874603] [slam_node]: 启动避障逻辑
[INFO] [1729243618.180178138] [slam_node]: [93m最新前方障碍距离：0.450,[0m[91m最新左侧障碍距离：inf,[0m[94m最新右侧障碍距离：4.050[0m
[INFO] [1729243618.180426372] [slam_node]: 当前运动方向Move forward
[INFO] [1729243618.180890328] [slam_node]: 当前运行时长:7.0
[INFO] [1729243618.594201999] [slam_node]: 启动避障逻辑
[INFO] [1729243618.594651186] [slam_node]: [93m最新前方障碍距离：inf,[0m[91m最新左侧障碍距离：0.800,[0m[94m最新右侧障碍距离：0.250[0m
[INFO] [1729243618.595011719] [slam_node]: 当前运动方向Move forward
[INFO] [1729243618.595497587] [slam_node]: 当前运行时长:7.5
[INFO] [1729243619.101614418] [slam_node]: 启动避障逻辑
[INFO] [1729243619.102209044] [slam_node]: [93m最新前方障碍距离：inf,[0m[91m最新左侧障碍距离：0.850,[0m[94m最新右侧障碍距离：0.250[0m
[INFO] [1729243619.102513183] [slam_node]: 当前运动方向Move forward
[INFO] [1729243619.103066049] [slam_node]: 当前运行时长:8.0
[INFO] [1729243619.593660400] [slam_node]: 启动避障逻辑
[INFO] [1729243619.593944145] [slam_node]: [93m最新前方障碍距离：inf,[0m[91m最新左侧障碍距离：0.750,[0m[94m最新右侧障碍距离：0.250[0m
[INFO] [1729243619.594177341] [slam_node]: 当前运动方向Move forward
[INFO] [1729243619.594908833] [slam_node]: 当前运行时长:8.5
[INFO] [1729243620.092524302] [slam_node]: 启动避障逻辑
[INFO] [1729243620.092891270] [slam_node]: [93m最新前方障碍距离：inf,[0m[91m最新左侧障碍距离：1.600,[0m[94m最新右侧障碍距离：0.250[0m
[INFO] [1729243620.093204068] [slam_node]: 当前运动方向Move forward
[INFO] [1729243620.093633715] [slam_node]: 当前运行时长:9.0
[INFO] [1729243620.596535127] [slam_node]: 启动避障逻辑
[INFO] [1729243620.596912309] [slam_node]: [93m最新前方障碍距离：inf,[0m[91m最新左侧障碍距离：1.600,[0m[94m最新右侧障碍距离：0.250[0m
[INFO] [1729243620.597221401] [slam_node]: 当前运动方向Move forward
[INFO] [1729243620.597744386] [slam_node]: 当前运行时长:9.5
[INFO] [1729243621.103282224] [slam_node]: 启动避障逻辑
[INFO] [1729243621.103668876] [slam_node]: [93m最新前方障碍距离：2.500,[0m[91m最新左侧障碍距离：1.650,[0m[94m最新右侧障碍距离：0.250[0m
[INFO] [1729243621.103916416] [slam_node]: 当前运动方向Move forward
[INFO] [1729243621.104332412] [slam_node]: 当前运行时长:10.0
[INFO] [1729243621.595350777] [slam_node]: 启动避障逻辑
[INFO] [1729243621.595737381] [slam_node]: [93m最新前方障碍距离：2.350,[0m[91m最新左侧障碍距离：1.650,[0m[94m最新右侧障碍距离：0.250[0m
[INFO] [1729243621.596197154] [slam_node]: 当前运动方向Move forward
[INFO] [1729243621.596835437] [slam_node]: 当前运行时长:10.5
[INFO] [1729243622.103659234] [slam_node]: 启动避障逻辑
[INFO] [1729243622.104067953] [slam_node]: [93m最新前方障碍距离：2.250,[0m[91m最新左侧障碍距离：1.600,[0m[94m最新右侧障碍距离：0.250[0m
[INFO] [1729243622.104337910] [slam_node]: 当前运动方向Move forward
[INFO] [1729243622.104910951] [slam_node]: 当前运行时长:11.0
[INFO] [1729243622.594029701] [slam_node]: 启动避障逻辑
[INFO] [1729243622.594451089] [slam_node]: [93m最新前方障碍距离：2.150,[0m[91m最新左侧障碍距离：1.650,[0m[94m最新右侧障碍距离：0.250[0m
[INFO] [1729243622.594755962] [slam_node]: 当前运动方向Move forward
[INFO] [1729243622.595237049] [slam_node]: 当前运行时长:11.5
[INFO] [1729243623.101804996] [slam_node]: 启动避障逻辑
[INFO] [1729243623.102126299] [slam_node]: [93m最新前方障碍距离：1.950,[0m[91m最新左侧障碍距离：1.600,[0m[94m最新右侧障碍距离：0.250[0m
[INFO] [1729243623.102458056] [slam_node]: 当前运动方向Move forward
[INFO] [1729243623.102988865] [slam_node]: 当前运行时长:12.0
[INFO] [1729243623.598304236] [slam_node]: 启动避障逻辑
[INFO] [1729243623.598708088] [slam_node]: [93m最新前方障碍距离：1.950,[0m[91m最新左侧障碍距离：1.600,[0m[94m最新右侧障碍距离：0.250[0m
[INFO] [1729243623.598973999] [slam_node]: 当前运动方向Move forward
[INFO] [1729243623.599527886] [slam_node]: 当前运行时长:12.5
[INFO] [1729243624.103575068] [slam_node]: 启动避障逻辑
[INFO] [1729243624.103868288] [slam_node]: [93m最新前方障碍距离：2.050,[0m[91m最新左侧障碍距离：1.600,[0m[94m最新右侧障碍距离：0.200[0m
[INFO] [1729243624.104240253] [slam_node]: 当前运动方向Move forward
[INFO] [1729243624.104682773] [slam_node]: 当前运行时长:13.0
[INFO] [1729243624.594593939] [slam_node]: 启动避障逻辑
[INFO] [1729243624.594905648] [slam_node]: [93m最新前方障碍距离：2.550,[0m[91m最新左侧障碍距离：1.650,[0m[94m最新右侧障碍距离：0.200[0m
[INFO] [1729243624.595197474] [slam_node]: 当前运动方向Move forward
[INFO] [1729243624.595609168] [slam_node]: 当前运行时长:13.5
[INFO] [1729243625.098009508] [slam_node]: 启动避障逻辑
[INFO] [1729243625.098372385] [slam_node]: [93m最新前方障碍距离：inf,[0m[91m最新左侧障碍距离：1.600,[0m[94m最新右侧障碍距离：0.200[0m
[INFO] [1729243625.098616909] [slam_node]: 当前运动方向Move forward
[INFO] [1729243625.099027248] [slam_node]: 当前运行时长:14.0
[INFO] [1729243625.592386861] [slam_node]: 启动避障逻辑
[INFO] [1729243625.592750356] [slam_node]: [93m最新前方障碍距离：inf,[0m[91m最新左侧障碍距离：1.650,[0m[94m最新右侧障碍距离：0.200[0m
[INFO] [1729243625.592989220] [slam_node]: 当前运动方向Move forward
[INFO] [1729243625.593482677] [slam_node]: 当前运行时长:14.5
[INFO] [1729243626.097029218] [slam_node]: 启动避障逻辑
[INFO] [1729243626.097518428] [slam_node]: [93m最新前方障碍距离：2.500,[0m[91m最新左侧障碍距离：1.650,[0m[94m最新右侧障碍距离：0.200[0m
[INFO] [1729243626.097951715] [slam_node]: 当前运动方向Move forward
[INFO] [1729243626.098437499] [slam_node]: 当前运行时长:15.0
[INFO] [1729243626.597498444] [slam_node]: 启动避障逻辑
[INFO] [1729243626.597817763] [slam_node]: [93m最新前方障碍距离：2.450,[0m[91m最新左侧障碍距离：1.650,[0m[94m最新右侧障碍距离：0.200[0m
[INFO] [1729243626.598110856] [slam_node]: 当前运动方向Move forward
[INFO] [1729243626.598504711] [slam_node]: 当前运行时长:15.5
[INFO] [1729243627.095861299] [slam_node]: 启动避障逻辑
[INFO] [1729243627.096154801] [slam_node]: [93m最新前方障碍距离：inf,[0m[91m最新左侧障碍距离：1.650,[0m[94m最新右侧障碍距离：0.200[0m
[INFO] [1729243627.096388639] [slam_node]: 当前运动方向Move forward
[INFO] [1729243627.096881669] [slam_node]: 当前运行时长:16.0
[INFO] [1729243627.597353282] [slam_node]: 启动避障逻辑
[INFO] [1729243627.597679864] [slam_node]: [93m最新前方障碍距离：inf,[0m[91m最新左侧障碍距离：1.650,[0m[94m最新右侧障碍距离：0.250[0m
[INFO] [1729243627.597950680] [slam_node]: 当前运动方向Move forward
[INFO] [1729243627.598383764] [slam_node]: 当前运行时长:16.5
[INFO] [1729243628.095328470] [slam_node]: 启动避障逻辑
[INFO] [1729243628.095649099] [slam_node]: [93m最新前方障碍距离：inf,[0m[91m最新左侧障碍距离：1.650,[0m[94m最新右侧障碍距离：0.250[0m
[INFO] [1729243628.095944629] [slam_node]: 当前运动方向Move forward
[INFO] [1729243628.096366577] [slam_node]: 当前运行时长:17.0
[INFO] [1729243628.603256185] [slam_node]: 启动避障逻辑
[INFO] [1729243628.603600630] [slam_node]: [93m最新前方障碍距离：4.750,[0m[91m最新左侧障碍距离：1.650,[0m[94m最新右侧障碍距离：0.350[0m
[INFO] [1729243628.603862641] [slam_node]: 当前运动方向Move forward
[INFO] [1729243628.604333314] [slam_node]: 当前运行时长:17.5
[INFO] [1729243629.093764997] [slam_node]: 启动避障逻辑
[INFO] [1729243629.094113525] [slam_node]: [93m最新前方障碍距离：4.600,[0m[91m最新左侧障碍距离：1.650,[0m[94m最新右侧障碍距离：0.400[0m
[INFO] [1729243629.094351138] [slam_node]: 当前运动方向Move forward
[INFO] [1729243629.094796268] [slam_node]: 当前运行时长:18.0
[INFO] [1729243629.602696239] [slam_node]: 启动避障逻辑
[INFO] [1729243629.603063704] [slam_node]: [93m最新前方障碍距离：inf,[0m[91m最新左侧障碍距离：1.650,[0m[94m最新右侧障碍距离：0.400[0m
[INFO] [1729243629.603314194] [slam_node]: 当前运动方向Move forward
[INFO] [1729243629.604033710] [slam_node]: 当前运行时长:18.5
[INFO] [1729243630.095655353] [slam_node]: 启动避障逻辑
[INFO] [1729243630.095999551] [slam_node]: [93m最新前方障碍距离：2.400,[0m[91m最新左侧障碍距离：1.650,[0m[94m最新右侧障碍距离：0.400[0m
[INFO] [1729243630.096240995] [slam_node]: 当前运动方向Move forward
[INFO] [1729243630.096632597] [slam_node]: 当前运行时长:19.0
[INFO] [1729243630.601616895] [slam_node]: 启动避障逻辑
[INFO] [1729243630.601912052] [slam_node]: [93m最新前方障碍距离：inf,[0m[91m最新左侧障碍距离：1.650,[0m[94m最新右侧障碍距离：0.550[0m
[INFO] [1729243630.602205779] [slam_node]: 当前运动方向Move forward
[INFO] [1729243630.602588607] [slam_node]: 当前运行时长:19.5
[INFO] [1729243631.103583272] [slam_node]: 启动避障逻辑
[INFO] [1729243631.103895664] [slam_node]: [93m最新前方障碍距离：2.150,[0m[91m最新左侧障碍距离：1.650,[0m[94m最新右侧障碍距离：0.900[0m
[INFO] [1729243631.104196443] [slam_node]: 当前运动方向Move forward
[INFO] [1729243631.104601729] [slam_node]: 当前运行时长:20.0
[INFO] [1729243631.597472503] [slam_node]: 启动避障逻辑
[INFO] [1729243631.597797187] [slam_node]: [93m最新前方障碍距离：inf,[0m[91m最新左侧障碍距离：1.700,[0m[94m最新右侧障碍距离：1.900[0m
[INFO] [1729243631.598073550] [slam_node]: 当前运动方向Move forward
[INFO] [1729243631.598508883] [slam_node]: 当前运行时长:20.5
[INFO] [1729243632.101352112] [slam_node]: 启动避障逻辑
[INFO] [1729243632.101648317] [slam_node]: [93m最新前方障碍距离：2.000,[0m[91m最新左侧障碍距离：1.700,[0m[94m最新右侧障碍距离：3.900[0m
[INFO] [1729243632.101929188] [slam_node]: 当前运动方向Move forward
[INFO] [1729243632.102410953] [slam_node]: 当前运行时长:21.0
[INFO] [1729243632.603637330] [slam_node]: 启动避障逻辑
[INFO] [1729243632.603952407] [slam_node]: [93m最新前方障碍距离：3.900,[0m[91m最新左侧障碍距离：1.700,[0m[94m最新右侧障碍距离：inf[0m
[INFO] [1729243632.604274439] [slam_node]: 当前运动方向Turn right
[INFO] [1729243632.604704971] [slam_node]: [91m第1次右转[0m
[INFO] [1729243633.113339153] [slam_node]: [91m第2次右转[0m
[INFO] [1729243633.620149343] [slam_node]: [91m第3次右转[0m
[INFO] [1729243634.125481292] [slam_node]: [91m第4次右转[0m
[INFO] [1729243634.630894418] [slam_node]: [91m第5次右转[0m
[INFO] [1729243635.141046535] [slam_node]: [91m第6次右转[0m
[INFO] [1729243635.650687943] [slam_node]: [91m第7次右转[0m
[INFO] [1729243636.153333326] [slam_node]: [91m第8次右转[0m
[INFO] [1729243636.661600353] [slam_node]: [91m第9次右转[0m
[INFO] [1729243637.170221048] [slam_node]: [91m第10次右转[0m
[INFO] [1729243637.675412818] [slam_node]: 当前运行时长:21.5
[INFO] [1729243637.676343533] [slam_node]: 启动避障逻辑
[INFO] [1729243637.676638586] [slam_node]: [93m最新前方障碍距离：3.900,[0m[91m最新左侧障碍距离：1.700,[0m[94m最新右侧障碍距离：inf[0m
[INFO] [1729243637.676876445] [slam_node]: 当前运动方向Move forward
[INFO] [1729243637.677498602] [slam_node]: 当前运行时长:22.0
[INFO] [1729243638.103171947] [slam_node]: 启动避障逻辑
[INFO] [1729243638.103519902] [slam_node]: [93m最新前方障碍距离：inf,[0m[91m最新左侧障碍距离：1.400,[0m[94m最新右侧障碍距离：1.050[0m
[INFO] [1729243638.103784681] [slam_node]: 当前运动方向Move forward
[INFO] [1729243638.104205259] [slam_node]: 当前运行时长:22.5
[INFO] [1729243638.603337706] [slam_node]: 启动避障逻辑
[INFO] [1729243638.603667730] [slam_node]: [93m最新前方障碍距离：inf,[0m[91m最新左侧障碍距离：1.350,[0m[94m最新右侧障碍距离：1.000[0m
[INFO] [1729243638.603927311] [slam_node]: 当前运动方向Move forward
[INFO] [1729243638.604363372] [slam_node]: 当前运行时长:23.0
[INFO] [1729243639.100808696] [slam_node]: 启动避障逻辑
[INFO] [1729243639.101272971] [slam_node]: [93m最新前方障碍距离：inf,[0m[91m最新左侧障碍距离：1.450,[0m[94m最新右侧障碍距离：1.000[0m
[INFO] [1729243639.101554825] [slam_node]: 当前运动方向Move forward
[INFO] [1729243639.102240408] [slam_node]: 当前运行时长:23.5
[INFO] [1729243639.596839340] [slam_node]: 启动避障逻辑
[INFO] [1729243639.597203891] [slam_node]: [93m最新前方障碍距离：inf,[0m[91m最新左侧障碍距离：1.650,[0m[94m最新右侧障碍距离：1.000[0m
[INFO] [1729243639.597448245] [slam_node]: 当前运动方向Move forward
[INFO] [1729243639.597834795] [slam_node]: 当前运行时长:24.0
[INFO] [1729243640.103323869] [slam_node]: 启动避障逻辑
[INFO] [1729243640.103653450] [slam_node]: [93m最新前方障碍距离：inf,[0m[91m最新左侧障碍距离：1.650,[0m[94m最新右侧障碍距离：1.000[0m
[INFO] [1729243640.103897961] [slam_node]: 当前运动方向Move forward
[INFO] [1729243640.104341920] [slam_node]: 当前运行时长:24.5
[INFO] [1729243640.595646439] [slam_node]: 启动避障逻辑
[INFO] [1729243640.595951545] [slam_node]: [93m最新前方障碍距离：inf,[0m[91m最新左侧障碍距离：1.700,[0m[94m最新右侧障碍距离：1.000[0m
[INFO] [1729243640.596404289] [slam_node]: 当前运动方向Move forward
[INFO] [1729243640.596811823] [slam_node]: 当前运行时长:25.0
[INFO] [1729243641.104802390] [slam_node]: 启动避障逻辑
[INFO] [1729243641.105129861] [slam_node]: [93m最新前方障碍距离：inf,[0m[91m最新左侧障碍距离：1.100,[0m[94m最新右侧障碍距离：1.050[0m
[INFO] [1729243641.105390137] [slam_node]: 当前运动方向Move forward
[INFO] [1729243641.105820346] [slam_node]: 当前运行时长:25.5
[INFO] [1729243641.598167533] [slam_node]: 启动避障逻辑
[INFO] [1729243641.598469220] [slam_node]: [93m最新前方障碍距离：inf,[0m[91m最新左侧障碍距离：0.550,[0m[94m最新右侧障碍距离：1.050[0m
[INFO] [1729243641.598727461] [slam_node]: 当前运动方向Move forward
[INFO] [1729243641.599138404] [slam_node]: 当前运行时长:26.0
[INFO] [1729243642.106226028] [slam_node]: 启动避障逻辑
[INFO] [1729243642.106565011] [slam_node]: [93m最新前方障碍距离：inf,[0m[91m最新左侧障碍距离：0.550,[0m[94m最新右侧障碍距离：1.050[0m
[INFO] [1729243642.106807743] [slam_node]: 当前运动方向Move forward
[INFO] [1729243642.107257181] [slam_node]: 当前运行时长:26.5
[INFO] [1729243642.598440289] [slam_node]: 启动避障逻辑
[INFO] [1729243642.598754876] [slam_node]: [93m最新前方障碍距离：inf,[0m[91m最新左侧障碍距离：0.550,[0m[94m最新右侧障碍距离：1.050[0m
[INFO] [1729243642.598994754] [slam_node]: 当前运动方向Move forward
[INFO] [1729243642.599563584] [slam_node]: 当前运行时长:27.0
[INFO] [1729243643.103121597] [slam_node]: 启动避障逻辑
[INFO] [1729243643.103482575] [slam_node]: [93m最新前方障碍距离：inf,[0m[91m最新左侧障碍距离：0.500,[0m[94m最新右侧障碍距离：1.050[0m
[INFO] [1729243643.103742801] [slam_node]: 当前运动方向Move forward
[INFO] [1729243643.104167747] [slam_node]: 当前运行时长:27.5
[INFO] [1729243643.594243669] [slam_node]: 启动避障逻辑
[INFO] [1729243643.594545997] [slam_node]: [93m最新前方障碍距离：inf,[0m[91m最新左侧障碍距离：0.500,[0m[94m最新右侧障碍距离：1.050[0m
[INFO] [1729243643.594779470] [slam_node]: 当前运动方向Move forward
[INFO] [1729243643.595473510] [slam_node]: 当前运行时长:28.0
[INFO] [1729243644.093242379] [slam_node]: 启动避障逻辑
[INFO] [1729243644.093557432] [slam_node]: [93m最新前方障碍距离：inf,[0m[91m最新左侧障碍距离：0.500,[0m[94m最新右侧障碍距离：1.050[0m
[INFO] [1729243644.093865377] [slam_node]: 当前运动方向Move forward
[INFO] [1729243644.094266696] [slam_node]: 当前运行时长:28.5
[INFO] [1729243644.597415461] [slam_node]: 启动避障逻辑
[INFO] [1729243644.597732713] [slam_node]: [93m最新前方障碍距离：inf,[0m[91m最新左侧障碍距离：0.500,[0m[94m最新右侧障碍距离：1.050[0m
[INFO] [1729243644.597986824] [slam_node]: 当前运动方向Move forward
[INFO] [1729243644.598534898] [slam_node]: 当前运行时长:29.0
[INFO] [1729243645.103674454] [slam_node]: 启动避障逻辑
[INFO] [1729243645.104042200] [slam_node]: [93m最新前方障碍距离：inf,[0m[91m最新左侧障碍距离：0.500,[0m[94m最新右侧障碍距离：1.050[0m
[INFO] [1729243645.104277484] [slam_node]: 当前运动方向Move forward
[INFO] [1729243645.104770932] [slam_node]: 当前运行时长:29.5
[INFO] [1729243645.596287926] [slam_node]: 启动避障逻辑
[INFO] [1729243645.596597894] [slam_node]: [93m最新前方障碍距离：inf,[0m[91m最新左侧障碍距离：0.500,[0m[94m最新右侧障碍距离：1.050[0m
[INFO] [1729243645.596831396] [slam_node]: 当前运动方向Move forward
[INFO] [1729243645.597303001] [slam_node]: 当前运行时长:30.0
[INFO] [1729243646.099315314] [slam_node]: 启动避障逻辑
[INFO] [1729243646.099657594] [slam_node]: [93m最新前方障碍距离：inf,[0m[91m最新左侧障碍距离：0.500,[0m[94m最新右侧障碍距离：1.050[0m
[INFO] [1729243646.099899087] [slam_node]: 当前运动方向Move forward
[INFO] [1729243646.100381443] [slam_node]: 当前运行时长:30.5
[INFO] [1729243646.602875529] [slam_node]: 启动避障逻辑
[INFO] [1729243646.603211272] [slam_node]: [93m最新前方障碍距离：inf,[0m[91m最新左侧障碍距离：0.500,[0m[94m最新右侧障碍距离：1.050[0m
[INFO] [1729243646.603497879] [slam_node]: 当前运动方向Move forward
[INFO] [1729243646.603892312] [slam_node]: 当前运行时长:31.0
[INFO] [1729243647.098514312] [slam_node]: 启动避障逻辑
[INFO] [1729243647.098870476] [slam_node]: [93m最新前方障碍距离：inf,[0m[91m最新左侧障碍距离：0.500,[0m[94m最新右侧障碍距离：1.050[0m
[INFO] [1729243647.099132519] [slam_node]: 当前运动方向Move forward
[INFO] [1729243647.099529104] [slam_node]: 当前运行时长:31.5
[INFO] [1729243647.601982379] [slam_node]: 启动避障逻辑
[INFO] [1729243647.602366997] [slam_node]: [93m最新前方障碍距离：inf,[0m[91m最新左侧障碍距离：0.500,[0m[94m最新右侧障碍距离：1.050[0m
[INFO] [1729243647.602616737] [slam_node]: 当前运动方向Move forward
[INFO] [1729243647.603039717] [slam_node]: 当前运行时长:32.0
[INFO] [1729243648.094304940] [slam_node]: 启动避障逻辑
[INFO] [1729243648.094621561] [slam_node]: [93m最新前方障碍距离：inf,[0m[91m最新左侧障碍距离：0.450,[0m[94m最新右侧障碍距离：1.100[0m
[INFO] [1729243648.094859348] [slam_node]: 当前运动方向Move forward
[INFO] [1729243648.095282698] [slam_node]: 当前运行时长:32.5
[INFO] [1729243648.602700906] [slam_node]: 启动避障逻辑
[INFO] [1729243648.603036410] [slam_node]: [93m最新前方障碍距离：inf,[0m[91m最新左侧障碍距离：0.500,[0m[94m最新右侧障碍距离：1.100[0m
[INFO] [1729243648.603419330] [slam_node]: 当前运动方向Move forward
[INFO] [1729243648.603849484] [slam_node]: 当前运行时长:33.0
[INFO] [1729243649.093201859] [slam_node]: 启动避障逻辑
[INFO] [1729243649.093570815] [slam_node]: [93m最新前方障碍距离：inf,[0m[91m最新左侧障碍距离：0.450,[0m[94m最新右侧障碍距离：1.100[0m
[INFO] [1729243649.093819645] [slam_node]: 当前运动方向Move forward
[INFO] [1729243649.094239549] [slam_node]: 当前运行时长:33.5
[INFO] [1729243649.601663482] [slam_node]: 启动避障逻辑
[INFO] [1729243649.602017434] [slam_node]: [93m最新前方障碍距离：inf,[0m[91m最新左侧障碍距离：0.500,[0m[94m最新右侧障碍距离：0.650[0m
[INFO] [1729243649.602290598] [slam_node]: 当前运动方向Move forward
[INFO] [1729243649.602687042] [slam_node]: 当前运行时长:34.0
[INFO] [1729243650.094958593] [slam_node]: 启动避障逻辑
[INFO] [1729243650.095330113] [slam_node]: [93m最新前方障碍距离：inf,[0m[91m最新左侧障碍距离：0.450,[0m[94m最新右侧障碍距离：1.100[0m
[INFO] [1729243650.095578598] [slam_node]: 当前运动方向Move forward
[INFO] [1729243650.096002210] [slam_node]: 当前运行时长:34.5
[INFO] [1729243650.598977732] [slam_node]: 启动避障逻辑
[INFO] [1729243650.599325443] [slam_node]: [93m最新前方障碍距离：inf,[0m[91m最新左侧障碍距离：0.450,[0m[94m最新右侧障碍距离：1.100[0m
[INFO] [1729243650.599602701] [slam_node]: 当前运动方向Move forward
[INFO] [1729243650.600006591] [slam_node]: 当前运行时长:35.0
[INFO] [1729243651.095956900] [slam_node]: 启动避障逻辑
[INFO] [1729243651.096328074] [slam_node]: [93m最新前方障碍距离：inf,[0m[91m最新左侧障碍距离：0.450,[0m[94m最新右侧障碍距离：1.100[0m
[INFO] [1729243651.096632180] [slam_node]: 当前运动方向Move forward
[INFO] [1729243651.097096522] [slam_node]: 当前运行时长:35.5
[INFO] [1729243651.602877640] [slam_node]: 启动避障逻辑
[INFO] [1729243651.603209339] [slam_node]: [93m最新前方障碍距离：inf,[0m[91m最新左侧障碍距离：0.450,[0m[94m最新右侧障碍距离：1.100[0m
[INFO] [1729243651.603477241] [slam_node]: 当前运动方向Move forward
[INFO] [1729243651.603936411] [slam_node]: 当前运行时长:36.0
[INFO] [1729243652.095140063] [slam_node]: 启动避障逻辑
[INFO] [1729243652.095445189] [slam_node]: [93m最新前方障碍距离：inf,[0m[91m最新左侧障碍距离：0.450,[0m[94m最新右侧障碍距离：1.100[0m
[INFO] [1729243652.095690131] [slam_node]: 当前运动方向Move forward
[INFO] [1729243652.096107182] [slam_node]: 当前运行时长:36.5
[INFO] [1729243652.604655795] [slam_node]: 启动避障逻辑
[INFO] [1729243652.605009718] [slam_node]: [93m最新前方障碍距离：inf,[0m[91m最新左侧障碍距离：0.450,[0m[94m最新右侧障碍距离：1.100[0m
[INFO] [1729243652.605249355] [slam_node]: 当前运动方向Move forward
[INFO] [1729243652.605648151] [slam_node]: 当前运行时长:37.0
[INFO] [1729243653.098029534] [slam_node]: 启动避障逻辑
[INFO] [1729243653.098316845] [slam_node]: [93m最新前方障碍距离：inf,[0m[91m最新左侧障碍距离：0.450,[0m[94m最新右侧障碍距离：1.100[0m
[INFO] [1729243653.098579618] [slam_node]: 当前运动方向Move forward
[INFO] [1729243653.099065518] [slam_node]: 当前运行时长:37.5
[INFO] [1729243653.592929601] [slam_node]: 启动避障逻辑
[INFO] [1729243653.593265862] [slam_node]: [93m最新前方障碍距离：inf,[0m[91m最新左侧障碍距离：0.450,[0m[94m最新右侧障碍距离：1.100[0m
[INFO] [1729243653.593547007] [slam_node]: 当前运动方向Move forward
[INFO] [1729243653.593998543] [slam_node]: 当前运行时长:38.0
[INFO] [1729243654.101069067] [slam_node]: 启动避障逻辑
[INFO] [1729243654.101559867] [slam_node]: [93m最新前方障碍距离：inf,[0m[91m最新左侧障碍距离：0.450,[0m[94m最新右侧障碍距离：1.150[0m
[INFO] [1729243654.101876911] [slam_node]: 当前运动方向Move forward
[INFO] [1729243654.102551308] [slam_node]: 当前运行时长:38.5
[INFO] [1729243654.593968763] [slam_node]: 启动避障逻辑
[INFO] [1729243654.594324242] [slam_node]: [93m最新前方障碍距离：inf,[0m[91m最新左侧障碍距离：0.400,[0m[94m最新右侧障碍距离：1.150[0m
[INFO] [1729243654.594566534] [slam_node]: 当前运动方向Move forward
[INFO] [1729243654.595061252] [slam_node]: 当前运行时长:39.0
[INFO] [1729243655.095702593] [slam_node]: 启动避障逻辑
[INFO] [1729243655.096019139] [slam_node]: [93m最新前方障碍距离：inf,[0m[91m最新左侧障碍距离：0.400,[0m[94m最新右侧障碍距离：1.150[0m
[INFO] [1729243655.096326672] [slam_node]: 当前运动方向Move forward
[INFO] [1729243655.096763375] [slam_node]: 当前运行时长:39.5
[INFO] [1729243655.598163557] [slam_node]: 启动避障逻辑
[INFO] [1729243655.598502497] [slam_node]: [93m最新前方障碍距离：inf,[0m[91m最新左侧障碍距离：0.400,[0m[94m最新右侧障碍距离：1.150[0m
[INFO] [1729243655.598771725] [slam_node]: 当前运动方向Move forward
[INFO] [1729243655.599300436] [slam_node]: 当前运行时长:40.0
[INFO] [1729243656.094686003] [slam_node]: 启动避障逻辑
[INFO] [1729243656.095063132] [slam_node]: [93m最新前方障碍距离：inf,[0m[91m最新左侧障碍距离：0.400,[0m[94m最新右侧障碍距离：1.150[0m
[INFO] [1729243656.095307840] [slam_node]: 当前运动方向Move forward
[INFO] [1729243656.095716146] [slam_node]: 当前运行时长:40.5
[INFO] [1729243656.602690211] [slam_node]: 启动避障逻辑
[INFO] [1729243656.603081383] [slam_node]: [93m最新前方障碍距离：inf,[0m[91m最新左侧障碍距离：0.400,[0m[94m最新右侧障碍距离：1.150[0m
[INFO] [1729243656.603342413] [slam_node]: 当前运动方向Move forward
[INFO] [1729243656.603761024] [slam_node]: 当前运行时长:41.0
[INFO] [1729243657.092766507] [slam_node]: 启动避障逻辑
[INFO] [1729243657.093123221] [slam_node]: [93m最新前方障碍距离：inf,[0m[91m最新左侧障碍距离：0.400,[0m[94m最新右侧障碍距离：1.150[0m
[INFO] [1729243657.093403828] [slam_node]: 当前运动方向Move forward
[INFO] [1729243657.093845652] [slam_node]: 当前运行时长:41.5
[INFO] [1729243657.600108171] [slam_node]: 启动避障逻辑
[INFO] [1729243657.600434356] [slam_node]: [93m最新前方障碍距离：inf,[0m[91m最新左侧障碍距离：0.400,[0m[94m最新右侧障碍距离：1.150[0m
[INFO] [1729243657.600680532] [slam_node]: 当前运动方向Move forward
[INFO] [1729243657.601073371] [slam_node]: 当前运行时长:42.0
[INFO] [1729243658.093345947] [slam_node]: 启动避障逻辑
[INFO] [1729243658.093626717] [slam_node]: [93m最新前方障碍距离：inf,[0m[91m最新左侧障碍距离：0.400,[0m[94m最新右侧障碍距离：1.150[0m
[INFO] [1729243658.093903342] [slam_node]: 当前运动方向Move forward
[INFO] [1729243658.094291944] [slam_node]: 当前运行时长:42.5
[INFO] [1729243658.597051923] [slam_node]: 启动避障逻辑
[INFO] [1729243658.597409894] [slam_node]: [93m最新前方障碍距离：inf,[0m[91m最新左侧障碍距离：0.400,[0m[94m最新右侧障碍距离：1.150[0m
[INFO] [1729243658.597699439] [slam_node]: 当前运动方向Move forward
[INFO] [1729243658.598106956] [slam_node]: 当前运行时长:43.0
[INFO] [1729243659.096203674] [slam_node]: 启动避障逻辑
[INFO] [1729243659.096613406] [slam_node]: [93m最新前方障碍距离：inf,[0m[91m最新左侧障碍距离：0.400,[0m[94m最新右侧障碍距离：1.150[0m
[INFO] [1729243659.096870568] [slam_node]: 当前运动方向Move forward
[INFO] [1729243659.097290786] [slam_node]: 当前运行时长:43.5
[INFO] [1729243659.592541607] [slam_node]: 启动避障逻辑
[INFO] [1729243659.592849096] [slam_node]: [93m最新前方障碍距离：inf,[0m[91m最新左侧障碍距离：0.400,[0m[94m最新右侧障碍距离：1.150[0m
[INFO] [1729243659.593135673] [slam_node]: 当前运动方向Move forward
[INFO] [1729243659.593547857] [slam_node]: 当前运行时长:44.0
[INFO] [1729243660.098538249] [slam_node]: 启动避障逻辑
[INFO] [1729243660.098866424] [slam_node]: [93m最新前方障碍距离：inf,[0m[91m最新左侧障碍距离：0.400,[0m[94m最新右侧障碍距离：1.150[0m
[INFO] [1729243660.099103988] [slam_node]: 当前运动方向Move forward
[INFO] [1729243660.099526486] [slam_node]: 当前运行时长:44.5
[INFO] [1729243660.602403645] [slam_node]: 启动避障逻辑
[INFO] [1729243660.602702980] [slam_node]: [93m最新前方障碍距离：inf,[0m[91m最新左侧障碍距离：0.450,[0m[94m最新右侧障碍距离：1.150[0m
[INFO] [1729243660.603015583] [slam_node]: 当前运动方向Move forward
[INFO] [1729243660.603494237] [slam_node]: 当前运行时长:45.0
[INFO] [1729243661.099379698] [slam_node]: 启动避障逻辑
[INFO] [1729243661.099713375] [slam_node]: [93m最新前方障碍距离：inf,[0m[91m最新左侧障碍距离：0.350,[0m[94m最新右侧障碍距离：1.150[0m
[INFO] [1729243661.099962443] [slam_node]: 当前运动方向Move forward
[INFO] [1729243661.100409864] [slam_node]: 当前运行时长:45.5
[INFO] [1729243661.593581012] [slam_node]: 启动避障逻辑
[INFO] [1729243661.593879557] [slam_node]: [93m最新前方障碍距离：inf,[0m[91m最新左侧障碍距离：0.400,[0m[94m最新右侧障碍距离：1.200[0m
[INFO] [1729243661.594175986] [slam_node]: 当前运动方向Move forward
[INFO] [1729243661.594554096] [slam_node]: 当前运行时长:46.0
[INFO] [1729243662.102518238] [slam_node]: 启动避障逻辑
[INFO] [1729243662.102954403] [slam_node]: [93m最新前方障碍距离：inf,[0m[91m最新左侧障碍距离：0.400,[0m[94m最新右侧障碍距离：1.150[0m
[INFO] [1729243662.103256255] [slam_node]: 当前运动方向Move forward
[INFO] [1729243662.103696381] [slam_node]: 当前运行时长:46.5
[INFO] [1729243662.596944808] [slam_node]: 启动避障逻辑
[INFO] [1729243662.597294110] [slam_node]: [93m最新前方障碍距离：inf,[0m[91m最新左侧障碍距离：0.350,[0m[94m最新右侧障碍距离：1.200[0m
[INFO] [1729243662.597706633] [slam_node]: 当前运动方向Move forward
[INFO] [1729243662.598501632] [slam_node]: 当前运行时长:47.0
[INFO] [1729243663.102461107] [slam_node]: 启动避障逻辑
[INFO] [1729243663.102770088] [slam_node]: [93m最新前方障碍距离：inf,[0m[91m最新左侧障碍距离：0.200,[0m[94m最新右侧障碍距离：1.200[0m
[INFO] [1729243663.103068644] [slam_node]: 当前运动方向Move forward
[INFO] [1729243663.103493366] [slam_node]: 当前运行时长:47.5
[INFO] [1729243663.598653729] [slam_node]: 启动避障逻辑
[INFO] [1729243663.598947296] [slam_node]: [93m最新前方障碍距离：inf,[0m[91m最新左侧障碍距离：0.200,[0m[94m最新右侧障碍距离：1.200[0m
[INFO] [1729243663.599178234] [slam_node]: 当前运动方向Move forward
[INFO] [1729243663.599668963] [slam_node]: 当前运行时长:48.0
[INFO] [1729243664.102450978] [slam_node]: 启动避障逻辑
[INFO] [1729243664.102761171] [slam_node]: [93m最新前方障碍距离：inf,[0m[91m最新左侧障碍距离：0.200,[0m[94m最新右侧障碍距离：1.200[0m
[INFO] [1729243664.103051071] [slam_node]: 当前运动方向Move forward
[INFO] [1729243664.103460004] [slam_node]: 当前运行时长:48.5
[INFO] [1729243664.599669955] [slam_node]: 启动避障逻辑
[INFO] [1729243664.600027059] [slam_node]: [93m最新前方障碍距离：inf,[0m[91m最新左侧障碍距离：0.200,[0m[94m最新右侧障碍距离：1.200[0m
[INFO] [1729243664.600356989] [slam_node]: 当前运动方向Move forward
[INFO] [1729243664.600865165] [slam_node]: 当前运行时长:49.0
[INFO] [1729243665.102354305] [slam_node]: 启动避障逻辑
[INFO] [1729243665.102689349] [slam_node]: [93m最新前方障碍距离：inf,[0m[91m最新左侧障碍距离：0.200,[0m[94m最新右侧障碍距离：1.200[0m
[INFO] [1729243665.102986531] [slam_node]: 当前运动方向Move forward
[INFO] [1729243665.103469343] [slam_node]: 当前运行时长:49.5
[INFO] [1729243665.596965112] [slam_node]: 启动避障逻辑
[INFO] [1729243665.597324879] [slam_node]: [93m最新前方障碍距离：inf,[0m[91m最新左侧障碍距离：0.200,[0m[94m最新右侧障碍距离：1.200[0m
[INFO] [1729243665.597565223] [slam_node]: 当前运动方向Move forward
[INFO] [1729243665.597952252] [slam_node]: 当前运行时长:50.0
[INFO] [1729243666.093283373] [slam_node]: 启动避障逻辑
[INFO] [1729243666.093622804] [slam_node]: [93m最新前方障碍距离：inf,[0m[91m最新左侧障碍距离：0.200,[0m[94m最新右侧障碍距离：1.200[0m
[INFO] [1729243666.093892727] [slam_node]: 当前运动方向Move forward
[INFO] [1729243666.094343671] [slam_node]: 当前运行时长:50.5
[INFO] [1729243666.594276519] [slam_node]: 启动避障逻辑
[INFO] [1729243666.594600349] [slam_node]: [93m最新前方障碍距离：inf,[0m[91m最新左侧障碍距离：0.200,[0m[94m最新右侧障碍距离：1.200[0m
[INFO] [1729243666.594859792] [slam_node]: 当前运动方向Move forward
[INFO] [1729243666.595278960] [slam_node]: 当前运行时长:51.0
[INFO] [1729243667.095366994] [slam_node]: 启动避障逻辑
[INFO] [1729243667.095699023] [slam_node]: [93m最新前方障碍距离：inf,[0m[91m最新左侧障碍距离：0.200,[0m[94m最新右侧障碍距离：1.250[0m
[INFO] [1729243667.095965499] [slam_node]: 当前运动方向Move forward
[INFO] [1729243667.096436189] [slam_node]: 当前运行时长:51.5
[INFO] [1729243667.602297045] [slam_node]: 启动避障逻辑
[INFO] [1729243667.602641702] [slam_node]: [93m最新前方障碍距离：inf,[0m[91m最新左侧障碍距离：0.350,[0m[94m最新右侧障碍距离：1.200[0m
[INFO] [1729243667.602907483] [slam_node]: 当前运动方向Move forward
[INFO] [1729243667.603366616] [slam_node]: 当前运行时长:52.0
[INFO] [1729243668.097044994] [slam_node]: 启动避障逻辑
[INFO] [1729243668.097398487] [slam_node]: [93m最新前方障碍距离：inf,[0m[91m最新左侧障碍距离：0.350,[0m[94m最新右侧障碍距离：1.200[0m
[INFO] [1729243668.097634439] [slam_node]: 当前运动方向Move forward
[INFO] [1729243668.098067526] [slam_node]: 当前运行时长:52.5
[INFO] [1729243668.602280927] [slam_node]: 启动避障逻辑
[INFO] [1729243668.602574682] [slam_node]: [93m最新前方障碍距离：inf,[0m[91m最新左侧障碍距离：0.350,[0m[94m最新右侧障碍距离：1.200[0m
[INFO] [1729243668.602846229] [slam_node]: 当前运动方向Move forward
[INFO] [1729243668.603302729] [slam_node]: 当前运行时长:53.0
[INFO] [1729243669.101292489] [slam_node]: 启动避障逻辑
[INFO] [1729243669.101836233] [slam_node]: [93m最新前方障碍距离：inf,[0m[91m最新左侧障碍距离：0.350,[0m[94m最新右侧障碍距离：1.200[0m
[INFO] [1729243669.102171099] [slam_node]: 当前运动方向Move forward
[INFO] [1729243669.102651093] [slam_node]: 当前运行时长:53.5
[INFO] [1729243669.592767127] [slam_node]: 启动避障逻辑
[INFO] [1729243669.593366589] [slam_node]: [93m最新前方障碍距离：inf,[0m[91m最新左侧障碍距离：0.350,[0m[94m最新右侧障碍距离：1.200[0m
[INFO] [1729243669.593841578] [slam_node]: 当前运动方向Move forward
[INFO] [1729243669.594312981] [slam_node]: 当前运行时长:54.0
[INFO] [1729243670.100934188] [slam_node]: 启动避障逻辑
[INFO] [1729243670.101290436] [slam_node]: [93m最新前方障碍距离：inf,[0m[91m最新左侧障碍距离：0.350,[0m[94m最新右侧障碍距离：1.200[0m
[INFO] [1729243670.101563901] [slam_node]: 当前运动方向Move forward
[INFO] [1729243670.101964575] [slam_node]: 当前运行时长:54.5
[INFO] [1729243670.592767052] [slam_node]: 启动避障逻辑
[INFO] [1729243670.593110115] [slam_node]: [93m最新前方障碍距离：inf,[0m[91m最新左侧障碍距离：0.350,[0m[94m最新右侧障碍距离：1.250[0m
[INFO] [1729243670.593348706] [slam_node]: 当前运动方向Move forward
[INFO] [1729243670.593720780] [slam_node]: 当前运行时长:55.0
[INFO] [1729243671.098645664] [slam_node]: 启动避障逻辑
[INFO] [1729243671.099051666] [slam_node]: [93m最新前方障碍距离：inf,[0m[91m最新左侧障碍距离：0.350,[0m[94m最新右侧障碍距离：1.250[0m
[INFO] [1729243671.099293030] [slam_node]: 当前运动方向Move forward
[INFO] [1729243671.099700854] [slam_node]: 当前运行时长:55.5
[INFO] [1729243671.602409524] [slam_node]: 启动避障逻辑
[INFO] [1729243671.602704955] [slam_node]: [93m最新前方障碍距离：inf,[0m[91m最新左侧障碍距离：0.350,[0m[94m最新右侧障碍距离：1.250[0m
[INFO] [1729243671.603047540] [slam_node]: 当前运动方向Move forward
[INFO] [1729243671.603464929] [slam_node]: 当前运行时长:56.0
[INFO] [1729243672.096237171] [slam_node]: 启动避障逻辑
[INFO] [1729243672.096582493] [slam_node]: [93m最新前方障碍距离：inf,[0m[91m最新左侧障碍距离：0.600,[0m[94m最新右侧障碍距离：1.250[0m
[INFO] [1729243672.096958079] [slam_node]: 当前运动方向Move forward
[INFO] [1729243672.097455572] [slam_node]: 当前运行时长:56.5
[INFO] [1729243672.602278337] [slam_node]: 启动避障逻辑
[INFO] [1729243672.602602705] [slam_node]: [93m最新前方障碍距离：inf,[0m[91m最新左侧障碍距离：1.100,[0m[94m最新右侧障碍距离：1.250[0m
[INFO] [1729243672.602882984] [slam_node]: 当前运动方向Move forward
[INFO] [1729243672.603304369] [slam_node]: 当前运行时长:57.0
[INFO] [1729243673.096692512] [slam_node]: 启动避障逻辑
[INFO] [1729243673.097103823] [slam_node]: [93m最新前方障碍距离：inf,[0m[91m最新左侧障碍距离：1.300,[0m[94m最新右侧障碍距离：1.250[0m
[INFO] [1729243673.097369357] [slam_node]: 当前运动方向Move forward
[INFO] [1729243673.097766707] [slam_node]: 当前运行时长:57.5
[INFO] [1729243673.602245788] [slam_node]: 启动避障逻辑
[INFO] [1729243673.602544750] [slam_node]: [93m最新前方障碍距离：inf,[0m[91m最新左侧障碍距离：1.600,[0m[94m最新右侧障碍距离：1.350[0m
[INFO] [1729243673.602823427] [slam_node]: 当前运动方向Move forward
[INFO] [1729243673.603285984] [slam_node]: 当前运行时长:58.0
[INFO] [1729243674.096342572] [slam_node]: 启动避障逻辑
[INFO] [1729243674.096674016] [slam_node]: [93m最新前方障碍距离：inf,[0m[91m最新左侧障碍距离：2.900,[0m[94m最新右侧障碍距离：1.350[0m
[INFO] [1729243674.096910014] [slam_node]: 当前运动方向Move forward
[INFO] [1729243674.097513080] [slam_node]: 当前运行时长:58.5
[INFO] [1729243674.595850399] [slam_node]: 启动避障逻辑
[INFO] [1729243674.596192337] [slam_node]: [93m最新前方障碍距离：inf,[0m[91m最新左侧障碍距离：2.950,[0m[94m最新右侧障碍距离：1.350[0m
[INFO] [1729243674.596449893] [slam_node]: 当前运动方向Move forward
[INFO] [1729243674.596836255] [slam_node]: 当前运行时长:59.0
[INFO] [1729243675.092345619] [slam_node]: 启动避障逻辑
[INFO] [1729243675.092649782] [slam_node]: [93m最新前方障碍距离：inf,[0m[91m最新左侧障碍距离：2.950,[0m[94m最新右侧障碍距离：1.350[0m
[INFO] [1729243675.092936400] [slam_node]: 当前运动方向Move forward
[INFO] [1729243675.093342236] [slam_node]: 当前运行时长:59.5
[INFO] [1729243675.601346092] [slam_node]: 启动避障逻辑
[INFO] [1729243675.601660525] [slam_node]: [93m最新前方障碍距离：inf,[0m[91m最新左侧障碍距离：4.150,[0m[94m最新右侧障碍距离：1.350[0m
[INFO] [1729243675.601922994] [slam_node]: 当前运动方向Move forward
[INFO] [1729243675.602405206] [slam_node]: 当前运行时长:60.0
[INFO] [1729243676.096182546] [slam_node]: 启动避障逻辑
[INFO] [1729243676.098016286] [slam_node]: [93m最新前方障碍距离：inf,[0m[91m最新左侧障碍距离：inf,[0m[94m最新右侧障碍距离：1.300[0m
[INFO] [1729243676.098922507] [slam_node]: 当前运动方向Move forward
[INFO] [1729243676.099330464] [slam_node]: 当前运行时长:60.5
[INFO] [1729243676.601908848] [slam_node]: 启动避障逻辑
[INFO] [1729243676.602259231] [slam_node]: [93m最新前方障碍距离：inf,[0m[91m最新左侧障碍距离：3.000,[0m[94m最新右侧障碍距离：1.300[0m
[INFO] [1729243676.602501523] [slam_node]: 当前运动方向Move forward
[INFO] [1729243676.602902430] [slam_node]: 当前运行时长:61.0
[INFO] [1729243677.094375861] [slam_node]: 启动避障逻辑
[INFO] [1729243677.094797381] [slam_node]: [93m最新前方障碍距离：4.200,[0m[91m最新左侧障碍距离：0.550,[0m[94m最新右侧障碍距离：1.350[0m
[INFO] [1729243677.095090289] [slam_node]: 当前运动方向Move forward
[INFO] [1729243677.095492586] [slam_node]: 当前运行时长:61.5
[INFO] [1729243677.599073994] [slam_node]: 启动避障逻辑
[INFO] [1729243677.599445939] [slam_node]: [93m最新前方障碍距离：inf,[0m[91m最新左侧障碍距离：2.700,[0m[94m最新右侧障碍距离：1.300[0m
[INFO] [1729243677.599714750] [slam_node]: 当前运动方向Move forward
[INFO] [1729243677.600143288] [slam_node]: 当前运行时长:62.0
[INFO] [1729243678.095543632] [slam_node]: 启动避障逻辑
[INFO] [1729243678.095906106] [slam_node]: [93m最新前方障碍距离：inf,[0m[91m最新左侧障碍距离：0.250,[0m[94m最新右侧障碍距离：1.300[0m
[INFO] [1729243678.096149922] [slam_node]: 当前运动方向Move forward
[INFO] [1729243678.096727357] [slam_node]: 当前运行时长:62.5
[INFO] [1729243678.600944918] [slam_node]: 启动避障逻辑
[INFO] [1729243678.601319802] [slam_node]: [93m最新前方障碍距离：inf,[0m[91m最新左侧障碍距离：0.300,[0m[94m最新右侧障碍距离：1.300[0m
[INFO] [1729243678.601592052] [slam_node]: 当前运动方向Move forward
[INFO] [1729243678.602076062] [slam_node]: 当前运行时长:63.0
[INFO] [1729243679.094712977] [slam_node]: 启动避障逻辑
[INFO] [1729243679.095220436] [slam_node]: [93m最新前方障碍距离：3.750,[0m[91m最新左侧障碍距离：0.250,[0m[94m最新右侧障碍距离：1.300[0m
[INFO] [1729243679.095496778] [slam_node]: 当前运动方向Move forward
[INFO] [1729243679.096003631] [slam_node]: 当前运行时长:63.5
[INFO] [1729243679.598482882] [slam_node]: 启动避障逻辑
[INFO] [1729243679.598878323] [slam_node]: [93m最新前方障碍距离：2.750,[0m[91m最新左侧障碍距离：0.250,[0m[94m最新右侧障碍距离：1.300[0m
[INFO] [1729243679.599175061] [slam_node]: 当前运动方向Move forward
[INFO] [1729243679.599748881] [slam_node]: 当前运行时长:64.0
[INFO] [1729243680.104600824] [slam_node]: 启动避障逻辑
[INFO] [1729243680.105729686] [slam_node]: [93m最新前方障碍距离：3.800,[0m[91m最新左侧障碍距离：0.250,[0m[94m最新右侧障碍距离：1.300[0m
[INFO] [1729243680.105988494] [slam_node]: 当前运动方向Move forward
[INFO] [1729243680.106519963] [slam_node]: 当前运行时长:64.5
[INFO] [1729243680.596039917] [slam_node]: 启动避障逻辑
[INFO] [1729243680.596491779] [slam_node]: [93m最新前方障碍距离：inf,[0m[91m最新左侧障碍距离：0.250,[0m[94m最新右侧障碍距离：1.350[0m
[INFO] [1729243680.596785829] [slam_node]: 当前运动方向Move forward
[INFO] [1729243680.597351369] [slam_node]: 当前运行时长:65.0
[INFO] [1729243681.101849167] [slam_node]: 启动避障逻辑
[INFO] [1729243681.102204444] [slam_node]: [93m最新前方障碍距离：inf,[0m[91m最新左侧障碍距离：0.250,[0m[94m最新右侧障碍距离：1.350[0m
[INFO] [1729243681.102462332] [slam_node]: 当前运动方向Move forward
[INFO] [1729243681.102878600] [slam_node]: 当前运行时长:65.5
[INFO] [1729243681.593038646] [slam_node]: 启动避障逻辑
[INFO] [1729243681.593413673] [slam_node]: [93m最新前方障碍距离：4.100,[0m[91m最新左侧障碍距离：0.250,[0m[94m最新右侧障碍距离：1.350[0m
[INFO] [1729243681.593680642] [slam_node]: 当前运动方向Move forward
[INFO] [1729243681.594341643] [slam_node]: 当前运行时长:66.0
[INFO] [1729243682.100421399] [slam_node]: 启动避障逻辑
[INFO] [1729243682.100756392] [slam_node]: [93m最新前方障碍距离：inf,[0m[91m最新左侧障碍距离：0.250,[0m[94m最新右侧障碍距离：1.350[0m
[INFO] [1729243682.101000040] [slam_node]: 当前运动方向Move forward
[INFO] [1729243682.101447125] [slam_node]: 当前运行时长:66.5
[INFO] [1729243682.595702837] [slam_node]: 启动避障逻辑
[INFO] [1729243682.596014798] [slam_node]: [93m最新前方障碍距离：inf,[0m[91m最新左侧障碍距离：0.250,[0m[94m最新右侧障碍距离：1.050[0m
[INFO] [1729243682.596301667] [slam_node]: 当前运动方向Move forward
[INFO] [1729243682.596716974] [slam_node]: 当前运行时长:67.0
[INFO] [1729243683.098766211] [slam_node]: 启动避障逻辑
[INFO] [1729243683.099233154] [slam_node]: [93m最新前方障碍距离：inf,[0m[91m最新左侧障碍距离：0.250,[0m[94m最新右侧障碍距离：1.000[0m
[INFO] [1729243683.099474048] [slam_node]: 当前运动方向Move forward
[INFO] [1729243683.099899230] [slam_node]: 当前运行时长:67.5
[INFO] [1729243683.602079639] [slam_node]: 启动避障逻辑
[INFO] [1729243683.602432748] [slam_node]: [93m最新前方障碍距离：2.100,[0m[91m最新左侧障碍距离：0.250,[0m[94m最新右侧障碍距离：1.050[0m
[INFO] [1729243683.602729247] [slam_node]: 当前运动方向Move forward
[INFO] [1729243683.603290400] [slam_node]: 当前运行时长:68.0
[INFO] [1729243684.095158952] [slam_node]: 启动避障逻辑
[INFO] [1729243684.095560935] [slam_node]: [93m最新前方障碍距离：3.550,[0m[91m最新左侧障碍距离：0.200,[0m[94m最新右侧障碍距离：1.050[0m
[INFO] [1729243684.095826188] [slam_node]: 当前运动方向Move forward
[INFO] [1729243684.096389291] [slam_node]: 当前运行时长:68.5
[INFO] [1729243684.601944203] [slam_node]: 启动避障逻辑
[INFO] [1729243684.602511725] [slam_node]: [93m最新前方障碍距离：inf,[0m[91m最新左侧障碍距离：0.250,[0m[94m最新右侧障碍距离：1.050[0m
[INFO] [1729243684.603046334] [slam_node]: 当前运动方向Move forward
[INFO] [1729243684.603580288] [slam_node]: 当前运行时长:69.0
[INFO] [1729243685.093992955] [slam_node]: 启动避障逻辑
[INFO] [1729243685.094507675] [slam_node]: [93m最新前方障碍距离：inf,[0m[91m最新左侧障碍距离：0.250,[0m[94m最新右侧障碍距离：1.350[0m
[INFO] [1729243685.094867584] [slam_node]: 当前运动方向Move forward
[INFO] [1729243685.095429177] [slam_node]: 当前运行时长:69.5
[INFO] [1729243685.601716650] [slam_node]: 启动避障逻辑
[INFO] [1729243685.602424279] [slam_node]: [93m最新前方障碍距离：inf,[0m[91m最新左侧障碍距离：0.250,[0m[94m最新右侧障碍距离：1.350[0m
[INFO] [1729243685.602937422] [slam_node]: 当前运动方向Move forward
[INFO] [1729243685.603605477] [slam_node]: 当前运行时长:70.0
[INFO] [1729243686.092972467] [slam_node]: 启动避障逻辑
[INFO] [1729243686.093336877] [slam_node]: [93m最新前方障碍距离：inf,[0m[91m最新左侧障碍距离：0.250,[0m[94m最新右侧障碍距离：1.350[0m
[INFO] [1729243686.093596165] [slam_node]: 当前运动方向Move forward
[INFO] [1729243686.093990010] [slam_node]: 当前运行时长:70.5
[INFO] [1729243686.594811222] [slam_node]: 启动避障逻辑
[INFO] [1729243686.595159203] [slam_node]: [93m最新前方障碍距离：inf,[0m[91m最新左侧障碍距离：0.250,[0m[94m最新右侧障碍距离：1.350[0m
[INFO] [1729243686.595453020] [slam_node]: 当前运动方向Move forward
[INFO] [1729243686.595846653] [slam_node]: 当前运行时长:71.0
[INFO] [1729243687.102062752] [slam_node]: 启动避障逻辑
[INFO] [1729243687.102403152] [slam_node]: [93m最新前方障碍距离：inf,[0m[91m最新左侧障碍距离：0.250,[0m[94m最新右侧障碍距离：1.350[0m
[INFO] [1729243687.102650233] [slam_node]: 当前运动方向Move forward
[INFO] [1729243687.103082433] [slam_node]: 当前运行时长:71.5
[INFO] [1729243687.596870126] [slam_node]: 启动避障逻辑
[INFO] [1729243687.597163038] [slam_node]: [93m最新前方障碍距离：2.750,[0m[91m最新左侧障碍距离：0.250,[0m[94m最新右侧障碍距离：1.350[0m
[INFO] [1729243687.597466432] [slam_node]: 当前运动方向Move forward
[INFO] [1729243687.598006519] [slam_node]: 当前运行时长:72.0
[INFO] [1729243688.100675825] [slam_node]: 启动避障逻辑
[INFO] [1729243688.100964793] [slam_node]: [93m最新前方障碍距离：2.550,[0m[91m最新左侧障碍距离：0.250,[0m[94m最新右侧障碍距离：1.350[0m
[INFO] [1729243688.101358753] [slam_node]: 当前运动方向Move forward
[INFO] [1729243688.101775819] [slam_node]: 当前运行时长:72.5
[INFO] [1729243688.596957353] [slam_node]: 启动避障逻辑
[INFO] [1729243688.597336232] [slam_node]: [93m最新前方障碍距离：inf,[0m[91m最新左侧障碍距离：0.250,[0m[94m最新右侧障碍距离：1.350[0m
[INFO] [1729243688.597581048] [slam_node]: 当前运动方向Move forward
[INFO] [1729243688.598082563] [slam_node]: 当前运行时长:73.0
[INFO] [1729243689.101813434] [slam_node]: 启动避障逻辑
[INFO] [1729243689.102175866] [slam_node]: [93m最新前方障碍距离：inf,[0m[91m最新左侧障碍距离：0.250,[0m[94m最新右侧障碍距离：1.350[0m
[INFO] [1729243689.102420685] [slam_node]: 当前运动方向Move forward
[INFO] [1729243689.102819048] [slam_node]: 当前运行时长:73.5
[INFO] [1729243689.595269198] [slam_node]: 启动避障逻辑
[INFO] [1729243689.595628828] [slam_node]: [93m最新前方障碍距离：inf,[0m[91m最新左侧障碍距离：0.250,[0m[94m最新右侧障碍距离：1.350[0m
[INFO] [1729243689.595890455] [slam_node]: 当前运动方向Move forward
[INFO] [1729243689.596298848] [slam_node]: 当前运行时长:74.0
[INFO] [1729243690.101583567] [slam_node]: 启动避障逻辑
[INFO] [1729243690.101928890] [slam_node]: [93m最新前方障碍距离：inf,[0m[91m最新左侧障碍距离：0.250,[0m[94m最新右侧障碍距离：1.350[0m
[INFO] [1729243690.102218004] [slam_node]: 当前运动方向Move forward
[INFO] [1729243690.102623361] [slam_node]: 当前运行时长:74.5
[INFO] [1729243690.595970599] [slam_node]: 启动避障逻辑
[INFO] [1729243690.596314183] [slam_node]: [93m最新前方障碍距离：inf,[0m[91m最新左侧障碍距离：0.250,[0m[94m最新右侧障碍距离：1.350[0m
[INFO] [1729243690.596670283] [slam_node]: 当前运动方向Move forward
[INFO] [1729243690.597097392] [slam_node]: 当前运行时长:75.0
[INFO] [1729243691.101537489] [slam_node]: 启动避障逻辑
[INFO] [1729243691.101862364] [slam_node]: [93m最新前方障碍距离：inf,[0m[91m最新左侧障碍距离：0.250,[0m[94m最新右侧障碍距离：1.350[0m
[INFO] [1729243691.102164421] [slam_node]: 当前运动方向Move forward
[INFO] [1729243691.102565726] [slam_node]: 当前运行时长:75.5
[INFO] [1729243691.601342401] [slam_node]: 启动避障逻辑
[INFO] [1729243691.601648774] [slam_node]: [93m最新前方障碍距离：inf,[0m[91m最新左侧障碍距离：0.250,[0m[94m最新右侧障碍距离：1.350[0m
[INFO] [1729243691.601954524] [slam_node]: 当前运动方向Move forward
[INFO] [1729243691.602490458] [slam_node]: 当前运行时长:76.0
[INFO] [1729243692.094235940] [slam_node]: 启动避障逻辑
[INFO] [1729243692.094598653] [slam_node]: [93m最新前方障碍距离：inf,[0m[91m最新左侧障碍距离：0.250,[0m[94m最新右侧障碍距离：1.350[0m
[INFO] [1729243692.094848715] [slam_node]: 当前运动方向Move forward
[INFO] [1729243692.095292791] [slam_node]: 当前运行时长:76.5
[INFO] [1729243692.600400468] [slam_node]: 启动避障逻辑
[INFO] [1729243692.600740192] [slam_node]: [93m最新前方障碍距离：inf,[0m[91m最新左侧障碍距离：0.250,[0m[94m最新右侧障碍距离：1.350[0m
[INFO] [1729243692.601061692] [slam_node]: 当前运动方向Move forward
[INFO] [1729243692.601464161] [slam_node]: 当前运行时长:77.0
[INFO] [1729243693.094141622] [slam_node]: 启动避障逻辑
[INFO] [1729243693.094422387] [slam_node]: [93m最新前方障碍距离：inf,[0m[91m最新左侧障碍距离：0.250,[0m[94m最新右侧障碍距离：1.350[0m
[INFO] [1729243693.094655112] [slam_node]: 当前运动方向Move forward
[INFO] [1729243693.095083933] [slam_node]: 当前运行时长:77.5
[INFO] [1729243693.603632419] [slam_node]: 启动避障逻辑
[INFO] [1729243693.603997819] [slam_node]: [93m最新前方障碍距离：inf,[0m[91m最新左侧障碍距离：0.250,[0m[94m最新右侧障碍距离：1.350[0m
[INFO] [1729243693.604240827] [slam_node]: 当前运动方向Move forward
[INFO] [1729243693.604752797] [slam_node]: 当前运行时长:78.0
[INFO] [1729243694.095325927] [slam_node]: 启动避障逻辑
[INFO] [1729243694.095656401] [slam_node]: [93m最新前方障碍距离：inf,[0m[91m最新左侧障碍距离：0.250,[0m[94m最新右侧障碍距离：1.350[0m
[INFO] [1729243694.095897439] [slam_node]: 当前运动方向Move forward
[INFO] [1729243694.096326783] [slam_node]: 当前运行时长:78.5
[INFO] [1729243694.600672996] [slam_node]: 启动避障逻辑
[INFO] [1729243694.601052153] [slam_node]: [93m最新前方障碍距离：inf,[0m[91m最新左侧障碍距离：0.250,[0m[94m最新右侧障碍距离：1.350[0m
[INFO] [1729243694.601316838] [slam_node]: 当前运动方向Move forward
[INFO] [1729243694.601734437] [slam_node]: 当前运行时长:79.0
[INFO] [1729243695.097057245] [slam_node]: 启动避障逻辑
[INFO] [1729243695.097407088] [slam_node]: [93m最新前方障碍距离：inf,[0m[91m最新左侧障碍距离：0.250,[0m[94m最新右侧障碍距离：1.350[0m
[INFO] [1729243695.097650665] [slam_node]: 当前运动方向Move forward
[INFO] [1729243695.098270043] [slam_node]: 当前运行时长:79.5
[INFO] [1729243695.604295936] [slam_node]: 启动避障逻辑
[INFO] [1729243695.604619965] [slam_node]: [93m最新前方障碍距离：inf,[0m[91m最新左侧障碍距离：0.250,[0m[94m最新右侧障碍距离：1.350[0m
[INFO] [1729243695.604856001] [slam_node]: 当前运动方向Move forward
[INFO] [1729243695.605251272] [slam_node]: 当前运行时长:80.0
[INFO] [1729243696.096837892] [slam_node]: 启动避障逻辑
[INFO] [1729243696.097204719] [slam_node]: [93m最新前方障碍距离：inf,[0m[91m最新左侧障碍距离：0.250,[0m[94m最新右侧障碍距离：1.350[0m
[INFO] [1729243696.097521241] [slam_node]: 当前运动方向Move forward
[INFO] [1729243696.098044927] [slam_node]: 当前运行时长:80.5
[INFO] [1729243696.593512639] [slam_node]: 启动避障逻辑
[INFO] [1729243696.593818248] [slam_node]: [93m最新前方障碍距离：inf,[0m[91m最新左侧障碍距离：0.250,[0m[94m最新右侧障碍距离：1.350[0m
[INFO] [1729243696.594108165] [slam_node]: 当前运动方向Move forward
[INFO] [1729243696.594562957] [slam_node]: 当前运行时长:81.0
[INFO] [1729243697.097364109] [slam_node]: 启动避障逻辑
[INFO] [1729243697.097680034] [slam_node]: [93m最新前方障碍距离：inf,[0m[91m最新左侧障碍距离：0.250,[0m[94m最新右侧障碍距离：1.350[0m
[INFO] [1729243697.097913328] [slam_node]: 当前运动方向Move forward
[INFO] [1729243697.098556058] [slam_node]: 当前运行时长:81.5
[INFO] [1729243697.605280923] [slam_node]: 启动避障逻辑
[INFO] [1729243697.605594907] [slam_node]: [93m最新前方障碍距离：inf,[0m[91m最新左侧障碍距离：0.250,[0m[94m最新右侧障碍距离：1.350[0m
[INFO] [1729243697.605855326] [slam_node]: 当前运动方向Move forward
[INFO] [1729243697.606278592] [slam_node]: 当前运行时长:82.0
[INFO] [1729243698.096231939] [slam_node]: 启动避障逻辑
[INFO] [1729243698.096570493] [slam_node]: [93m最新前方障碍距离：inf,[0m[91m最新左侧障碍距离：0.250,[0m[94m最新右侧障碍距离：1.350[0m
[INFO] [1729243698.096811352] [slam_node]: 当前运动方向Move forward
[INFO] [1729243698.097268578] [slam_node]: 当前运行时长:82.5
[INFO] [1729243698.595262879] [slam_node]: 启动避障逻辑
[INFO] [1729243698.595566647] [slam_node]: [93m最新前方障碍距离：inf,[0m[91m最新左侧障碍距离：0.250,[0m[94m最新右侧障碍距离：1.350[0m
[INFO] [1729243698.595832058] [slam_node]: 当前运动方向Move forward
[INFO] [1729243698.596243161] [slam_node]: 当前运行时长:83.0
[INFO] [1729243699.099420619] [slam_node]: 启动避障逻辑
[INFO] [1729243699.099755297] [slam_node]: [93m最新前方障碍距离：inf,[0m[91m最新左侧障碍距离：0.250,[0m[94m最新右侧障碍距离：1.350[0m
[INFO] [1729243699.100111332] [slam_node]: 当前运动方向Move forward
[INFO] [1729243699.100585656] [slam_node]: 当前运行时长:83.5
[INFO] [1729243699.594143461] [slam_node]: 启动避障逻辑
[INFO] [1729243699.594451462] [slam_node]: [93m最新前方障碍距离：inf,[0m[91m最新左侧障碍距离：0.250,[0m[94m最新右侧障碍距离：1.350[0m
[INFO] [1729243699.594712569] [slam_node]: 当前运动方向Move forward
[INFO] [1729243699.595128699] [slam_node]: 当前运行时长:84.0
[INFO] [1729243700.097662949] [slam_node]: 启动避障逻辑
[INFO] [1729243700.097951265] [slam_node]: [93m最新前方障碍距离：inf,[0m[91m最新左侧障碍距离：0.250,[0m[94m最新右侧障碍距离：1.350[0m
[INFO] [1729243700.098268767] [slam_node]: 当前运动方向Move forward
[INFO] [1729243700.098654392] [slam_node]: 当前运行时长:84.5
[INFO] [1729243700.601239396] [slam_node]: 启动避障逻辑
[INFO] [1729243700.601590423] [slam_node]: [93m最新前方障碍距离：inf,[0m[91m最新左侧障碍距离：0.250,[0m[94m最新右侧障碍距离：1.350[0m
[INFO] [1729243700.601849049] [slam_node]: 当前运动方向Move forward
[INFO] [1729243700.602294223] [slam_node]: 当前运行时长:85.0
[INFO] [1729243701.093719963] [slam_node]: 启动避障逻辑
[INFO] [1729243701.094083203] [slam_node]: [93m最新前方障碍距离：inf,[0m[91m最新左侧障碍距离：0.250,[0m[94m最新右侧障碍距离：1.350[0m
[INFO] [1729243701.094326604] [slam_node]: 当前运动方向Move forward
[INFO] [1729243701.094718797] [slam_node]: 当前运行时长:85.5
[INFO] [1729243701.600782191] [slam_node]: 启动避障逻辑
[INFO] [1729243701.601131885] [slam_node]: [93m最新前方障碍距离：inf,[0m[91m最新左侧障碍距离：0.250,[0m[94m最新右侧障碍距离：1.350[0m
[INFO] [1729243701.601428608] [slam_node]: 当前运动方向Move forward
[INFO] [1729243701.601838793] [slam_node]: 当前运行时长:86.0
[INFO] [1729243702.093502533] [slam_node]: 启动避障逻辑
[INFO] [1729243702.093841020] [slam_node]: [93m最新前方障碍距离：inf,[0m[91m最新左侧障碍距离：0.250,[0m[94m最新右侧障碍距离：1.350[0m
[INFO] [1729243702.094087521] [slam_node]: 当前运动方向Move forward
[INFO] [1729243702.094743242] [slam_node]: 当前运行时长:86.5
[INFO] [1729243702.600936507] [slam_node]: 启动避障逻辑
[INFO] [1729243702.601260343] [slam_node]: [93m最新前方障碍距离：inf,[0m[91m最新左侧障碍距离：0.250,[0m[94m最新右侧障碍距离：1.350[0m
[INFO] [1729243702.601497016] [slam_node]: 当前运动方向Move forward
[INFO] [1729243702.601872846] [slam_node]: 当前运行时长:87.0
[INFO] [1729243703.093075579] [slam_node]: 启动避障逻辑
[INFO] [1729243703.093425611] [slam_node]: [93m最新前方障碍距离：inf,[0m[91m最新左侧障碍距离：0.250,[0m[94m最新右侧障碍距离：1.350[0m
[INFO] [1729243703.093679177] [slam_node]: 当前运动方向Move forward
[INFO] [1729243703.094143653] [slam_node]: 当前运行时长:87.5
[INFO] [1729243703.601406121] [slam_node]: 启动避障逻辑
[INFO] [1729243703.601774654] [slam_node]: [93m最新前方障碍距离：inf,[0m[91m最新左侧障碍距离：0.250,[0m[94m最新右侧障碍距离：1.350[0m
[INFO] [1729243703.602196797] [slam_node]: 当前运动方向Move forward
[INFO] [1729243703.602885933] [slam_node]: 当前运行时长:88.0
[INFO] [1729243704.096880810] [slam_node]: 启动避障逻辑
[INFO] [1729243704.097216451] [slam_node]: [93m最新前方障碍距离：inf,[0m[91m最新左侧障碍距离：0.250,[0m[94m最新右侧障碍距离：1.350[0m
[INFO] [1729243704.097456171] [slam_node]: 当前运动方向Move forward
[INFO] [1729243704.097863151] [slam_node]: 当前运行时长:88.5
[INFO] [1729243704.601283055] [slam_node]: 启动避障逻辑
[INFO] [1729243704.601583899] [slam_node]: [93m最新前方障碍距离：inf,[0m[91m最新左侧障碍距离：0.250,[0m[94m最新右侧障碍距离：1.350[0m
[INFO] [1729243704.601843381] [slam_node]: 当前运动方向Move forward
[INFO] [1729243704.602294038] [slam_node]: 当前运行时长:89.0
[INFO] [1729243705.096648521] [slam_node]: 启动避障逻辑
[INFO] [1729243705.096966257] [slam_node]: [93m最新前方障碍距离：inf,[0m[91m最新左侧障碍距离：0.250,[0m[94m最新右侧障碍距离：1.350[0m
[INFO] [1729243705.097254440] [slam_node]: 当前运动方向Move forward
[INFO] [1729243705.097657079] [slam_node]: 当前运行时长:89.5
[INFO] [1729243705.601067471] [slam_node]: 启动避障逻辑
[INFO] [1729243705.601449819] [slam_node]: [93m最新前方障碍距离：inf,[0m[91m最新左侧障碍距离：0.250,[0m[94m最新右侧障碍距离：1.350[0m
[INFO] [1729243705.601710532] [slam_node]: 当前运动方向Move forward
[INFO] [1729243705.602153851] [slam_node]: 当前运行时长:90.0
[INFO] [1729243706.095065554] [slam_node]: 启动避障逻辑
[INFO] [1729243706.095368934] [slam_node]: [93m最新前方障碍距离：inf,[0m[91m最新左侧障碍距离：0.250,[0m[94m最新右侧障碍距离：0.600[0m
[INFO] [1729243706.095602116] [slam_node]: 当前运动方向Move forward
[INFO] [1729243706.096068344] [slam_node]: 当前运行时长:90.5
[INFO] [1729243706.595307087] [slam_node]: 启动避障逻辑
[INFO] [1729243706.595731763] [slam_node]: [93m最新前方障碍距离：inf,[0m[91m最新左侧障碍距离：0.250,[0m[94m最新右侧障碍距离：0.300[0m
[INFO] [1729243706.595990995] [slam_node]: 当前运动方向Move forward
[INFO] [1729243706.596415514] [slam_node]: 当前运行时长:91.0
[INFO] [1729243707.094387473] [slam_node]: 启动避障逻辑
[INFO] [1729243707.094690216] [slam_node]: [93m最新前方障碍距离：inf,[0m[91m最新左侧障碍距离：0.250,[0m[94m最新右侧障碍距离：0.450[0m
[INFO] [1729243707.095026453] [slam_node]: 当前运动方向Move forward
[INFO] [1729243707.095426600] [slam_node]: 当前运行时长:91.5
[INFO] [1729243707.599362255] [slam_node]: 启动避障逻辑
[INFO] [1729243707.599758631] [slam_node]: [93m最新前方障碍距离：inf,[0m[91m最新左侧障碍距离：0.250,[0m[94m最新右侧障碍距离：1.350[0m
[INFO] [1729243707.600018965] [slam_node]: 当前运动方向Move forward
[INFO] [1729243707.600591371] [slam_node]: 当前运行时长:92.0
[INFO] [1729243708.092790352] [slam_node]: 启动避障逻辑
[INFO] [1729243708.093074556] [slam_node]: [93m最新前方障碍距离：inf,[0m[91m最新左侧障碍距离：0.250,[0m[94m最新右侧障碍距离：1.350[0m
[INFO] [1729243708.093347393] [slam_node]: 当前运动方向Move forward
[INFO] [1729243708.093720580] [slam_node]: 当前运行时长:92.5
[INFO] [1729243708.599653572] [slam_node]: 启动避障逻辑
[INFO] [1729243708.599956941] [slam_node]: [93m最新前方障碍距离：inf,[0m[91m最新左侧障碍距离：0.250,[0m[94m最新右侧障碍距离：1.350[0m
[INFO] [1729243708.600245849] [slam_node]: 当前运动方向Move forward
[INFO] [1729243708.600690919] [slam_node]: 当前运行时长:93.0
[INFO] [1729243709.093017628] [slam_node]: 启动避障逻辑
[INFO] [1729243709.093385608] [slam_node]: [93m最新前方障碍距离：2.500,[0m[91m最新左侧障碍距离：0.250,[0m[94m最新右侧障碍距离：1.350[0m
[INFO] [1729243709.093625454] [slam_node]: 当前运动方向Move forward
[INFO] [1729243709.094031130] [slam_node]: 当前运行时长:93.5
[INFO] [1729243709.597854116] [slam_node]: 启动避障逻辑
[INFO] [1729243709.598213849] [slam_node]: [93m最新前方障碍距离：inf,[0m[91m最新左侧障碍距离：0.250,[0m[94m最新右侧障碍距离：1.350[0m
[INFO] [1729243709.598675902] [slam_node]: 当前运动方向Move forward
[INFO] [1729243709.599191964] [slam_node]: 当前运行时长:94.0
[INFO] [1729243710.100964167] [slam_node]: 启动避障逻辑
[INFO] [1729243710.101344404] [slam_node]: [93m最新前方障碍距离：inf,[0m[91m最新左侧障碍距离：0.250,[0m[94m最新右侧障碍距离：1.350[0m
[INFO] [1729243710.101603684] [slam_node]: 当前运动方向Move forward
[INFO] [1729243710.102016875] [slam_node]: 当前运行时长:94.5
[INFO] [1729243710.594447575] [slam_node]: 启动避障逻辑
[INFO] [1729243710.594762193] [slam_node]: [93m最新前方障碍距离：inf,[0m[91m最新左侧障碍距离：0.250,[0m[94m最新右侧障碍距离：1.350[0m
[INFO] [1729243710.595008220] [slam_node]: 当前运动方向Move forward
[INFO] [1729243710.595462496] [slam_node]: 当前运行时长:95.0
[INFO] [1729243711.101245104] [slam_node]: 启动避障逻辑
[INFO] [1729243711.101555396] [slam_node]: [93m最新前方障碍距离：inf,[0m[91m最新左侧障碍距离：0.250,[0m[94m最新右侧障碍距离：1.350[0m
[INFO] [1729243711.101816397] [slam_node]: 当前运动方向Move forward
[INFO] [1729243711.102254747] [slam_node]: 当前运行时长:95.5
[INFO] [1729243711.594774024] [slam_node]: 启动避障逻辑
[INFO] [1729243711.595118943] [slam_node]: [93m最新前方障碍距离：inf,[0m[91m最新左侧障碍距离：0.250,[0m[94m最新右侧障碍距离：1.350[0m
[INFO] [1729243711.595357305] [slam_node]: 当前运动方向Move forward
[INFO] [1729243711.595774083] [slam_node]: 当前运行时长:96.0
[INFO] [1729243712.100679474] [slam_node]: 启动避障逻辑
[INFO] [1729243712.101099137] [slam_node]: [93m最新前方障碍距离：inf,[0m[91m最新左侧障碍距离：0.250,[0m[94m最新右侧障碍距离：1.350[0m
[INFO] [1729243712.101452231] [slam_node]: 当前运动方向Move forward
[INFO] [1729243712.101996634] [slam_node]: 当前运行时长:96.5
[INFO] [1729243712.596986296] [slam_node]: 启动避障逻辑
[INFO] [1729243712.597289712] [slam_node]: [93m最新前方障碍距离：inf,[0m[91m最新左侧障碍