[INFO] [1729663533.286478728] [slam_node]: 倒计时: 2秒
[INFO] [1729663534.288782046] [slam_node]: 倒计时: 1秒
[INFO] [1729663535.291124872] [slam_node]: 倒计时结束！
[INFO] [1729663535.291467641] [slam_node]: 启动运动控制模块
[INFO] [1729663536.292801218] [slam_node]: 启动避障逻辑
[INFO] [1729663536.293123220] [slam_node]: [93m最新前方障碍距离：1.450,[0m[91m最新左侧障碍距离：0.800,[0m[94m最新右侧障碍距离：1.450[0m
[INFO] [1729663536.293535428] [slam_node]: 当前运动方向Move forward
[INFO] [1729663536.293980087] [slam_node]: 当前运行时长:0.0
[INFO] [1729663536.793476657] [slam_node]: 启动避障逻辑
[INFO] [1729663536.793843403] [slam_node]: [93m最新前方障碍距离：inf,[0m[91m最新左侧障碍距离：0.750,[0m[94m最新右侧障碍距离：1.450[0m
[INFO] [1729663536.794143300] [slam_node]: 当前运动方向Move forward
[INFO] [1729663536.794616738] [slam_node]: 当前运行时长:0.5
[INFO] [1729663537.292774411] [slam_node]: 启动避障逻辑
[INFO] [1729663537.293121936] [slam_node]: [93m最新前方障碍距离：1.300,[0m[91m最新左侧障碍距离：0.750,[0m[94m最新右侧障碍距离：1.200[0m
[INFO] [1729663537.293385945] [slam_node]: 当前运动方向Move forward
[INFO] [1729663537.293869144] [slam_node]: 当前运行时长:1.0
[INFO] [1729663537.793623775] [slam_node]: 启动避障逻辑
[INFO] [1729663537.793923300] [slam_node]: [93m最新前方障碍距离：1.150,[0m[91m最新左侧障碍距离：0.750,[0m[94m最新右侧障碍距离：1.100[0m
[INFO] [1729663537.794183750] [slam_node]: 当前运动方向Move forward
[INFO] [1729663537.794626541] [slam_node]: 当前运行时长:1.5
[INFO] [1729663538.292959335] [slam_node]: 启动避障逻辑
[INFO] [1729663538.293271115] [slam_node]: [93m最新前方障碍距离：1.000,[0m[91m最新左侧障碍距离：0.900,[0m[94m最新右侧障碍距离：1.000[0m
[INFO] [1729663538.293748352] [slam_node]: 当前运动方向Move forward
[INFO] [1729663538.294985339] [slam_node]: 当前运行时长:2.0
[INFO] [1729663538.792562901] [slam_node]: 启动避障逻辑
[INFO] [1729663538.792910195] [slam_node]: [93m最新前方障碍距离：0.950,[0m[91m最新左侧障碍距离：1.000,[0m[94m最新右侧障碍距离：0.900[0m
[INFO] [1729663538.793357556] [slam_node]: 当前运动方向Move forward
[INFO] [1729663538.793789727] [slam_node]: 当前运行时长:2.5
[INFO] [1729663539.292689818] [slam_node]: 启动避障逻辑
[INFO] [1729663539.293020804] [slam_node]: [93m最新前方障碍距离：0.800,[0m[91m最新左侧障碍距离：1.100,[0m[94m最新右侧障碍距离：0.750[0m
[INFO] [1729663539.293293978] [slam_node]: 当前运动方向Move forward
[INFO] [1729663539.293749431] [slam_node]: 当前运行时长:3.0
[INFO] [1729663539.793381791] [slam_node]: 启动避障逻辑
[INFO] [1729663539.793730119] [slam_node]: [93m最新前方障碍距离：0.750,[0m[91m最新左侧障碍距离：1.250,[0m[94m最新右侧障碍距离：0.600[0m
[INFO] [1729663539.793996599] [slam_node]: 当前运动方向Move forward
[INFO] [1729663539.794422913] [slam_node]: 当前运行时长:3.5
[INFO] [1729663540.293712294] [slam_node]: 启动避障逻辑
[INFO] [1729663540.294033470] [slam_node]: [93m最新前方障碍距离：0.600,[0m[91m最新左侧障碍距离：1.450,[0m[94m最新右侧障碍距离：0.450[0m
[INFO] [1729663540.294298983] [slam_node]: 当前运动方向Move forward
[INFO] [1729663540.294843362] [slam_node]: 当前运行时长:4.0
[INFO] [1729663540.793110140] [slam_node]: 启动避障逻辑
[INFO] [1729663540.793425614] [slam_node]: [93m最新前方障碍距离：0.550,[0m[91m最新左侧障碍距离：1.550,[0m[94m最新右侧障碍距离：0.350[0m
[INFO] [1729663540.793745272] [slam_node]: 当前运动方向Turn left
[INFO] [1729663540.794179835] [slam_node]: [91m第1次左转[0m
[INFO] [1729663541.295076546] [slam_node]: [91m第2次左转[0m
[INFO] [1729663541.796911834] [slam_node]: [91m第3次左转[0m
[INFO] [172