[INFO] [1729653512.764323918] [slam_node]: 倒计时: 5秒
[INFO] [1729653513.766230656] [slam_node]: 倒计时: 4秒
[INFO] [1729653514.767521756] [slam_node]: 倒计时: 3秒
[INFO] [1729653515.768367597] [slam_node]: 倒计时: 2秒
[INFO] [1729653516.770372967] [slam_node]: 倒计时: 1秒
[INFO] [1729653517.772620970] [slam_node]: 倒计时结束！
[INFO] [1729653517.772941420] [slam_node]: 启动运动控制模块
[INFO] [1729653518.774804922] [slam_node]: 启动避障逻辑
[INFO] [1729653518.775138004] [slam_node]: [93m最新前方障碍距离：1.800,[0m[91m最新左侧障碍距离：0.450,[0m[94m最新右侧障碍距离：0.400[0m
[INFO] [1729653518.775441172] [slam_node]: 当前运动方向Move forward
[INFO] [1729653518.776122188] [slam_node]: 当前运行时长:0.0
[INFO] [1729653519.275312374] [slam_node]: 启动避障逻辑
[INFO] [1729653519.275643217] [slam_node]: [93m最新前方障碍距离：1.800,[0m[91m最新左侧障碍距离：0.450,[0m[94m最新右侧障碍距离：0.350[0m
[INFO] [1729653519.275909014] [slam_node]: 当前运动方向Move forward
[INFO] [1729653519.276478600] [slam_node]: 当前运行时长:0.5
[INFO] [1729653519.775235774] [slam_node]: 启动避障逻辑
[INFO] [1729653519.775555967] [slam_node]: [93m最新前方障碍距离：1.700,[0m[91m最新左侧障碍距离：0.500,[0m[94m最新右侧障碍距离：0.500[0m
[INFO] [1729653519.775828266] [slam_node]: 当前运动方向Move forward
[INFO] [1729653519.776304176] [slam_node]: 当前运行时长:1.0
[INFO] [1729653520.274598208] [slam_node]: 启动避障逻辑
[INFO] [1729653520.274951292] [slam_node]: [93m最新前方障碍距离：1.550,[0m[91m最新左侧障碍距离：0.500,[0m[94m最新右侧障碍距离：0.850[0m
[INFO] [1729653520.275254652] [slam_node]: 当前运动方向Move forward
[INFO] [1729653520.275723836] [slam_node]: 当前运行时长:1.5
[INFO] [1729653520.774945023] [slam_node]: 启动避障逻辑
[INFO] [1729653520.775276113] [slam_node]: [93m最新前方障碍距离：1.450,[0m[91m最新左侧障碍距离：0.700,[0m[94m最新右侧障碍距离：3.050[0m
[INFO] [1729653520.775568216] [slam_node]: 当前运动方向Move forward
[INFO] [1729653520.775988190] [slam_node]: 当前运行时长:2.0
[INFO] [1729653521.274479796] [slam_node]: 启动避障逻辑
[INFO] [1729653521.274850747] [slam_node]: [93m最新前方障碍距离：1.350,[0m[91m最新左侧障碍距离：1.200,[0m[94m最新右侧障碍距离：3.000[0m
[INFO] [1729653521.275266352] [slam_node]: 当前运动方向Move forward
[INFO] [1729653521.275846292] [slam_node]: 当前运行时长:2.5
[INFO] [1729653521.775316558] [slam_node]: 启动避障逻辑
[INFO] [1729653521.775624567] [slam_node]: [93m最新前方障碍距离：1.200,[0m[91m最新左侧障碍距离：1.400,[0m[94m最新右侧障碍距离：3.050[0m
[INFO] [1729653521.775998818] [slam_node]: 当前运动方向Move forward
[INFO] [1729653521.776501402] [slam_node]: 当前运行时长:3.0
[INFO] [1729653522.274333177] [slam_node]: 启动避障逻辑
[INFO] [1729653522.274687075] [slam_node]: [93m最新前方障碍距离：1.100,[0m[91m最新左侧障碍距离：2.350,[0m[94m最新右侧障碍距离：inf[0m
[INFO] [1729653522.274954173] [slam_node]: 当前运动方向Move forward
[INFO] [1729653522.275471027] [slam_node]: 当前运行时长:3.5
[INFO] [1729653522.775213947] [slam_node]: 启动避障逻辑
[INFO] [1729653522.775561465] [slam_node]: [93m最新前方障碍距离：0.950,[0m[91m最新左侧障碍距离：1.500,[0m[94m最新右侧障碍距离：inf[0m
[INFO] [1729653522.775831527] [slam_node]: 当前运动方向Move forward
[INFO] [1729653522.776285512] [slam_node]: 当前运行时长:4.0
[INFO] [1729653523.274727156] [slam_node]: 启动避障逻辑
[INFO] [1729653523.275083077] [slam_node]: [93m最新前方障碍距离：0.850,[0m[91m最新左侧障碍距离：inf,[0m[94m最新右侧障碍距离：3.000[0m
[INFO] [1729653523.275400404] [slam_node]: 当前运动方向Move forward
[INFO] [1729653523.275872115] [slam_node]: 当前运行时长:4.5
[INFO] [1729653523.775138868] [slam_node]: 启动避障逻辑
[INFO] [1729653523.775638339] [slam_node]: [93m最新前方障碍距离：0.700,[0m[91m最新左侧障碍距离：1.900,[0m[94m最新右侧障碍距离：3.000[0m
[INFO] [1729653523.775913566] [slam_node]: 当前运动方向Move forward
[INFO] [1729653523.776512708] [slam_node]: 当前运行时长:5.0
[INFO] [1729653524.274434377] [slam_node]: 启动避障逻辑
[INFO] [1729653524.274744308] [slam_node]: [93m最新前方障碍距离：0.600,[0m[91m最新左侧障碍距离：inf,[0m[94m最新右侧障碍距离：3.000[0m
[INFO] [1729653524.275029022] [slam_node]: 当前运动方向Move forward
[INFO] [1729653524.275458311] [slam_node]: 当前运行时长:5.5
[INFO] [1729653524.775197922] [slam_node]: 启动避障逻辑
[INFO] [1729653524.775518963] [slam_node]: [93m最新前方障碍距离：0.550,[0m[91m最新左侧障碍距离：inf,[0m[94m最新右侧障碍距离：3.000[0m
[INFO] [1729653524.775781548] [slam_node]: 当前运动方向Move forward
[INFO] [1729653524.776245675] [slam_node]: 当前运行时长:6.0
[INFO] [1729653525.274351251] [slam_node]: 启动避障逻辑
[INFO] [1729653525.274701253] [slam_node]: [93m最新前方障碍距离：0.450,[0m[91m最新左侧障碍距离：inf,[0m[94m最新右侧障碍距离：2.100[0m
[INFO] [1729653525.275070964] [slam_node]: 当前运动方向Turn left
[INFO] [1729653525.275567711] [slam_node]: [91m第1次左转[0m
[INFO] [1729653525.777357662] [slam_node]: [91m第2次左转[0m
[INFO] [1729653526.279125413] [slam_node]: [91m第3次左转[0m
[INFO] [1729653526.781124957] [slam_node]: [91m第4次左转[0m
[INFO] [1729653527.282731389] [slam_node]: [91m第5次左转[0m
[INFO] [1729653527.784670607] [slam_node]: [91m第6次左转[0m
[INFO] [1729653528.286582170] [slam_node]: [91m第7次左转[0m
[INFO] [1729653528.788062991] [slam_node]: [91m第8次左转[0m
[INFO] [1729653529.289708429] [slam_node]: [91m第9次左转[0m
[INFO] [1729653529.791358561] [slam_node]: [91m第10次左转[0m
[INFO] [1729653530.292408634] [slam_node]: 当前运行时长:6.5
[INFO] [1729653530.293066110] [slam_node]: 启动避障逻辑
[INFO] [1729653530.293477182] [slam_node]: [93m最新前方障碍距离：0.450,[0m[91m最新左侧障碍距离：inf,[0m[94m最新右侧障碍距离：2.100[0m
[INFO] [1729653530.293780928] [slam_node]: 当前运动方向Move forward
[INFO] [1729653530.294229290] [slam_node]: 当前运行时长:7.0
[INFO] [1729653530.775069920] [slam_node]: 启动避障逻辑
[INFO] [1729653530.775415620] [slam_node]: [93m最新前方障碍距离：inf,[0m[91m最新左侧障碍距离：1.550,[0m[94m最新右侧障碍距离：0.250[0m
[INFO] [1729653530.775706336] [slam_node]: 当前运动方向Move forward
[INFO] [1729653530.776126616] [slam_node]: 当前运行时长:7.5
[INFO] [1729653531.274434578] [slam_node]: 启动避障逻辑
[INFO] [1729653531.274745172] [slam_node]: [93m最新前方障碍距离：inf,[0m[91m最新左侧障碍距离：1.100,[0m[94m最新右侧障碍距离：0.250[0m
[INFO] [1729653531.275083298] [slam_node]: 当前运动方向Move forward
[INFO] [1729653531.275495855] [slam_node]: 当前运行时长:8.0
[INFO] [1729653531.774511081] [slam_node]: 启动避障逻辑
[INFO] [1729653531.774831969] [slam_node]: [93m最新前方障碍距离：inf,[0m[91m最新左侧障碍距离：1.200,[0m[94m最新右侧障碍距离：0.250[0m
[INFO] [1729653531.775157157] [slam_node]: 当前运动方向Move forward
[INFO] [1729653531.775585279] [slam_node]: 当前运行时长:8.5
[INFO] [1729653532.275288821] [slam_node]: 启动避障逻辑
[INFO] [1729653532.275603421] [slam_node]: [93m最新前方障碍距离：inf,[0m[91m最新左侧障碍距离：0.750,[0m[94m最新右侧障碍距离：0.250[0m
[INFO] [1729653532.275925370] [slam_node]: 当前运动方向Move forward
[INFO] [1729653532.276358475] [slam_node]: 当前运行时长:9.0
[INFO] [1729653532.774602981] [slam_node]: 启动避障逻辑
[INFO] [1729653532.774905864] [slam_node]: [93m最新前方障碍距离：inf,[0m[91m最新左侧障碍距离：0.750,[0m[94m最新右侧障碍距离：0.250[0m
[INFO] [1729653532.775258794] [slam_node]: 当前运动方向Move forward
[INFO] [1729653532.775674237] [slam_node]: 当前运行时长:9.5
[INFO] [1729653533.275135939] [slam_node]: 启动避障逻辑
[INFO] [1729653533.275451373] [slam_node]: [93m最新前方障碍距离：inf,[0m[91m最新左侧障碍距离：0.250,[0m[94m最新右侧障碍距离：0.250[0m
[INFO] [1729653533.275730560] [slam_node]: 当前运动方向Move forward
[INFO] [1729653533.276294433] [slam_node]: 当前运行时长:10.0
[INFO] [1729653533.775281034] [slam_node]: 启动避障逻辑
[INFO] [1729653533.775591266] [slam_node]: [93m最新前方障碍距离：inf,[0m[91m最新左侧障碍距离：0.750,[0m[94m最新右侧障碍距离：0.250[0m
[INFO] [1729653533.775970899] [slam_node]: 当前运动方向Move forward
[INFO] [1729653533.776436304] [slam_node]: 当前运行时长:10.5
[INFO] [1729653534.275155106] [slam_node]: 启动避障逻辑
[INFO] [1729653534.275556972] [slam_node]: [93m最新前方障碍距离：inf,[0m[91m最新左侧障碍距离：0.650,[0m[94m最新右侧障碍距离：0.250[0m
[INFO] [1729653534.275866721] [slam_node]: 当前运动方向Move forward
[INFO] [1729653534.276393726] [slam_node]: 当前运行时长:11.0
[INFO] [1729653534.775238810] [slam_node]: 启动避障逻辑
[INFO] [1729653534.775552346] [slam_node]: [93m最新前方障碍距离：inf,[0m[91m最新左侧障碍距离：0.750,[0m[94m最新右侧障碍距离：0.250[0m
[INFO] [1729653534.775897912] [slam_node]: 当前运动方向Move forward
[INFO] [1729653534.776394622] [slam_node]: 当前运行时长:11.5
[INFO] [1729653535.274857239] [slam_node]: 启动避障逻辑
[INFO] [1729653535.275224962] [slam_node]: [93m最新前方障碍距离：inf,[0m[91m最新左侧障碍距离：1.600,[0m[94m最新右侧障碍距离：0.250[0m
[INFO] [1729653535.275501051] [slam_node]: 当前运动方向Move forward
[INFO] [1729653535.275965747] [slam_node]: 当前运行时长:12.0
[INFO] [1729653535.774721127] [slam_node]: 启动避障逻辑
[INFO] [1729653535.775033123] [slam_node]: [93m最新前方障碍距离：inf,[0m[91m最新左侧障碍距离：0.700,[0m[94m最新右侧障碍距离：0.250[0m
[INFO] [1729653535.775371445] [slam_node]: 当前运动方向Move forward
[INFO] [1729653535.776011516] [slam_node]: 当前运行时长:12.5
[INFO] [1729653536.275225888] [slam_node]: 启动避障逻辑
[INFO] [1729653536.275712633] [slam_node]: [93m最新前方障碍距离：inf,[0m[91m最新左侧障碍距离：1.350,[0m[94m最新右侧障碍距离：0.250[0m
[INFO] [1729653536.276029244] [slam_node]: 当前运动方向Move forward
[INFO] [1729653536.276559618] [slam_node]: 当前运行时长:13.0
[INFO] [1729653536.774878113] [slam_node]: 启动避障逻辑
[INFO] [1729653536.775212455] [slam_node]: [93m最新前方障碍距离：inf,[0m[91m最新左侧障碍距离：1.400,[0m[94m最新右侧障碍距离：0.250[0m
[INFO] [1729653536.775480816] [slam_node]: 当前运动方向Move forward
[INFO] [1729653536.775917257] [slam_node]: 当前运行时长:13.5
[INFO] [1729653537.274815810] [slam_node]: 启动避障逻辑
[INFO] [1729653537.275182315] [slam_node]: [93m最新前方障碍距离：inf,[0m[91m最新左侧障碍距离：1.150,[0m[94m最新右侧障碍距离：0.250[0m
[INFO] [1729653537.275452440] [slam_node]: 当前运动方向Move forward
[INFO] [1729653537.275950578] [slam_node]: 当前运行时长:14.0
[INFO] [1729653537.774758377] [slam_node]: 启动避障逻辑
[INFO] [1729653537.775074182] [slam_node]: [93m最新前方障碍距离：inf,[0m[91m最新左侧障碍距离：1.600,[0m[94m最新右侧障碍距离：0.250[0m
[INFO] [1729653537.775399798] [slam_node]: 当前运动方向Move forward
[INFO] [1729653537.775865543] [slam_node]: 当前运行时长:14.5
[INFO] [1729653538.274859182] [slam_node]: 启动避障逻辑
[INFO] [1729653538.275209198] [slam_node]: [93m最新前方障碍距离：inf,[0m[91m最新左侧障碍距离：1.600,[0m[94m最新右侧障碍距离：0.300[0m
[INFO] [1729653538.275530158] [slam_node]: 当前运动方向Move forward
[INFO] [1729653538.275959090] [slam_node]: 当前运行时长:15.0
[INFO] [1729653538.774963767] [slam_node]: 启动避障逻辑
[INFO] [1729653538.775332056] [slam_node]: [93m最新前方障碍距离：inf,[0m[91m最新左侧障碍距离：1.650,[0m[94m最新右侧障碍距离：0.300[0m
[INFO] [1729653538.775610785] [slam_node]: 当前运动方向Move forward
[INFO] [1729653538.776037344] [slam_node]: 当前运行时长:15.5
[INFO] [1729653539.275299333] [slam_node]: 启动避障逻辑
[INFO] [1729653539.275634181] [slam_node]: [93m最新前方障碍距离：inf,[0m[91m最新左侧障碍距离：1.600,[0m[94m最新右侧障碍距离：0.350[0m
[INFO] [1729653539.275910588] [slam_node]: 当前运动方向Move forward
[INFO] [1729653539.276412707] [slam_node]: 当前运行时长:16.0
[INFO] [1729653539.774398656] [slam_node]: 启动避障逻辑
[INFO] [1729653539.774711883] [slam_node]: [93m最新前方障碍距离：inf,[0m[91m最新左侧障碍距离：1.600,[0m[94m最新右侧障碍距离：0.400[0m
[INFO] [1729653539.775051721] [slam_node]: 当前运动方向Move forward
[INFO] [1729653539.775491940] [slam_node]: 当前运行时长:16.5
[INFO] [1729653540.275041928] [slam_node]: 启动避障逻辑
[INFO] [1729653540.275404568] [slam_node]: [93m最新前方障碍距离：inf,[0m[91m最新左侧障碍距离：1.600,[0m[94m最新右侧障碍距离：0.350[0m
[INFO] [1729653540.275740553] [slam_node]: 当前运动方向Move forward
[INFO] [1729653540.276178678] [slam_node]: 当前运行时长:17.0
[INFO] [1729653540.774789055] [slam_node]: 启动避障逻辑
[INFO] [1729653540.775151413] [slam_node]: [93m最新前方障碍距离：inf,[0m[91m最新左侧障碍距离：1.600,[0m[94m最新右侧障碍距离：0.350[0m
[INFO] [1729653540.775418204] [slam_node]: 当前运动方向Move forward
[INFO] [1729653540.775833828] [slam_node]: 当前运行时长:17.5
[INFO] [1729653541.274496825] [slam_node]: 启动避障逻辑
[INFO] [1729653541.274809604] [slam_node]: [93m最新前方障碍距离：inf,[0m[91m最新左侧障碍距离：1.600,[0m[94m最新右侧障碍距离：0.600[0m
[INFO] [1729653541.275112327] [slam_node]: 当前运动方向Move forward
[INFO] [1729653541.275520463] [slam_node]: 当前运行时长:18.0
[INFO] [1729653541.774807826] [slam_node]: 启动避障逻辑
[INFO] [1729653541.775146470] [slam_node]: [93m最新前方障碍距离：inf,[0m[91m最新左侧障碍距离：1.600,[0m[94m最新右侧障碍距离：1.150[0m
[INFO] [1729653541.775468721] [slam_node]: 当前运动方向Move forward
[INFO] [1729653541.776079378] [slam_node]: 当前运行时长:18.5
[INFO] [1729653542.274652075] [slam_node]: 启动避障逻辑
[INFO] [1729653542.274981987] [slam_node]: [93m最新前方障碍距离：inf,[0m[91m最新左侧障碍距离：1.600,[0m[94m最新右侧障碍距离：2.450[0m
[INFO] [1729653542.275476788] [slam_node]: 当前运动方向Move forward
[INFO] [1729653542.276025644] [slam_node]: 当前运行时长:19.0
[INFO] [1729653542.774627501] [slam_node]: 启动避障逻辑
[INFO] [1729653542.774927920] [slam_node]: [93m最新前方障碍距离：inf,[0m[91m最新左侧障碍距离：1.600,[0m[94m最新右侧障碍距离：inf[0m
[INFO] [1729653542.775288535] [slam_node]: 当前运动方向Turn right
[INFO] [1729653542.775817244] [slam_node]: [91m第1次右转[0m
[INFO] [1729653543.277496640] [slam_node]: [91m第2次右转[0m
[INFO] [1729653543.778959806] [slam_node]: [91m第3次右转[0m
[INFO] [1729653544.280406236] [slam_node]: [91m第4次右转[0m
[INFO] [1729653544.781871554] [slam_node]: [91m第5次右转[0m
[INFO] [1729653545.283126659] [slam_node]: [91m第6次右转[0m
[INFO] [1729653545.784617046] [slam_node]: [91m第7次右转[0m
[INFO] [1729653546.285773738] [slam_node]: [91m第8次右转[0m
[INFO] [1729653546.787344306] [slam_node]: [91m第9次右转[0m
[INFO] [1729653547.288829750] [slam_node]: [91m第10次右转[0m
[INFO] [1729653547.790457157] [slam_node]: 当前运行时长:19.5
[INFO] [1729653547.791157134] [slam_node]: 启动避障逻辑
[INFO] [1729653547.791429215] [slam_node]: [93m最新前方障碍距离：inf,[0m[91m最新左侧障碍距离：1.600,[0m[94m最新右侧障碍距离：inf[0m
[INFO] [1729653547.791709576] [slam_node]: 当前运动方向Move forward
[INFO] [1729653547.792185878] [slam_node]: 当前运行时长:20.0
[INFO] [1729653548.275052299] [slam_node]: 启动避障逻辑
[INFO] [1729653548.275437982] [slam_node]: [93m最新前方障碍距离：inf,[0m[91m最新左侧障碍距离：2.900,[0m[94m最新右侧障碍距离：0.900[0m
[INFO] [1729653548.275782595] [slam_node]: 当前运动方向Move forward
[INFO] [1729653548.276250468] [slam_node]: 当前运行时长:20.5
[INFO] [1729653548.774480173] [slam_node]: 启动避障逻辑
[INFO] [1729653548.774781196] [slam_node]: [93m最新前方障碍距离：inf,[0m[91m最新左侧障碍距离：1.950,[0m[94m最新右侧障碍距离：0.900[0m
[INFO] [1729653548.775040306] [slam_node]: 当前运动方向Move forward
[INFO] [1729653548.775559463] [slam_node]: 当前运行时长:21.0
[INFO] [1729653549.275270902] [slam_node]: 启动避障逻辑
[INFO] [1729653549.275640454] [slam_node]: [93m最新前方障碍距离：inf,[0m[91m最新左侧障碍距离：1.750,[0m[94m最新右侧障碍距离：0.900[0m
[INFO] [1729653549.276122394] [slam_node]: 当前运动方向Move forward
[INFO] [1729653549.276555688] [slam_node]: 当前运行时长:21.5
[INFO] [1729653549.775213687] [slam_node]: 启动避障逻辑
[INFO] [1729653549.775554162] [slam_node]: [93m最新前方障碍距离：inf,[0m[91m最新左侧障碍距离：0.550,[0m[94m最新右侧障碍距离：0.900[0m
[INFO] [1729653549.775847364] [slam_node]: 当前运动方向Move forward
[INFO] [1729653549.776274278] [slam_node]: 当前运行时长:22.0
[INFO] [1729653550.274714841] [slam_node]: 启动避障逻辑
[INFO] [1729653550.275025009] [slam_node]: [93m最新前方障碍距离：0.850,[0m[91m最新左侧障碍距离：0.400,[0m[94m最新右侧障碍距离：0.900[0m
[INFO] [1729653550.275340682] [slam_node]: 当前运动方向Move forward
[INFO] [1729653550.275754714] [slam_node]: 当前运行时长:22.5
[INFO] [1729653550.774608150] [slam_node]: 启动避障逻辑
[INFO] [1729653550.774950296] [slam_node]: [93m最新前方障碍距离：0.700,[0m[91m最新左侧障碍距离：3.800,[0m[94m最新右侧障碍距离：0.900[0m
[INFO] [1729653550.775231669] [slam_node]: 当前运动方向Move forward
[INFO] [1729653550.775663846] [slam_node]: 当前运行时长:23.0
[INFO] [1729653551.274410742] [slam_node]: 启动避障逻辑
[INFO] [1729653551.274721558] [slam_node]: [93m最新前方障碍距离：1.400,[0m[91m最新左侧障碍距离：3.750,[0m[94m最新右侧障碍距离：0.900[0m
[INFO] [1729653551.275073388] [slam_node]: 当前运动方向Move forward
[INFO] [1729653551.275519846] [slam_node]: 当前运行时长:23.5
[INFO] [1729653551.775281376] [slam_node]: 启动避障逻辑
[INFO] [1729653551.775581889] [slam_node]: [93m最新前方障碍距离：2.150,[0m[91m最新左侧障碍距离：3.750,[0m[94m最新右侧障碍距离：0.900[0m
[INFO] [1729653551.775867968] [slam_node]: 当前运动方向Move forward
[INFO] [1729653551.776336083] [slam_node]: 当前运行时长:24.0
[INFO] [1729653552.274658150] [slam_node]: 启动避障逻辑
[INFO] [1729653552.274971133] [slam_node]: [93m最新前方障碍距离：inf,[0m[91m最新左侧障碍距离：0.600,[0m[94m最新右侧障碍距离：0.950[0m
[INFO] [1729653552.275298274] [slam_node]: 当前运动方向Move forward
[INFO] [1729653552.275704813] [slam_node]: 当前运行时长:24.5
[INFO] [1729653552.774855643] [slam_node]: 启动避障逻辑
[INFO] [1729653552.775273959] [slam_node]: [93m最新前方障碍距离：4.600,[0m[91m最新左侧障碍距离：0.600,[0m[94m最新右侧障碍距离：0.950[0m
[INFO] [1729653552.775549845] [slam_node]: 当前运动方向Move forward
[INFO] [1729653552.776035055] [slam_node]: 当前运行时长:25.0
[INFO] [1729653553.274661768] [slam_node]: 启动避障逻辑
[INFO] [1729653553.274989171] [slam_node]: [93m最新前方障碍距离：inf,[0m[91m最新左侧障碍距离：0.550,[0m[94m最新右侧障碍距离：0.950[0m
[INFO] [1729653553.275327586] [slam_node]: 当前运动方向Move forward
[INFO] [1729653553.275802597] [slam_node]: 当前运行时长:25.5
[INFO] [1729653553.774555241] [slam_node]: 启动避障逻辑
[INFO] [1729653553.774866363] [slam_node]: [93m最新前方障碍距离：inf,[0m[91m最新左侧障碍距离：0.600,[0m[94m最新右侧障碍距离：0.950[0m
[INFO] [1729653553.775196733] [slam_node]: 当前运动方向Move forward
[INFO] [1729653553.775626589] [slam_node]: 当前运行时长:26.0
[INFO] [1729653554.274490001] [slam_node]: 启动避障逻辑
[INFO] [1729653554.274945335] [slam_node]: [93m最新前方障碍距离：4.300,[0m[91m最新左侧障碍距离：0.550,[0m[94m最新右侧障碍距离：0.950[0m
[INFO] [1729653554.275260259] [slam_node]: 当前运动方向Move forward
[INFO] [1729653554.275699297] [slam_node]: 当前运行时长:26.5
[INFO] [1729653554.774637331] [slam_node]: 启动避障逻辑
[INFO] [1729653554.774996163] [slam_node]: [93m最新前方障碍距离：4.150,[0m[91m最新左侧障碍距离：0.550,[0m[94m最新右侧障碍距离：0.950[0m
[INFO] [1729653554.775292351] [slam_node]: 当前运动方向Move forward
[INFO] [1729653554.775728922] [slam_node]: 当前运行时长:27.0
[INFO] [1729653555.274677761] [slam_node]: 启动避障逻辑
[INFO] [1729653555.274978439] [slam_node]: [93m最新前方障碍距离：inf,[0m[91m最新左侧障碍距离：0.550,[0m[94m最新右侧障碍距离：1.000[0m
[INFO] [1729653555.275290099] [slam_node]: 当前运动方向Move forward
[INFO] [1729653555.275692438] [slam_node]: 当前运行时长:27.5
[INFO] [1729653555.774829271] [slam_node]: 启动避障逻辑
[INFO] [1729653555.775176526] [slam_node]: [93m最新前方障碍距离：4.550,[0m[91m最新左侧障碍距离：0.550,[0m[94m最新右侧障碍距离：1.000[0m
[INFO] [1729653555.775476283] [slam_node]: 当前运动方向Move forward
[INFO] [1729653555.775900783] [slam_node]: 当前运行时长:28.0
[INFO] [1729653556.274749347] [slam_node]: 启动避障逻辑
[INFO] [1729653556.275049769] [slam_node]: [93m最新前方障碍距离：3.850,[0m[91m最新左侧障碍距离：0.500,[0m[94m最新右侧障碍距离：1.000[0m
[INFO] [1729653556.275329256] [slam_node]: 当前运动方向Move forward
[INFO] [1729653556.275902973] [slam_node]: 当前运行时长:28.5
[INFO] [1729653556.774824834] [slam_node]: 启动避障逻辑
[INFO] [1729653556.775174464] [slam_node]: [93m最新前方障碍距离：inf,[0m[91m最新左侧障碍距离：0.500,[0m[94m最新右侧障碍距离：1.000[0m
[INFO] [1729653556.775474815] [slam_node]: 当前运动方向Move forward
[INFO] [1729653556.775911033] [slam_node]: 当前运行时长:29.0
[INFO] [1729653557.274664894] [slam_node]: 启动避障逻辑
[INFO] [1729653557.275011733] [slam_node]: [93m最新前方障碍距离：3.650,[0m[91m最新左侧障碍距离：0.500,[0m[94m最新右侧障碍距离：1.000[0m
[INFO] [1729653557.275433341] [slam_node]: 当前运动方向Move forward
[INFO] [1729653557.275842591] [slam_node]: 当前运行时长:29.5
[INFO] [1729653557.774963766] [slam_node]: 启动避障逻辑
[INFO] [1729653557.775291785] [slam_node]: [93m最新前方障碍距离：3.550,[0m[91m最新左侧障碍距离：0.450,[0m[94m最新右侧障碍距离：1.050[0m
[INFO] [1729653557.775570971] [slam_node]: 当前运动方向Move forward
[INFO] [1729653557.776082437] [slam_node]: 当前运行时长:30.0
[INFO] [1729653558.274501331] [slam_node]: 启动避障逻辑
[INFO] [1729653558.274838094] [slam_node]: [93m最新前方障碍距离：3.400,[0m[91m最新左侧障碍距离：0.450,[0m[94m最新右侧障碍距离：0.350[0m
[INFO] [1729653558.275144287] [slam_node]: 当前运动方向Move forward
[INFO] [1729653558.275578024] [slam_node]: 当前运行时长:30.5
[INFO] [1729653558.774902392] [slam_node]: 启动避障逻辑
[INFO] [1729653558.775252153] [slam_node]: [93m最新前方障碍距离：3.350,[0m[91m最新左侧障碍距离：0.450,[0m[94m最新右侧障碍距离：1.050[0m
[INFO] [1729653558.775540543] [slam_node]: 当前运动方向Move forward
[INFO] [1729653558.775989932] [slam_node]: 当前运行时长:31.0
[INFO] [1729653559.275061916] [slam_node]: 启动避障逻辑
[INFO] [1729653559.275451438] [slam_node]: [93m最新前方障碍距离：3.300,[0m[91m最新左侧障碍距离：0.400,[0m[94m最新右侧障碍距离：1.050[0m
[INFO] [1729653559.275763506] [slam_node]: 当前运动方向Move forward
[INFO] [1729653559.276242614] [slam_node]: 当前运行时长:31.5
[INFO] [1729653559.775298001] [slam_node]: 启动避障逻辑
[INFO] [1729653559.775657613] [slam_node]: [93m最新前方障碍距离：3.150,[0m[91m最新左侧障碍距离：0.400,[0m[94m最新右侧障碍距离：1.100[0m
[INFO] [1729653559.775980939] [slam_node]: 当前运动方向Move forward
[INFO] [1729653559.776418166] [slam_node]: 当前运行时长:32.0
[INFO] [1729653560.274717197] [slam_node]: 启动避障逻辑
[INFO] [1729653560.275035694] [slam_node]: [93m最新前方障碍距离：3.050,[0m[91m最新左侧障碍距离：0.400,[0m[94m最新右侧障碍距离：1.100[0m
[INFO] [1729653560.275335942] [slam_node]: 当前运动方向Move forward
[INFO] [1729653560.275752662] [slam_node]: 当前运行时长:32.5
[INFO] [1729653560.775089481] [slam_node]: 启动避障逻辑
[INFO] [1729653560.775427141] [slam_node]: [93m最新前方障碍距离：2.950,[0m[91m最新左侧障碍距离：0.400,[0m[94m最新右侧障碍距离：1.150[0m
[INFO] [1729653560.775706908] [slam_node]: 当前运动方向Move forward
[INFO] [1729653560.776135442] [slam_node]: 当前运行时长:33.0
[INFO] [1729653561.274767314] [slam_node]: 启动避障逻辑
[INFO] [1729653561.275178110] [slam_node]: [93m最新前方障碍距离：2.850,[0m[91m最新左侧障碍距离：0.350,[0m[94m最新右侧障碍距离：1.200[0m
[INFO] [1729653561.275471907] [slam_node]: 当前运动方向Move forward
[INFO] [1729653561.275941219] [slam_node]: 当前运行时长:33.5
[INFO] [1729653561.775223414] [slam_node]: 启动避障逻辑
[INFO] [1729653561.775567466] [slam_node]: [93m最新前方障碍距离：2.400,[0m[91m最新左侧障碍距离：0.350,[0m[94m最新右侧障碍距离：1.150[0m
[INFO] [1729653561.775895845] [slam_node]: 当前运动方向Move forward
[INFO] [1729653561.776440951] [slam_node]: 当前运行时长:34.0
[INFO] [1729653562.275344268] [slam_node]: 启动避障逻辑
[INFO] [1729653562.275741706] [slam_node]: [93m最新前方障碍距离：2.250,[0m[91m最新左侧障碍距离：0.350,[0m[94m最新右侧障碍距离：1.150[0m
[INFO] [1729653562.276184441] [slam_node]: 当前运动方向Move forward
[INFO] [1729653562.276730201] [slam_node]: 当前运行时长:34.5
[INFO] [1729653562.774696731] [slam_node]: 启动避障逻辑
[INFO] [1729653562.775036933] [slam_node]: [93m最新前方障碍距离：2.150,[0m[91m最新左侧障碍距离：0.300,[0m[94m最新右侧障碍距离：1.150[0m
[INFO] [1729653562.775341919] [slam_node]: 当前运动方向Move forward
[INFO] [1729653562.775872202] [slam_node]: 当前运行时长:35.0
[INFO] [1729653563.274516243] [slam_node]: 启动避障逻辑
[INFO] [1729653563.274818120] [slam_node]: [93m最新前方障碍距离：2.400,[0m[91m最新左侧障碍距离：0.300,[0m[94m最新右侧障碍距离：1.300[0m
[INFO] [1729653563.275162584] [slam_node]: 当前运动方向Move forward
[INFO] [1729653563.275588880] [slam_node]: 当前运行时长:35.5
[INFO] [1729653563.775112953] [slam_node]: 启动避障逻辑
[INFO] [1729653563.775499775] [slam_node]: [93m最新前方障碍距离：2.350,[0m[91m最新左侧障碍距离：0.300,[0m[94m最新右侧障碍距离：1.200[0m
[INFO] [1729653563.775838139] [slam_node]: 当前运动方向Move forward
[INFO] [1729653563.776491487] [slam_node]: 当前运行时长:36.0
[INFO] [1729653564.274784100] [slam_node]: 启动避障逻辑
[INFO] [1729653564.275134220] [slam_node]: [93m最新前方障碍距离：1.850,[0m[91m最新左侧障碍距离：0.250,[0m[94m最新右侧障碍距离：1.200[0m
[INFO] [1729653564.275552732] [slam_node]: 当前运动方向Move forward
[INFO] [1729653564.276021316] [slam_node]: 当前运行时长:36.5
[INFO] [1729653564.775297963] [slam_node]: 启动避障逻辑
[INFO] [1729653564.775624621] [slam_node]: [93m最新前方障碍距离：1.100,[0m[91m最新左侧障碍距离：0.250,[0m[94m最新右侧障碍距离：1.250[0m
[INFO] [1729653564.775963161] [slam_node]: 当前运动方向Move forward
[INFO] [1729653564.776475652] [slam_node]: 当前运行时长:37.0
[INFO] [1729653565.274564046] [slam_node]: 启动避障逻辑
[INFO] [1729653565.274926407] [slam_node]: [93m最新前方障碍距离：0.950,[0m[91m最新左侧障碍距离：0.200,[0m[94m最新右侧障碍距离：1.250[0m
[INFO] [1729653565.275266915] [slam_node]: 当前运动方向Move forward
[INFO] [1729653565.275727144] [slam_node]: 当前运行时长:37.5
[INFO] [1729653565.774625096] [slam_node]: 启动避障逻辑
[INFO] [1729653565.774932805] [slam_node]: [93m最新前方障碍距离：0.850,[0m[91m最新左侧障碍距离：0.200,[0m[94m最新右侧障碍距离：1.400[0m
[INFO] [1729653565.775292160] [slam_node]: 当前运动方向Move forward
[INFO] [1729653565.775707885] [slam_node]: 当前运行时长:38.0
[INFO] [1729653566.274475137] [slam_node]: 启动避障逻辑
[INFO] [1729653566.274777114] [slam_node]: [93m最新前方障碍距离：0.600,[0m[91m最新左侧障碍距离：0.200,[0m[94m最新右侧障碍距离：1.400[0m
[INFO] [1729653566.275038428] [slam_node]: 当前运动方向Move forward
[INFO] [1729653566.275477356] [slam_node]: 当前运行时长:38.5
[INFO] [1729653566.775173261] [slam_node]: 启动避障逻辑
[INFO] [1729653566.775534807] [slam_node]: [93m最新前方障碍距离：0.550,[0m[91m最新左侧障碍距离：0.200,[0m[94m最新右侧障碍距离：1.300[0m
[INFO] [1729653566.775829367] [slam_node]: 当前运动方向Move forward
[INFO] [1729653566.776257709] [slam_node]: 当前运行时长:39.0
[INFO] [1729653567.274974425] [slam_node]: 启动避障逻辑
[INFO] [1729653567.275317259] [slam_node]: [93m最新前方障碍距离：0.450,[0m[91m最新左侧障碍距离：inf,[0m[94m最新右侧障碍距离：1.350[0m
[INFO] [1729653567.275683003] [slam_node]: 当前运动方向Turn left
[INFO] [1729653567.276221927] [slam_node]: [91m第1次左转[0m
[INFO] [1729653567.777423884] [slam_node]: [91m第2次左转[0m
[INFO] [1729653568.278795441] [slam_node]: [91m第3次左转[0m
[INFO] [1729653568.779594070] [slam_node]: [91m第4次左转[0m
[INFO] [1729653569.281591248] [slam_node]: [91m第5次左转[0m
[INFO] [1729653569.782986355] [slam_node]: [91m第6次左转[0m
[INFO] [1729653570.284529409] [slam_node]: [91m第7次左转[0m
[INFO] [1729653570.786786306] [slam_node]: [91m第8次左转[0m
[INFO] [1729653571.288874955] [slam_node]: [91m第9次左转[0m
[INFO] [1729653571.790299626] [slam_node]: [91m第10次左转[0m
[INFO] [1729653572.292017370] [slam_node]: 当前运行时长:39.5
[INFO] [1729653572.292696380] [slam_node]: 启动避障逻辑
[INFO] [1729653572.293046657] [slam_node]: [93m最新前方障碍距离：0.450,[0m[91m最新左侧障碍距离：inf,[0m[94m最新右侧障碍距离：1.350[0m
[INFO] [1729653572.293345685] [slam_node]: 当前运动方向Move forward
[INFO] [1729653572.293842173] [slam_node]: 当前运行时长:40.0
[INFO] [1729653572.774979391] [slam_node]: 启动避障逻辑
[INFO] [1729653572.775410770] [slam_node]: [93m最新前方障碍距离：0.500,[0m[91m最新左侧障碍距离：0.650,[0m[94m最新右侧障碍距离：2.050[0m
[INFO] [1729653572.775713529] [slam_node]: 当前运动方向Turn left
[INFO] [1729653572.776232748] [slam_node]: [91m第1次左转[0m
[INFO] [1729653573.277855832] [slam_node]: [91m第2次左转[0m
[INFO] [1729653573.779265148] [slam_node]: [91m第3次左转[0m
[INFO] [1729653574.281055154] [slam_node]: [91m第4次左转[0m
[INFO] [1729653574.782632546] [slam_node]: [91m第5次左转[0m
[INFO] [1729653575.284588992] [slam_node]: [91m第6次左转[0m
[INFO] [1729653575.786622863] [slam_node]: [91m第7次左转[0m
[INFO] [1729653576.288109598] [slam_node]: [91m第8次左转[0m
[INFO] [1729653576.789312269] [slam_node]: [91m第9次左转[0m
[INFO] [1729653577.291266710] [slam_node]: [91m第10次左转[0m
[INFO] [1729653577.793225766] [slam_node]: 当前运行时长:40.5
[INFO] [1729653577.793822547] [slam_node]: 启动避障逻辑
[INFO] [1729653577.794122694] [slam_node]: [93m最新前方障碍距离：0.500,[0m[91m最新左侧障碍距离：0.650,[0m[94m最新右侧障碍距离：2.050[0m
[INFO] [1729653577.794382633] [slam_node]: 当前运动方向Move forward
[INFO] [1729653577.794824708] [slam_node]: 当前运行时长:41.0
[INFO] [1729653578.274840803] [slam_node]: 启动避障逻辑
[INFO] [1729653578.275232613] [slam_node]: [93m最新前方障碍距离：inf,[0m[91m最新左侧障碍距离：0.550,[0m[94m最新右侧障碍距离：0.300[0m
[INFO] [1729653578.275603971] [slam_node]: 当前运动方向Move forward
[INFO] [1729653578.276114786] [slam_node]: 当前运行时长:41.5
[INFO] [1729653578.775119315] [slam_node]: 启动避障逻辑
[INFO] [1729653578.775445864] [slam_node]: [93m最新前方障碍距离：inf,[0m[91m最新左侧障碍距离：0.450,[0m[94m最新右侧障碍距离：0.250[0m
[INFO] [1729653578.775715684] [slam_node]: 当前运动方向Move forward
[INFO] [1729653578.776125052] [slam_node]: 当前运行时长:42.0
[INFO] [1729653579.275337505] [slam_node]: 启动避障逻辑
[INFO] [1729653579.275647972] [slam_node]: [93m最新前方障碍距离：inf,[0m[91m最新左侧障碍距离：0.400,[0m[94m最新右侧障碍距离：0.300[0m
[INFO] [1729653579.275968273] [slam_node]: 当前运动方向Move forward
[INFO] [1729653579.276380939] [slam_node]: 当前运行时长:42.5
[INFO] [1729653579.775270899] [slam_node]: 启动避障逻辑
[INFO] [1729653579.775605094] [slam_node]: [93m最新前方障碍距离：inf,[0m[91m最新左侧障碍距离：0.500,[0m[94m最新右侧障碍距离：0.350[0m
[INFO] [1729653579.775864899] [slam_node]: 当前运动方向Move forward
[INFO] [1729653579.776302826] [slam_node]: 当前运行时长:43.0
[INFO] [1729653580.274342217] [slam_node]: 启动避障逻辑
[INFO] [1729653580.274646847] [slam_node]: [93m最新前方障碍距离：inf,[0m[91m最新左侧障碍距离：0.450,[0m[94m最新右侧障碍距离：0.350[0m
[INFO] [1729653580.274996200] [slam_node]: 当前运动方向Move forward
[INFO] [1729653580.275563331] [slam_node]: 当前运行时长:43.5
[INFO] [1729653580.775363740] [slam_node]: 启动避障逻辑
[INFO] [1729653580.775670777] [slam_node]: [93m最新前方障碍距离：inf,[0m[91m最新左侧障碍距离：0.450,[0m[94m最新右侧障碍距离：0.300[0m
[INFO] [1729653580.775998907] [slam_node]: 当前运动方向Move forward
[INFO] [1729653580.776410725] [slam_node]: 当前运行时长:44.0
[INFO] [1729653581.274356581] [slam_node]: 启动避障逻辑
[INFO] [1729653581.274665087] [slam_node]: [93m最新前方障碍距离：inf,[0m[91m最新左侧障碍距离：0.500,[0m[94m最新右侧障碍距离：0.500[0m
[INFO] [1729653581.274963084] [slam_node]: 当前运动方向Move forward
[INFO] [1729653581.275376468] [slam_node]: 当前运行时长:44.5
[INFO] [1729653581.774927498] [slam_node]: 启动避障逻辑
[INFO] [1729653581.775306935] [slam_node]: [93m最新前方障碍距离：inf,[0m[91m最新左侧障碍距离：0.500,[0m[94m最新右侧障碍距离：0.450[0m
[INFO] [1729653581.775660887] [slam_node]: 当前运动方向Move forward
[INFO] [1729653581.776090727] [slam_node]: 当前运行时长:45.0
[INFO] [1729653582.274712179] [slam_node]: 启动避障逻辑
[INFO] [1729653582.2