[INFO] [1730108510.052157911] [slam_node]: 倒计时: 2秒
[INFO] [1730108511.057793243] [slam_node]: 倒计时: 1秒
[INFO] [1730108512.069824166] [slam_node]: 倒计时结束！
[INFO] [1730108512.072081241] [slam_node]: 启动运动控制模块
[INFO] [1730108513.080941278] [slam_node]: 启动避障逻辑
[INFO] [1730108513.083040846] [slam_node]: [93m前方障碍距离：inf,[0m[91m左侧障碍距离：1.300,[0m[94m右侧障碍距离：0.450[0m
[INFO] [1730108513.085363456] [slam_node]: 当前运动方向Move forward
[INFO] [1730108513.087686867] [slam_node]: 当前运行时长:0.0
[INFO] [1730108513.577874989] [slam_node]: 启动避障逻辑
[INFO] [1730108513.579298813] [slam_node]: [93m前方障碍距离：inf,[0m[91m左侧障碍距离：1.350,[0m[94m右侧障碍距离：0.450[0m
[INFO] [1730108513.581290233] [slam_node]: 当前运动方向Move forward
[INFO] [1730108513.585348855] [slam_node]: 当前运行时长:0.5
[INFO] [1730108514.083824409] [slam_node]: 启动避障逻辑
[INFO] [1730108514.086353721] [slam_node]: [93m前方障碍距离：inf,[0m[91m左侧障碍距离：1.350,[0m[94m右侧障碍距离：0.450[0m
[INFO] [1730108514.087346274] [slam_node]: 当前运动方向Move forward
[INFO] [1730108514.089310554] [slam_node]: 当前运行时长:1.0
[INFO] [1730108514.579434714] [slam_node]: 启动避障逻辑
[INFO] [1730108514.582537122] [slam_node]: [93m前方障碍距离：inf,[0m[91m左侧障碍距离：1.300,[0m[94m右侧障碍距离：0.450[0m
[INFO] [1730108514.584489618] [slam_node]: 当前运动方向Move forward
[INFO] [1730108514.589574720] [slam_node]: 当前运行时长:1.5
[INFO] [1730108515.076748828] [slam_node]: 启动避障逻辑
[INFO] [1730108515.078616811] [slam_node]: [93m前方障碍距离：inf,[0m[91m左侧障碍距离：1.300,[0m[94m右侧障碍距离：0.400[0m
[INFO] [1730108515.079418694] [slam_node]: 当前运动方向Move forward
[INFO] [1730108515.080782769] [slam_node]: 当前运行时长:2.0
[INFO] [1730108515.578707508] [slam_node]: 启动避障逻辑
[INFO] [1730108515.580303661] [slam_node]: [93m前方障碍距离：inf,[0m[91m左侧障碍距离：1.350,[0m[94m右侧障碍距离：0.400[0m
[INFO] [1730108515.582940098] [slam_node]: 当前运动方向Move forward
[INFO] [1730108515.586877016] [slam_node]: 当前运行时长:2.5
[INFO] [1730108516.078137159] [slam_node]: 启动避障逻辑
[INFO] [1730108516.079599128] [slam_node]: [93m前方障碍距离：inf,[0m[91m左侧障碍距离：1.350,[0m[94m右侧障碍距离：0.400[0m
[INFO] [1730108516.081515673] [slam_node]: 当前运动方向Move forward
[INFO] [1730108516.087947989] [slam_node]: 当前运行时长:3.0
[INFO] [1730108516.578510032] [slam_node]: 启动避障逻辑
[INFO] [1730108516.579949439] [slam_node]: [93m前方障碍距离：inf,[0m[91m左侧障碍距离：1.350,[0m[94m右侧障碍距离：0.400[0m
[INFO] [1730108516.580912330] [slam_node]: 当前运动方向Move forward
[INFO] [1730108516.583085116] [slam_node]: 当前运行时长:3.5
[INFO] [1730108517.078724597] [slam_node]: 启动避障逻辑
[INFO] [1730108517.080056588] [slam_node]: [93m前方障碍距离：inf,[0m[91m左侧障碍距离：1.400,[0m[94m右侧障碍距离：0.400[0m
[INFO] [1730108517.081518872] [slam_node]: 当前运动方向Move forward
[INFO] [1730108517.083281646] [slam_node]: 当前运行时长:4.0
[INFO] [1730108517.588679498] [slam_node]: 启动避障逻辑
[INFO] [1730108517.591020370] [slam_node]: [93m前方障碍距离：inf,[0m[91m左侧障碍距离：1.400,[0m[94m右侧障碍距离：0.400[0m
[INFO] [1730108517.592524034] [slam_node]: 当前运动方向Move forward
[INFO] [1730108517.594891668] [slam_node]: 当前运行时长:4.5
[INFO] [1730108518.078248754] [slam_node]: 启动避障逻辑
[INFO] [1730108518.079572218] [slam_node]: [93m前方障碍距离：4.100,[0m[91m左侧障碍距离：1.450,[0m[94m右侧障碍距离：0.350[0m
[INFO] [1730108518.080478652] [slam_node]: 当前运动方向Move forward
[INFO] [1730108518.083681076] [slam_node]: 当前运行时长:5.0
[INFO] [1730108518.579011294] [slam_node]: 启动避障逻辑
[INFO] [1730108518.580635033] [slam_node]: [93m前方障碍距离：3.800,[0m[91m左侧障碍距离：1.400,[0m[94m右侧障碍距离：0.350[0m
[INFO] [1730108518.582170035] [slam_node]: 当前运动方向Move forward
[INFO] [1730108518.585775957] [slam_node]: 当前运行时长:5.5
[INFO] [1730108519.078016096] [slam_node]: 启动避障逻辑
[INFO] [1730108519.080001996] [slam_node]: [93m前方障碍距离：4.950,[0m[91m左侧障碍距离：1.450,[0m[94m右侧障碍距离：0.350[0m
[INFO] [1730108519.081336092] [slam_node]: 当前运动方向Move forward
[INFO] [1730108519.083387399] [slam_node]: 当前运行时长:6.0
[INFO] [1730108519.578028498] [slam_node]: 启动避障逻辑
[INFO] [1730108519.579701517] [slam_node]: [93m前方障碍距离：3.900,[0m[91m左侧障碍距离：1.450,[0m[94m右侧障碍距离：0.400[0m
[INFO] [1730108519.580908297] [slam_node]: 当前运动方向Move forward
[INFO] [1730108519.582678612] [slam_node]: 当前运行时长:6.5
[INFO] [1730108520.077814147] [slam_node]: 启动避障逻辑
[INFO] [1730108520.079231771] [slam_node]: [93m前方障碍距离：3.800,[0m[91m左侧障碍距离：1.450,[0m[94m右侧障碍距离：0.350[0m
[INFO] [1730108520.080056620] [slam_node]: 当前运动方向Move forward
[INFO] [1730108520.085564506] [slam_node]: 当前运行时长:7.0
[INFO] [1730108520.578150820] [slam_node]: 启动避障逻辑
[INFO] [1730108520.579274291] [slam_node]: [93m前方障碍距离：inf,[0m[91m左侧障碍距离：1.450,[0m[94m右侧障碍距离：0.400[0m
[INFO] [1730108520.580029820] [slam_node]: 当前运动方向Move forward
[INFO] [1730108520.582955764] [slam_node]: 当前运行时长:7.5
[INFO] [1730108521.079852499] [slam_node]: 启动避障逻辑
[INFO] [1730108521.083026869] [slam_node]: [93m前方障碍距离：4.550,[0m[91m左侧障碍距离：1.450,[0m[94m右侧障碍距离：0.400[0m
[INFO] [1730108521.088726155] [slam_node]: 当前运动方向Move forward
[INFO] [1730108521.090846500] [slam_node]: 当前运行时长:8.0
[INFO] [1730108521.578059674] [slam_node]: 启动避障逻辑
[INFO] [1730108521.579487022] [slam_node]: [93m前方障碍距离：3.600,[0m[91m左侧障碍距离：1.450,[0m[94m右侧障碍距离：0.450[0m
[INFO] [1730108521.580231076] [slam_node]: 当前运动方向Move forward
[INFO] [1730108521.583483943] [slam_node]: 当前运行时长:8.5
[INFO] [1730108522.081618770] [slam_node]: 启动避障逻辑
[INFO] [1730108522.082985317] [slam_node]: [93m前方障碍距离：3.350,[0m[91m左侧障碍距离：1.550,[0m[94m右侧障碍距离：0.450[0m
[INFO] [1730108522.084060504] [slam_node]: 当前运动方向Move forward
[INFO] [1730108522.086461847] [slam_node]: 当前运行时长:9.0
[INFO] [1730108522.577609312] [slam_node]: 启动避障逻辑
[INFO] [1730108522.579357626] [slam_node]: [93m前方障碍距离：3.450,[0m[91m左侧障碍距离：1.550,[0m[94m右侧障碍距离：0.550[0m
[INFO] [1730108522.580522110] [slam_node]: 当前运动方向Move forward
[INFO] [1730108522.582930696] [slam_node]: 当前运行时长:9.5
[INFO] [1730108523.079207121] [slam_node]: 启动避障逻辑
[INFO] [1730108523.080987565] [slam_node]: [93m前方障碍距离：3.400,[0m[91m左侧障碍距离：1.500,[0m[94m右侧障碍距离：0.850[0m
[INFO] [1730108523.082748784] [slam_node]: 当前运动方向Move forward
[INFO] [1730108523.085669043] [slam_node]: 当前运行时长:10.0
[INFO] [1730108523.578551820] [slam_node]: 启动避障逻辑
[INFO] [1730108523.580267929] [slam_node]: [93m前方障碍距离：3.150,[0m[91m左侧障碍距离：1.500,[0m[94m右侧障碍距离：2.350[0m
[INFO] [1730108523.582607680] [slam_node]: 当前运动方向Move forward
[INFO] [1730108523.587587393] [slam_node]: 当前运行时长:10.5
[INFO] [1730108524.077892861] [slam_node]: 启动避障逻辑
[INFO] [1730108524.079241119] [slam_node]: [93m前方障碍距离：3.100,[0m[91m左侧障碍距离：1.500,[0m[94m右侧障碍距离：2.150[0m
[INFO] [1730108524.080384810] [slam_node]: 当前运动方向Turn right
[INFO] [1730108524.082343900] [slam_node]: [91m第1次右转[0m
[INFO] [1730108524.587414816] [slam_node]: [91m第2次右转[0m
[INFO] [1730108525.091626340] [slam_node]: [91m第3次右转[0m
[INFO] [1730108525.595728201] [slam_node]: [91m第4次右转[0m
[INFO] [1730108526.098802500] [slam_node]: [91m第5次右转[0m
[INFO] [1730108526.602077502] [slam_node]: [91m第6次右转[0m
[INFO] [1730108527.105813604] [slam_node]: [91m第7次右转[0m
[INFO] [1730108527.609782875] [slam_node]: [91m第8次右转[0m
[INFO] [1730108528.112995741] [slam_node]: [91m第9次右转[0m
[INFO] [1730108528.620234894] [slam_node]: [91m第10次右转[0m
[INFO] [1730108529.123607767] [slam_node]: [91m第11次右转[0m
[INFO] [1730108529.625863008] [slam_node]: [94m最新！！前距障碍物：0.0,左距障碍物：0.0,右距障碍物：0.0[0m
[INFO] [1730108529.626936076] [slam_node]: [91m最新！！前距障碍物：0.0,左距障碍物：0.0,右距障碍物：0.0[0m
[INFO] [1730108529.628313115] [slam_node]: Stopping turn
[INFO] [1730108529.629737677] [slam_node]: Stopping turn
[INFO] [1730108529.630511691] [slam_node]: 当前运行时长:11.0
[INFO] [1730108530.132445539] [slam_node]: 启动避障逻辑
[INFO] [1730108530.133884995] [slam_node]: [93m前方障碍距离：3.450,[0m[91m左侧障碍距离：1.000,[0m[94m右侧障碍距离：1.050[0m
[INFO] [1730108530.134694184] [slam_node]: 当前运动方向Move forward
[INFO] [1730108530.136306199] [slam_node]: 当前运行时长:11.5
[INFO] [1730108530.632998750] [slam_node]: 启动避障逻辑
[INFO] [1730108530.635238974] [slam_node]: [93m前方障碍距离：3.950,[0m[91m左侧障碍距离：1.500,[0m[94m右侧障碍距离：1.000[0m
[INFO] [1730108530.637544188] [slam_node]: 当前运动方向Move forward
[INFO] [1730108530.639678544] [slam_node]: 当前运行时长:12.0
[INFO] [1730108531.131849842] [slam_node]: 启动避障逻辑
[INFO] [1730108531.132962929] [slam_node]: [93m前方障碍距离：3.550,[0m[91m左侧障碍距离：3.350,[0m[94m右侧障碍距离：0.850[0m
[INFO] [1730108531.135387650] [slam_node]: 当前运动方向Move forward
[INFO] [1730108531.138004631] [slam_node]: 当前运行时长:12.5
[INFO] [1730108531.632531271] [slam_node]: 启动避障逻辑
[INFO] [1730108531.635000391] [slam_node]: [93m前方障碍距离：3.400,[0m[91m左侧障碍距离：2.250,[0m[94m右侧障碍距离：0.850[0m
[INFO] [1730108531.636437323] [slam_node]: 当前运动方向Turn left
[INFO] [1730108531.638906980] [slam_node]: [91m第1次左转[0m
[INFO] [1730108532.142832580] [slam_node]: [91m第2次左转[0m
[INFO] [1730108532.648115339] [slam_node]: [91m第3次左转[0m
[INFO] [1730108533.152797197] [slam_node]: [91m第4次左转[0m
[INFO] [1730108533.663193339] [slam_node]: [91m第5次左转[0m
[INFO] [1730108534.175491966] [slam_node]: [91m第6次左转[0m
[INFO] [1730108534.690581328] [slam_node]: [91m第7次左转[0m
[INFO] [1730108535.194107927] [slam_node]: [91m第8次左转[0m
[INFO] [1730108535.698398194] [slam_node]: [91m第9次左转[0m
[INFO] [1730108536.201851625] [slam_node]: [91m第10次左转[0m
[INFO] [1730108536.705430509] [slam_node]: [91m第11次左转[0m
[INFO] [1730108537.212126612] [slam_node]: [93m第1次直行稳定[0m
[INFO] [1730108537.716800217] [slam_node]: [93m第2次直行稳定[0m
[INFO] [1730108538.220181107] [slam_node]: [93m第3次直行稳定[0m
[INFO] [1730108538.727451246] [slam_node]: [93m第4次直行稳定[0m
[INFO] [1730108539.230587640] [slam_node]: [93m第5次直行稳定[0m
[INFO] [1730108539.734119712] [slam_node]: [93m第6次直行稳定[0m
[INFO] [1730108540.237709463] [slam_node]: [93m第7次直行稳定[0m
[INFO] [1730108540.742344174] [slam_node]: [93m第8次直行稳定[0m
[INFO] [1730108541.246279334] [slam_node]: [93m第9次直行稳定[0m
[INFO] [1730108541.750936445] [slam_node]: [93m第10次直行稳定[0m
[INFO] [1730108542.254453461] [slam_node]: [