[INFO] [1729672622.031708786] [slam_node]: 倒计时: 2秒
[INFO] [1729672623.032918068] [slam_node]: 倒计时: 1秒
[INFO] [1729672624.035369363] [slam_node]: 倒计时结束！
[INFO] [1729672624.035763546] [slam_node]: 启动运动控制模块
[INFO] [1729672625.037292247] [slam_node]: 启动避障逻辑
[INFO] [1729672625.037610405] [slam_node]: [93m最新前方障碍距离：2.150,[0m[91m最新左侧障碍距离：0.400,[0m[94m最新右侧障碍距离：0.450[0m
[INFO] [1729672625.037935288] [slam_node]: 当前运动方向Move forward
[INFO] [1729672625.038536434] [slam_node]: 当前运行时长:0.0
[INFO] [1729672625.537046797] [slam_node]: 启动避障逻辑
[INFO] [1729672625.537398963] [slam_node]: [93m最新前方障碍距离：2.100,[0m[91m最新左侧障碍距离：0.400,[0m[94m最新右侧障碍距离：1.800[0m
[INFO] [1729672625.537642383] [slam_node]: 当前运动方向Move forward
[INFO] [1729672625.538105099] [slam_node]: 当前运行时长:0.5
[INFO] [1729672626.037660043] [slam_node]: 启动避障逻辑
[INFO] [1729672626.037980443] [slam_node]: [93m最新前方障碍距离：1.950,[0m[91m最新左侧障碍距离：0.450,[0m[94m最新右侧障碍距离：1.650[0m
[INFO] [1729672626.038285685] [slam_node]: 当前运动方向Move forward
[INFO] [1729672626.038821743] [slam_node]: 当前运行时长:1.0
[INFO] [1729672626.537062841] [slam_node]: 启动避障逻辑
[INFO] [1729672626.537368757] [slam_node]: [93m最新前方障碍距离：1.850,[0m[91m最新左侧障碍距离：0.450,[0m[94m最新右侧障碍距离：1.600[0m
[INFO] [1729672626.537675965] [slam_node]: 当前运动方向Move forward
[INFO] [1729672626.538104983] [slam_node]: 当前运行时长:1.5
[INFO] [1729672627.037198676] [slam_node]: 启动避障逻辑
[INFO] [1729672627.037544839] [slam_node]: [93m最新前方障碍距离：1.750,[0m[91m最新左侧障碍距离：0.500,[0m[94m最新右侧障碍距离：1.950[0m
[INFO] [1729672627.037854687] [slam_node]: 当前运动方向Move forward
[INFO] [1729672627.038302965] [slam_node]: 当前运行时长:2.0
[INFO] [1729672627.537071119] [slam_node]: 启动避障逻辑
[INFO] [1729672627.537400814] [slam_node]: [93m最新前方障碍距离：1.600,[0m[91m最新左侧障碍距离：0.500,[0m[94m最新右侧障碍距离：1.750[0m
[INFO] [1729672627.537736950] [slam_node]: 当前运动方向Move forward
[INFO] [1729672627.538174103] [slam_node]: 当前运行时长:2.5
[INFO] [1729672628.037201137] [slam_node]: 启动避障逻辑
[INFO] [1729672628.037581055] [slam_node]: [93m最新前方障碍距离：1.500,[0m[91m最新左侧障碍距离：0.500,[0m[94m最新右侧障碍距离：1.750[0m
[INFO] [1729672628.037857419] [slam_node]: 当前运动方向Move forward
[INFO] [1729672628.038292068] [slam_node]: 当前运行时长:3.0
[INFO] [1729672628.536920126] [slam_node]: 启动避障逻辑
[INFO] [1729672628.537244205] [slam_node]: [93m最新前方障碍距离：1.400,[0m[91m最新左侧障碍距离：0.500,[0m[94m最新右侧障碍距离：1.850[0m
[INFO] [1729672628.537574660] [slam_node]: 当前运动方向Move forward
[INFO] [1729672628.538017843] [slam_node]: 当前运行时长:3.5
[INFO] [1729672629.036935519] [slam_node]: 启动避障逻辑
[INFO] [1729672629.037271300] [slam_node]: [93m最新前方障碍距离：1.300,[0m[91m最新左侧障碍距离：1.150,[0m[94m最新右侧障碍距离：1.900[0m
[INFO] [1729672629.037551289] [slam_node]: 当前运动方向Move forward
[INFO] [1729672629.038050199] [slam_node]: 当前运行时长:4.0
[INFO] [1729672629.537827002] [slam_node]: 启动避障逻辑
[INFO] [1729672629.538138009] [slam_node]: [93m最新前方障碍距离：1.200,[0m[91m最新左侧障碍距离：0.850,[0m[94m最新右侧障碍距离：1.650[0m
[INFO] [1729672629.538476075] [slam_node]: 当前运动方向Move forward
[INFO] [1729672629.538937588] [slam_node]: 当前运行时长:4.5
[INFO] [1729672630.036965792] [slam_node]: 启动避障逻辑
[INFO] [1729672630.037527639] [slam_node]: [93m最新前方障碍距离：1.100,[0m[91m最新左侧障碍距离：0.850,[0m[94m最新右侧障碍距离：1.550[0m
[INFO] [1729672630.037854982] [slam_node]: 当前运动方向Move forward
[INFO] [1729672630.038279140] [slam_node]: 当前运行时长:5.0
[INFO] [1729672630.537077601] [slam_node]: 启动避障逻辑
[INFO] [1729672630.537701375] [slam_node]: [93m最新前方障碍距离：0.950,[0m[91m最新左侧障碍距离：0.900,[0m[94m最新右侧障碍距离：1.250[0m
[INFO] [1729672630.538007446] [slam_node]: 当前运动方向Move forward
[INFO] [1729672630.538532745] [slam_node]: 当前运行时长:5.5
[INFO] [1729672631.037006380] [slam_node]: 启动避障逻辑
[INFO] [1729672631.037367389] [slam_node]: [93m最新前方障碍距离：0.800,[0m[91m最新左侧障碍距离：1.450,[0m[94m最新右侧障碍距离：1.100[0m
[INFO] [1729672631.037718776] [slam_node]: 当前运动方向Move forward
[INFO] [1729672631.038259676] [slam_node]: 当前运行时长:6.0
[INFO] [1729672631.537321785] [slam_node]: 启动避障逻辑
[INFO] [1729672631.537652989] [slam_node]: [93m最新前方障碍距离：0.750,[0m[91m最新左侧障碍距离：1.500,[0m[94m最新右侧障碍距离：0.900[0m
[INFO] [1729672631.537953234] [slam_node]: 当前运动方向Move forward
[INFO] [1729672631.538386568] [slam_node]: 当前运行时长:6.5
[INFO] [1729672632.036791636] [slam_node]: 启动避障逻辑
[INFO] [1729672632.037130692] [slam_node]: [93m最新前方障碍距离：0.600,[0m[91m最新左侧障碍距离：1.550,[0m[94m最新右侧障碍距离：0.700[0m
[INFO] [1729672632.037405333] [slam_node]: 当前运动方向little Rotate left
[INFO] [1729672632.037877449] [slam_node]: 当前运行时长:7.0
[INFO] [1729672632.537391624] [slam_node]: 启动避障逻辑
[INFO] [1729672632.537766102] [slam_node]: [93m最新前方障碍距离：0.600,[0m[91m最新左侧障碍距离：1.500,[0m[94m最新右侧障碍距离：0.550[0m
[INFO] [1729672632.538699386] [slam_node]: 当前运动方向little Rotate left
[INFO] [1729672632.539132984] [slam_node]: 当前运行时长:7.5
[INFO] [1729672633.037001748] [slam_node]: 启动避障逻辑
[INFO] [1729672633.037400877] [slam_node]: [93m最新前方障碍距离：0.600,[0m[91m最新左侧障碍距离：1.650,[0m[94m最新右侧障碍距离：0.500[0m
[INFO] [1729672633.037709603] [slam_node]: 当前运动方向little Rotate left
[INFO] [1729672633.038162341] [slam_node]: 当前运行时长:8.0
[INFO] [1729672633.537742860] [slam_node]: 启动避障逻辑
[INFO] [1729672633.538105322] [slam_node]: [93m最新前方障碍距离：0.600,[0m[91m最新左侧障碍距离：1.650,[0m[94m最新右侧障碍距离：0.450[0m
[INFO] [1729672633.538412280] [slam_node]: 当前运动方向little Rotate left
[INFO] [1729672633.538935620] [slam_node]: 当前运行时长:8.5
[INFO] [1729672634.037119984] [slam_node]: 启动避障逻辑
[INFO] [1729672634.037442607] [slam_node]: [93m最新前方障碍距离：0.550,[0m[91m最新左侧障碍距离：1.650,[0m[94m最新右侧障碍距离：0.450[0m
[INFO] [1729672634.037758804] [slam_node]: 当前运动方向little Rotate left
[INFO] [1729672634.038213631] [slam_node]: 当前运行时长:9.0
[INFO] [1729672634.537107914] [slam_node]: 启动避障逻辑
[INFO] [1729672634.537447798] [slam_node]: [93m最新前方障碍距离：0.550,[0m[91m最新左侧障碍距离：1.650,[0m[94m最新右侧障碍距离：0.400[0m
[INFO] [1729672634.537698068] [slam_node]: 当前运动方向little Rotate left
[INFO] [1729672634.538155715] [slam_node]: 当前运行时长:9.5
[INFO] [1729672635.036825063] [slam_node]: 启动避障逻辑
[INFO] [1729672635.037145976] [slam_node]: [93m最新前方障碍距离：0.600,[0m[91m最新左侧障碍距离：1.750,[0m[94m最新右侧障碍距离：0.350[0m
[INFO] [1729672635.037448673] [slam_node]: 当前运动方向little Rotate left
[INFO] [1729672635.037877283] [slam_node]: 当前运行时长:10.0
[INFO] [1729672635.536973806] [slam_node]: 启动避障逻辑
[INFO] [1729672635.537292133] [slam_node]: [93m最新前方障碍距离：0.550,[0m[91m最新左侧障碍距离：1.300,[0m[94m最新右侧障碍距离：0.350[0m
[INFO] [1729672635.537751466] [slam_node]: 当前运动方向little Rotate left
[INFO] [1729672635.538188097] [slam_node]: 当前运行时长:10.5
[INFO] [1729672636.037225558] [slam_node]: 启动避障逻辑
[INFO] [1729672636.037866585] [slam_node]: [93m最新前方障碍距离：0.550,[0m[91m最新左侧障碍距离：1.550,[0m[94m最新右侧障碍距离：0.300[0m
[INFO] [1729672636.038248652] [slam_node]: 当前运动方向little Rotate left
[INFO] [1729672636.038709498] [slam_node]: 当前运行时长:11.0
[INFO] [1729672636.537612438] [slam_node]: 启动避障逻辑
[INFO] [1729672636.537986131] [slam_node]: [93m最新前方障碍距离：0.550,[0m[91m最新左侧障碍距离：1.400,[0m[94m最新右侧障碍距离：0.300[0m
[INFO] [1729672636.538296938] [slam_node]: 当前运动方向little Rotate left
[INFO] [1729672636.538728940] [slam_node]: 当前运行时长:11.5
[INFO] [1729672637.036919594] [slam_node]: 启动避障逻辑
[INFO] [1729672637.037244867] [slam_node]: [93m最新前方障碍距离：0.550,[0m[91m最新左侧障碍距离：1.400,[0m[94m最新右侧障碍距离：0.300[0m
[INFO] [1729672637.037580668] [slam_node]: 当前运动方向little Rotate left
[INFO] [1729672637.038003213] [slam_node]: 当前运行时长:12.0
[INFO] [1729672637.537215313] [slam_node]: 启动避障逻辑
[INFO] [1729672637.537544450] [slam_node]: [93m最新前方障碍距离：0.550,[0m[91m最新左侧障碍距离：1.400,[0m[94m最新右侧障碍距离：0.300[0m
[INFO] [1729672637.538024283] [slam_node]: 当前运动方向little Rotate left
[INFO] [1729672637.538466211] [slam_node]: 当前运行时长:12.5
[INFO] [1729672638.037232301] [slam_node]: 启动避障逻辑
[INFO] [1729672638.037599564] [slam_node]: [93m最新前方障碍距离：0.550,[0m[91m最新左侧障碍距离：1.350,[0m[94m最新右侧障碍距离：0.250[0m
[INFO] [1729672638.038004799] [slam_node]: 当前运动方向little Rotate left
[INFO] [1729672638.038429693] [slam_node]: 当前运行时长:13.0
[INFO] [1729672638.537493772] [slam_node]: 启动避障逻辑
[INFO] [1729672638.537885916] [slam_node]: [93m最新前方障碍距离：0.500,[0m[91m最新左侧障碍距离：1.950,[0m[94m最新右侧障碍距离：0.250[0m
[INFO] [1729672638.538161626] [slam_node]: 当前运动方向little Rotate left
[INFO] [1729672638.538620324] [slam_node]: 当前运行时长:13.5
[INFO] [1729672639.037226785] [slam_node]: 启动避障逻辑
[INFO] [1729672639.037559990] [slam_node]: [93m最新前方障碍距离：0.550,[0m[91m最新左侧障碍距离：1.500,[0m[94m最新右侧障碍距离：0.250[0m
[INFO] [1729672639.037924791] [slam_node]: 当前运动方向little Rotate left
[INFO] [1729672639.038418554] [slam_node]: 当前运行时长:14.0
[INFO] [1729672639.537328555] [slam_node]: 启动避障逻辑
[INFO] [1729672639.537702875] [slam_node]: [93m最新前方障碍距离：0.550,[0m[91m最新左侧障碍距离：1.400,[0m[94m最新右侧障碍距离：0.250[0m
[INFO] [1729672639.537974320] [slam_node]: 当前运动方向little Rotate left
[INFO] [1729672639.538405875] [slam_node]: 当前运行时长:14.5
[INFO] [1729672640.037487150] [slam_node]: 启动避障逻辑
[INFO] [1729672640.037850861] [slam_node]: [93m最新前方障碍距离：0.550,[0m[91m最新左侧障碍距离：0.750,[0m[94m最新右侧障碍距离：0.250[0m
[INFO] [1729672640.038602359] [slam_node]: 当前运动方向little Rotate left
[INFO] [1729672640.039178833] [slam_node]: 当前运行时长:15.0
[INFO] [1729672640.537117630] [slam_node]: 启动避障逻辑
[INFO] [1729672640.537433453] [slam_node]: [93m最新前方障碍距离：0.550,[0m[91m最新左侧障碍距离：0.750,[0m[94m最新右侧障碍距离：0.250[0m
[INFO] [1729672640.537742168] [slam_node]: 当前运动方向little Rotate left
[INFO] [1729672640.538153562] [slam_node]: 当前运行时长:15.5
[INFO] [1729672641.037172761] [slam_node]: 启动避障逻辑
[INFO] [1729672641.037567451] [slam_node]: [93m最新前方障碍距离：0.550,[0m[91m最新左侧障碍距离：1.700,[0m[94m最新右侧障碍距离：0.250[0m
[INFO] [1729672641.037901584] [slam_node]: 当前运动方向little Rotate left
[INFO] [1729672641.038325540] [slam_node]: 当前运行时长:16.0
[INFO] [1729672641.536995587] [slam_node]: 启动避障逻辑
[INFO] [1729672641.537331016] [slam_node]: [93m最新前方障碍距离：0.600,[0m[91m最新左侧障碍距离：1.800,[0m[94m最新右侧障碍距离：0.250[0m
[INFO] [1729672641.537640499] [slam_node]: 当前运动方向little Rotate left
[INFO] [1729672641.538064216] [slam_node]: 当前运行时长:16.5
[INFO] [1729672642.037114319] [slam_node]: 启动避障逻辑
[INFO] [1729672642.037445854] [slam_node]: [93m最新前方障碍距离：0.650,[0m[91m最新左侧障碍距离：1.600,[0m[94m最新右侧障碍距离：0.250[0m
[INFO] [1729672642.037788838] [slam_node]: 当前运动方向little Rotate left
[INFO] [1729672642.038210833] [slam_node]: 当前运行时长:17.0
[INFO] [1729672642.537001971] [slam_node]: 启动避障逻辑
[INFO] [1729672642.537335070] [slam_node]: [93m最新前方障碍距离：0.800,[0m[91m最新左侧障碍距离：1.650,[0m[94m最新右侧障碍距离：0.250[0m
[INFO] [1729672642.537624361] [slam_node]: 当前运动方向little Rotate left
[INFO] [1729672642.538067300] [slam_node]: 当前运行时长:17.5
[INFO] [1729672643.036906378] [slam_node]: 启动避障逻辑
[INFO] [1729672643.037414645] [slam_node]: [93m最新前方障碍距离：0.850,[0m[91m最新左侧障碍距离：1.500,[0m[94m最新右侧障碍距离：0.250[0m
[INFO] [1729672643.037722256] [slam_node]: 当前运动方向little Rotate left
[INFO] [1729672643.038160512] [slam_node]: 当前运行时长:18.0
[INFO] [1729672643.537180320] [slam_node]: 启动避障逻辑
[INFO] [1729672643.537496426] [slam_node]: [93m最新前方障碍距离：inf,[0m[91m最新左侧障碍距离：1.550,[0m[94m最新右侧障碍距离：0.250[0m
[INFO] [1729672643.537830274] [slam_node]: 当前运动方向little Rotate left
[INFO] [1729672643.538260122] [slam_node]: 当前运行时长:18.5
[INFO] [1729672644.037027759] [slam_node]: 启动避障逻辑
[INFO] [1729672644.037343061] [slam_node]: [93m最新前方障碍距离：inf,[0m[91m最新左侧障碍距离：1.550,[0m[94m最新右侧障碍距离：0.250[0m
[INFO] [1729672644.037700789] [slam_node]: 当前运动方向little Rotate left
[INFO] [1729672644.038112430] [slam_node]: 当前运行时长:19.0
[INFO] [1729672644.537509408] [slam_node]: 启动避障逻辑
[INFO] [1729672644.537869162] [slam_node]: [93m最新前方障碍距离：inf,[0m[91m最新左侧障碍距离：1.550,[0m[94m最新右侧障碍距离：0.250[0m
[INFO] [1729672644.538162317] [slam_node]: 当前运动方向little Rotate left
[INFO] [1729672644.538623562] [slam_node]: 当前运行时长:19.5
[INFO] [1729672645.037025744] [slam_node]: 启动避障逻辑
[INFO] [1729672645.037384492] [slam_node]: [93m最新前方障碍距离：inf,[0m[91m最新左侧障碍距离：1.550,[0m[94m最新右侧障碍距离：0.250[0m
[INFO] [1729672645.037770212] [slam_node]: 当前运动方向little Rotate left
[INFO] [1729672645.038254463] [slam_node]: 当前运行时长:20.0
[INFO] [1729672645.537622938] [slam_node]: 启动避障逻辑
[INFO] [1729672645.537983784] [slam_node]: [93m最新前方障碍距离：inf,[0m[91m最新左侧障碍距离：1.600,[0m[94m最新右侧障碍距离：0.300[0m
[INFO] [1729672645.538250709] [slam_node]: 当前运动方向Move forward
[INFO] [1729672645.538730534] [slam_node]: 当前运行时长:20.5
[INFO] [1729672646.037635471] [slam_node]: 启动避障逻辑
[INFO] [1729672646.037993596] [slam_node]: [93m最新前方障碍距离：inf,[0m[91m最新左侧障碍距离：1.550,[0m[94m最新右侧障碍距离：0.300[0m
[INFO] [1729672646.038283018] [slam_node]: 当前运动方向Move forward
[INFO] [1729672646.038701823] [slam_node]: 当前运行时长:21.0
[INFO] [1729672646.537051161] [slam_node]: 启动避障逻辑
[INFO] [1729672646.537422039] [slam_node]: [93m最新前方障碍距离：inf,[0m[91m最新左侧障碍距离：1.600,[0m[94m最新右侧障碍距离：0.300[0m
[INFO] [1729672646.537733191] [slam_node]: 当前运动方向Move forward
[INFO] [1729672646.538253820] [slam_node]: 当前运行时长:21.5
[INFO] [1729672647.037632584] [slam_node]: 启动避障逻辑
[INFO] [1729672647.037948834] [slam_node]: [93m最新前方障碍距离：inf,[0m[91m最新左侧障碍距离：1.600,[0m[94m最新右侧障碍距离：0.300[0m
[INFO] [1729672647.038213439] [slam_node]: 当前运动方向Move forward
[INFO] [1729672647.038646409] [slam_node]: 当前运行时长:22.0
[INFO] [1729672647.536975082] [slam_node]: 启动避障逻辑
[INFO] [1729672647.537292829] [slam_node]: [93m最新前方障碍距离：inf,[0m[91m最新左侧障碍距离：1.600,[0m[94m最新右侧障碍距离：0.300[0m
[INFO] [1729672647.537619130] [slam_node]: 当前运动方向Move forward
[INFO] [1729672647.538047238] [slam_node]: 当前运行时长:22.5
[INFO] [1729672648.036954334] [slam_node]: 启动避障逻辑
[INFO] [1729672648.037325329] [slam_node]: [93m最新前方障碍距离：inf,[0m[91m最新左侧障碍距离：1.550,[0m[94m最新右侧障碍距离：0.300[0m
[INFO] [1729672648.037691163] [slam_node]: 当前运动方向Move forward
[INFO] [1729672648.038177705] [slam_node]: 当前运行时长:23.0
[INFO] [1729672648.536783653] [slam_node]: 启动避障逻辑
[INFO] [1729672648.537114980] [slam_node]: [93m最新前方障碍距离：inf,[0m[91m最新左侧障碍距离：1.600,[0m[94m最新右侧障碍距离：0.300[0m
[INFO] [1729672648.537384004] [slam_node]: 当前运动方向Move forward
[INFO] [1729672648.537810965] [slam_node]: 当前运行时长:23.5
[INFO] [1729672649.037008155] [slam_node]: 启动避障逻辑
[INFO] [1729672649.037322943] [slam_node]: [93m最新前方障碍距离：inf,[0m[91m最新左侧障碍距离：1.600,[0m[94m最新右侧障碍距离：0.250[0m
[INFO] [1729672649.037685114] [slam_node]: 当前运动方向little Rotate left
[INFO] [1729672649.038094125] [slam_node]: 当前运行时长:24.0
[INFO] [1729672649.536909931] [slam_node]: 启动避障逻辑
[INFO] [1729672649.537225192] [slam_node]: [93m最新前方障碍距离：inf,[0m[91m最新左侧障碍距离：1.600,[0m[94m最新右侧障碍距离：0.300[0m
[INFO] [1729672649.537536042] [slam_node]: 当前运动方向Move forward
[INFO] [1729672649.537964709] [slam_node]: 当前运行时长:24.5
[INFO] [1729672650.037668527] [slam_node]: 启动避障逻辑
[INFO] [1729672650.038072885] [slam_node]: [93m最新前方障碍距离：inf,[0m[91m最新左侧障碍距离：1.600,[0m[94m最新右侧障碍距离：0.350[0m
[INFO] [1729672650.038345472] [slam_node]: 当前运动方向Move forward
[INFO] [1729672650.038783259] [slam_node]: 当前运行时长:25.0
[INFO] [1729672650.536933401] [slam_node]: 启动避障逻辑
[INFO] [1729672650.537239975] [slam_node]: [93m最新前方障碍距离：inf,[0m[91m最新左侧障碍距离：1.600,[0m[94m最新右侧障碍距离：0.400[0m
[INFO] [1729672650.537507802] [slam_node]: 当前运动方向Move forward
[INFO] [1729672650.537951241] [slam_node]: 当前运行时长:25.5
[INFO] [1729672651.037229270] [slam_node]: 启动避障逻辑
[INFO] [1729672651.037542186] [slam_node]: [93m最新前方障碍距离：4.600,[0m[91m最新左侧障碍距离：1.600,[0m[94m最新右侧障碍距离：0.350[0m
[INFO] [1729672651.037858445] [slam_node]: 当前运动方向Move forward
[INFO] [1729672651.038264986] [slam_node]: 当前运行时长:26.0
[INFO] [1729672651.537005431] [slam_node]: 启动避障逻辑
[INFO] [1729672651.537304443] [slam_node]: [93m最新前方障碍距离：inf,[0m[91m最新左侧障碍距离：1.600,[0m[94m最新右侧障碍距离：0.350[0m
[INFO] [1729672651.537571896] [slam_node]: 当前运动方向Move forward
[INFO] [1729672651.537994869] [slam_node]: 当前运行时长:26.5
[INFO] [1729672652.037112838] [slam_node]: 启动避障逻辑
[INFO] [1729672652.037655586] [slam_node]: [93m最新前方障碍距离：inf,[0m[91m最新左侧障碍距离：1.600,[0m[94m最新右侧障碍距离：0.350[0m
[INFO] [1729672652.037955228] [slam_node]: 当前运动方向Move forward
[INFO] [1729672652.038652087] [slam_node]: 当前运行时长:27.0
[INFO] [1729672652.537458106] [slam_node]: 启动避障逻辑
[INFO] [1729672652.537782920] [slam_node]: [93m最新前方障碍距离：inf,[0m[91m最新左侧障碍距离：1.650,[0m[94m最新右侧障碍距离：0.850[0m
[INFO] [1729672652.538099508] [slam_node]: 当前运动方向Move forward
[INFO] [1729672652.538577411] [slam_node]: 当前运行时长:27.5
[INFO] [1729672653.037205643] [slam_node]: 启动避障逻辑
[INFO] [1729672653.037869963] [slam_node]: [93m最新前方障碍距离：inf,[0m[91m最新左侧障碍距离：1.600,[0m[94m最新右侧障碍距离：1.700[0m
[INFO] [1729672653.038151394] [slam_node]: 当前运动方向Move forward
[INFO] [1729672653.038678334] [slam_node]: 当前运行时长:28.0
[INFO] [1729672653.537118119] [slam_node]: 启动避障逻辑
[INFO] [1729672653.537426393] [slam_node]: [93m最新前方障碍距离：inf,[0m[91m最新左侧障碍距离：1.600,[0m[94m最新右侧障碍距离：inf[0m
[INFO] [1729672653.537796150] [slam_node]: 当前运动方向Move forward
[INFO] [1729672653.538244378] [slam_node]: 当前运行时长:28.5
[INFO] [1729672654.037830893] [slam_node]: 启动避障逻辑
[INFO] [1729672654.038141168] [slam_node]: [93m最新前方障碍距离：inf,[0m[91m最新左侧障碍距离：1.600,[0m[94m最新右侧障碍距离：inf[0m
[INFO] [1729672654.038484585] [slam_node]: 当前运动方向Turn right
[INFO] [1729672654.038960164] [slam_node]: [91m第1次右转[0m
[INFO] [1729672654.540887513] [slam_node]: [91m第2次右转[0m
[INFO] [1729672655.042079915] [slam_node]: [91m第3次右转[0m
[INFO] [1729672655.543756795] [slam_node]: [91m第4次右转[0m
[INFO] [1729672656.045629082] [slam_node]: [91m第5次右转[0m
[INFO] [1729672656.547072617] [slam_node]: [91m第6次右转[0m
[INFO] [1729672657.048612827] [slam_node]: [91m第7次右转[0m
[INFO] [1729672657.550286447] [slam_node]: [91m第8次右转[0m
[INFO] [1729672658.052174706] [slam_node]: [91m第9次右转[0m
[INFO] [1729672658.554560143] [slam_node]: [91m第10次右转[0m
[INFO] [1729672659.056655329] [slam_node]: [93m第1次直行稳定[0m
[INFO] [1729672659.558855637] [slam_node]: [93m第2次直行稳定[0m
[INFO] [1729672660.060242137] [slam_node]: [93m第3次直行稳定[0m
[INFO] [1729672660.561925083] [slam_node]: [93m第4次直行稳定[0m
[INFO] [1729672661.063623349] [slam_node]: [93m第5次直行稳定[0m
[INFO] [1729672661.565542308] [slam_node]: [93m第6次直行稳定[0m
[INFO] [1729672662.067007902] [slam_node]: [93m第7次直行稳定[0m
[INFO] [1729672662.568753703] [slam_node]: [93m第8次直行稳定[0m
[INFO] [1729672663.069907582] [slam_node]: [93m第9次直行稳定[0m
[INFO] [1729672663.570891271] [slam_node]: [93m第10次直行稳定[0m
[INFO] [1729672664.072392211] [slam_node]: [93m第11次直行稳定[0m
[INFO] [1729672664.573998482] [slam_node]: [93m第12次直行稳定[0m
[INFO] [1729672665.075907683] [slam_node]: [93m第13次直行稳定[0m
[INFO] [1729672665.578025063] [slam_node]: [93m第14次直行稳定[0m
[INFO] [1729672666.079924319] [slam_node]: [93m第15次直行稳定[0m
[INFO] [1729672666.581611570] [slam_node]: [93m第16次直行稳定[0m
[INFO] [1729672667.083375701] [slam_node]: [93m第17次直行稳定[0m
[INFO] [1729672667.585072677] [slam_node]: [93m第18次直行稳定[0m
[INFO] [1729672668.087132072] [slam_node]: [93m第19次直行稳定[0m
[INFO] [1729672668.588993992] [slam_node]: [93m第20次直行稳定[0m
[INFO] [1729672669.090475161] [slam_node]: [93m第21次直行稳定[0m
[INFO] [1729672669.591982558] [slam_node]: [93m第22次直行稳定[0m
[INFO] [1729672670.093520233] [slam_node]: [93m第23次直行稳定[0m
[INFO] [1729672670.595767603] [slam_node]: [93m第24次直行稳定[0m
[INFO] [1729672671.097520940] [slam_node]: [93m第25次直行稳定[0m
[INFO] [1729672671.598892152] [slam_node]: [93m第26次直行稳定[0m
[INFO] [1729672672.100230644] [slam_node]: [93m第27次直行稳定[0m
[INFO] [1729672672.602180798] [slam_node]: [93m第28次直行稳定[0m
[INFO] [1729672673.104022245] [slam_node]: [93m第29次直行稳定[0m
[INFO] [1729672673.605814392] [slam_node]: [93m第30次直行稳定[0m
[INFO] [1729672674.107275619] [slam_node]: [93m第31次直行稳定[0m
[INFO] [1729672674.608867492] [slam_node]: [93m第32次直行稳定[0m
[INFO] [1729672675.110486177] [slam_node]: [93m第33次直行稳定[0m
[INFO] [1729672675.611804172] [slam_node]: [93m第34次直行稳定[0m
[INFO] [1729672676.113011218] [slam_node]: [93m第35次直行稳定[0m
[INFO] [1729672676.614271378] [slam_node]: 当前运行时长:29.0
[INFO] [1729672676.614930034] [slam_node]: 启动避障逻辑
[INFO] [1729672676.615201895] [slam_node]: [93m最新前方障碍距离：inf,[0m[91m最新左侧障碍距离：1.600,[0m[94m最新右侧障碍距离：inf[0m
[INFO] [1729672676.615505469] [slam_node]: 当前运动方向Move forward
[INFO] [1729672676.615912674] [slam_node]: 当前运行时长:29.5
[INFO] [1729672677.037339505] [slam_node]: 启动避障逻辑
[INFO] [1729672677.037693706] [slam_node]: [93m最新前方障碍距离：inf,[0m[91m最新左侧障碍距离：0.550,[0m[94m最新右侧障碍距离：1.000[0m
[INFO] [1729672677.037983527] [slam_node]: 当前运动方向Move forward
[INFO] [1729672677.038395013] [slam_node]: 当前运行时长:30.0
[INFO] [1729672677.538133047] [slam_node]: 启动避障逻辑
[INFO] [1729672677.538543011] [slam_node]: [93m最新前方障碍距离：inf,[0m[91m最新左侧障碍距离：0.550,[0m[94m最新右侧障碍距离：1.000[0m
[INFO] [1729672677.538900753] [slam_node]: 当前运动方向Move forward
[INFO] [1729672677.539472389] [slam_node]: 当前运行时长:30.5
[INFO] [1729672678.037576613] [slam_node]: 启动避障逻辑
[INFO] [1729672678.038006680] [slam_node]: [93m最新前方障碍距离：inf,[0m[91m最新左侧障碍距离：0.550,[0m[94m最新右侧障碍距离：1.000[0m
[INFO] [1729672678.038277998] [slam_node]: 当前运动方向Move forward
[INFO] [1729672678.038735176] [slam_node]: 当前运行时长:31.0
[INFO] [1729672678.536927276] [slam_node]: 启动避障逻辑
[INFO] [1729672678.537247889] [slam_node]: [93m最新前方障碍距离：inf,[0m[91m最新左侧障碍距离：0.550,[0m[94m最新右侧障碍距离：1.000[0m
[INFO] [1729672678.537575188] [slam_node]: 当前运动方向Move forward
[INFO] [1729672678.538003209] [slam_node]: 当前运行时长:31.5
[INFO] [1729672679.036828873] [slam_node]: 启动避障逻辑
[INFO] [1729672679.037146216] [slam_node]: [93m最新前方障碍距离：inf,[0m[91m最新左侧障碍距离：0.550,[0m[94m最新右侧障碍距离：1.000[0m
[INFO] [1729672679.037476696] [slam_node]: 当前运动方向Move forward
[INFO] [1729672679.037884803] [slam_node]: 当前运行时长:32.0
[INFO] [1729672679.537255746] [slam_node]: 启动避障逻辑
[INFO] [1729672679.537572334] [slam_node]: [93m最新前方障碍距离：inf,[0m[91m最新左侧障碍距离：0.550,[0m[94m最新右侧障碍距离：1.000[0m
[INFO] [1729672679.537892265] [slam_node]: 当前运动方向Move forward
[INFO] [1729672679.538304200] [slam_node]: 当前运行时长:32.5
[INFO] [1729672680.037659009] [slam_node]: 启动避障逻辑
[INFO] [1729672680.038001769] [slam_node]: [93m最新前方障碍距离：inf,[0m[91m最新左侧障碍距离：0.500,[0m[94m最新右侧障碍距离：1.050[0m
[INFO] [1729672680.038457607] [slam_node]: 当前运动方向Move forward
[INFO] [1729672680.038972117] [slam_node]: 当前运行时长:33.0
[INFO] [1729672680.537353258] [slam_node]: 启动避障逻辑
[INFO] [1729672680.537701863] [slam_node]: [93m最新前方障碍距离：inf,[0m[91m最新左侧障碍距离：0.500,[0m[94m最新右侧障碍距离：1.050[0m
[INFO] [1729672680.538013332] [slam_node]: 当前运动方向Move forward
[INFO] [1729672680.538430976] [slam_node]: 当前运行时长:33.5
[INFO] [1729672681.037298965] [slam_node]: 启动避障逻辑
[INFO] [1729672681.037650676] [slam_node]: [93m最新前方障碍距离：inf,[0m[91m最新左侧障碍距离：0.500,[0m[94m最新右侧障碍距离：1.050[0m
[INFO] [1729672681.038036902] [slam_node]: 当前运动方向Move forward
[INFO] [1729672681.038483053] [slam_node]: 当前运行时长:34.0
[INFO] [1729672681.537615244] [slam_node]: 启动避障逻辑
[INFO] [1729672681.537963018] [slam_node]: [93m最新前方障碍距离：inf,[0m[91m最新左侧障碍距离：0.500,[0m[94m最新右侧障碍距离：1.050[0m
[INFO] [1729672681.538251951] [slam_node]: 当前运动方向Move forward
[INFO] [1729672681.538682975] [slam_node]: 当前运行时长:34.5
[INFO] [1729672682.037752244] [slam_node]: 启动避障逻辑
[INFO] [1729672682.038068072] [slam_node]: [93m最新前方障碍距离：inf,[0m[91m最新左侧障碍距离：0.500,[0m[94m最新右侧障碍距离：1.050[0m
[INFO] [1729672682.038331084] [slam_node]: 当前运动方向Move forward
[INFO] [1729672682.038772754] [slam_node]: 当前运行时长:35.0
[INFO] [1729672682.537203276] [slam_node]: 启动避障逻辑
[INFO] [1729672682.537501644] [slam_node]: [93m最新前方障碍距离：inf,[0m[91m最新左侧障碍距离：0.500,[0m[94m最新右侧障碍距离：1.050[0m
[INFO] [1729672682.537817934] [slam_node]: 当前运动方向Move forward
[INFO] [1729672682.538220866] [slam_node]: 当前运行时长:35.5
[INFO] [1729672683.037947500] [slam_node]: 启动避障逻辑
[INFO] [1729672683.038368504] [slam_node]: [93m最新前方障碍距离：inf,[0m[91m最新左侧障碍距离：0.450,[0m[94m最新右侧障碍距离：1.050[0m
[INFO] [1729672683.038862861] [slam_node]: 当前运动方向Move forward
[INFO] [1729672683.039399212] [slam_node]: 当前运行时长:36.0
[INFO] [1729672683.536889753] [slam_node]: 启动避障逻辑
[INFO] [1729672683.537203580] [slam_node]: [93m最新前方障碍距离：inf,[0m[91m最新左侧障碍距离：0.450,[0m[94m最新右侧障碍距离：1.050[0m
[INFO] [1729672683.537516533] [slam_node]: 当前运动方向Move forward
[INFO] [1729672683.537936332] [slam_node]: 当前运行时长:36.5
[INFO] [1729672684.037492735] [slam_node]: 启动避障逻辑
[INFO] [1729672684.037852795] [slam_node]: [93m最新前方障碍距离：2.600,[0m[91m最新左侧障碍距离：0.450,[0m[94m最新右侧障碍距离：1.100[0m
[INFO] [1729672684.038126974] [slam_node]: 当前运动方向Move forward
[INFO] [1729672684.038551408] [slam_node]: 当前运行时长:37.0
[INFO] [1729672684.537222638] [slam_node]: 启动避障逻辑
[INFO] [1729672684.537529053] [slam_node]: [93m最新前方障碍距离：inf,[0m[91m最新左侧障碍距离：0.450,[0m[94m最新右侧障碍距离：1.100[0m
[INFO] [1729672684.537862012] [slam_node]: 当前运动方向Move forward
[INFO] [1729672684.538273575] [slam_node]: 当前运行时长:37.5
[INFO] [1729672685.037033492] [slam_node]: 启动避障逻辑
[INFO] [1729672685.037374852] [slam_node]: [93m最新前方障碍距离：inf,[0m[91m最新左侧障碍距离：0.450,[0m[94m最新右侧障碍距离：1.100[0m
[INFO] [1729672685.037642204] [slam_node]: 当前运动方向Move forward
[INFO] [1729672685.038041347] [slam_node]: 当前运行时长:38.0
[INFO] [1729672685.536864402] [slam_node]: 启动避障逻辑
[INFO] [1729672685.537178062] [slam_node]: [93m最新前方障碍距离：inf,[0m[91m最新左侧障碍距离：0.450,[0m[94m最新右侧障碍距离：1.100[0m
[INFO] [1729672685.537600544] [slam_node]: 当前运动方向Move forward
[INFO] [1729672685.538051873] [slam_node]: 当前运行时长:38.5
[INFO] [1729672686.037215376] [slam_node]: 启动避障逻辑
[INFO] [1729672686.037940875] [slam_node]: [93m最新前方障碍距离：inf,[0m[91m最新左侧障碍距离：0.400,[0m[94m最新右侧障碍距离：1.100[0m
[INFO] [1729672686.038265822] [slam_node]: 当前运动方向Move forward
[INFO] [1729672686.038785908] [slam_node]: 当前运行时长:39.0
[INFO] [1729672686.537425507] [slam_node]: 启动避障逻辑
[INFO] [1729672686.537752129] [slam_node]: [93m最新前方障碍距离：inf,[0m[91m最新左侧障碍距离：0.400,[0m[94m最新右侧障碍距离：1.100[0m
[INFO] [1729672686.538060229] [slam_node]: 当前运动方向Move forward
[INFO] [1729672686.538483870] [slam_node]: 当前运行时长:39.5
[INFO] [1729672687.036980708] [slam_node]: 启动避障逻辑
[INFO] [1729672687.037307551] [slam_node]: [93m最新前方障碍距离：1.950,[0m[91m最新左侧障碍距离：0.400,[0m[94m最新右侧障碍距离：1.100[0m
[INFO] [1729672687.037664216] [slam_node]: 当前运动方向Move forward
[INFO] [1729672687.038082625] [slam_node]: 当前运行时长:40.0
[INFO] [1729672687.537353909] [slam_node]: 启动避障逻辑
[INFO] [1729672687.537685651] [slam_node]: [93m最新前方障碍距离：inf,[0m[91m最新左侧障碍距离：0.400,[0m[94m最新右侧障碍距离：1.150[0m
[INFO] [1729672687.537976432] [slam_node]: 当前运动方向Move forward
[INFO] [1729672687.538392913] [slam_node]: 当前运行时长:40.5
[INFO] [1729672688.037567595] [slam_node]: 启动避障逻辑
[INFO] [1729672688.037979921] [slam_node]: [93m最新前方障碍距离：inf,[0m[91m最新左侧障碍距离：0.400,[0m[94m最新右侧障碍距离：1.150[0m
[INFO] [1729672688.038246340] [slam_node]: 当前运动方向Move forward
[INFO] [1729672688.038711234] [slam_node]: 当前运行时长:41.0
[INFO] [1729672688.537270253] [slam_node]: 启动避障逻辑
[INFO] [1729672688.537567983] [slam_node]: [93m最新前方障碍距离：inf,[0m[91m最新左侧障碍距离：0.400,[0m[94m最新右侧障碍距离：1.150[0m
[INFO] [1729672688.537861222] [slam_node]: 当前运动方向Move forward
[INFO] [1729672688.538247528] [slam_node]: 当前运行时长:41.5
[INFO] [1729672689.037440399] [slam_node]: 启动避障逻辑
[INFO] [1729672689.037778382] [slam_node]: [93m最新前方障碍距离：1.800,[0m[91m最新左侧障碍距离：0.350,[0m[94m最新右侧障碍距离：1.150[0m
[INFO] [1729672689.038060371] [slam_node]: 当前运动方向Move forward
[INFO] [1729672689.038471599] [slam_node]: 当前运行时长:42.0
[INFO] [1729672689.537697898] [slam_node]: 启动避障逻辑
[INFO] [1729672689.538027856] [slam_node]: [93m最新前方障碍距离：1.700,[0m[91m最新左侧障碍距离：0.350,[0m[94m最新右侧障碍距离：1.150[0m
[INFO] [1729672689.538311552] [slam_node]: 当前运动方向Move forward
[INFO] [1729672689.538731805] [slam_node]: 当前运行时长:42.5
[INFO] [1729672690.037277278] [slam_node]: 启动避障逻辑
[INFO] [1729672690.037584785] [slam_node]: [93m最新前方障碍距离：inf,[0m[91m最新左侧障碍距离：0.350,[0m[94m最新右侧障碍距离：1.200[0m
[INFO] [1729672690.037880196] [slam_node]: 当前运动方向Move forward
[INFO] [1729672690.038329794] [slam_node]: 当前运行时长:43.0
[INFO] [1729672690.537404702] [slam_node]: 启动避障逻辑
[INFO] [1729672690.537763732] [slam_node]: [93m最新前方障碍距离：inf,[0m[91m最新左侧障碍距离：0.350,[0m[94m最新右侧障碍距离：1.200[0m
[INFO] [1729672690.538066201] [slam_node]: 当前运动方向Move forward
[INFO] [1729672690.538488944] [slam_node]: 当前运行时长:43.5
[INFO] [1729672691.037061505] [slam_node]: 启动避障逻辑
[INFO] [1729672691.037404192] [slam_node]: [93m最新前方障碍距离：1.450,[0m[91m最新左侧障碍距离：0.400,[0m[94m最新右侧障碍距离：1.200[0m
[INFO] [1729672691.037709827] [slam_node]: 当前运动方向Move forward
[INFO] [1729672691.038112587] [slam_node]: 当前运行时长:44.0
[INFO] [1729672691.537879983] [slam_node]: 启动避障逻辑
[INFO] [1729672691.538190049] [slam_node]: [93m最新前方障碍距离：inf,[0m[91m最新左侧障碍距离：0.350,[0m[94m最新右侧障碍距离：1.200[0m
[INFO] [1729672691.538494687] [slam_node]: 当前运动方向Move forward
[INFO] [1729672691.538985814] [slam_node]: 当前运行时长:44.5
[INFO] [1729672692.037537992] [slam_node]: 启动避障逻辑
[INFO] [1729672692.037863073] [slam_node]: [93m最新前方障碍距离：0.950,[0m[91m最新左侧障碍距离：0.350,[0m[94m最新右侧障碍距离：1.200[0m
[INFO] [1729672692.038130581] [slam_node]: 当前运动方向Move forward
[INFO] [1729672692.038599395] [slam_node]: 当前运行时长:45.0
[INFO] [1729672692.536845530] [slam_node]: 启动避障逻辑
[INFO] [1729672692.537229220] [slam_node]: [93m最新前方障碍距离：0.750,[0m[91m最新左侧障碍距离：0.300,[0m[94m最新右侧障碍距离：1.200[0m
[INFO] [1729672692.537500193] [slam_node]: 当前运动方向Move forward
[INFO] [1729672692.537965546] [slam_node]: 当前运行时长:45.5
[INFO] [1729672693.036915188] [slam_node]: 启动避障逻辑
[INFO] [1729672693.037231528] [slam_node]: [93m最新前方障碍距离：0.450,[0m[91m最新左侧障碍距离：0.300,[0m[94m最新右侧障碍距离：1.250[0m
[INFO] [1729672693.037545405] [slam_node]: 当前运动方向little Rotate right
[INFO] [1729672693.037953794] [slam_node]: 当前运行时长:46.0
[INFO] [1729672693.537292591] [slam_node]: 启动避障逻辑
[INFO] [1729672693.537684006] [slam_node]: [93m最新前方障碍距离：0.700,[0m[91m最新左侧障碍距离：0.300,[0m[94m最新右侧障碍距离：1.250[0m
[INFO] [1729672693.538038559] [slam_node]: 当前运动方向little Rotate right
[INFO] [1729672693.538516720] [slam_node]: 当前运行时长:46.5
[INFO] [1729672694.036851976] [slam_node]: 启动避障逻辑
[INFO] [1729672694.037169963] [slam_node]: [93m最新前方障碍距离：inf,[0m[91m最新左侧障碍距离：0.300,[0m[94m最新右侧障碍距离：1.250[0m
[INFO] [1729672694.037489846] [slam_node]: 当前运动方向Move forward
[INFO] [1729672694.037936669] [slam_node]: 当前运行时长:47.0
[INFO] [1729672694.537453967] [slam_node]: 启动避障逻辑
[INFO] [1729672694.537814144] [slam_node]: [93m最新前方障碍距离：inf,[0m[91m最新左侧障碍距离：0.400,[0m[94m最新右侧障碍距离：1.250[0m
[INFO] [1729672694.538077673] [slam_node]: 当前运动方向Move forward
[INFO] [1729672694.538509212] [slam_node]: 当前运行时长:47.5
[INFO] [1729672695.037992096] [slam_node]: 启动避障逻辑
[INFO] [1729672695.038299761] [slam_node]: [93m最新前方障碍距离：inf,[0m[91m最新左侧障碍距离：0.200,[0m[94m最新右侧障碍距离：1.250[0m
[INFO] [1729672695.038560135] [slam_node]: 当前运动方向little Rotate right
[INFO] [1729672695.039014448] [slam_node]: 当前运行时长:48.0
[INFO] [1729672695.536778236] [slam_node]: 启动避障逻辑
[INFO] [1729672695.537077131] [slam_node]: [93m最新前方障碍距离：inf,[0m[91m最新左侧障碍距离：0.250,[0m[94m最新右侧障碍距离：1.250[0m
[INFO] [1729672695.537341319] [slam_node]: 当前运动方向little Rotate right
[INFO] [1729672695.537934493] [slam_node]: 当前运行时长:48.5
[INFO] [1729672696.037185588] [slam_node]: 启动避障逻辑
[INFO] [1729672696.037509785] [slam_node]: [93m最新前方障碍距离：inf,[0m[91m最新左侧障碍距离：0.400,[0m[94m最新右侧障碍距离：1.250[0m
[INFO] [1729672696.037857573] [slam_node]: 当前运动方向Move forward
[INFO] [1729672696.038388030] [slam_node]: 当前运行时长:49.0
[INFO] [1729672696.537755414] [slam_node]: 启动避障逻辑
[INFO] [1729672696.538068413] [slam_node]: [93m最新前方障碍距离：inf,[0m[91m最新左侧障碍距离：0.200,[0m[94m最新右侧障碍距离：1.250[0m
[INFO] [1729672696.538332248] [slam_node]: 当前运动方向little Rotate right
[INFO] [1729672696.538751701] [slam_node]: 当前运行时长:49.5
[INFO] [1729672697.037458393] [slam_node]: 启动避障逻辑
[INFO] [1729672697.037830546] [slam_node]: [93m最新前方障碍距离：inf,[0m[91m最新左侧障碍距离：0.200,[0m[94m最新右侧障碍距离：1.250[0m
[INFO] [1729672697.038096642] [slam_node]: 当前运动方向little Rotate right
[INFO] [1729672697.038588189] [slam_node]: 当前运行时长:50.0
[INFO] [1729672697.537556233] [slam_node]: 启动避障逻辑
[INFO] [1729672697.537856916] [slam_node]: [93m最新前方障碍距离：inf,[0m[91m最新左侧障碍距离：0.200,[0m[94m最新右侧障碍距离：1.250[0m
[INFO] [1729672697.538117589] [slam_node]: 当前运动方向little Rotate right
[INFO] [1729672697.538711807] [slam_node]: 当前运行时长:50.5
[INFO] [1729672698.037526964] [slam_node]: 启动避障逻辑
[INFO] [1729672698.037849611] [slam_node]: [93m最新前方障碍距离：inf,[0m[91m最新左侧障碍距离：0.200,[0m[94m最新右侧障碍距离：1.250[0m
[INFO] [1729672698.038111526] [slam_node]: 当前运动方向little Rotate right
[INFO] [1729672698.038608882] [slam_node]: 当前运行时长:51.0
[INFO] [1729672698.536952956] [slam_node]: 启动避障逻辑
[INFO] [1729672698.537285899] [slam_node]: [93m最新前方障碍距离：inf,[0m[91m最新左侧障碍距离：0.200,[0m[94m最新右侧障碍距离：1.250[0m
[INFO] [1729672698.537556103] [slam_node]: 当前运动方向little Rotate right
[INFO] [1729672698.537999415] [slam_node]: 当前运行时长:51.5
[INFO] [1729672699.037434790] [slam_node]: 启动避障逻辑
[INFO] [1729672699.037790105] [slam_node]: [93m最新前方障碍距离：inf,[0m[91m最新左侧障碍距离：0.200,[0m[94m最新右侧障碍距离：1.250[0m
[INFO] [1729672699.038060139] [slam_node]: 当前运动方向little Rotate right
[INFO] [1729672699.038501995] [slam_node]: 当前运行时长:52.0
[INFO] [1729672699.537010993] [slam_node]: 启动避障逻辑
[INFO] [1729672699.537350887] [slam_node]: [93m最新前方障碍距离：inf,[0m[91m最新左侧障碍距离：0.250,[0m[94m最新右侧障碍距离：1.250[0m
[INFO] [1729672699.537710956] [slam_node]: 当前运动方向little Rotate right
[INFO] [1729672699.538146397] [slam_node]: 当前运行时长:52.5
[INFO] [1729672700.037049639] [slam_node]: 启动避障逻辑
[INFO] [1729672700.037359505] [slam_node]: [93m最新前方障碍距离：4.950,[0m[91m最新左侧障碍距离：0.250,[0m[94m最新右侧障碍距离：1.200[0m
[INFO] [1729672700.037715561] [slam_node]: 当前运动方向little Rotate right
[INFO] [1729672700.038118044] [slam_node]: 当前运行时长:53.0
[INFO] [1729672700.536956378] [slam_node]: 启动避障逻辑
[INFO] [1729672700.537252562] [slam_node]: [93m最新前方障碍距离：3.400,[0m[91m最新左侧障碍距离：0.250,[0m[94m最新右侧障碍距离：1.200[0m
[INFO] [1729672700.537517214] [slam_node]: 当前运动方向little Rotate right
[INFO] [1729672700.537952530] [slam_node]: 当前运行时长:53.5
[INFO] [1729672701.037016811] [slam_node]: 启动避障逻辑
[INFO] [1729672701.037328079] [slam_node]: [93m最新前方障碍距离：3.500,[0m[91m最新左侧障碍距离：0.250,[0m[94m最新右侧障碍距离：1.200[0m
[INFO] [1729672701.037697916] [slam_node]: 当前运动方向little Rotate right
[INFO] [1729672701.038105073] [slam_node]: 当前运行时长:54.0
[INFO] [1729672701.537535460] [slam_node]: 启动避障逻辑
[INFO] [1729672701.537870178] [slam_node]: [93m最新前方障碍距离：3.100,[0m[91m最新左侧障碍距离：0.250,[0m[94m最新右侧障碍距离：1.200[0m
[INFO] [1729672701.538128626] [slam_node]: 当前运动方向little Rotate right
[INFO] [1729672701.538521601] [slam_node]: 当前运行时长:54.5
[INFO] [1729672702.037020697] [slam_node]: 启动避障逻辑
[INFO] [1729672702.037338569] [slam_node]: [93m最新前方障碍距离：2.900,[0m[91m最新左侧障碍距离：0.250,[0m[94m最新右侧障碍距离：1.200[0m
[INFO] [1729672702.037708374] [slam_node]: 当前运动方向little Rotate right
[INFO] [1729672702.038116935] [slam_node]: 当前运行时长:55.0
[INFO] [1729672702.537349206] [slam_node]: 启动避障逻辑
[INFO] [1729672702.537702382] [slam_node]: [93m最新前方障碍距离：2.700,[0m[91m最新左侧障碍距离：0.250,[0m[94m最新右侧障碍距离：1.200[0m
[INFO] [1729672702.538014433] [slam_node]: 当前运动方向little Rotate right
[INFO] [1729672702.538418863] [slam_node]: 当前运行时长:55.5
[INFO] [1729672703.036808418] [slam_node]: 启动避障逻辑
[INFO] [1729672703.037119654] [slam_node]: [93m最新前方障碍距离：2.550,[0m[91m最新左侧障碍距离：0.300,[0m[94m最新右侧障碍距离：1.200[0m
[INFO] [1729672703.037386505] [slam_node]: 当前运动方向Move forward
[INFO] [1729672703.037826889] [slam_node]: 当前运行时长:56.0
[INFO] [1729672703.537121607] [slam_node]: 启动避障逻辑
[INFO] [1729672703.537458919] [slam_node]: [93m最新前方障碍距离：2.500,[0m[91m最新左侧障碍距离：0.300,[0m[94m最新右侧障碍距离：1.150[0m
[INFO] [1729672703.537745092] [slam_node]: 当前运动方向Move forward
[INFO] [1729672703.538138847] [slam_node]: 当前运行时长:56.5
[INFO] [1729672704.037717746] [slam_node]: 启动避障逻辑
[INFO] [1729672704.038019943] [slam_node]: [93m最新前方障碍距离：2.550,[0m[91m最新左侧障碍距离：0.300,[0m[94m最新右侧障碍距离：1.100[0m
[INFO] [1729672704.038278905] [slam_node]: 当前运动方向Move forward
[INFO] [1729672704.038706624] [slam_node]: 当前运行时长:57.0
[INFO] [1729672704.537592556] [slam_node]: 启动避障逻辑
[INFO] [1729672704.537929608] [slam_node]: [93m最新前方障碍距离：2.300,[0m[91m最新左侧障碍距离：0.350,[0m[94m最新右侧障碍距离：1.050[0m
[INFO] [1729672704.538319683] [slam_node]: 当前运动方向Move forward
[INFO] [1729672704.538732643] [slam_node]: 当前运行时长:57.5
[INFO] [1729672705.037815603] [slam_node]: 启动避障逻辑
[INFO] [1729672705.038149448] [slam_node]: [93m最新前方障碍距离：2.300,[0m[91m最新左侧障碍距离：0.350,[0m[94m最新右侧障碍距离：1.000[0m
[INFO] [1729672705.038451702] [slam_node]: 当前运动方向Move forward
[INFO] [1729672705.038959721] [slam_node]: 当前运行时长:58.0
[INFO] [1729672705.537475126] [slam_node]: 启动避障逻辑
[INFO] [1729672705.537864420] [slam_node]: [93m最新前方障碍距离：2.150,[0m[91m最新左侧障碍距离：0.350,[0m[94m最新右侧障碍距离：0.950[0m
[INFO] [1729672705.538161824] [slam_node]: 当前运动方向Move forward
[INFO] [1729672705.538664836] [slam_node]: 当前运行时长:58.5
[INFO] [1729672706.037906263] [slam_node]: 启动避障逻辑
[INFO] [1729672706.038256493] [slam_node]: [93m最新前方障碍距离：2.050,[0m[91m最新左侧障碍距离：0.350,[0m[94m最新右侧障碍距离：0.900[0m
[INFO] [1729672706.038554387] [slam_node]: 当前运动方向Move forward
[INFO] [1729672706.039004178] [slam_node]: 当前运行时长:59.0
[INFO] [1729672706.537481322] [slam_node]: 启动避障逻辑
[INFO] [1729672706.537805516] [slam_node]: [93m最新前方障碍距离：2.050,[0m[91m最新左侧障碍距离：0.450,[0m[94m最新右侧障碍距离：0.850[0m
[INFO] [1729672706.538137829] [slam_node]: 当前运动方向Move forward
[INFO] [1729672706.538534261] [slam_node]: 当前运行时长:59.5
[INFO] [1729672707.037678236] [slam_node]: 启动避障逻辑
[INFO] [1729672707.038025934] [slam_node]: [93m最新前方障碍距离：2.000,[0m[91m最新左侧障碍距离：0.800,[0m[94m最新右侧障碍距离：0.800[0m
[INFO] [1729672707.038423116] [slam_node]: 当前运动方向Move forward
[INFO] [1729672707.038883219] [slam_node]: 当前运行时长:60.0
[INFO] [1729672707.537142423] [slam_node]: 启动避障逻辑
[INFO] [1729672707.537483592] [slam_node]: [93m最新前方障碍距离：1.900,[0m[91m最新左侧障碍距离：0.850,[0m[94m最新右侧障碍距离：0.750[0m
[INFO] [1729672707.537771898] [slam_node]: 当前运动方向Move forward
[INFO] [1729672707.538176949] [slam_node]: 当前运行时长:60.5
[INFO] [1729672708.037090322] [slam_node]: 启动避障逻辑
[INFO] [1729672708.037472431] [slam_node]: [93m最新前方障碍距离：1.900,[0m[91m最新左侧障碍距离：1.150,[0m[94m最新右侧障碍距离：0.700[0m
[INFO] [1729672708.037856258] [slam_node]: 当前运动方向Move forward
[INFO] [1729672708.038315841] [slam_node]: 当前运行时长:61.0
[INFO] [1729672708.536923883] [slam_node]: 启动避障逻辑
[INFO] [1729672708.537224563] [slam_node]: [93m最新前方障碍距离：1.650,[0m[91m最新左侧障碍距离：0.800,[0m[94m最新右侧障碍距离：0.600[0m
[INFO] [1729672708.537488198] [slam_node]: 当前运动方向Move forward
[INFO] [1729672708.537982006] [slam_node]: 当前运行时长:61.5
[INFO] [1729672709.036924265] [slam_node]: 启动避障逻辑
[INFO] [1729672709.037288944] [slam_node]: [93m最新前方障碍距离：1.600,[0m[91m最新左侧障碍距离：3.300,[0m[94m最新右侧障碍距离：0.550[0m
[INFO] [1729672709.037558866] [slam_node]: 当前运动方向Move forward
[INFO] [1729672709.038002335] [slam_node]: 当前运行时长:62.0
[INFO] [1729672709.536963508] [slam_node]: 启动避障逻辑
[INFO] [1729672709.537455079] [slam_node]: [93m最新前方障碍距离：1.500,[0m[91m最新左侧障碍距离：3.900,[0m[94m最新右侧障碍距离：0.550[0m
[INFO] [1729672709.537752428] [slam_node]: 当前运动方向Move forward
[INFO] [1729672709.538168126] [slam_node]: 当前运行时长:62.5
[INFO] [1729672710.037515553] [slam_node]: 启动避障逻辑
[INFO] [1729672710.037875495] [slam_node]: [93m最新前方障碍距离：1.400,[0m[91m最新左侧障碍距离：3.800,[0m[94m最新右侧障碍距离：0.550[0m
[INFO] [1729672710.038206746] [slam_node]: 当前运动方向Move forward
[INFO] [1729672710.038806268] [slam_node]: 当前运行时长:63.0
[INFO] [1729672710.537615340] [slam_node]: 启动避障逻辑
[INFO] [1729672710.537952335] [slam_node]: [93m最新前方障碍距离：1.300,[0m[91m最新左侧障碍距离：2.850,[0m[94m最新右侧障碍距离：0.500[0m
[INFO] [1729672710.538217076] [slam_node]: 当前运动方向Move forward
[INFO] [1729672710.538620988] [slam_node]: 当前运行时长:63.5
[INFO] [1729672711.037534720] [slam_node]: 启动避障逻辑
[INFO] [1729672711.037996855] [slam_node]: [93m最新前方障碍距离：1.200,[0m[91m最新左侧障碍距离：2.650,[0m[94m最新右侧障碍距离：0.450[0m
[INFO] [1729672711.038301027] [slam_node]: 当前运动方向Move forward
[INFO] [1729672711.038768299] [slam_node]: 当前运行时长:64.0
[INFO] [1729672711.536887081] [slam_node]: 启动避障逻辑
[INFO] [1729672711.537192991] [slam_node]: [93m最新前方障碍距离：1.100,[0m[91m最新左侧障碍距离：2.450,[0m[94m最新右侧障碍距离：0.400[0m
[INFO] [1729672711.537463628] [slam_node]: 当前运动方向Move forward
[INFO] [1729672711.537992839] [slam_node]: 当前运行时长:64.5
[INFO] [1729672712.036727791] [slam_node]: 启动避障逻辑
[INFO] [1729672712.037032348] [slam_node]: [93m最新前方障碍距离：0.950,[0m[91m最新左侧障碍距离：2.150,[0m[94m最新右侧障碍距离：0.350[0m
[INFO] [1729672712.037295861] [slam_node]: 当前运动方向Move forward
[INFO] [1729672712.038188087] [slam_node]: 当前运行时长:65.0
[INFO] [1729672712.536827925] [slam_node]: 启动避障逻辑
[INFO] [1729672712.537142038] [slam_node]: [93m最新前方障碍距离：0.800,[0m[91m最新左侧障碍距离：2.050,[0m[94m最新右侧障碍距离：0.350[0m
[INFO] [1729672712.537514828] [slam_node]: 当前运动方向Move forward
[INFO] [1729672712.537917639] [slam_node]: 当前运行时长:65.5
[INFO] [1729672713.037410415] [slam_node]: 启动避障逻辑
[INFO] [1729672713.037780559] [slam_node]: [93m最新前方障碍距离：0.750,[0m[91m最新左侧障碍距离：1.750,[0m[94m最新右侧障碍距离：0.300[0m
[INFO] [1729672713.038080801] [slam_node]: 当前运动方向Move forward
[INFO] [1729672713.038551679] [slam_node]: 当前运行时长:66.0
[INFO] [1729672713.536916807] [slam_node]: 启动避障逻辑
[INFO] [1729672713.537222712] [slam_node]: [93m最新前方障碍距离：0.600,[0m[91m最新左侧障碍距离：1.550,[0m[94m最新右侧障碍距离：0.250[0m
[INFO] [1729672713.537637714] [slam_node]: 当前运动方向little Rotate left
[INFO] [1729672713.538050053] [slam_node]: 当前运行时长:66.5
[INFO] [1729672714.037144108] [slam_node]: 启动避障逻辑
[INFO] [1729672714.037469607] [slam_node]: [93m最新前方障碍距离：0.600,[0m[91m最新左侧障碍距离：1.600,[0m[94m最新右侧障碍距离：0.250[0m
[INFO] [1729672714.037717125] [slam_node]: 当前运动方向little Rotate left
[INFO] [1729672714.038255433] [slam_node]: 当前运行时长:67.0
[INFO] [1729672714.536895625] [slam_node]: 启动避障逻辑
[INFO] [1729672714.537212252] [slam_node]: [93m最新前方障碍距离：0.550,[0m[91m最新左侧障碍距离：1.500,[0m[94m最新右侧障碍距离：0.250[0m
[INFO] [1729672714.537628551] [slam_node]: 当前运动方向little Rotate left
[INFO] [1729672714.538093824] [slam_node]: 当前运行时长:67.5
[INFO] [1729672715.037589283] [slam_node]: 启动避障逻辑
[INFO] [1729672715.037947676] [slam_node]: [93m最新前方障碍距离：0.550,[0m[91m最新左侧障碍距离：1.650,[0m[94m最新右侧障碍距离：0.250[0m
[INFO] [1729672715.038288073] [slam_node]: 当前运动方向little Rotate left
[INFO] [1729672715.038715850] [slam_node]: 当前运行时长:68.0
[INFO] [1729672715.537129169] [slam_node]: 启动避障逻辑
[INFO] [1729672715.537466368] [slam_node]: [93m最新前方障碍距离：0.550,[0m[91m最新左侧障碍距离：2.100,[0m[94m最新右侧障碍距离：0.250[0m
[INFO] [1729672715.537762697] [slam_node]: 当前运动方向little Rotate left
[INFO] [1729672715.538217691] [slam_node]: 当前运行时长:68.5
[INFO] [1729672716.037306031] [slam_node]: 启动避障逻辑
[INFO] [1729672716.037630341] [slam_node]: [93m最新前方障碍距离：0.550,[0m[91m最新左侧障碍距离：1.900,[0m[94m最新右侧障碍距离：0.250[0m
[INFO] [1729672716.037994820] [slam_node]: 当前运动方向little Rotate left
[INFO] [1729672716.038458193] [slam_node]: 当前运行时长:69.0
[INFO] [1729672716.537610225] [slam_node]: 启动避障逻辑
[INFO] [1729672716.537971079] [slam_node]: [93m最新前方障碍距离：0.750,[0m[91m最新左侧障碍距离：3.500,[0m[94m最新右侧障碍距离：0.250[0m
[INFO] [1729672716.538238607] [slam_node]: 当前运动方向little Rotate left
[INFO] [1729672716.538852484] [slam_node]: 当前运行时长:69.5
[INFO] [1729672717.037189864] [slam_node]: 启动避障逻辑
[INFO] [1729672717.037635862] [slam_node]: [93m最新前方障碍距离：1.000,[0m[91m最新左侧障碍距离：2.750,[0m[94m最新右侧障碍距离：0.300[0m
[INFO] [1729672717.037973338] [slam_node]: 当前运动方向Move forward
[INFO] [1729672717.038481853] [slam_node]: 当前运行时长:70.0
[INFO] [1729672717.536990692] [slam_node]: 启动避障逻辑
[INFO] [1729672717.537315286] [slam_node]: [93m最新前方障碍距离：0.950,[0m[91m最新左侧障碍距离：3.150,[0m[94m最新右侧障碍距离：0.250[0m
[INFO] [1729672717.537657980] [slam_node]: 当前运动方向little Rotate left
[INFO] [1729672717.538091297] [slam_node]: 当前运行时长:70.5
[INFO] [1729672718.037733252] [slam_node]: 启动避障逻辑
[INFO] [1729672718.038089917] [slam_node]: [93m最新前方障碍距离：1.250,[0m[91m最新左侧障碍距离：3.750,[0m[94m最新右侧障碍距离：0.200[0m
[INFO] [1729672718.038394308] [slam_node]: 当前运动方向little Rotate left
[INFO] [1729672718.038848138] [slam_node]: 当前运行时长:71.0
[INFO] [1729672718.538145415] [slam_node]: 启动避障逻辑
[INFO] [1729672718.538454237] [slam_node]: [93m最新前方障碍距离：2.500,[0m[91m最新左侧障碍距离：3.850,[0m[94m最新右侧障碍距离：0.200[0m
[INFO] [1729672718.538694058] [slam_node]: 当前运动方向Move forward
[INFO] [1729672718.539138435] [slam_node]: 当前运行时长:71.5
[INFO] [1729672719.037202087] [slam_node]: 启动避障逻辑
[INFO] [1729672719.037742322] [slam_node]: [93m最新前方障碍距离：2.450,[0m[91m最新左侧障碍距离：3.950,[0m[94m最新右侧障碍距离：0.200[0m
[INFO] [1729672719.038087016] [slam_node]: 当前运动方向Turn left
[INFO] [1729672719.038520629] [slam_node]: [91m第1次左转[0m
[INFO] [1729672719.539956734] [slam_node]: [91m第2次左转[0m
[INFO] [1729672720.042082216] [slam_node]: [91m第3次左转[0m
[INFO] [1729672720.544138240] [slam_node]: [91m第4次左转[0m
[INFO] [1729672721.046168594] [slam_node]: [91m第5次左转[0m
[INFO] [1729672721.547832188] [slam_node]: [91m第6次左转[0m
[INFO] [1729672722.049686663] [slam_node]: [91m第7次左转[0m
[INFO] [1729672722.551155351] [slam_node]: [91m第8次左转[0m
[INFO] [1729672723.052410956] [slam_node]: [91m第9次左转[0m
[INFO] [1729672723.553891753] [slam_node]: [91m第10次左转[0m
[INFO] [1729672724.055678834] [slam_node]: [93m第1次直行稳定[0m
[INFO] [1729672724.557121453] [slam_node]: [93m第2次直行稳定[0m
[INFO] [1729672725.058452870] [slam_node]: [93m第3次直行稳定[0m
[INFO] [1729672725.560264759] [slam_node]: [93m第4次直行稳定[0m
[INFO] [1729672726.061976647] [slam_node]: [93m第5次直行稳定[0m
[INFO] [1729672726.564078257] [slam_node]: [93m第6次直行稳定[0m
[INFO] [1729672727.065282853] [slam_node]: [93m第7次直行稳定[0m
[INFO] [1729672727.567366948] [slam_node]: [93m第8次直行稳定[0m
[INFO] [1729672728.069031823] [slam_node]: [93m第9次直行稳定[0m
[INFO] [1729672728.570149758] [slam_node]: [93m第10次直行稳定[0m
[INFO] [1729672729.072055568] [slam_node]: [93m第11次直行稳定[0m
[INFO] [1729672729.573826299] [slam_node]: [93m第12次直行稳定[0m
[INFO] [1729672730.075054158] [slam_node]: [93m第13次直行稳定[0m
[INFO] [1729672730.576561164] [slam_node]: [93m第14次直行稳定[0m
[INFO] [1729672731.077851132] [slam_node]: [93m第15次直行稳定[0m
[INFO] [1729672731.579646183] [slam_node]: [93m第16次直行稳定[0m
[INFO] [1729672732.081803650] [slam_node]: [93m第17次直行稳定[0m
[INFO] [1729672732.583194413] [slam_node]: [93m第18次直行稳定[0m
[INFO] [1729672733.084683031] [slam_node]: [93m第19次直行稳定[0m
[INFO] [1729672733.586567267] [slam_node]: [93m第20次直行稳定[0m
[INFO] [1729672734.087978480] [slam_node]: [93m第21次直行稳定[0m
[INFO] [1729672734.589479224] [slam_node]: [93m第22次直行稳定[0m
[INFO] [1729672735.091665932] [slam_node]: [93m第23次直行稳定[0m
[INFO] [1729672735.593113026] [slam_node]: [93m第24次直行稳定[0m
[INFO] [1729672736.094498345] [slam_node]: [93m第25次直行稳定[0m
[INFO] [1729672736.597196093] [slam_node]: [93m第26次直行稳定[0m
[INFO] [1729672737.098469305] [slam_node]: [93m第27次直行稳定[0m
[INFO] [1729672737.600651847] [slam_node]: [93m第28次直行稳定[0m
[INFO] [1729672738.101976372] [slam_node]: [93m第29次直行稳定[0m
[INFO] [1729672738.604042057] [slam_node]: [93m第30次直行稳定[0m
[INFO] [1729672739.105544438] [slam_node]: 当前运行时长:72.0
[INFO] [1729672739.106219570] [slam_node]: 启动避障逻辑
[INFO] [1729672739.106504961] [slam_node]: [93m最新前方障碍距离：2.450,[0m[91m最新左侧障碍距离：3.950,[0m[94m最新右侧障碍距离：0.200[0m
[INFO] [1729672739.106820246] [slam_node]: 当前运动方向Move forward
[INFO] [1729672739.107252718] [slam_node]: 当前运行时长:72.5
[INFO] [1729672739.536836219] [slam_node]: 启动避障逻辑
[INFO] [1729672739.537158223] [slam_node]: [93m最新前方障碍距离：0.550,[0m[91m最新左侧障碍距离：0.650,[0m[94m最新右侧障碍距离：0.400[0m
[INFO] [1729672739.537485233] [slam_node]: 当前运动方向little Rotate left
[INFO] [1729672739.537912548] [slam_node]: 当前运行时长:73.0
[INFO] [1729672740.037082622] [slam_node]: 启动避障逻辑
[INFO] [1729672740.037426850] [slam_node]: [93m最新前方障碍距离：0.500,[0m[91m最新左侧障碍距离：1.850,[0m[94m最新右侧障碍距离：inf[0m
[INFO] [1729672740.037750120] [slam_node]: 当前运动方向little Rotate right
[INFO] [1729672740.038247938] [slam_node]: 当前运行时长:73.5
[INFO] [1729672740.537417386] [slam_node]: 启动避障逻辑
[INFO] [1729672740.537787268] [slam_node]: [93m最新前方障碍距离：0.600,[0m[91m最新左侧障碍距离：0.750,[0m[94m最新右侧障碍距离：inf[0m
[INFO] [1729672740.538089402] [slam_node]: 当前运动方向little Rotate right
[INFO] [1729672740.538519095] [slam_node]: 当前运行时长:74.0
[INFO] [1729672741.037282071] [slam_node]: 启动避障逻辑
[INFO] [1729672741.037595295] [slam_node]: [93m最新前方障碍距离：0.700,[0m[91m最新左侧障碍距离：0.850,[0m[94m最新右侧障碍距离：inf[0m
[INFO] [1729672741.038099168] [slam_node]: 当前运动方向little Rotate right
[INFO] [1729672741.038526538] [slam_node]: 当前运行时长:74.5
[INFO] [1729672741.536937290] [slam_node]: 启动避障逻辑
[INFO] [1729672741.537267601] [slam_node]: [93m最新前方障碍距离：0.750,[0m[91m最新左侧障碍距离：0.600,[0m[94m最新右侧障碍距离：inf[0m
[INFO] [1729672741.537517353] [slam_node]: 当前运动方向Move forward
[INFO] [1729672741.537994440] [slam_node]: 当前运行时长:75.0
[INFO] [1729672742.037919220] [slam_node]: 启动避障逻辑
[INFO] [1729672742.038248230] [slam_node]: [93m最新前方障碍距离：0.700,[0m[91m最新左侧障碍距离：0.700,[0m[94m最新右侧障碍距离：inf[0m
[INFO] [1729672742.038526491] [slam_node]: 当前运动方向little Rotate right
[INFO] [1729672742.039089827] [slam_node]: 当前运行时长:75.5
[INFO] [1729672742.537166618] [slam_node]: 启动避障逻辑
[INFO] [1729672742.537508606] [slam_node]: [93m最新前方障碍距离：0.550,[0m[91m最新左侧障碍距离：0.600,[0m[94m最新右侧障碍距离：inf[0m
[INFO] [1729672742.537821452] [slam_node]: 当前运动方向little Rotate right
[INFO] [1729672742.538239412] [slam_node]: 当前运行时长:76.0
[INFO] [1729672743.037467981] [slam_node]: 启动避障逻辑
[INFO] [1729672743.037881564] [slam_node]: [93m最新前方障碍距离：0.700,[0m[91m最新左侧障碍距离：1.850,[0m[94m最新右侧障碍距离：inf[0m
[INFO] [1729672743.038154729] [slam_node]: 当前运动方向little Rotate right
[INFO] [1729672743.038652682] [slam_node]: 当前运行时长:76.5
[INFO] [1729672743.536873637] [slam_node]: 启动避障逻辑
[INFO] [1729672743.537212163] [slam_node]: [93m最新前方障碍距离：0.600,[0m[91m最新左侧障碍距离：0.550,[0m[94m最新右侧障碍距离：inf[0m
[INFO] [1729672743.537485862] [slam_node]: 当前运动方向little Rotate right
[INFO] [1729672743.537965351] [slam_node]: 当前运行时长:77.0
[INFO] [1729672744.036856890] [slam_node]: 启动避障逻辑
[INFO] [1729672744.037184304] [slam_node]: [93m最新前方障碍距离：0.650,[0m[91m最新左侧障碍距离：0.500,[0m[94m最新右侧障碍距离：inf[0m
[INFO] [1729672744.037519964] [slam_node]: 当前运动方向little Rotate right
[INFO] [1729672744.037949046] [slam_node]: 当前运行时长:77.5
[INFO] [1729672744.537529983] [slam_node]: 启动避障逻辑
[INFO] [1729672744.537899019] [slam_node]: [93m最新前方障碍距离：0.550,[0m[91m最新左侧障碍距离：1.900,[0m[94m最新右侧障碍距离：inf[0m
[INFO] [1729672744.538209771] [slam_node]: 当前运动方向little Rotate right
[INFO] [1729672744.538641353] [slam_node]: 当前运行时长:78.0
[INFO] [1729672745.037897733] [slam_node]: 启动避障逻辑
[INFO] [1729672745.038226152] [slam_node]: [93m最新前方障碍距离：0.600,[0m[91m最新左侧障碍距离：1.900,[0m[94m最新右侧障碍距离：inf[0m
[INFO] [1729672745.038499148] [slam_node]: 当前运动方向little Rotate right
[INFO] [1729672745.038977488] [slam_node]: 当前运行时长:78.5
[INFO] [1729672745.537784881] [slam_node]: 启动避障逻辑
[INFO] [1729672745.538130808] [slam_node]: [93m最新前方障碍距离：0.650,[0m[91m最新左侧障碍距离：0.550,[0m[94m最新右侧障碍距